#
# There is insufficient memory for the Java Runtime Environment to continue.
# Native memory allocation (malloc) failed to allocate 146800 bytes for Chunk::new
# Possible reasons:
#   The system is out of physical RAM or swap space
#   The process is running with CompressedOops enabled, and the Java Heap may be blocking the growth of the native heap
# Possible solutions:
#   Reduce memory load on the system
#   Increase physical memory or swap space
#   Check if swap backing store is full
#   Decrease Java heap size (-Xmx/-Xms)
#   Decrease number of Java threads
#   Decrease Java thread stack sizes (-Xss)
#   Set larger code cache with -XX:ReservedCodeCacheSize=
#   JVM is running with Unscaled Compressed Oops mode in which the Java heap is
#     placed in the first 4GB address space. The Java Heap base address is the
#     maximum limit for the native heap growth. Please use -XX:HeapBaseMinAddress
#     to set the Java Heap base and to place the Java Heap above 4GB virtual address.
# This output file may be truncated or incomplete.
#
#  Out of Memory Error (arena.cpp:189), pid=12268, tid=13160
#
# JRE version: OpenJDK Runtime Environment Temurin-17.0.4.1+1 (17.0.4.1+1) (build 17.0.4.1+1)
# Java VM: OpenJDK 64-Bit Server VM Temurin-17.0.4.1+1 (17.0.4.1+1, mixed mode, tiered, compressed oops, compressed class ptrs, parallel gc, windows-amd64)
# No core dump will be written. Minidumps are not enabled by default on client versions of Windows
#

---------------  S U M M A R Y ------------

Command Line: --add-modules=ALL-SYSTEM --add-opens=java.base/java.util=ALL-UNNAMED --add-opens=java.base/java.lang=ALL-UNNAMED --add-opens=java.base/sun.nio.fs=ALL-UNNAMED -Declipse.application=org.eclipse.jdt.ls.core.id1 -Dosgi.bundles.defaultStartLevel=4 -Declipse.product=org.eclipse.jdt.ls.core.product -Djava.import.generatesMetadataFilesAtProjectRoot=false -Dfile.encoding=utf8 -DwatchParentProcess=false -XX:+UseParallelGC -XX:GCTimeRatio=4 -XX:AdaptiveSizePolicyWeight=90 -Dsun.zip.disableMemoryMapping=true -Xmx1G -Xms100m -Xlog:disable -javaagent:C:\Users\DTFBKJK\.m2\repository\org\projectlombok\lombok\1.18.22\lombok-1.18.22.jar -XX:+HeapDumpOnOutOfMemoryError -XX:HeapDumpPath=c:\Users\DTFBKJK\AppData\Roaming\Code\User\workspaceStorage\97efd05d9e66b45bbc5cb3a34a42f5bf\redhat.java c:\Users\DTFBKJK\.vscode\extensions\redhat.java-1.11.0-win32-x64\server\plugins\org.eclipse.equinox.launcher_1.6.400.v20210924-0641.jar -configuration c:\Users\DTFBKJK\AppData\Roaming\Code\User\globalStorage\redhat.java\1.11.0\config_win -data c:\Users\DTFBKJK\AppData\Roaming\Code\User\workspaceStorage\97efd05d9e66b45bbc5cb3a34a42f5bf\redhat.java\jdt_ws

Host: Intel(R) Core(TM) i7-4510U CPU @ 2.00GHz, 4 cores, 7G,  Windows 10 , 64 bit Build 19041 (10.0.19041.1566)
Time: Thu Oct 27 07:13:47 2022 Afr. centrale Ouest elapsed time: 82.680145 seconds (0d 0h 1m 22s)

---------------  T H R E A D  ---------------

Current thread (0x00000166d03a5260):  JavaThread "C2 CompilerThread0" daemon [_thread_in_native, id=13160, stack(0x0000003e8e000000,0x0000003e8e100000)]


Current CompileTask:
C2:  82680 8000   !   4       org.apache.maven.model.Dependency::clone (137 bytes)

Stack: [0x0000003e8e000000,0x0000003e8e100000]
Native frames: (J=compiled Java code, j=interpreted, Vv=VM code, C=native code)
V  [jvm.dll+0x67731a]
V  [jvm.dll+0x832284]
V  [jvm.dll+0x833a2e]
V  [jvm.dll+0x834093]
V  [jvm.dll+0x245775]
V  [jvm.dll+0xabd7b]
V  [jvm.dll+0xac30c]
V  [jvm.dll+0x363a97]
V  [jvm.dll+0x32e011]
V  [jvm.dll+0x32d4ba]
V  [jvm.dll+0x218681]
V  [jvm.dll+0x217aa1]
V  [jvm.dll+0x1a3f8d]
V  [jvm.dll+0x227498]
V  [jvm.dll+0x2255e5]
V  [jvm.dll+0x7e7e9b]
V  [jvm.dll+0x7e240a]
V  [jvm.dll+0x6761a5]
C  [ucrtbase.dll+0x21bb2]
C  [KERNEL32.DLL+0x17034]
C  [ntdll.dll+0x52651]


---------------  P R O C E S S  ---------------

Threads class SMR info:
_java_thread_list=0x00000166d3e43900, length=29, elements={
0x00000166bc5445a0, 0x00000166bc5fd970, 0x00000166d035edd0, 0x00000166d036c630,
0x00000166d036f1c0, 0x00000166d03704e0, 0x00000166d039f360, 0x00000166d03a5260,
0x00000166d03a97a0, 0x00000166d03ae890, 0x00000166d1e53370, 0x00000166d1fefc50,
0x00000166d2781e50, 0x00000166d2916800, 0x00000166d27572d0, 0x00000166d34fb050,
0x00000166d29151c0, 0x00000166d2502100, 0x00000166d25025d0, 0x00000166d2503910,
0x00000166d2500dc0, 0x00000166d24fff50, 0x00000166d2501760, 0x00000166d25008f0,
0x00000166d2501290, 0x00000166d2502f70, 0x00000166d6eb08e0, 0x00000166d6eaff40,
0x00000166d6eb0410
}

Java Threads: ( => current thread )
  0x00000166bc5445a0 JavaThread "main" [_thread_blocked, id=12188, stack(0x0000003e8d700000,0x0000003e8d800000)]
  0x00000166bc5fd970 JavaThread "Reference Handler" daemon [_thread_blocked, id=8224, stack(0x0000003e8da00000,0x0000003e8db00000)]
  0x00000166d035edd0 JavaThread "Finalizer" daemon [_thread_blocked, id=8168, stack(0x0000003e8db00000,0x0000003e8dc00000)]
  0x00000166d036c630 JavaThread "Signal Dispatcher" daemon [_thread_blocked, id=4548, stack(0x0000003e8dc00000,0x0000003e8dd00000)]
  0x00000166d036f1c0 JavaThread "Attach Listener" daemon [_thread_blocked, id=13592, stack(0x0000003e8dd00000,0x0000003e8de00000)]
  0x00000166d03704e0 JavaThread "Service Thread" daemon [_thread_blocked, id=12008, stack(0x0000003e8de00000,0x0000003e8df00000)]
  0x00000166d039f360 JavaThread "Monitor Deflation Thread" daemon [_thread_blocked, id=12728, stack(0x0000003e8df00000,0x0000003e8e000000)]
=>0x00000166d03a5260 JavaThread "C2 CompilerThread0" daemon [_thread_in_native, id=13160, stack(0x0000003e8e000000,0x0000003e8e100000)]
  0x00000166d03a97a0 JavaThread "C1 CompilerThread0" daemon [_thread_blocked, id=14136, stack(0x0000003e8e100000,0x0000003e8e200000)]
  0x00000166d03ae890 JavaThread "Sweeper thread" daemon [_thread_blocked, id=11004, stack(0x0000003e8e200000,0x0000003e8e300000)]
  0x00000166d1e53370 JavaThread "Common-Cleaner" daemon [_thread_blocked, id=13560, stack(0x0000003e8e300000,0x0000003e8e400000)]
  0x00000166d1fefc50 JavaThread "Notification Thread" daemon [_thread_blocked, id=9400, stack(0x0000003e8e400000,0x0000003e8e500000)]
  0x00000166d2781e50 JavaThread "Active Thread: Equinox Container: 34210b75-1d4b-4f65-a514-a39864dda671" [_thread_blocked, id=12824, stack(0x0000003e8e900000,0x0000003e8ea00000)]
  0x00000166d2916800 JavaThread "Framework Event Dispatcher: Equinox Container: 34210b75-1d4b-4f65-a514-a39864dda671" daemon [_thread_blocked, id=11632, stack(0x0000003e8eb00000,0x0000003e8ec00000)]
  0x00000166d27572d0 JavaThread "Start Level: Equinox Container: 34210b75-1d4b-4f65-a514-a39864dda671" daemon [_thread_blocked, id=3148, stack(0x0000003e8ec00000,0x0000003e8ed00000)]
  0x00000166d34fb050 JavaThread "SCR Component Actor" daemon [_thread_blocked, id=8296, stack(0x0000003e8ea00000,0x0000003e8eb00000)]
  0x00000166d29151c0 JavaThread "Bundle File Closer" daemon [_thread_blocked, id=11708, stack(0x0000003e8ed00000,0x0000003e8ee00000)]
  0x00000166d2502100 JavaThread "Worker-JM" [_thread_blocked, id=13904, stack(0x0000003e8ef00000,0x0000003e8f000000)]
  0x00000166d25025d0 JavaThread "Worker-0" [_thread_blocked, id=564, stack(0x0000003e8f000000,0x0000003e8f100000)]
  0x00000166d2503910 JavaThread "Worker-1" [_thread_blocked, id=2912, stack(0x0000003e8f100000,0x0000003e8f200000)]
  0x00000166d2500dc0 JavaThread "Worker-2: Building" [_thread_in_native, id=13692, stack(0x0000003e8f300000,0x0000003e8f400000)]
  0x00000166d24fff50 JavaThread "Java indexing" daemon [_thread_blocked, id=12972, stack(0x0000003e8f200000,0x0000003e8f300000)]
  0x00000166d2501760 JavaThread "pool-1-thread-1" [_thread_in_native, id=11752, stack(0x0000003e8f500000,0x0000003e8f600000)]
  0x00000166d25008f0 JavaThread "Worker-3" [_thread_blocked, id=13752, stack(0x0000003e8ee00000,0x0000003e8ef00000)]
  0x00000166d2501290 JavaThread "Worker-4: Initialize workspace" [_thread_blocked, id=12500, stack(0x0000003e8f400000,0x0000003e8f500000)]
  0x00000166d2502f70 JavaThread "Worker-5" [_thread_blocked, id=10344, stack(0x0000003e8f600000,0x0000003e8f700000)]
  0x00000166d6eb08e0 JavaThread "ForkJoinPool.commonPool-worker-1" daemon [_thread_blocked, id=11064, stack(0x0000003e8f900000,0x0000003e8fa00000)]
  0x00000166d6eaff40 JavaThread "ForkJoinPool.commonPool-worker-2" daemon [_thread_blocked, id=12724, stack(0x0000003e8fa00000,0x0000003e8fb00000)]
  0x00000166d6eb0410 JavaThread "ForkJoinPool.commonPool-worker-3" daemon [_thread_blocked, id=12900, stack(0x0000003e8d600000,0x0000003e8d700000)]

Other Threads:
  0x00000166d034bd30 VMThread "VM Thread" [stack: 0x0000003e8d900000,0x0000003e8da00000] [id=13544]
  0x00000166d1f9b0f0 WatcherThread [stack: 0x0000003e8e500000,0x0000003e8e600000] [id=9708]
  0x00000166bc559da0 GCTaskThread "GC Thread#0" [stack: 0x0000003e8d800000,0x0000003e8d900000] [id=10672]
  0x00000166d2590f70 GCTaskThread "GC Thread#1" [stack: 0x0000003e8e600000,0x0000003e8e700000] [id=12416]
  0x00000166d2197ec0 GCTaskThread "GC Thread#2" [stack: 0x0000003e8e700000,0x0000003e8e800000] [id=12284]
  0x00000166d2337710 GCTaskThread "GC Thread#3" [stack: 0x0000003e8e800000,0x0000003e8e900000] [id=12320]

Threads with active compile tasks:
C2 CompilerThread0    82911 8000   !   4       org.apache.maven.model.Dependency::clone (137 bytes)

VM state: not at safepoint (normal execution)

VM Mutex/Monitor currently owned by a thread: None

Heap address: 0x00000000c0000000, size: 1024 MB, Compressed Oops mode: 32-bit

CDS archive(s) not mapped
Compressed class space mapped at: 0x0000000100000000-0x0000000140000000, reserved size: 1073741824
Narrow klass base: 0x0000000000000000, Narrow klass shift: 3, Narrow klass range: 0x140000000

GC Precious Log:
 CPUs: 4 total, 4 available
 Memory: 8126M
 Large Page Support: Disabled
 NUMA Support: Disabled
 Compressed Oops: Enabled (32-bit)
 Alignments: Space 512K, Generation 512K, Heap 2M
 Heap Min Capacity: 100M
 Heap Initial Capacity: 100M
 Heap Max Capacity: 1G
 Pre-touch: Disabled
 Parallel Workers: 4

Heap:
 PSYoungGen      total 20480K, used 3540K [0x00000000eab00000, 0x00000000ec300000, 0x0000000100000000)
  eden space 18432K, 10% used [0x00000000eab00000,0x00000000eace5158,0x00000000ebd00000)
  from space 2048K, 78% used [0x00000000ec100000,0x00000000ec290000,0x00000000ec300000)
  to   space 2560K, 0% used [0x00000000ebe00000,0x00000000ebe00000,0x00000000ec080000)
 ParOldGen       total 68608K, used 45089K [0x00000000c0000000, 0x00000000c4300000, 0x00000000eab00000)
  object space 68608K, 65% used [0x00000000c0000000,0x00000000c2c087a0,0x00000000c4300000)
 Metaspace       used 62180K, committed 63232K, reserved 1105920K
  class space    used 6567K, committed 7040K, reserved 1048576K

Card table byte_map: [0x00000166bbee0000,0x00000166bc0f0000] _byte_map_base: 0x00000166bb8e0000

Marking Bits: (ParMarkBitMap*) 0x00007ffceebc2cc0
 Begin Bits: [0x00000166ce1c0000, 0x00000166cf1c0000)
 End Bits:   [0x00000166cf1c0000, 0x00000166d01c0000)

Polling page: 0x00000166ba480000

Metaspace:

Usage:
  Non-class:     54.31 MB used.
      Class:      6.41 MB used.
       Both:     60.72 MB used.

Virtual space:
  Non-class space:       56.00 MB reserved,      54.88 MB ( 98%) committed,  7 nodes.
      Class space:        1.00 GB reserved,       6.88 MB ( <1%) committed,  1 nodes.
             Both:        1.05 GB reserved,      61.75 MB (  6%) committed. 

Chunk freelists:
   Non-Class:  976.00 KB
       Class:  1.16 MB
        Both:  2.11 MB

MaxMetaspaceSize: unlimited
CompressedClassSpaceSize: 1.00 GB
Initial GC threshold: 21.00 MB
Current GC threshold: 97.31 MB
CDS: off
MetaspaceReclaimPolicy: balanced
 - commit_granule_bytes: 65536.
 - commit_granule_words: 8192.
 - virtual_space_node_default_size: 1048576.
 - enlarge_chunks_in_place: 1.
 - new_chunks_are_fully_committed: 0.
 - uncommit_free_chunks: 1.
 - use_allocation_guard: 0.
 - handle_deallocations: 1.


Internal statistics:

num_allocs_failed_limit: 9.
num_arena_births: 662.
num_arena_deaths: 14.
num_vsnodes_births: 8.
num_vsnodes_deaths: 0.
num_space_committed: 988.
num_space_uncommitted: 0.
num_chunks_returned_to_freelist: 23.
num_chunks_taken_from_freelist: 2957.
num_chunk_merges: 13.
num_chunk_splits: 1899.
num_chunks_enlarged: 1162.
num_purges: 2.
num_inconsistent_stats: 0.

CodeHeap 'non-profiled nmethods': size=120000Kb used=4179Kb max_used=4179Kb free=115820Kb
 bounds [0x00000166c6c90000, 0x00000166c70b0000, 0x00000166ce1c0000]
CodeHeap 'profiled nmethods': size=120000Kb used=15526Kb max_used=15526Kb free=104473Kb
 bounds [0x00000166bf760000, 0x00000166c0690000, 0x00000166c6c90000]
CodeHeap 'non-nmethods': size=5760Kb used=1343Kb max_used=1426Kb free=4416Kb
 bounds [0x00000166bf1c0000, 0x00000166bf430000, 0x00000166bf760000]
 total_blobs=7773 nmethods=7089 adapters=598
 compilation: enabled
              stopped_count=0, restarted_count=0
 full_count=0

Compilation events (20 events):
Event: 82.106 Thread 0x00000166d03a5260 nmethod 7982 0x00000166c70a3910 code [0x00000166c70a3a80, 0x00000166c70a3af8]
Event: 82.206 Thread 0x00000166d03a97a0 7993       1       org.apache.maven.model.PluginExecution::setPhase (6 bytes)
Event: 82.206 Thread 0x00000166d03a97a0 nmethod 7993 0x00000166c70a3c10 code [0x00000166c70a3da0, 0x00000166c70a3e78]
Event: 82.393 Thread 0x00000166d03a97a0 7994       3       org.apache.maven.model.PluginContainer::<init> (5 bytes)
Event: 82.394 Thread 0x00000166d03a97a0 nmethod 7994 0x00000166c0686310 code [0x00000166c06864a0, 0x00000166c06865f8]
Event: 82.394 Thread 0x00000166d03a97a0 7995       3       org.apache.maven.model.building.ModelData::getGroupId (17 bytes)
Event: 82.394 Thread 0x00000166d03a97a0 nmethod 7995 0x00000166c0686690 code [0x00000166c0686820, 0x00000166c06869b8]
Event: 82.394 Thread 0x00000166d03a97a0 7996       3       org.apache.maven.model.building.DefaultModelBuilder::injectProfileActivations (68 bytes)
Event: 82.395 Thread 0x00000166d03a97a0 nmethod 7996 0x00000166c0686a90 code [0x00000166c0686ce0, 0x00000166c0687798]
Event: 82.395 Thread 0x00000166d03a97a0 7997       3       org.apache.maven.model.Organization::setLocation (156 bytes)
Event: 82.395 Thread 0x00000166d03a97a0 nmethod 7997 0x00000166c0687b10 code [0x00000166c0687dc0, 0x00000166c0688d38]
Event: 82.395 Thread 0x00000166d03a97a0 7999       3       org.apache.maven.model.normalization.DefaultModelNormalizer::injectDependencyDefaults (46 bytes)
Event: 82.395 Thread 0x00000166d03a97a0 nmethod 7999 0x00000166c0689090 code [0x00000166c06892a0, 0x00000166c0689a38]
Event: 82.396 Thread 0x00000166d03a97a0 7998       3       org.apache.maven.model.merge.ModelMerger$MergingList::iterator (32 bytes)
Event: 82.396 Thread 0x00000166d03a97a0 nmethod 7998 0x00000166c0689c90 code [0x00000166c0689e60, 0x00000166c068a208]
Event: 82.666 Thread 0x00000166d03a5260 8000   !   4       org.apache.maven.model.Dependency::clone (137 bytes)
Event: 82.667 Thread 0x00000166d03a97a0 8002       3       java.util.Arrays$ArrayList::toArray (47 bytes)
Event: 82.668 Thread 0x00000166d03a97a0 nmethod 8002 0x00000166c068a310 code [0x00000166c068a500, 0x00000166c068aa58]
Event: 82.668 Thread 0x00000166d03a97a0 8003       1       org.apache.maven.model.DistributionManagement::getDownloadUrl (5 bytes)
Event: 82.668 Thread 0x00000166d03a97a0 nmethod 8003 0x00000166c70a3f10 code [0x00000166c70a40a0, 0x00000166c70a4178]

GC Heap History (20 events):
Event: 71.455 GC heap before
{Heap before GC invocations=30 (full 2):
 PSYoungGen      total 22528K, used 22272K [0x00000000eab00000, 0x00000000ec300000, 0x0000000100000000)
  eden space 22016K, 100% used [0x00000000eab00000,0x00000000ec080000,0x00000000ec080000)
  from space 512K, 50% used [0x00000000ec080000,0x00000000ec0c0000,0x00000000ec100000)
  to   space 512K, 0% used [0x00000000ec280000,0x00000000ec280000,0x00000000ec300000)
 ParOldGen       total 68608K, used 38172K [0x00000000c0000000, 0x00000000c4300000, 0x00000000eab00000)
  object space 68608K, 55% used [0x00000000c0000000,0x00000000c2547390,0x00000000c4300000)
 Metaspace       used 57416K, committed 58432K, reserved 1105920K
  class space    used 6174K, committed 6656K, reserved 1048576K
}
Event: 71.457 GC heap after
{Heap after GC invocations=30 (full 2):
 PSYoungGen      total 22528K, used 494K [0x00000000eab00000, 0x00000000ec480000, 0x0000000100000000)
  eden space 22016K, 0% used [0x00000000eab00000,0x00000000eab00000,0x00000000ec080000)
  from space 512K, 96% used [0x00000000ec280000,0x00000000ec2fbb00,0x00000000ec300000)
  to   space 2048K, 0% used [0x00000000ec080000,0x00000000ec080000,0x00000000ec280000)
 ParOldGen       total 68608K, used 39103K [0x00000000c0000000, 0x00000000c4300000, 0x00000000eab00000)
  object space 68608K, 56% used [0x00000000c0000000,0x00000000c262fed8,0x00000000c4300000)
 Metaspace       used 57416K, committed 58432K, reserved 1105920K
  class space    used 6174K, committed 6656K, reserved 1048576K
}
Event: 71.731 GC heap before
{Heap before GC invocations=31 (full 2):
 PSYoungGen      total 22528K, used 22510K [0x00000000eab00000, 0x00000000ec480000, 0x0000000100000000)
  eden space 22016K, 100% used [0x00000000eab00000,0x00000000ec080000,0x00000000ec080000)
  from space 512K, 96% used [0x00000000ec280000,0x00000000ec2fbb00,0x00000000ec300000)
  to   space 2048K, 0% used [0x00000000ec080000,0x00000000ec080000,0x00000000ec280000)
 ParOldGen       total 68608K, used 39103K [0x00000000c0000000, 0x00000000c4300000, 0x00000000eab00000)
  object space 68608K, 56% used [0x00000000c0000000,0x00000000c262fed8,0x00000000c4300000)
 Metaspace       used 57840K, committed 58880K, reserved 1105920K
  class space    used 6208K, committed 6656K, reserved 1048576K
}
Event: 71.734 GC heap after
{Heap after GC invocations=31 (full 2):
 PSYoungGen      total 24064K, used 1774K [0x00000000eab00000, 0x00000000ec480000, 0x0000000100000000)
  eden space 22016K, 0% used [0x00000000eab00000,0x00000000eab00000,0x00000000ec080000)
  from space 2048K, 86% used [0x00000000ec080000,0x00000000ec23b948,0x00000000ec280000)
  to   space 2048K, 0% used [0x00000000ec280000,0x00000000ec280000,0x00000000ec480000)
 ParOldGen       total 68608K, used 39604K [0x00000000c0000000, 0x00000000c4300000, 0x00000000eab00000)
  object space 68608K, 57% used [0x00000000c0000000,0x00000000c26ad160,0x00000000c4300000)
 Metaspace       used 57840K, committed 58880K, reserved 1105920K
  class space    used 6208K, committed 6656K, reserved 1048576K
}
Event: 71.821 GC heap before
{Heap before GC invocations=32 (full 2):
 PSYoungGen      total 24064K, used 19038K [0x00000000eab00000, 0x00000000ec480000, 0x0000000100000000)
  eden space 22016K, 78% used [0x00000000eab00000,0x00000000ebbdc258,0x00000000ec080000)
  from space 2048K, 86% used [0x00000000ec080000,0x00000000ec23b948,0x00000000ec280000)
  to   space 2048K, 0% used [0x00000000ec280000,0x00000000ec280000,0x00000000ec480000)
 ParOldGen       total 68608K, used 39604K [0x00000000c0000000, 0x00000000c4300000, 0x00000000eab00000)
  object space 68608K, 57% used [0x00000000c0000000,0x00000000c26ad160,0x00000000c4300000)
 Metaspace       used 58801K, committed 59776K, reserved 1105920K
  class space    used 6293K, committed 6720K, reserved 1048576K
}
Event: 71.823 GC heap after
{Heap after GC invocations=32 (full 2):
 PSYoungGen      total 22528K, used 32K [0x00000000eab00000, 0x00000000ec300000, 0x0000000100000000)
  eden space 22016K, 0% used [0x00000000eab00000,0x00000000eab00000,0x00000000ec080000)
  from space 512K, 6% used [0x00000000ec280000,0x00000000ec288000,0x00000000ec300000)
  to   space 1024K, 0% used [0x00000000ec100000,0x00000000ec100000,0x00000000ec200000)
 ParOldGen       total 68608K, used 40162K [0x00000000c0000000, 0x00000000c4300000, 0x00000000eab00000)
  object space 68608K, 58% used [0x00000000c0000000,0x00000000c2738b08,0x00000000c4300000)
 Metaspace       used 58801K, committed 59776K, reserved 1105920K
  class space    used 6293K, committed 6720K, reserved 1048576K
}
Event: 71.823 GC heap before
{Heap before GC invocations=33 (full 3):
 PSYoungGen      total 22528K, used 32K [0x00000000eab00000, 0x00000000ec300000, 0x0000000100000000)
  eden space 22016K, 0% used [0x00000000eab00000,0x00000000eab00000,0x00000000ec080000)
  from space 512K, 6% used [0x00000000ec280000,0x00000000ec288000,0x00000000ec300000)
  to   space 1024K, 0% used [0x00000000ec100000,0x00000000ec100000,0x00000000ec200000)
 ParOldGen       total 68608K, used 40162K [0x00000000c0000000, 0x00000000c4300000, 0x00000000eab00000)
  object space 68608K, 58% used [0x00000000c0000000,0x00000000c2738b08,0x00000000c4300000)
 Metaspace       used 58801K, committed 59776K, reserved 1105920K
  class space    used 6293K, committed 6720K, reserved 1048576K
}
Event: 71.938 GC heap after
{Heap after GC invocations=33 (full 3):
 PSYoungGen      total 22528K, used 0K [0x00000000eab00000, 0x00000000ec300000, 0x0000000100000000)
  eden space 22016K, 0% used [0x00000000eab00000,0x00000000eab00000,0x00000000ec080000)
  from space 512K, 0% used [0x00000000ec280000,0x00000000ec280000,0x00000000ec300000)
  to   space 1024K, 0% used [0x00000000ec100000,0x00000000ec100000,0x00000000ec200000)
 ParOldGen       total 68608K, used 38210K [0x00000000c0000000, 0x00000000c4300000, 0x00000000eab00000)
  object space 68608K, 55% used [0x00000000c0000000,0x00000000c2550a18,0x00000000c4300000)
 Metaspace       used 58801K, committed 59776K, reserved 1105920K
  class space    used 6293K, committed 6720K, reserved 1048576K
}
Event: 72.042 GC heap before
{Heap before GC invocations=34 (full 3):
 PSYoungGen      total 22528K, used 22016K [0x00000000eab00000, 0x00000000ec300000, 0x0000000100000000)
  eden space 22016K, 100% used [0x00000000eab00000,0x00000000ec080000,0x00000000ec080000)
  from space 512K, 0% used [0x00000000ec280000,0x00000000ec280000,0x00000000ec300000)
  to   space 1024K, 0% used [0x00000000ec100000,0x00000000ec100000,0x00000000ec200000)
 ParOldGen       total 68608K, used 38210K [0x00000000c0000000, 0x00000000c4300000, 0x00000000eab00000)
  object space 68608K, 55% used [0x00000000c0000000,0x00000000c2550a18,0x00000000c4300000)
 Metaspace       used 59429K, committed 60480K, reserved 1105920K
  class space    used 6351K, committed 6848K, reserved 1048576K
}
Event: 72.043 GC heap after
{Heap after GC invocations=34 (full 3):
 PSYoungGen      total 23040K, used 1011K [0x00000000eab00000, 0x00000000ec480000, 0x0000000100000000)
  eden space 22016K, 0% used [0x00000000eab00000,0x00000000eab00000,0x00000000ec080000)
  from space 1024K, 98% used [0x00000000ec100000,0x00000000ec1fce50,0x00000000ec200000)
  to   space 2048K, 0% used [0x00000000ec280000,0x00000000ec280000,0x00000000ec480000)
 ParOldGen       total 68608K, used 38631K [0x00000000c0000000, 0x00000000c4300000, 0x00000000eab00000)
  object space 68608K, 56% used [0x00000000c0000000,0x00000000c25b9fe0,0x00000000c4300000)
 Metaspace       used 59429K, committed 60480K, reserved 1105920K
  class space    used 6351K, committed 6848K, reserved 1048576K
}
Event: 72.143 GC heap before
{Heap before GC invocations=35 (full 3):
 PSYoungGen      total 23040K, used 23027K [0x00000000eab00000, 0x00000000ec480000, 0x0000000100000000)
  eden space 22016K, 100% used [0x00000000eab00000,0x00000000ec080000,0x00000000ec080000)
  from space 1024K, 98% used [0x00000000ec100000,0x00000000ec1fce50,0x00000000ec200000)
  to   space 2048K, 0% used [0x00000000ec280000,0x00000000ec280000,0x00000000ec480000)
 ParOldGen       total 68608K, used 38631K [0x00000000c0000000, 0x00000000c4300000, 0x00000000eab00000)
  object space 68608K, 56% used [0x00000000c0000000,0x00000000c25b9fe0,0x00000000c4300000)
 Metaspace       used 59439K, committed 60480K, reserved 1105920K
  class space    used 6351K, committed 6848K, reserved 1048576K
}
Event: 72.145 GC heap after
{Heap after GC invocations=35 (full 3):
 PSYoungGen      total 20480K, used 2033K [0x00000000eab00000, 0x00000000ecb80000, 0x0000000100000000)
  eden space 18432K, 0% used [0x00000000eab00000,0x00000000eab00000,0x00000000ebd00000)
  from space 2048K, 99% used [0x00000000ec280000,0x00000000ec47c4e8,0x00000000ec480000)
  to   space 5632K, 0% used [0x00000000ebd00000,0x00000000ebd00000,0x00000000ec280000)
 ParOldGen       total 68608K, used 41180K [0x00000000c0000000, 0x00000000c4300000, 0x00000000eab00000)
  object space 68608K, 60% used [0x00000000c0000000,0x00000000c28373c8,0x00000000c4300000)
 Metaspace       used 59439K, committed 60480K, reserved 1105920K
  class space    used 6351K, committed 6848K, reserved 1048576K
}
Event: 76.754 GC heap before
{Heap before GC invocations=36 (full 3):
 PSYoungGen      total 20480K, used 20465K [0x00000000eab00000, 0x00000000ecb80000, 0x0000000100000000)
  eden space 18432K, 99% used [0x00000000eab00000,0x00000000ebcffff8,0x00000000ebd00000)
  from space 2048K, 99% used [0x00000000ec280000,0x00000000ec47c4e8,0x00000000ec480000)
  to   space 5632K, 0% used [0x00000000ebd00000,0x00000000ebd00000,0x00000000ec280000)
 ParOldGen       total 68608K, used 41180K [0x00000000c0000000, 0x00000000c4300000, 0x00000000eab00000)
  object space 68608K, 60% used [0x00000000c0000000,0x00000000c28373c8,0x00000000c4300000)
 Metaspace       used 60180K, committed 61120K, reserved 1105920K
  class space    used 6398K, committed 6848K, reserved 1048576K
}
Event: 76.756 GC heap after
{Heap after GC invocations=36 (full 3):
 PSYoungGen      total 19456K, used 704K [0x00000000eab00000, 0x00000000ec300000, 0x0000000100000000)
  eden space 18432K, 0% used [0x00000000eab00000,0x00000000eab00000,0x00000000ebd00000)
  from space 1024K, 68% used [0x00000000ebd00000,0x00000000ebdb00f8,0x00000000ebe00000)
  to   space 2560K, 0% used [0x00000000ec080000,0x00000000ec080000,0x00000000ec300000)
 ParOldGen       total 68608K, used 41372K [0x00000000c0000000, 0x00000000c4300000, 0x00000000eab00000)
  object space 68608K, 60% used [0x00000000c0000000,0x00000000c28673c8,0x00000000c4300000)
 Metaspace       used 60180K, committed 61120K, reserved 1105920K
  class space    used 6398K, committed 6848K, reserved 1048576K
}
Event: 78.121 GC heap before
{Heap before GC invocations=37 (full 3):
 PSYoungGen      total 19456K, used 19134K [0x00000000eab00000, 0x00000000ec300000, 0x0000000100000000)
  eden space 18432K, 99% used [0x00000000eab00000,0x00000000ebcff948,0x00000000ebd00000)
  from space 1024K, 68% used [0x00000000ebd00000,0x00000000ebdb00f8,0x00000000ebe00000)
  to   space 2560K, 0% used [0x00000000ec080000,0x00000000ec080000,0x00000000ec300000)
 ParOldGen       total 68608K, used 41372K [0x00000000c0000000, 0x00000000c4300000, 0x00000000eab00000)
  object space 68608K, 60% used [0x00000000c0000000,0x00000000c28673c8,0x00000000c4300000)
 Metaspace       used 61675K, committed 62720K, reserved 1105920K
  class space    used 6544K, committed 7040K, reserved 1048576K
}
Event: 78.123 GC heap after
{Heap after GC invocations=37 (full 3):
 PSYoungGen      total 19968K, used 1472K [0x00000000eab00000, 0x00000000ec200000, 0x0000000100000000)
  eden space 18432K, 0% used [0x00000000eab00000,0x00000000eab00000,0x00000000ebd00000)
  from space 1536K, 95% used [0x00000000ec080000,0x00000000ec1f0000,0x00000000ec200000)
  to   space 2048K, 0% used [0x00000000ebe00000,0x00000000ebe00000,0x00000000ec000000)
 ParOldGen       total 68608K, used 42005K [0x00000000c0000000, 0x00000000c4300000, 0x00000000eab00000)
  object space 68608K, 61% used [0x00000000c0000000,0x00000000c2905780,0x00000000c4300000)
 Metaspace       used 61675K, committed 62720K, reserved 1105920K
  class space    used 6544K, committed 7040K, reserved 1048576K
}
Event: 81.404 GC heap before
{Heap before GC invocations=38 (full 3):
 PSYoungGen      total 19968K, used 19904K [0x00000000eab00000, 0x00000000ec200000, 0x0000000100000000)
  eden space 18432K, 100% used [0x00000000eab00000,0x00000000ebd00000,0x00000000ebd00000)
  from space 1536K, 95% used [0x00000000ec080000,0x00000000ec1f0000,0x00000000ec200000)
  to   space 2048K, 0% used [0x00000000ebe00000,0x00000000ebe00000,0x00000000ec000000)
 ParOldGen       total 68608K, used 42005K [0x00000000c0000000, 0x00000000c4300000, 0x00000000eab00000)
  object space 68608K, 61% used [0x00000000c0000000,0x00000000c2905780,0x00000000c4300000)
 Metaspace       used 61857K, committed 62912K, reserved 1105920K
  class space    used 6546K, committed 7040K, reserved 1048576K
}
Event: 81.408 GC heap after
{Heap after GC invocations=38 (full 3):
 PSYoungGen      total 20480K, used 2048K [0x00000000eab00000, 0x00000000ec500000, 0x0000000100000000)
  eden space 18432K, 0% used [0x00000000eab00000,0x00000000eab00000,0x00000000ebd00000)
  from space 2048K, 100% used [0x00000000ebe00000,0x00000000ec000000,0x00000000ec000000)
  to   space 4096K, 0% used [0x00000000ec100000,0x00000000ec100000,0x00000000ec500000)
 ParOldGen       total 68608K, used 43353K [0x00000000c0000000, 0x00000000c4300000, 0x00000000eab00000)
  object space 68608K, 63% used [0x00000000c0000000,0x00000000c2a56790,0x00000000c4300000)
 Metaspace       used 61857K, committed 62912K, reserved 1105920K
  class space    used 6546K, committed 7040K, reserved 1048576K
}
Event: 82.056 GC heap before
{Heap before GC invocations=39 (full 3):
 PSYoungGen      total 20480K, used 20480K [0x00000000eab00000, 0x00000000ec500000, 0x0000000100000000)
  eden space 18432K, 100% used [0x00000000eab00000,0x00000000ebd00000,0x00000000ebd00000)
  from space 2048K, 100% used [0x00000000ebe00000,0x00000000ec000000,0x00000000ec000000)
  to   space 4096K, 0% used [0x00000000ec100000,0x00000000ec100000,0x00000000ec500000)
 ParOldGen       total 68608K, used 43353K [0x00000000c0000000, 0x00000000c4300000, 0x00000000eab00000)
  object space 68608K, 63% used [0x00000000c0000000,0x00000000c2a56790,0x00000000c4300000)
 Metaspace       used 62164K, committed 63232K, reserved 1105920K
  class space    used 6566K, committed 7040K, reserved 1048576K
}
Event: 82.068 GC heap after
{Heap after GC invocations=39 (full 3):
 PSYoungGen      total 20480K, used 1600K [0x00000000eab00000, 0x00000000ec300000, 0x0000000100000000)
  eden space 18432K, 0% used [0x00000000eab00000,0x00000000eab00000,0x00000000ebd00000)
  from space 2048K, 78% used [0x00000000ec100000,0x00000000ec290000,0x00000000ec300000)
  to   space 2560K, 0% used [0x00000000ebe00000,0x00000000ebe00000,0x00000000ec080000)
 ParOldGen       total 68608K, used 45089K [0x00000000c0000000, 0x00000000c4300000, 0x00000000eab00000)
  object space 68608K, 65% used [0x00000000c0000000,0x00000000c2c087a0,0x00000000c4300000)
 Metaspace       used 62164K, committed 63232K, reserved 1105920K
  class space    used 6566K, committed 7040K, reserved 1048576K
}

Deoptimization events (20 events):
Event: 81.590 Thread 0x00000166d2500dc0 Uncommon trap: trap_request=0xffffff45 fr.pc=0x00000166c6f5f4b0 relative=0x0000000000000110
Event: 81.590 Thread 0x00000166d2500dc0 Uncommon trap: reason=unstable_if action=reinterpret pc=0x00000166c6f5f4b0 method=java.util.Arrays.hashCode([Ljava/lang/Object;)I @ 34 c2
Event: 81.590 Thread 0x00000166d2500dc0 DEOPT PACKING pc=0x00000166c6f5f4b0 sp=0x0000003e8f3fd6a0
Event: 81.590 Thread 0x00000166d2500dc0 DEOPT UNPACKING pc=0x00000166bf2120a3 sp=0x0000003e8f3fd620 mode 2
Event: 81.914 Thread 0x00000166d2500dc0 Uncommon trap: trap_request=0xffffffde fr.pc=0x00000166c7048afc relative=0x000000000000087c
Event: 81.914 Thread 0x00000166d2500dc0 Uncommon trap: reason=class_check action=maybe_recompile pc=0x00000166c7048afc method=java.util.WeakHashMap.matchesKey(Ljava/util/WeakHashMap$Entry;Ljava/lang/Object;)Z @ 21 c2
Event: 81.914 Thread 0x00000166d2500dc0 DEOPT PACKING pc=0x00000166c7048afc sp=0x0000003e8f3fbe40
Event: 81.914 Thread 0x00000166d2500dc0 DEOPT UNPACKING pc=0x00000166bf2120a3 sp=0x0000003e8f3fbd88 mode 2
Event: 81.914 Thread 0x00000166d2500dc0 Uncommon trap: trap_request=0xffffffde fr.pc=0x00000166c7048afc relative=0x000000000000087c
Event: 81.914 Thread 0x00000166d2500dc0 Uncommon trap: reason=class_check action=maybe_recompile pc=0x00000166c7048afc method=java.util.WeakHashMap.matchesKey(Ljava/util/WeakHashMap$Entry;Ljava/lang/Object;)Z @ 21 c2
Event: 81.914 Thread 0x00000166d2500dc0 DEOPT PACKING pc=0x00000166c7048afc sp=0x0000003e8f3fbf40
Event: 81.914 Thread 0x00000166d2500dc0 DEOPT UNPACKING pc=0x00000166bf2120a3 sp=0x0000003e8f3fbe98 mode 2
Event: 81.914 Thread 0x00000166d2500dc0 Uncommon trap: trap_request=0xffffffde fr.pc=0x00000166c7048afc relative=0x000000000000087c
Event: 81.914 Thread 0x00000166d2500dc0 Uncommon trap: reason=class_check action=maybe_recompile pc=0x00000166c7048afc method=java.util.WeakHashMap.matchesKey(Ljava/util/WeakHashMap$Entry;Ljava/lang/Object;)Z @ 21 c2
Event: 81.914 Thread 0x00000166d2500dc0 DEOPT PACKING pc=0x00000166c7048afc sp=0x0000003e8f3fbf50
Event: 81.914 Thread 0x00000166d2500dc0 DEOPT UNPACKING pc=0x00000166bf2120a3 sp=0x0000003e8f3fbea8 mode 2
Event: 81.915 Thread 0x00000166d2500dc0 Uncommon trap: trap_request=0xffffffde fr.pc=0x00000166c7048afc relative=0x000000000000087c
Event: 81.915 Thread 0x00000166d2500dc0 Uncommon trap: reason=class_check action=maybe_recompile pc=0x00000166c7048afc method=java.util.WeakHashMap.matchesKey(Ljava/util/WeakHashMap$Entry;Ljava/lang/Object;)Z @ 21 c2
Event: 81.915 Thread 0x00000166d2500dc0 DEOPT PACKING pc=0x00000166c7048afc sp=0x0000003e8f3fc1c0
Event: 81.915 Thread 0x00000166d2500dc0 DEOPT UNPACKING pc=0x00000166bf2120a3 sp=0x0000003e8f3fc108 mode 2

Classes unloaded (7 events):
Event: 23.619 Thread 0x00000166d034bd30 Unloading class 0x0000000100218800 'java/lang/invoke/LambdaForm$MH+0x0000000100218800'
Event: 23.619 Thread 0x00000166d034bd30 Unloading class 0x0000000100218400 'java/lang/invoke/LambdaForm$MH+0x0000000100218400'
Event: 23.619 Thread 0x00000166d034bd30 Unloading class 0x0000000100218000 'java/lang/invoke/LambdaForm$MH+0x0000000100218000'
Event: 23.619 Thread 0x00000166d034bd30 Unloading class 0x0000000100217800 'java/lang/invoke/LambdaForm$MH+0x0000000100217800'
Event: 23.619 Thread 0x00000166d034bd30 Unloading class 0x0000000100217400 'java/lang/invoke/LambdaForm$BMH+0x0000000100217400'
Event: 23.619 Thread 0x00000166d034bd30 Unloading class 0x0000000100217000 'java/lang/invoke/LambdaForm$DMH+0x0000000100217000'
Event: 23.619 Thread 0x00000166d034bd30 Unloading class 0x0000000100214400 'java/lang/invoke/LambdaForm$DMH+0x0000000100214400'

Classes redefined (0 events):
No events

Internal exceptions (20 events):
Event: 55.690 Thread 0x00000166d2501760 Exception <a 'java/io/FileNotFoundException'{0x00000000eab9a218}> (0x00000000eab9a218) 
thrown [s\src\hotspot\share\prims\jni.cpp, line 516]
Event: 55.741 Thread 0x00000166d2501760 Implicit null exception at 0x00000166c6dc8948 to 0x00000166c6dc8a08
Event: 65.741 Thread 0x00000166d6eaff40 Exception <a 'java/lang/NoSuchMethodError'{0x00000000eadd16b0}: 'int java.lang.invoke.DirectMethodHandle$Holder.invokeSpecialIFC(java.lang.Object, java.lang.Object, java.lang.Object)'> (0x00000000eadd16b0) 
thrown [s\src\hotspot\share\interpreter\linkResolver.cpp, line 759]
Event: 65.780 Thread 0x00000166d6eaff40 Implicit null exception at 0x00000166c6fc18da to 0x00000166c6fc2454
Event: 70.904 Thread 0x00000166d6eaff40 Exception <a 'java/io/FileNotFoundException'{0x00000000eb087788}> (0x00000000eb087788) 
thrown [s\src\hotspot\share\prims\jni.cpp, line 516]
Event: 71.131 Thread 0x00000166d6eaff40 Exception <a 'java/io/FileNotFoundException'{0x00000000eb11ebc8}> (0x00000000eb11ebc8) 
thrown [s\src\hotspot\share\prims\jni.cpp, line 516]
Event: 71.662 Thread 0x00000166d6eaff40 Exception <a 'java/lang/NoSuchMethodError'{0x00000000eb0d34f8}: 'int java.lang.invoke.DirectMethodHandle$Holder.invokeStatic(java.lang.Object, int, java.lang.Object)'> (0x00000000eb0d34f8) 
thrown [s\src\hotspot\share\interpreter\linkResolver.cpp, line 759]
Event: 72.229 Thread 0x00000166d2502f70 Exception <a 'java/io/FileNotFoundException'{0x00000000eb39a200}> (0x00000000eb39a200) 
thrown [s\src\hotspot\share\prims\jni.cpp, line 516]
Event: 72.229 Thread 0x00000166d2502f70 Exception <a 'java/io/FileNotFoundException'{0x00000000eb39c268}> (0x00000000eb39c268) 
thrown [s\src\hotspot\share\prims\jni.cpp, line 516]
Event: 76.860 Thread 0x00000166d2500dc0 Exception <a 'java/lang/NoSuchMethodError'{0x00000000eacc76c0}: 'java.lang.Object java.lang.invoke.DirectMethodHandle$Holder.invokeStatic(java.lang.Object, java.lang.Object, java.lang.Object, long)'> (0x00000000eacc76c0) 
thrown [s\src\hotspot\share\interpreter\linkResolver.cpp, line 759]
Event: 76.861 Thread 0x00000166d2500dc0 Exception <a 'java/lang/NoSuchMethodError'{0x00000000eacd0760}: 'java.lang.Object java.lang.invoke.DirectMethodHandle$Holder.newInvokeSpecial(java.lang.Object, java.lang.Object, java.lang.Object, long)'> (0x00000000eacd0760) 
thrown [s\src\hotspot\share\interpreter\linkResolver.cpp, line 759]
Event: 76.862 Thread 0x00000166d2500dc0 Exception <a 'java/lang/NoSuchMethodError'{0x00000000eacd56a8}: 'java.lang.Object java.lang.invoke.DirectMethodHandle$Holder.invokeSpecial(java.lang.Object, java.lang.Object, java.lang.Object, java.lang.Object, long)'> (0x00000000eacd56a8) 
thrown [s\src\hotspot\share\interpreter\linkResolver.cpp, line 759]
Event: 76.862 Thread 0x00000166d2500dc0 Exception <a 'java/lang/NoSuchMethodError'{0x00000000eacda078}: 'java.lang.Object java.lang.invoke.Invokers$Holder.linkToTargetMethod(java.lang.Object, java.lang.Object, long, java.lang.Object)'> (0x00000000eacda078) 
thrown [s\src\hotspot\share\interpreter\linkResolver.cpp, line 759]
Event: 77.455 Thread 0x00000166d2500dc0 Exception <a 'java/lang/NoSuchMethodError'{0x00000000eb327d28}: 'java.lang.Object java.lang.invoke.DirectMethodHandle$Holder.newInvokeSpecial(java.lang.Object, java.lang.Object, java.lang.Object, int)'> (0x00000000eb327d28) 
thrown [s\src\hotspot\share\interpreter\linkResolver.cpp, line 759]
Event: 77.455 Thread 0x00000166d2500dc0 Exception <a 'java/lang/NoSuchMethodError'{0x00000000eb32ca20}: 'java.lang.Object java.lang.invoke.DirectMethodHandle$Holder.invokeSpecial(java.lang.Object, java.lang.Object, java.lang.Object, java.lang.Object, int)'> (0x00000000eb32ca20) 
thrown [s\src\hotspot\share\interpreter\linkResolver.cpp, line 759]
Event: 77.455 Thread 0x00000166d2500dc0 Exception <a 'java/lang/NoSuchMethodError'{0x00000000eb330cb0}: 'java.lang.Object java.lang.invoke.Invokers$Holder.linkToTargetMethod(java.lang.Object, java.lang.Object, int, java.lang.Object)'> (0x00000000eb330cb0) 
thrown [s\src\hotspot\share\interpreter\linkResolver.cpp, line 759]
Event: 77.467 Thread 0x00000166d2500dc0 Exception <a 'java/lang/NoSuchMethodError'{0x00000000eb3808d8}: 'java.lang.Object java.lang.invoke.DirectMethodHandle$Holder.newInvokeSpecial(java.lang.Object, java.lang.Object, int, java.lang.Object, java.lang.Object)'> (0x00000000eb3808d8) 
thrown [s\src\hotspot\share\interpreter\linkResolver.cpp, line 759]
Event: 77.468 Thread 0x00000166d2500dc0 Exception <a 'java/lang/NoSuchMethodError'{0x00000000eb385970}: 'java.lang.Object java.lang.invoke.DirectMethodHandle$Holder.invokeSpecial(java.lang.Object, java.lang.Object, java.lang.Object, int, java.lang.Object, java.lang.Object)'> (0x00000000eb385970) 
thrown [s\src\hotspot\share\interpreter\linkResolver.cpp, line 759]
Event: 81.543 Thread 0x00000166d2500dc0 Implicit null exception at 0x00000166c6eda476 to 0x00000166c6eda908
Event: 81.590 Thread 0x00000166d2500dc0 Implicit null exception at 0x00000166c6f5f3ec to 0x00000166c6f5f494

VM Operations (20 events):
Event: 75.171 Executing VM operation: Cleanup
Event: 75.171 Executing VM operation: Cleanup done
Event: 76.171 Executing VM operation: Cleanup
Event: 76.171 Executing VM operation: Cleanup done
Event: 76.754 Executing VM operation: ParallelGCFailedAllocation
Event: 76.756 Executing VM operation: ParallelGCFailedAllocation done
Event: 76.958 Executing VM operation: HandshakeAllThreads
Event: 76.958 Executing VM operation: HandshakeAllThreads done
Event: 77.721 Executing VM operation: HandshakeAllThreads
Event: 77.721 Executing VM operation: HandshakeAllThreads done
Event: 78.120 Executing VM operation: ParallelGCFailedAllocation
Event: 78.123 Executing VM operation: ParallelGCFailedAllocation done
Event: 80.125 Executing VM operation: Cleanup
Event: 80.126 Executing VM operation: Cleanup done
Event: 81.140 Executing VM operation: Cleanup
Event: 81.140 Executing VM operation: Cleanup done
Event: 81.404 Executing VM operation: ParallelGCFailedAllocation
Event: 81.408 Executing VM operation: ParallelGCFailedAllocation done
Event: 82.056 Executing VM operation: ParallelGCFailedAllocation
Event: 82.068 Executing VM operation: ParallelGCFailedAllocation done

Events (20 events):
Event: 71.703 Thread 0x00000166d03ae890 flushing nmethod 0x00000166bf883e90
Event: 71.704 Thread 0x00000166d03ae890 flushing nmethod 0x00000166bf8c2b90
Event: 71.705 Thread 0x00000166d03ae890 flushing nmethod 0x00000166bf9e5010
Event: 71.707 Thread 0x00000166d03ae890 flushing nmethod 0x00000166bfbf1e10
Event: 71.707 Thread 0x00000166d03ae890 flushing nmethod 0x00000166bfc29810
Event: 71.707 Thread 0x00000166d03ae890 flushing nmethod 0x00000166bfc9da90
Event: 71.708 Thread 0x00000166d03ae890 flushing nmethod 0x00000166bfd78290
Event: 71.711 Thread 0x00000166d03ae890 flushing nmethod 0x00000166c00a3b10
Event: 71.711 Thread 0x00000166d03ae890 flushing nmethod 0x00000166c00a4490
Event: 71.711 Thread 0x00000166d03ae890 flushing nmethod 0x00000166c00b2e10
Event: 71.712 Thread 0x00000166d03ae890 flushing nmethod 0x00000166c01a6790
Event: 71.713 Thread 0x00000166d03ae890 flushing nmethod 0x00000166c025fd90
Event: 76.958 loading class java/util/zip/CheckedInputStream
Event: 76.958 loading class java/util/zip/CheckedInputStream done
Event: 77.720 loading class java/text/DontCareFieldPosition
Event: 77.720 loading class java/text/DontCareFieldPosition done
Event: 77.721 loading class java/text/DontCareFieldPosition$1
Event: 77.721 loading class java/text/Format$FieldDelegate
Event: 77.721 loading class java/text/Format$FieldDelegate done
Event: 77.721 loading class java/text/DontCareFieldPosition$1 done


Dynamic libraries:
0x00007ff7aefa0000 - 0x00007ff7aefae000 	c:\Users\DTFBKJK\.vscode\extensions\redhat.java-1.11.0-win32-x64\jre\17.0.4.1-win32-x86_64\bin\java.exe
0x00007ffd3c2d0000 - 0x00007ffd3c4c5000 	C:\WINDOWS\SYSTEM32\ntdll.dll
0x00007ffd3aaf0000 - 0x00007ffd3abae000 	C:\WINDOWS\System32\KERNEL32.DLL
0x00007ffd39e70000 - 0x00007ffd3a138000 	C:\WINDOWS\System32\KERNELBASE.dll
0x00007ffd39be0000 - 0x00007ffd39ce0000 	C:\WINDOWS\System32\ucrtbase.dll
0x00007ffd18790000 - 0x00007ffd187a9000 	c:\Users\DTFBKJK\.vscode\extensions\redhat.java-1.11.0-win32-x64\jre\17.0.4.1-win32-x86_64\bin\VCRUNTIME140.dll
0x00007ffd1a210000 - 0x00007ffd1a228000 	c:\Users\DTFBKJK\.vscode\extensions\redhat.java-1.11.0-win32-x64\jre\17.0.4.1-win32-x86_64\bin\jli.dll
0x00007ffd3ac50000 - 0x00007ffd3adf0000 	C:\WINDOWS\System32\USER32.dll
0x00007ffd3a1b0000 - 0x00007ffd3a1d2000 	C:\WINDOWS\System32\win32u.dll
0x00007ffd3b6d0000 - 0x00007ffd3b6fb000 	C:\WINDOWS\System32\GDI32.dll
0x00007ffd39a40000 - 0x00007ffd39b4b000 	C:\WINDOWS\System32\gdi32full.dll
0x00007ffd3a290000 - 0x00007ffd3a32d000 	C:\WINDOWS\System32\msvcp_win.dll
0x00007ffd2bba0000 - 0x00007ffd2be3a000 	C:\WINDOWS\WinSxS\amd64_microsoft.windows.common-controls_6595b64144ccf1df_6.0.19041.1110_none_60b5254171f9507e\COMCTL32.dll
0x00007ffd3b2d0000 - 0x00007ffd3b36e000 	C:\WINDOWS\System32\msvcrt.dll
0x00007ffd3aac0000 - 0x00007ffd3aaf0000 	C:\WINDOWS\System32\IMM32.DLL
0x0000000076a40000 - 0x0000000076a4c000 	C:\Program Files (x86)\360\Total Security\safemon\SafeWrapper.dll
0x00007ffd3c050000 - 0x00007ffd3c0fe000 	C:\WINDOWS\System32\ADVAPI32.dll
0x00007ffd3abb0000 - 0x00007ffd3ac4c000 	C:\WINDOWS\System32\sechost.dll
0x00007ffd3c160000 - 0x00007ffd3c285000 	C:\WINDOWS\System32\RPCRT4.dll
0x00007ffcf6800000 - 0x00007ffcf6892000 	C:\Program Files (x86)\360\Total Security\safemon\libzdtp64.dll
0x00007ffd3b900000 - 0x00007ffd3c044000 	C:\WINDOWS\System32\SHELL32.dll
0x00007ffd3b1b0000 - 0x00007ffd3b205000 	C:\WINDOWS\System32\SHLWAPI.dll
0x00007ffd394a0000 - 0x00007ffd394aa000 	C:\WINDOWS\SYSTEM32\VERSION.dll
0x00007ffd27210000 - 0x00007ffd2721c000 	c:\Users\DTFBKJK\.vscode\extensions\redhat.java-1.11.0-win32-x64\jre\17.0.4.1-win32-x86_64\bin\vcruntime140_1.dll
0x00007ffcf04a0000 - 0x00007ffcf0531000 	c:\Users\DTFBKJK\.vscode\extensions\redhat.java-1.11.0-win32-x64\jre\17.0.4.1-win32-x86_64\bin\msvcp140.dll
0x00007ffcee040000 - 0x00007ffceec86000 	c:\Users\DTFBKJK\.vscode\extensions\redhat.java-1.11.0-win32-x64\jre\17.0.4.1-win32-x86_64\bin\server\jvm.dll
0x00007ffd3a640000 - 0x00007ffd3a648000 	C:\WINDOWS\System32\PSAPI.DLL
0x00007ffd327c0000 - 0x00007ffd327c9000 	C:\WINDOWS\SYSTEM32\WSOCK32.dll
0x00007ffd2ed70000 - 0x00007ffd2ed97000 	C:\WINDOWS\SYSTEM32\WINMM.dll
0x00007ffd3afd0000 - 0x00007ffd3b03b000 	C:\WINDOWS\System32\WS2_32.dll
0x00007ffd377b0000 - 0x00007ffd377c2000 	C:\WINDOWS\SYSTEM32\kernel.appcore.dll
0x00007ffd26c30000 - 0x00007ffd26c3a000 	c:\Users\DTFBKJK\.vscode\extensions\redhat.java-1.11.0-win32-x64\jre\17.0.4.1-win32-x86_64\bin\jimage.dll
0x00007ffd26f50000 - 0x00007ffd27134000 	C:\WINDOWS\SYSTEM32\DBGHELP.DLL
0x00007ffd26eb0000 - 0x00007ffd26edc000 	C:\WINDOWS\SYSTEM32\dbgcore.DLL
0x00007ffd39b50000 - 0x00007ffd39bd2000 	C:\WINDOWS\System32\bcryptPrimitives.dll
0x00007ffd24620000 - 0x00007ffd2462e000 	c:\Users\DTFBKJK\.vscode\extensions\redhat.java-1.11.0-win32-x64\jre\17.0.4.1-win32-x86_64\bin\instrument.dll
0x00007ffd18760000 - 0x00007ffd18785000 	c:\Users\DTFBKJK\.vscode\extensions\redhat.java-1.11.0-win32-x64\jre\17.0.4.1-win32-x86_64\bin\java.dll
0x00007ffd180d0000 - 0x00007ffd180e8000 	c:\Users\DTFBKJK\.vscode\extensions\redhat.java-1.11.0-win32-x64\jre\17.0.4.1-win32-x86_64\bin\zip.dll
0x00007ffd37a90000 - 0x00007ffd38224000 	C:\WINDOWS\SYSTEM32\windows.storage.dll
0x00007ffd3b370000 - 0x00007ffd3b6c4000 	C:\WINDOWS\System32\combase.dll
0x00007ffd39310000 - 0x00007ffd3933c000 	C:\WINDOWS\SYSTEM32\Wldp.dll
0x00007ffd3a590000 - 0x00007ffd3a63d000 	C:\WINDOWS\System32\SHCORE.dll
0x00007ffd39930000 - 0x00007ffd3994f000 	C:\WINDOWS\SYSTEM32\profapi.dll
0x00007ffd18050000 - 0x00007ffd18069000 	C:\Users\DTFBKJK\.vscode\extensions\redhat.java-1.11.0-win32-x64\jre\17.0.4.1-win32-x86_64\bin\net.dll
0x00007ffd2b480000 - 0x00007ffd2b589000 	C:\WINDOWS\SYSTEM32\WINHTTP.dll
0x00007ffd39070000 - 0x00007ffd390da000 	C:\WINDOWS\system32\mswsock.dll
0x00007ffd17970000 - 0x00007ffd17985000 	C:\Users\DTFBKJK\.vscode\extensions\redhat.java-1.11.0-win32-x64\jre\17.0.4.1-win32-x86_64\bin\nio.dll
0x00007ffd24160000 - 0x00007ffd24170000 	c:\Users\DTFBKJK\.vscode\extensions\redhat.java-1.11.0-win32-x64\jre\17.0.4.1-win32-x86_64\bin\verify.dll
0x00007ffcf3ca0000 - 0x00007ffcf3cde000 	C:\Users\DTFBKJK\AppData\Roaming\Code\User\globalStorage\redhat.java\1.11.0\config_win\org.eclipse.equinox.launcher\org.eclipse.equinox.launcher.win32.win32.x86_64_1.2.600.v20220720-1916\eclipse_11700.dll
0x00007ffd3b7d0000 - 0x00007ffd3b8fa000 	C:\WINDOWS\System32\ole32.dll
0x00007ffd39260000 - 0x00007ffd39278000 	C:\WINDOWS\SYSTEM32\CRYPTSP.dll
0x00007ffd389f0000 - 0x00007ffd38a24000 	C:\WINDOWS\system32\rsaenh.dll
0x00007ffd39ce0000 - 0x00007ffd39d07000 	C:\WINDOWS\System32\bcrypt.dll
0x00007ffd398b0000 - 0x00007ffd398de000 	C:\WINDOWS\SYSTEM32\USERENV.dll
0x00007ffd39280000 - 0x00007ffd3928c000 	C:\WINDOWS\SYSTEM32\CRYPTBASE.dll
0x00007ffd38d60000 - 0x00007ffd38d9b000 	C:\WINDOWS\SYSTEM32\IPHLPAPI.DLL
0x00007ffd3aea0000 - 0x00007ffd3aea8000 	C:\WINDOWS\System32\NSI.dll
0x00007ffd2f440000 - 0x00007ffd2f457000 	C:\WINDOWS\SYSTEM32\dhcpcsvc6.DLL
0x00007ffd2f530000 - 0x00007ffd2f54d000 	C:\WINDOWS\SYSTEM32\dhcpcsvc.DLL
0x00007ffd38e00000 - 0x00007ffd38eca000 	C:\WINDOWS\SYSTEM32\DNSAPI.dll
0x00007ffd230d0000 - 0x00007ffd230d9000 	C:\Users\DTFBKJK\.vscode\extensions\redhat.java-1.11.0-win32-x64\jre\17.0.4.1-win32-x86_64\bin\management.dll
0x00007ffd23080000 - 0x00007ffd2308b000 	C:\Users\DTFBKJK\.vscode\extensions\redhat.java-1.11.0-win32-x64\jre\17.0.4.1-win32-x86_64\bin\management_ext.dll
0x00007ffcedfb0000 - 0x00007ffcedff4000 	C:\Users\DTFBKJK\AppData\Local\Temp\jna--1602723328\jna10162221767796178285.dll
0x00007ffd36fa0000 - 0x00007ffd36fae000 	C:\Users\DTFBKJK\.vscode\extensions\redhat.java-1.11.0-win32-x64\jre\17.0.4.1-win32-x86_64\bin\sunmscapi.dll
0x00007ffd39d10000 - 0x00007ffd39e66000 	C:\WINDOWS\System32\CRYPT32.dll
0x00007ffd39380000 - 0x00007ffd393a7000 	C:\WINDOWS\SYSTEM32\ncrypt.dll
0x00007ffd39340000 - 0x00007ffd3937b000 	C:\WINDOWS\SYSTEM32\NTASN1.dll
0x00007ffd35640000 - 0x00007ffd3564a000 	C:\Windows\System32\rasadhlp.dll

dbghelp: loaded successfully - version: 4.0.5 - missing functions: none
symbol engine: initialized successfully - sym options: 0x614 - pdb path: .;c:\Users\DTFBKJK\.vscode\extensions\redhat.java-1.11.0-win32-x64\jre\17.0.4.1-win32-x86_64\bin;C:\WINDOWS\SYSTEM32;C:\WINDOWS\WinSxS\amd64_microsoft.windows.common-controls_6595b64144ccf1df_6.0.19041.1110_none_60b5254171f9507e;C:\Program Files (x86)\360\Total Security\safemon;c:\Users\DTFBKJK\.vscode\extensions\redhat.java-1.11.0-win32-x64\jre\17.0.4.1-win32-x86_64\bin\server;C:\Users\DTFBKJK\AppData\Roaming\Code\User\globalStorage\redhat.java\1.11.0\config_win\org.eclipse.equinox.launcher\org.eclipse.equinox.launcher.win32.win32.x86_64_1.2.600.v20220720-1916;C:\Users\DTFBKJK\AppData\Local\Temp\jna--1602723328

VM Arguments:
jvm_args: --add-modules=ALL-SYSTEM --add-opens=java.base/java.util=ALL-UNNAMED --add-opens=java.base/java.lang=ALL-UNNAMED --add-opens=java.base/sun.nio.fs=ALL-UNNAMED -Declipse.application=org.eclipse.jdt.ls.core.id1 -Dosgi.bundles.defaultStartLevel=4 -Declipse.product=org.eclipse.jdt.ls.core.product -Djava.import.generatesMetadataFilesAtProjectRoot=false -Dfile.encoding=utf8 -DwatchParentProcess=false -XX:+UseParallelGC -XX:GCTimeRatio=4 -XX:AdaptiveSizePolicyWeight=90 -Dsun.zip.disableMemoryMapping=true -Xmx1G -Xms100m -Xlog:disable -javaagent:C:\Users\DTFBKJK\.m2\repository\org\projectlombok\lombok\1.18.22\lombok-1.18.22.jar -XX:+HeapDumpOnOutOfMemoryError -XX:HeapDumpPath=c:\Users\DTFBKJK\AppData\Roaming\Code\User\workspaceStorage\97efd05d9e66b45bbc5cb3a34a42f5bf\redhat.java 
java_command: c:\Users\DTFBKJK\.vscode\extensions\redhat.java-1.11.0-win32-x64\server\plugins\org.eclipse.equinox.launcher_1.6.400.v20210924-0641.jar -configuration c:\Users\DTFBKJK\AppData\Roaming\Code\User\globalStorage\redhat.java\1.11.0\config_win -data c:\Users\DTFBKJK\AppData\Roaming\Code\User\workspaceStorage\97efd05d9e66b45bbc5cb3a34a42f5bf\redhat.java\jdt_ws
java_class_path (initial): c:\Users\DTFBKJK\.vscode\extensions\redhat.java-1.11.0-win32-x64\server\plugins\org.eclipse.equinox.launcher_1.6.400.v20210924-0641.jar
Launcher Type: SUN_STANDARD

[Global flags]
    uintx AdaptiveSizePolicyWeight                 = 90                                        {product} {command line}
     intx CICompilerCount                          = 3                                         {product} {ergonomic}
    uintx GCTimeRatio                              = 4                                         {product} {command line}
     bool HeapDumpOnOutOfMemoryError               = true                                   {manageable} {command line}
    ccstr HeapDumpPath                             = c:\Users\DTFBKJK\AppData\Roaming\Code\User\workspaceStorage\97efd05d9e66b45bbc5cb3a34a42f5bf\redhat.java         {manageable} {command line}
   size_t InitialHeapSize                          = 104857600                                 {product} {command line}
   size_t MaxHeapSize                              = 1073741824                                {product} {command line}
   size_t MaxNewSize                               = 357564416                                 {product} {ergonomic}
   size_t MinHeapDeltaBytes                        = 524288                                    {product} {ergonomic}
   size_t MinHeapSize                              = 104857600                                 {product} {command line}
   size_t NewSize                                  = 34603008                                  {product} {ergonomic}
    uintx NonNMethodCodeHeapSize                   = 5832780                                {pd product} {ergonomic}
    uintx NonProfiledCodeHeapSize                  = 122912730                              {pd product} {ergonomic}
   size_t OldSize                                  = 70254592                                  {product} {ergonomic}
    uintx ProfiledCodeHeapSize                     = 122912730                              {pd product} {ergonomic}
    uintx ReservedCodeCacheSize                    = 251658240                              {pd product} {ergonomic}
     bool SegmentedCodeCache                       = true                                      {product} {ergonomic}
   size_t SoftMaxHeapSize                          = 1073741824                             {manageable} {ergonomic}
     bool UseCompressedClassPointers               = true                           {product lp64_product} {ergonomic}
     bool UseCompressedOops                        = true                           {product lp64_product} {ergonomic}
     bool UseLargePagesIndividualAllocation        = false                                  {pd product} {ergonomic}
     bool UseParallelGC                            = true                                      {product} {command line}

Logging:
Log output configuration:
 #0: stdout all=off uptime,level,tags
 #1: stderr all=off uptime,level,tags

Environment Variables:
JAVA_HOME=C:\Program Files\Java\jdk-15.0.1
PATH=C:\Program Files\Python36\Scripts\;C:\Program Files\Python36\;C:\Program Files (x86)\NVIDIA Corporation\PhysX\Common;C:\Program Files\Common Files\Oracle\Java\javapath;C:\Program Files (x86)\Common Files\Oracle\Java\javapath;C:\WINDOWS\system32;C:\WINDOWS;C:\WINDOWS\System32\Wbem;C:\WINDOWS\System32\WindowsPowerShell\v1.0\;C:\WINDOWS\System32\OpenSSH\;C:\Program Files\Git\cmd;C:\Program Files\Java\jre1.8.0_271\bin;C:\src\flutter o i\flutter\bin;C:\Program Files\nodejs\;C:\ProgramData\chocolatey\bin;C:\xampp\php;C:\ProgramData\ComposerSetup\bin;C:\apache-maven-3.6.3\bin;C:\Program Files\Symfony;C:\Python36\Scripts\;C:\Users\DTFBKJK\AppData\Roaming\Python\Python36\Scripts;C:\Program Files\OpenSSL-Win64\bin;C:\Program Files\apache-maven-3.8.4-bin\apache-maven-3.8.4\bin;C:\sqlmap\sqlmapproject-sqlmap-e91b1a0;C:\Ruby30-x64\bin;C:\Users\DTFBKJK\AppData\Local\Programs\Python\Python310\Scripts\;C:\Users\DTFBKJK\AppData\Local\Programs\Python\Python310\;C:\Users\DTFBKJK\AppData\Local\Microsoft\WindowsApps;C:\Program Files\JetBrains\IntelliJ IDEA Community Edition 2019.2\bin;;C:\Program Files\Android\Android Studio\bin;C:\Users\DTFBKJK\AppData\Local\Programs\Microsoft VS Code\bin;C:\src\flutter o i\flutter\bin;C:\Users\DTFBKJK\AppData\Roaming\npm;C:\Users\DTFBKJK\AppData\Roaming\Composer\vendor\bin;C:\Users\DTFBKJK\AppData\Local\Android\Sdk;C:\Program Files\OpenSSL-Win64\bin;C:\sqlmap\sqlmapproject-sqlmap-e91b1a0;C:\Program Files\heroku\bin
USERNAME=DTFBKJK
OS=Windows_NT
PROCESSOR_IDENTIFIER=Intel64 Family 6 Model 69 Stepping 1, GenuineIntel
TMP=C:\Users\DTFBKJK\AppData\Local\Temp
TEMP=C:\Users\DTFBKJK\AppData\Local\Temp



---------------  S Y S T E M  ---------------

OS:
 Windows 10 , 64 bit Build 19041 (10.0.19041.1566)
OS uptime: 0 days 1:10 hours

CPU: total 4 (initial active 4) (2 cores per cpu, 2 threads per core) family 6 model 69 stepping 1 microcode 0x25, cx8, cmov, fxsr, ht, mmx, sse, sse2, sse3, ssse3, sse4.1, sse4.2, popcnt, lzcnt, tsc, tscinvbit, avx, avx2, aes, erms, clmul, bmi1, bmi2, fma, vzeroupper, clflush

Memory: 4k page, system-wide physical 8126M (322M free)
TotalPageFile size 9170M (AvailPageFile size 29M)
current process WorkingSet (physical memory assigned to process): 216M, peak: 253M
current process commit charge ("private bytes"): 266M, peak: 317M

vm_info: OpenJDK 64-Bit Server VM (17.0.4.1+1) for windows-amd64 JRE (17.0.4.1+1), built on Aug 17 2022 07:42:43 by "temurin" with MS VC++ 16.7 (VS2019)

END.
