#
# There is insufficient memory for the Java Runtime Environment to continue.
# Native memory allocation (mmap) failed to map 227540992 bytes for G1 virtual space
# Possible reasons:
#   The system is out of physical RAM or swap space
#   The process is running with CompressedOops enabled, and the Java Heap may be blocking the growth of the native heap
# Possible solutions:
#   Reduce memory load on the system
#   Increase physical memory or swap space
#   Check if swap backing store is full
#   Decrease Java heap size (-Xmx/-Xms)
#   Decrease number of Java threads
#   Decrease Java thread stack sizes (-Xss)
#   Set larger code cache with -XX:ReservedCodeCacheSize=
#   JVM is running with Unscaled Compressed Oops mode in which the Java heap is
#     placed in the first 4GB address space. The Java Heap base address is the
#     maximum limit for the native heap growth. Please use -XX:HeapBaseMinAddress
#     to set the Java Heap base and to place the Java Heap above 4GB virtual address.
# This output file may be truncated or incomplete.
#
#  Out of Memory Error (os_windows.cpp:3541), pid=22184, tid=19580
#
# JRE version: OpenJDK Runtime Environment Temurin-17.0.4.1+1 (17.0.4.1+1) (build 17.0.4.1+1)
# Java VM: OpenJDK 64-Bit Server VM Temurin-17.0.4.1+1 (17.0.4.1+1, mixed mode, emulated-client, tiered, compressed oops, compressed class ptrs, g1 gc, windows-amd64)
# No core dump will be written. Minidumps are not enabled by default on client versions of Windows
#

---------------  S U M M A R Y ------------

Command Line: -Dsts.lsp.client=vscode -Dsts.log.file=/dev/null -XX:TieredStopAtLevel=1 -Xlog:jni+resolve=off -Dspring.config.location=file:c:\Users\DTFBKJK\.vscode\extensions\pivotal.vscode-spring-boot-1.39.0\language-server\BOOT-INF\classes\application.properties org.springframework.ide.vscode.boot.app.BootLanguageServerBootApp

Host: Intel(R) Core(TM) i7-4510U CPU @ 2.00GHz, 4 cores, 7G,  Windows 10 , 64 bit Build 19041 (10.0.19041.1566)
Time: Wed Oct 26 20:09:08 2022 Afr. centrale Ouest elapsed time: 7.369674 seconds (0d 0h 0m 7s)

---------------  T H R E A D  ---------------

Current thread (0x0000022794e56e60):  VMThread "VM Thread" [stack: 0x0000007df6700000,0x0000007df6800000] [id=19580]

Stack: [0x0000007df6700000,0x0000007df6800000]
Native frames: (J=compiled Java code, j=interpreted, Vv=VM code, C=native code)
V  [jvm.dll+0x67731a]
V  [jvm.dll+0x832284]
V  [jvm.dll+0x833a2e]
V  [jvm.dll+0x834093]
V  [jvm.dll+0x245775]
V  [jvm.dll+0x674209]
V  [jvm.dll+0x668a92]
V  [jvm.dll+0x30471b]
V  [jvm.dll+0x30bc66]
V  [jvm.dll+0x35ba9e]
V  [jvm.dll+0x35bccf]
V  [jvm.dll+0x2db5b8]
V  [jvm.dll+0x2d986c]
V  [jvm.dll+0x2d8e3c]
V  [jvm.dll+0x31cd9b]
V  [jvm.dll+0x83853b]
V  [jvm.dll+0x839274]
V  [jvm.dll+0x83978c]
V  [jvm.dll+0x839b64]
V  [jvm.dll+0x839c30]
V  [jvm.dll+0x7e240a]
V  [jvm.dll+0x6761a5]
C  [ucrtbase.dll+0x21bb2]
C  [KERNEL32.DLL+0x17034]
C  [ntdll.dll+0x52651]

VM_Operation (0x0000007df80fe550): G1CollectForAllocation, mode: safepoint, requested by thread 0x000002279612adf0


---------------  P R O C E S S  ---------------

Threads class SMR info:
_java_thread_list=0x00000227995062a0, length=33, elements={
0x0000022794e6e750, 0x0000022794e6f5c0, 0x0000022795827530, 0x000002279582a0c0,
0x000002279582b990, 0x0000022794e84050, 0x0000022794e85ca0, 0x000002279582ff20,
0x0000022795a37d80, 0x0000022795a44a70, 0x0000022795a54fc0, 0x000002279628d150,
0x00000227976b6020, 0x00000227977b5450, 0x0000022796099ab0, 0x0000022796192580,
0x0000022795eff060, 0x0000022795eff530, 0x0000022795effa00, 0x00000227976620b0,
0x000002279612adf0, 0x000002279612a920, 0x000002279612b2c0, 0x0000022796129ab0,
0x0000022796129f80, 0x000002279612c600, 0x000002279612b790, 0x000002279612bc60,
0x000002279612a450, 0x000002279612c130, 0x000002279612cad0, 0x000002279612cfa0,
0x00000227961295e0
}

Java Threads: ( => current thread )
  0x0000022794e6e750 JavaThread "Reference Handler" daemon [_thread_blocked, id=21928, stack(0x0000007df6800000,0x0000007df6900000)]
  0x0000022794e6f5c0 JavaThread "Finalizer" daemon [_thread_blocked, id=22248, stack(0x0000007df6900000,0x0000007df6a00000)]
  0x0000022795827530 JavaThread "Signal Dispatcher" daemon [_thread_blocked, id=22484, stack(0x0000007df6a00000,0x0000007df6b00000)]
  0x000002279582a0c0 JavaThread "Attach Listener" daemon [_thread_blocked, id=22068, stack(0x0000007df6b00000,0x0000007df6c00000)]
  0x000002279582b990 JavaThread "Service Thread" daemon [_thread_blocked, id=22096, stack(0x0000007df6c00000,0x0000007df6d00000)]
  0x0000022794e84050 JavaThread "Monitor Deflation Thread" daemon [_thread_blocked, id=21936, stack(0x0000007df6d00000,0x0000007df6e00000)]
  0x0000022794e85ca0 JavaThread "C1 CompilerThread0" daemon [_thread_blocked, id=21828, stack(0x0000007df6e00000,0x0000007df6f00000)]
  0x000002279582ff20 JavaThread "Sweeper thread" daemon [_thread_blocked, id=2232, stack(0x0000007df6f00000,0x0000007df7000000)]
  0x0000022795a37d80 JavaThread "C1 CompilerThread1" daemon [_thread_blocked, id=18240, stack(0x0000007df7000000,0x0000007df7100000)]
  0x0000022795a44a70 JavaThread "Notification Thread" daemon [_thread_blocked, id=21944, stack(0x0000007df7100000,0x0000007df7200000)]
  0x0000022795a54fc0 JavaThread "Common-Cleaner" daemon [_thread_blocked, id=17640, stack(0x0000007df7300000,0x0000007df7400000)]
  0x000002279628d150 JavaThread "C1 CompilerThread2" daemon [_thread_blocked, id=22076, stack(0x0000007df7600000,0x0000007df7700000)]
  0x00000227976b6020 JavaThread "boundedElastic-evictor-1" daemon [_thread_blocked, id=21476, stack(0x0000007df7800000,0x0000007df7900000)]
  0x00000227977b5450 JavaThread "ForkJoinPool.commonPool-worker-1" daemon [_thread_blocked, id=9184, stack(0x0000007df7900000,0x0000007df7a00000)]
  0x0000022796099ab0 JavaThread "ClassGraph-worker-0" daemon [_thread_blocked, id=18484, stack(0x0000007df7a00000,0x0000007df7b00000)]
  0x0000022796192580 JavaThread "ClassGraph-worker-1" daemon [_thread_blocked, id=19644, stack(0x0000007df7b00000,0x0000007df7c00000)]
  0x0000022795eff060 JavaThread "ClassGraph-worker-2" daemon [_thread_blocked, id=21612, stack(0x0000007df7c00000,0x0000007df7d00000)]
  0x0000022795eff530 JavaThread "ClassGraph-worker-3" daemon [_thread_blocked, id=21740, stack(0x0000007df7d00000,0x0000007df7e00000)]
  0x0000022795effa00 JavaThread "ClassGraph-worker-4" daemon [_thread_blocked, id=21780, stack(0x0000007df7e00000,0x0000007df7f00000)]
  0x00000227976620b0 JavaThread "ClassGraph-worker-5" daemon [_thread_blocked, id=21628, stack(0x0000007df7f00000,0x0000007df8000000)]
  0x000002279612adf0 JavaThread "ClassGraph-worker-6" daemon [_thread_blocked, id=22316, stack(0x0000007df8000000,0x0000007df8100000)]
  0x000002279612a920 JavaThread "ClassGraph-worker-7" daemon [_thread_blocked, id=13532, stack(0x0000007df8100000,0x0000007df8200000)]
  0x000002279612b2c0 JavaThread "pool-9-thread-1" [_thread_blocked, id=21776, stack(0x0000007df8200000,0x0000007df8300000)]
  0x0000022796129ab0 JavaThread "LanguageServerApp-lifecycle" [_thread_blocked, id=20564, stack(0x0000007df8300000,0x0000007df8400000)]
  0x0000022796129f80 JavaThread "DestroyJavaVM" [_thread_blocked, id=22256, stack(0x0000007df6100000,0x0000007df6200000)]
  0x000002279612c600 JavaThread "pool-10-thread-1" [_thread_in_native, id=21964, stack(0x0000007df8400000,0x0000007df8500000)]
  0x000002279612b790 JavaThread "Simple-Language-Server main thread" daemon [_thread_blocked, id=21752, stack(0x0000007df8500000,0x0000007df8600000)]
  0x000002279612bc60 JavaThread "parallel-1" daemon [_thread_blocked, id=20388, stack(0x0000007df8600000,0x0000007df8700000)]
  0x000002279612a450 JavaThread "pool-7-thread-1" [_thread_blocked, id=17452, stack(0x0000007df8700000,0x0000007df8800000)]
  0x000002279612c130 JavaThread "parallel-2" daemon [_thread_blocked, id=16076, stack(0x0000007df8800000,0x0000007df8900000)]
  0x000002279612cad0 JavaThread "parallel-3" daemon [_thread_blocked, id=20604, stack(0x0000007df8900000,0x0000007df8a00000)]
  0x000002279612cfa0 JavaThread "parallel-4" daemon [_thread_blocked, id=21980, stack(0x0000007df8a00000,0x0000007df8b00000)]
  0x00000227961295e0 JavaThread "Reconciler-1" daemon [_thread_blocked, id=21540, stack(0x0000007df8b00000,0x0000007df8c00000)]

Other Threads:
=>0x0000022794e56e60 VMThread "VM Thread" [stack: 0x0000007df6700000,0x0000007df6800000] [id=19580]
  0x0000022795a44f40 WatcherThread [stack: 0x0000007df7200000,0x0000007df7300000] [id=18124]
  0x00000227883e6d80 GCTaskThread "GC Thread#0" [stack: 0x0000007df6200000,0x0000007df6300000] [id=22252]
  0x000002279628a5a0 GCTaskThread "GC Thread#1" [stack: 0x0000007df7400000,0x0000007df7500000] [id=22116]
  0x000002279628a850 GCTaskThread "GC Thread#2" [stack: 0x0000007df7500000,0x0000007df7600000] [id=22124]
  0x00000227960e62f0 GCTaskThread "GC Thread#3" [stack: 0x0000007df7700000,0x0000007df7800000] [id=22024]
  0x00000227883f7ac0 ConcurrentGCThread "G1 Main Marker" [stack: 0x0000007df6300000,0x0000007df6400000] [id=20584]
  0x00000227883f84d0 ConcurrentGCThread "G1 Conc#0" [stack: 0x0000007df6400000,0x0000007df6500000] [id=19472]
  0x000002278843d8c0 ConcurrentGCThread "G1 Refine#0" [stack: 0x0000007df6500000,0x0000007df6600000] [id=20812]
  0x0000022799577460 ConcurrentGCThread "G1 Refine#1" [stack: 0x0000007df8c00000,0x0000007df8d00000] [id=22084]
  0x000002278843e2e0 ConcurrentGCThread "G1 Service" [stack: 0x0000007df6600000,0x0000007df6700000] [id=22164]

Threads with active compile tasks:
C1 CompilerThread0     7439 3895       1       io.github.classgraph.Classfile::readFields (781 bytes)

VM state: at safepoint (normal execution)

VM Mutex/Monitor currently owned by a thread:  ([mutex/lock_event])
[0x00000227860d7a00] Threads_lock - owner thread: 0x0000022794e56e60
[0x000002278619aed0] Heap_lock - owner thread: 0x000002279612adf0

Heap address: 0x0000000081000000, size: 2032 MB, Compressed Oops mode: 32-bit

CDS archive(s) not mapped
Compressed class space mapped at: 0x0000000100000000-0x0000000140000000, reserved size: 1073741824
Narrow klass base: 0x0000000000000000, Narrow klass shift: 3, Narrow klass range: 0x140000000

GC Precious Log:
 CPUs: 4 total, 4 available
 Memory: 8126M
 Large Page Support: Disabled
 NUMA Support: Disabled
 Compressed Oops: Enabled (32-bit)
 Heap Region Size: 1M
 Heap Min Capacity: 8M
 Heap Initial Capacity: 128M
 Heap Max Capacity: 2032M
 Pre-touch: Disabled
 Parallel Workers: 4
 Concurrent Workers: 1
 Concurrent Refinement Workers: 4
 Periodic GC: Disabled

Heap:
 garbage-first heap   total 131072K, used 66871K [0x0000000081000000, 0x0000000100000000)
  region size 1024K, 1 young (1024K), 1 survivors (1024K)
 Metaspace       used 36937K, committed 37248K, reserved 1081344K
  class space    used 4792K, committed 4928K, reserved 1048576K

Heap Regions: E=young(eden), S=young(survivor), O=old, HS=humongous(starts), HC=humongous(continues), CS=collection set, F=free, OA=open archive, CA=closed archive, TAMS=top-at-mark-start (previous, next)
|   0|0x0000000081000000, 0x0000000081100000, 0x0000000081100000|100%| O|  |TAMS 0x0000000081100000, 0x0000000081000000| Untracked 
|   1|0x0000000081100000, 0x0000000081200000, 0x0000000081200000|100%| O|  |TAMS 0x0000000081200000, 0x0000000081100000| Untracked 
|   2|0x0000000081200000, 0x0000000081300000, 0x0000000081300000|100%| O|  |TAMS 0x0000000081300000, 0x0000000081200000| Untracked 
|   3|0x0000000081300000, 0x0000000081400000, 0x0000000081400000|100%| O|  |TAMS 0x0000000081400000, 0x0000000081300000| Untracked 
|   4|0x0000000081400000, 0x0000000081500000, 0x0000000081500000|100%| O|  |TAMS 0x0000000081500000, 0x0000000081400000| Untracked 
|   5|0x0000000081500000, 0x0000000081600000, 0x0000000081600000|100%| O|  |TAMS 0x0000000081600000, 0x0000000081500000| Untracked 
|   6|0x0000000081600000, 0x0000000081700000, 0x0000000081700000|100%| O|  |TAMS 0x0000000081700000, 0x0000000081600000| Untracked 
|   7|0x0000000081700000, 0x0000000081800000, 0x0000000081800000|100%| O|  |TAMS 0x0000000081700000, 0x0000000081700000| Untracked 
|   8|0x0000000081800000, 0x0000000081900000, 0x0000000081900000|100%| O|  |TAMS 0x0000000081900000, 0x0000000081800000| Untracked 
|   9|0x0000000081900000, 0x0000000081a00000, 0x0000000081a00000|100%| O|  |TAMS 0x0000000081a00000, 0x0000000081900000| Untracked 
|  10|0x0000000081a00000, 0x0000000081b00000, 0x0000000081b00000|100%| O|  |TAMS 0x0000000081b00000, 0x0000000081a00000| Untracked 
|  11|0x0000000081b00000, 0x0000000081c00000, 0x0000000081c00000|100%| O|  |TAMS 0x0000000081c00000, 0x0000000081b00000| Untracked 
|  12|0x0000000081c00000, 0x0000000081d00000, 0x0000000081d00000|100%| O|  |TAMS 0x0000000081d00000, 0x0000000081c00000| Untracked 
|  13|0x0000000081d00000, 0x0000000081e00000, 0x0000000081e00000|100%| O|  |TAMS 0x0000000081e00000, 0x0000000081d00000| Untracked 
|  14|0x0000000081e00000, 0x0000000081f00000, 0x0000000081f00000|100%| O|  |TAMS 0x0000000081f00000, 0x0000000081e00000| Untracked 
|  15|0x0000000081f00000, 0x0000000082000000, 0x0000000082000000|100%| O|  |TAMS 0x0000000082000000, 0x0000000081f00000| Untracked 
|  16|0x0000000082000000, 0x0000000082100000, 0x0000000082100000|100%| O|  |TAMS 0x0000000082100000, 0x0000000082000000| Untracked 
|  17|0x0000000082100000, 0x0000000082200000, 0x0000000082200000|100%| O|  |TAMS 0x0000000082200000, 0x0000000082100000| Untracked 
|  18|0x0000000082200000, 0x0000000082300000, 0x0000000082300000|100%| O|  |TAMS 0x0000000082300000, 0x0000000082200000| Untracked 
|  19|0x0000000082300000, 0x0000000082400000, 0x0000000082400000|100%| O|  |TAMS 0x0000000082400000, 0x0000000082300000| Untracked 
|  20|0x0000000082400000, 0x0000000082500000, 0x0000000082500000|100%| O|  |TAMS 0x0000000082500000, 0x0000000082400000| Untracked 
|  21|0x0000000082500000, 0x0000000082600000, 0x0000000082600000|100%| O|  |TAMS 0x0000000082600000, 0x0000000082500000| Untracked 
|  22|0x0000000082600000, 0x0000000082700000, 0x0000000082700000|100%| O|  |TAMS 0x0000000082700000, 0x0000000082600000| Untracked 
|  23|0x0000000082700000, 0x0000000082800000, 0x0000000082800000|100%| O|  |TAMS 0x0000000082800000, 0x0000000082700000| Untracked 
|  24|0x0000000082800000, 0x0000000082900000, 0x0000000082900000|100%| O|  |TAMS 0x0000000082900000, 0x0000000082800000| Untracked 
|  25|0x0000000082900000, 0x0000000082a00000, 0x0000000082a00000|100%| O|  |TAMS 0x0000000082a00000, 0x0000000082900000| Untracked 
|  26|0x0000000082a00000, 0x0000000082b00000, 0x0000000082b00000|100%| O|  |TAMS 0x0000000082b00000, 0x0000000082a00000| Untracked 
|  27|0x0000000082b00000, 0x0000000082c00000, 0x0000000082c00000|100%| O|  |TAMS 0x0000000082c00000, 0x0000000082b00000| Untracked 
|  28|0x0000000082c00000, 0x0000000082d00000, 0x0000000082d00000|100%| O|  |TAMS 0x0000000082d00000, 0x0000000082c00000| Untracked 
|  29|0x0000000082d00000, 0x0000000082e00000, 0x0000000082e00000|100%| O|  |TAMS 0x0000000082e00000, 0x0000000082d00000| Untracked 
|  30|0x0000000082e00000, 0x0000000082f00000, 0x0000000082f00000|100%| O|  |TAMS 0x0000000082f00000, 0x0000000082e00000| Untracked 
|  31|0x0000000082f00000, 0x0000000083000000, 0x0000000083000000|100%| O|  |TAMS 0x0000000083000000, 0x0000000082f00000| Untracked 
|  32|0x0000000083000000, 0x0000000083100000, 0x0000000083100000|100%| O|  |TAMS 0x0000000083100000, 0x0000000083000000| Untracked 
|  33|0x0000000083100000, 0x0000000083200000, 0x0000000083200000|100%| O|  |TAMS 0x0000000083200000, 0x0000000083100000| Untracked 
|  34|0x0000000083200000, 0x0000000083300000, 0x0000000083300000|100%| O|  |TAMS 0x0000000083300000, 0x0000000083200000| Untracked 
|  35|0x0000000083300000, 0x0000000083400000, 0x0000000083400000|100%| O|  |TAMS 0x0000000083400000, 0x0000000083300000| Untracked 
|  36|0x0000000083400000, 0x0000000083500000, 0x0000000083500000|100%| O|  |TAMS 0x0000000083500000, 0x0000000083400000| Untracked 
|  37|0x0000000083500000, 0x0000000083600000, 0x0000000083600000|100%| O|  |TAMS 0x0000000083600000, 0x0000000083500000| Untracked 
|  38|0x0000000083600000, 0x0000000083700000, 0x0000000083700000|100%| O|  |TAMS 0x0000000083700000, 0x0000000083600000| Untracked 
|  39|0x0000000083700000, 0x0000000083800000, 0x0000000083800000|100%| O|  |TAMS 0x0000000083800000, 0x0000000083700000| Untracked 
|  40|0x0000000083800000, 0x0000000083900000, 0x0000000083900000|100%| O|  |TAMS 0x0000000083900000, 0x0000000083800000| Untracked 
|  41|0x0000000083900000, 0x0000000083a00000, 0x0000000083a00000|100%| O|  |TAMS 0x0000000083a00000, 0x0000000083900000| Untracked 
|  42|0x0000000083a00000, 0x0000000083b00000, 0x0000000083b00000|100%| O|  |TAMS 0x0000000083b00000, 0x0000000083a00000| Untracked 
|  43|0x0000000083b00000, 0x0000000083c00000, 0x0000000083c00000|100%| O|  |TAMS 0x0000000083c00000, 0x0000000083b00000| Untracked 
|  44|0x0000000083c00000, 0x0000000083c00000, 0x0000000083d00000|  0%| F|  |TAMS 0x0000000083c00000, 0x0000000083c00000| Untracked 
|  45|0x0000000083d00000, 0x0000000083e00000, 0x0000000083e00000|100%|HS|  |TAMS 0x0000000083d00000, 0x0000000083d00000| Complete 
|  46|0x0000000083e00000, 0x0000000083f00000, 0x0000000083f00000|100%|HS|  |TAMS 0x0000000083e00000, 0x0000000083e00000| Complete 
|  47|0x0000000083f00000, 0x0000000084000000, 0x0000000084000000|100%| O|  |TAMS 0x0000000083f00000, 0x0000000083f00000| Untracked 
|  48|0x0000000084000000, 0x0000000084100000, 0x0000000084100000|100%| O|  |TAMS 0x0000000084000000, 0x0000000084000000| Untracked 
|  49|0x0000000084100000, 0x0000000084200000, 0x0000000084200000|100%| O|  |TAMS 0x0000000084100000, 0x0000000084100000| Untracked 
|  50|0x0000000084200000, 0x0000000084300000, 0x0000000084300000|100%| O|  |TAMS 0x0000000084200000, 0x0000000084200000| Untracked 
|  51|0x0000000084300000, 0x0000000084400000, 0x0000000084400000|100%| O|  |TAMS 0x0000000084300000, 0x0000000084300000| Untracked 
|  52|0x0000000084400000, 0x0000000084500000, 0x0000000084500000|100%| O|  |TAMS 0x0000000084400000, 0x0000000084400000| Untracked 
|  53|0x0000000084500000, 0x0000000084600000, 0x0000000084600000|100%| O|  |TAMS 0x0000000084500000, 0x0000000084500000| Untracked 
|  54|0x0000000084600000, 0x0000000084700000, 0x0000000084700000|100%| O|  |TAMS 0x0000000084600000, 0x0000000084600000| Untracked 
|  55|0x0000000084700000, 0x0000000084800000, 0x0000000084800000|100%| O|  |TAMS 0x0000000084700000, 0x0000000084700000| Untracked 
|  56|0x0000000084800000, 0x0000000084900000, 0x0000000084900000|100%| O|  |TAMS 0x0000000084800000, 0x0000000084800000| Untracked 
|  57|0x0000000084900000, 0x0000000084a00000, 0x0000000084a00000|100%| O|  |TAMS 0x0000000084900000, 0x0000000084900000| Untracked 
|  58|0x0000000084a00000, 0x0000000084b00000, 0x0000000084b00000|100%| O|  |TAMS 0x0000000084a00000, 0x0000000084a00000| Untracked 
|  59|0x0000000084b00000, 0x0000000084c00000, 0x0000000084c00000|100%| O|  |TAMS 0x0000000084b00000, 0x0000000084b00000| Untracked 
|  60|0x0000000084c00000, 0x0000000084d00000, 0x0000000084d00000|100%| O|  |TAMS 0x0000000084c00000, 0x0000000084c00000| Untracked 
|  61|0x0000000084d00000, 0x0000000084e00000, 0x0000000084e00000|100%| O|  |TAMS 0x0000000084d00000, 0x0000000084d00000| Untracked 
|  62|0x0000000084e00000, 0x0000000084f00000, 0x0000000084f00000|100%| O|  |TAMS 0x0000000084e00000, 0x0000000084e00000| Untracked 
|  63|0x0000000084f00000, 0x0000000085000000, 0x0000000085000000|100%| O|  |TAMS 0x0000000084f00000, 0x0000000084f00000| Untracked 
|  64|0x0000000085000000, 0x0000000085100000, 0x0000000085100000|100%| O|  |TAMS 0x0000000085000000, 0x0000000085000000| Untracked 
|  65|0x0000000085100000, 0x00000000851c6a00, 0x0000000085200000| 77%| O|  |TAMS 0x0000000085100000, 0x0000000085100000| Untracked 
|  66|0x0000000085200000, 0x0000000085200000, 0x0000000085300000|  0%| F|  |TAMS 0x0000000085200000, 0x0000000085200000| Untracked 
|  67|0x0000000085300000, 0x0000000085300000, 0x0000000085400000|  0%| F|  |TAMS 0x0000000085300000, 0x0000000085300000| Untracked 
|  68|0x0000000085400000, 0x0000000085400000, 0x0000000085500000|  0%| F|  |TAMS 0x0000000085400000, 0x0000000085400000| Untracked 
|  69|0x0000000085500000, 0x0000000085500000, 0x0000000085600000|  0%| F|  |TAMS 0x0000000085500000, 0x0000000085500000| Untracked 
|  70|0x0000000085600000, 0x0000000085600000, 0x0000000085700000|  0%| F|  |TAMS 0x0000000085600000, 0x0000000085600000| Untracked 
|  71|0x0000000085700000, 0x0000000085700000, 0x0000000085800000|  0%| F|  |TAMS 0x0000000085700000, 0x0000000085700000| Untracked 
|  72|0x0000000085800000, 0x0000000085800000, 0x0000000085900000|  0%| F|  |TAMS 0x0000000085800000, 0x0000000085800000| Untracked 
|  73|0x0000000085900000, 0x0000000085900000, 0x0000000085a00000|  0%| F|  |TAMS 0x0000000085900000, 0x0000000085900000| Untracked 
|  74|0x0000000085a00000, 0x0000000085a00000, 0x0000000085b00000|  0%| F|  |TAMS 0x0000000085a00000, 0x0000000085a00000| Untracked 
|  75|0x0000000085b00000, 0x0000000085b00000, 0x0000000085c00000|  0%| F|  |TAMS 0x0000000085b00000, 0x0000000085b00000| Untracked 
|  76|0x0000000085c00000, 0x0000000085c00000, 0x0000000085d00000|  0%| F|  |TAMS 0x0000000085c00000, 0x0000000085c00000| Untracked 
|  77|0x0000000085d00000, 0x0000000085d00000, 0x0000000085e00000|  0%| F|  |TAMS 0x0000000085d00000, 0x0000000085d00000| Untracked 
|  78|0x0000000085e00000, 0x0000000085e00000, 0x0000000085f00000|  0%| F|  |TAMS 0x0000000085e00000, 0x0000000085e00000| Untracked 
|  79|0x0000000085f00000, 0x0000000085f00000, 0x0000000086000000|  0%| F|  |TAMS 0x0000000085f00000, 0x0000000085f00000| Untracked 
|  80|0x0000000086000000, 0x0000000086000000, 0x0000000086100000|  0%| F|  |TAMS 0x0000000086000000, 0x0000000086000000| Untracked 
|  81|0x0000000086100000, 0x0000000086100000, 0x0000000086200000|  0%| F|  |TAMS 0x0000000086100000, 0x0000000086100000| Untracked 
|  82|0x0000000086200000, 0x0000000086200000, 0x0000000086300000|  0%| F|  |TAMS 0x0000000086200000, 0x0000000086200000| Untracked 
|  83|0x0000000086300000, 0x0000000086300000, 0x0000000086400000|  0%| F|  |TAMS 0x0000000086300000, 0x0000000086300000| Untracked 
|  84|0x0000000086400000, 0x0000000086400000, 0x0000000086500000|  0%| F|  |TAMS 0x0000000086400000, 0x0000000086400000| Untracked 
|  85|0x0000000086500000, 0x0000000086500000, 0x0000000086600000|  0%| F|  |TAMS 0x0000000086500000, 0x0000000086500000| Untracked 
|  86|0x0000000086600000, 0x0000000086600000, 0x0000000086700000|  0%| F|  |TAMS 0x0000000086600000, 0x0000000086600000| Untracked 
|  87|0x0000000086700000, 0x0000000086700000, 0x0000000086800000|  0%| F|  |TAMS 0x0000000086700000, 0x0000000086700000| Untracked 
|  88|0x0000000086800000, 0x0000000086800000, 0x0000000086900000|  0%| F|  |TAMS 0x0000000086800000, 0x0000000086800000| Untracked 
|  89|0x0000000086900000, 0x0000000086900000, 0x0000000086a00000|  0%| F|  |TAMS 0x0000000086900000, 0x0000000086900000| Untracked 
|  90|0x0000000086a00000, 0x0000000086a00000, 0x0000000086b00000|  0%| F|  |TAMS 0x0000000086a00000, 0x0000000086a00000| Untracked 
|  91|0x0000000086b00000, 0x0000000086b00000, 0x0000000086c00000|  0%| F|  |TAMS 0x0000000086b00000, 0x0000000086b00000| Untracked 
|  92|0x0000000086c00000, 0x0000000086c00000, 0x0000000086d00000|  0%| F|  |TAMS 0x0000000086c00000, 0x0000000086c00000| Untracked 
|  93|0x0000000086d00000, 0x0000000086d00000, 0x0000000086e00000|  0%| F|  |TAMS 0x0000000086d00000, 0x0000000086d00000| Untracked 
|  94|0x0000000086e00000, 0x0000000086e00000, 0x0000000086f00000|  0%| F|  |TAMS 0x0000000086e00000, 0x0000000086e00000| Untracked 
|  95|0x0000000086f00000, 0x0000000086f00000, 0x0000000087000000|  0%| F|  |TAMS 0x0000000086f00000, 0x0000000086f00000| Untracked 
|  96|0x0000000087000000, 0x0000000087000000, 0x0000000087100000|  0%| F|  |TAMS 0x0000000087000000, 0x0000000087000000| Untracked 
|  97|0x0000000087100000, 0x0000000087100000, 0x0000000087200000|  0%| F|  |TAMS 0x0000000087100000, 0x0000000087100000| Untracked 
|  98|0x0000000087200000, 0x0000000087200000, 0x0000000087300000|  0%| F|  |TAMS 0x0000000087200000, 0x0000000087200000| Untracked 
|  99|0x0000000087300000, 0x0000000087300000, 0x0000000087400000|  0%| F|  |TAMS 0x0000000087300000, 0x0000000087300000| Untracked 
| 100|0x0000000087400000, 0x0000000087400000, 0x0000000087500000|  0%| F|  |TAMS 0x0000000087400000, 0x0000000087400000| Untracked 
| 101|0x0000000087500000, 0x0000000087500000, 0x0000000087600000|  0%| F|  |TAMS 0x0000000087500000, 0x0000000087500000| Untracked 
| 102|0x0000000087600000, 0x0000000087600000, 0x0000000087700000|  0%| F|  |TAMS 0x0000000087600000, 0x0000000087600000| Untracked 
| 103|0x0000000087700000, 0x0000000087700000, 0x0000000087800000|  0%| F|  |TAMS 0x0000000087700000, 0x0000000087700000| Untracked 
| 104|0x0000000087800000, 0x0000000087800000, 0x0000000087900000|  0%| F|  |TAMS 0x0000000087800000, 0x0000000087800000| Untracked 
| 105|0x0000000087900000, 0x0000000087900000, 0x0000000087a00000|  0%| F|  |TAMS 0x0000000087900000, 0x0000000087900000| Untracked 
| 106|0x0000000087a00000, 0x0000000087a00000, 0x0000000087b00000|  0%| F|  |TAMS 0x0000000087a00000, 0x0000000087a00000| Untracked 
| 107|0x0000000087b00000, 0x0000000087b00000, 0x0000000087c00000|  0%| F|  |TAMS 0x0000000087b00000, 0x0000000087b00000| Untracked 
| 108|0x0000000087c00000, 0x0000000087c00000, 0x0000000087d00000|  0%| F|  |TAMS 0x0000000087c00000, 0x0000000087c00000| Untracked 
| 109|0x0000000087d00000, 0x0000000087d00000, 0x0000000087e00000|  0%| F|  |TAMS 0x0000000087d00000, 0x0000000087d00000| Untracked 
| 110|0x0000000087e00000, 0x0000000087e00000, 0x0000000087f00000|  0%| F|  |TAMS 0x0000000087e00000, 0x0000000087e00000| Untracked 
| 111|0x0000000087f00000, 0x0000000087f87528, 0x0000000088000000| 52%| S|CS|TAMS 0x0000000087f00000, 0x0000000087f00000| Complete 
| 112|0x0000000088000000, 0x0000000088000000, 0x0000000088100000|  0%| F|  |TAMS 0x0000000088000000, 0x0000000088000000| Untracked 
| 113|0x0000000088100000, 0x0000000088100000, 0x0000000088200000|  0%| F|  |TAMS 0x0000000088100000, 0x0000000088100000| Untracked 
| 114|0x0000000088200000, 0x0000000088200000, 0x0000000088300000|  0%| F|  |TAMS 0x0000000088200000, 0x0000000088200000| Untracked 
| 115|0x0000000088300000, 0x0000000088300000, 0x0000000088400000|  0%| F|  |TAMS 0x0000000088300000, 0x0000000088300000| Untracked 
| 116|0x0000000088400000, 0x0000000088400000, 0x0000000088500000|  0%| F|  |TAMS 0x0000000088400000, 0x0000000088400000| Untracked 
| 117|0x0000000088500000, 0x0000000088500000, 0x0000000088600000|  0%| F|  |TAMS 0x0000000088500000, 0x0000000088500000| Untracked 
| 118|0x0000000088600000, 0x0000000088600000, 0x0000000088700000|  0%| F|  |TAMS 0x0000000088600000, 0x0000000088600000| Untracked 
| 119|0x0000000088700000, 0x0000000088700000, 0x0000000088800000|  0%| F|  |TAMS 0x0000000088700000, 0x0000000088700000| Untracked 
| 120|0x0000000088800000, 0x0000000088800000, 0x0000000088900000|  0%| F|  |TAMS 0x0000000088800000, 0x0000000088800000| Untracked 
| 121|0x0000000088900000, 0x0000000088900000, 0x0000000088a00000|  0%| F|  |TAMS 0x0000000088900000, 0x0000000088900000| Untracked 
| 122|0x0000000088a00000, 0x0000000088a00000, 0x0000000088b00000|  0%| F|  |TAMS 0x0000000088a00000, 0x0000000088a00000| Untracked 
| 123|0x0000000088b00000, 0x0000000088b00000, 0x0000000088c00000|  0%| F|  |TAMS 0x0000000088b00000, 0x0000000088b00000| Untracked 
| 124|0x0000000088c00000, 0x0000000088c00000, 0x0000000088d00000|  0%| F|  |TAMS 0x0000000088c00000, 0x0000000088c00000| Untracked 
| 125|0x0000000088d00000, 0x0000000088d00000, 0x0000000088e00000|  0%| F|  |TAMS 0x0000000088d00000, 0x0000000088d00000| Untracked 
| 126|0x0000000088e00000, 0x0000000088e00000, 0x0000000088f00000|  0%| F|  |TAMS 0x0000000088e00000, 0x0000000088e00000| Untracked 
| 127|0x0000000088f00000, 0x0000000088f00000, 0x0000000089000000|  0%| F|  |TAMS 0x0000000088f00000, 0x0000000088f00000| Untracked 

Card table byte_map: [0x000002278e400000,0x000002278e800000] _byte_map_base: 0x000002278dff8000

Marking Bits (Prev, Next): (CMBitMap*) 0x00000227883e73d0, (CMBitMap*) 0x00000227883e7390
 Prev Bits: [0x0000022790bc0000, 0x0000022792b80000)
 Next Bits: [0x000002278ec00000, 0x0000022790bc0000)

Polling page: 0x0000022786310000

Metaspace:

Usage:
  Non-class:     31.39 MB used.
      Class:      4.68 MB used.
       Both:     36.07 MB used.

Virtual space:
  Non-class space:       32.00 MB reserved,      31.56 MB ( 99%) committed,  4 nodes.
      Class space:        1.00 GB reserved,       4.81 MB ( <1%) committed,  1 nodes.
             Both:        1.03 GB reserved,      36.38 MB (  3%) committed. 

Chunk freelists:
   Non-Class:  30.00 KB
       Class:  3.12 MB
        Both:  3.15 MB

MaxMetaspaceSize: unlimited
CompressedClassSpaceSize: 1.00 GB
Initial GC threshold: 21.00 MB
Current GC threshold: 60.44 MB
CDS: off
MetaspaceReclaimPolicy: balanced
 - commit_granule_bytes: 65536.
 - commit_granule_words: 8192.
 - virtual_space_node_default_size: 1048576.
 - enlarge_chunks_in_place: 1.
 - new_chunks_are_fully_committed: 0.
 - uncommit_free_chunks: 1.
 - use_allocation_guard: 0.
 - handle_deallocations: 1.


Internal statistics:

num_allocs_failed_limit: 3.
num_arena_births: 344.
num_arena_deaths: 0.
num_vsnodes_births: 5.
num_vsnodes_deaths: 0.
num_space_committed: 582.
num_space_uncommitted: 0.
num_chunks_returned_to_freelist: 3.
num_chunks_taken_from_freelist: 1407.
num_chunk_merges: 3.
num_chunk_splits: 970.
num_chunks_enlarged: 762.
num_purges: 0.
num_inconsistent_stats: 0.

CodeCache: size=49152Kb used=8735Kb max_used=8735Kb free=40416Kb
 bounds [0x000002278b000000, 0x000002278b890000, 0x000002278e000000]
 total_blobs=4421 nmethods=3895 adapters=451
 compilation: enabled
              stopped_count=0, restarted_count=0
 full_count=0

Compilation events (20 events):
Event: 7.356 Thread 0x000002279628d150 nmethod 3893 0x000002278b882890 code [0x000002278b882a20, 0x000002278b882b78]
Event: 7.356 Thread 0x000002279628d150 3890   !   1       jdk.internal.reflect.GeneratedMethodAccessor16::invoke (61 bytes)
Event: 7.356 Thread 0x0000022795a37d80 nmethod 3886 0x000002278b882c10 code [0x000002278b882fa0, 0x000002278b883fe8]
Event: 7.356 Thread 0x0000022795a37d80 3891       1       java.io.ByteArrayOutputStream::close (1 bytes)
Event: 7.357 Thread 0x0000022795a37d80 nmethod 3891 0x000002278b884b10 code [0x000002278b884ca0, 0x000002278b884d58]
Event: 7.357 Thread 0x0000022795a37d80 3874       1       io.github.classgraph.Scanner$ClassfileScanWorkUnit::access$500 (5 bytes)
Event: 7.357 Thread 0x0000022795a37d80 nmethod 3874 0x000002278b884e10 code [0x000002278b884fa0, 0x000002278b885058]
Event: 7.357 Thread 0x0000022795a37d80 3875       1       io.github.classgraph.Scanner$ClassfileScanWorkUnit::access$600 (5 bytes)
Event: 7.357 Thread 0x0000022795a37d80 nmethod 3875 0x000002278b885110 code [0x000002278b8852a0, 0x000002278b885358]
Event: 7.357 Thread 0x000002279628d150 nmethod 3890 0x000002278b885410 code [0x000002278b885600, 0x000002278b885a78]
Event: 7.357 Thread 0x0000022795a37d80 3876       1       jdk.internal.jimage.decompressor.CompressedResourceHeader::getDecompressorNameOffset (5 bytes)
Event: 7.357 Thread 0x000002279628d150 3877       1       jdk.internal.jimage.decompressor.CompressedResourceHeader::getUncompressedSize (5 bytes)
Event: 7.357 Thread 0x0000022794e85ca0 nmethod 3885 0x000002278b885d90 code [0x000002278b886020, 0x000002278b886a28]
Event: 7.357 Thread 0x0000022795a37d80 nmethod 3876 0x000002278b887010 code [0x000002278b8871a0, 0x000002278b887278]
Event: 7.357 Thread 0x000002279628d150 nmethod 3877 0x000002278b887310 code [0x000002278b8874a0, 0x000002278b887578]
Event: 7.357 Thread 0x0000022794e85ca0 3894       1       nonapi.io.github.classgraph.fileslice.reader.ClassfileReader::readUnsignedByte (31 bytes)
Event: 7.357 Thread 0x0000022794e85ca0 nmethod 3894 0x000002278b887610 code [0x000002278b8877a0, 0x000002278b8878e8]
Event: 7.358 Thread 0x0000022794e85ca0 3895       1       io.github.classgraph.Classfile::readFields (781 bytes)
Event: 7.359 Thread 0x0000022795a37d80 3896       1       java.io.ByteArrayInputStream::<init> (26 bytes)
Event: 7.359 Thread 0x0000022795a37d80 nmethod 3896 0x000002278b887a10 code [0x000002278b887ba0, 0x000002278b887cd8]

GC Heap History (20 events):
Event: 5.811 GC heap after
{Heap after GC invocations=9 (full 0):
 garbage-first heap   total 61440K, used 21555K [0x0000000081000000, 0x0000000100000000)
  region size 1024K, 3 young (3072K), 3 survivors (3072K)
 Metaspace       used 33334K, committed 33600K, reserved 1081344K
  class space    used 4235K, committed 4352K, reserved 1048576K
}
Event: 6.000 GC heap before
{Heap before GC invocations=9 (full 0):
 garbage-first heap   total 61440K, used 43059K [0x0000000081000000, 0x0000000100000000)
  region size 1024K, 25 young (25600K), 3 survivors (3072K)
 Metaspace       used 33688K, committed 33984K, reserved 1081344K
  class space    used 4290K, committed 4416K, reserved 1048576K
}
Event: 6.007 GC heap after
{Heap after GC invocations=10 (full 0):
 garbage-first heap   total 61440K, used 26118K [0x0000000081000000, 0x0000000100000000)
  region size 1024K, 4 young (4096K), 4 survivors (4096K)
 Metaspace       used 33688K, committed 33984K, reserved 1081344K
  class space    used 4290K, committed 4416K, reserved 1048576K
}
Event: 6.119 GC heap before
{Heap before GC invocations=10 (full 0):
 garbage-first heap   total 61440K, used 44550K [0x0000000081000000, 0x0000000100000000)
  region size 1024K, 22 young (22528K), 4 survivors (4096K)
 Metaspace       used 34144K, committed 34496K, reserved 1081344K
  class space    used 4352K, committed 4544K, reserved 1048576K
}
Event: 6.125 GC heap after
{Heap after GC invocations=11 (full 0):
 garbage-first heap   total 61440K, used 29509K [0x0000000081000000, 0x0000000100000000)
  region size 1024K, 3 young (3072K), 3 survivors (3072K)
 Metaspace       used 34144K, committed 34496K, reserved 1081344K
  class space    used 4352K, committed 4544K, reserved 1048576K
}
Event: 6.192 GC heap before
{Heap before GC invocations=11 (full 0):
 garbage-first heap   total 61440K, used 45893K [0x0000000081000000, 0x0000000100000000)
  region size 1024K, 19 young (19456K), 3 survivors (3072K)
 Metaspace       used 34368K, committed 34688K, reserved 1081344K
  class space    used 4389K, committed 4544K, reserved 1048576K
}
Event: 6.198 GC heap after
{Heap after GC invocations=12 (full 0):
 garbage-first heap   total 61440K, used 32772K [0x0000000081000000, 0x0000000100000000)
  region size 1024K, 3 young (3072K), 3 survivors (3072K)
 Metaspace       used 34368K, committed 34688K, reserved 1081344K
  class space    used 4389K, committed 4544K, reserved 1048576K
}
Event: 6.278 GC heap before
{Heap before GC invocations=12 (full 0):
 garbage-first heap   total 61440K, used 47108K [0x0000000081000000, 0x0000000100000000)
  region size 1024K, 17 young (17408K), 3 survivors (3072K)
 Metaspace       used 34615K, committed 35008K, reserved 1081344K
  class space    used 4422K, committed 4608K, reserved 1048576K
}
Event: 6.284 GC heap after
{Heap after GC invocations=13 (full 0):
 garbage-first heap   total 96256K, used 35354K [0x0000000081000000, 0x0000000100000000)
  region size 1024K, 3 young (3072K), 3 survivors (3072K)
 Metaspace       used 34615K, committed 35008K, reserved 1081344K
  class space    used 4422K, committed 4608K, reserved 1048576K
}
Event: 6.446 GC heap before
{Heap before GC invocations=14 (full 0):
 garbage-first heap   total 96256K, used 69146K [0x0000000081000000, 0x0000000100000000)
  region size 1024K, 37 young (37888K), 3 survivors (3072K)
 Metaspace       used 34872K, committed 35264K, reserved 1081344K
  class space    used 4471K, committed 4672K, reserved 1048576K
}
Event: 6.461 GC heap after
{Heap after GC invocations=15 (full 0):
 garbage-first heap   total 96256K, used 44083K [0x0000000081000000, 0x0000000100000000)
  region size 1024K, 5 young (5120K), 5 survivors (5120K)
 Metaspace       used 34872K, committed 35264K, reserved 1081344K
  class space    used 4471K, committed 4672K, reserved 1048576K
}
Event: 6.464 GC heap before
{Heap before GC invocations=15 (full 0):
 garbage-first heap   total 96256K, used 45107K [0x0000000081000000, 0x0000000100000000)
  region size 1024K, 6 young (6144K), 5 survivors (5120K)
 Metaspace       used 34873K, committed 35264K, reserved 1081344K
  class space    used 4471K, committed 4672K, reserved 1048576K
}
Event: 6.472 GC heap after
{Heap after GC invocations=16 (full 0):
 garbage-first heap   total 96256K, used 45638K [0x0000000081000000, 0x0000000100000000)
  region size 1024K, 1 young (1024K), 1 survivors (1024K)
 Metaspace       used 34873K, committed 35264K, reserved 1081344K
  class space    used 4471K, committed 4672K, reserved 1048576K
}
Event: 7.115 GC heap before
{Heap before GC invocations=16 (full 0):
 garbage-first heap   total 96256K, used 70214K [0x0000000081000000, 0x0000000100000000)
  region size 1024K, 26 young (26624K), 1 survivors (1024K)
 Metaspace       used 36592K, committed 36928K, reserved 1081344K
  class space    used 4763K, committed 4928K, reserved 1048576K
}
Event: 7.124 GC heap after
{Heap after GC invocations=17 (full 0):
 garbage-first heap   total 96256K, used 49958K [0x0000000081000000, 0x0000000100000000)
  region size 1024K, 4 young (4096K), 4 survivors (4096K)
 Metaspace       used 36592K, committed 36928K, reserved 1081344K
  class space    used 4763K, committed 4928K, reserved 1048576K
}
Event: 7.271 GC heap before
{Heap before GC invocations=17 (full 0):
 garbage-first heap   total 117760K, used 73510K [0x0000000081000000, 0x0000000100000000)
  region size 1024K, 26 young (26624K), 4 survivors (4096K)
 Metaspace       used 36833K, committed 37120K, reserved 1081344K
  class space    used 4779K, committed 4928K, reserved 1048576K
}
Event: 7.300 GC heap after
{Heap after GC invocations=18 (full 0):
 garbage-first heap   total 117760K, used 63855K [0x0000000081000000, 0x0000000100000000)
  region size 1024K, 4 young (4096K), 4 survivors (4096K)
 Metaspace       used 36833K, committed 37120K, reserved 1081344K
  class space    used 4779K, committed 4928K, reserved 1048576K
}
Event: 7.346 GC heap before
{Heap before GC invocations=19 (full 0):
 garbage-first heap   total 117760K, used 84335K [0x0000000081000000, 0x0000000100000000)
  region size 1024K, 25 young (25600K), 4 survivors (4096K)
 Metaspace       used 36937K, committed 37248K, reserved 1081344K
  class space    used 4792K, committed 4928K, reserved 1048576K
}
Event: 7.354 GC heap after
{Heap after GC invocations=20 (full 0):
 garbage-first heap   total 117760K, used 66946K [0x0000000081000000, 0x0000000100000000)
  region size 1024K, 2 young (2048K), 2 survivors (2048K)
 Metaspace       used 36937K, committed 37248K, reserved 1081344K
  class space    used 4792K, committed 4928K, reserved 1048576K
}
Event: 7.359 GC heap before
{Heap before GC invocations=20 (full 0):
 garbage-first heap   total 117760K, used 68994K [0x0000000081000000, 0x0000000100000000)
  region size 1024K, 5 young (5120K), 2 survivors (2048K)
 Metaspace       used 36937K, committed 37248K, reserved 1081344K
  class space    used 4792K, committed 4928K, reserved 1048576K
}

Deoptimization events (12 events):
Event: 2.967 Thread 0x000002278838d560 DEOPT PACKING pc=0x000002278b4c6319 sp=0x0000007df61fd4a0
Event: 2.967 Thread 0x000002278838d560 DEOPT UNPACKING pc=0x000002278b052b43 sp=0x0000007df61fc980 mode 3
Event: 5.464 Thread 0x000002278838d560 DEOPT PACKING pc=0x000002278b642499 sp=0x0000007df61fc880
Event: 5.464 Thread 0x000002278838d560 DEOPT UNPACKING pc=0x000002278b052b43 sp=0x0000007df61fbd60 mode 3
Event: 5.556 Thread 0x00000227977b5450 DEOPT PACKING pc=0x000002278b6932ab sp=0x0000007df79fe790
Event: 5.556 Thread 0x00000227977b5450 DEOPT UNPACKING pc=0x000002278b052b43 sp=0x0000007df79fdcd8 mode 3
Event: 6.025 Thread 0x0000022796192580 DEOPT PACKING pc=0x000002278b4c5481 sp=0x0000007df7bfed70
Event: 6.025 Thread 0x0000022796192580 DEOPT UNPACKING pc=0x000002278b052b43 sp=0x0000007df7bfe200 mode 3
Event: 6.486 Thread 0x000002279612b790 DEOPT PACKING pc=0x000002278b7fbbb5 sp=0x0000007df85fdfe0
Event: 6.486 Thread 0x000002279612b790 DEOPT UNPACKING pc=0x000002278b052b43 sp=0x0000007df85fd508 mode 3
Event: 6.728 Thread 0x000002279612cfa0 DEOPT PACKING pc=0x000002278b4c2697 sp=0x0000007df8aff280
Event: 6.728 Thread 0x000002279612cfa0 DEOPT UNPACKING pc=0x000002278b052b43 sp=0x0000007df8afe6d8 mode 3

Classes unloaded (0 events):
No events

Classes redefined (0 events):
No events

Internal exceptions (20 events):
Event: 5.624 Thread 0x0000022796192580 Exception <a 'sun/nio/fs/WindowsException'{0x0000000088f7ae20}> (0x0000000088f7ae20) 
thrown [s\src\hotspot\share\prims\jni.cpp, line 516]
Event: 5.624 Thread 0x0000022796192580 Exception <a 'sun/nio/fs/WindowsException'{0x0000000088f7b1e0}> (0x0000000088f7b1e0) 
thrown [s\src\hotspot\share\prims\jni.cpp, line 516]
Event: 5.624 Thread 0x0000022796192580 Exception <a 'sun/nio/fs/WindowsException'{0x0000000088f7bbe0}> (0x0000000088f7bbe0) 
thrown [s\src\hotspot\share\prims\jni.cpp, line 516]
Event: 5.624 Thread 0x0000022796192580 Exception <a 'sun/nio/fs/WindowsException'{0x0000000088f7bf98}> (0x0000000088f7bf98) 
thrown [s\src\hotspot\share\prims\jni.cpp, line 516]
Event: 5.624 Thread 0x0000022796192580 Exception <a 'sun/nio/fs/WindowsException'{0x0000000088f7c9a0}> (0x0000000088f7c9a0) 
thrown [s\src\hotspot\share\prims\jni.cpp, line 516]
Event: 5.625 Thread 0x0000022796192580 Exception <a 'sun/nio/fs/WindowsException'{0x0000000088f7cd60}> (0x0000000088f7cd60) 
thrown [s\src\hotspot\share\prims\jni.cpp, line 516]
Event: 5.625 Thread 0x0000022796192580 Exception <a 'sun/nio/fs/WindowsException'{0x0000000088f7d788}> (0x0000000088f7d788) 
thrown [s\src\hotspot\share\prims\jni.cpp, line 516]
Event: 5.625 Thread 0x0000022796192580 Exception <a 'sun/nio/fs/WindowsException'{0x0000000088f7db70}> (0x0000000088f7db70) 
thrown [s\src\hotspot\share\prims\jni.cpp, line 516]
Event: 5.625 Thread 0x0000022796192580 Exception <a 'sun/nio/fs/WindowsException'{0x0000000088f7e5a8}> (0x0000000088f7e5a8) 
thrown [s\src\hotspot\share\prims\jni.cpp, line 516]
Event: 5.625 Thread 0x0000022796192580 Exception <a 'sun/nio/fs/WindowsException'{0x0000000088f7e9a8}> (0x0000000088f7e9a8) 
thrown [s\src\hotspot\share\prims\jni.cpp, line 516]
Event: 5.626 Thread 0x0000022796192580 Exception <a 'sun/nio/fs/WindowsException'{0x0000000088f7f3d8}> (0x0000000088f7f3d8) 
thrown [s\src\hotspot\share\prims\jni.cpp, line 516]
Event: 5.626 Thread 0x0000022796192580 Exception <a 'sun/nio/fs/WindowsException'{0x0000000088f7f7c8}> (0x0000000088f7f7c8) 
thrown [s\src\hotspot\share\prims\jni.cpp, line 516]
Event: 5.652 Thread 0x000002278838d560 Exception <a 'java/lang/NoSuchMethodError'{0x0000000087afd260}: 'java.lang.Object java.lang.invoke.DirectMethodHandle$Holder.newInvokeSpecial(java.lang.Object, java.lang.Object, int, java.lang.Object, java.lang.Object)'> (0x0000000087afd260) 
thrown [s\src\hotspot\share\interpreter\linkResolver.cpp, line 759]
Event: 5.655 Thread 0x000002278838d560 Exception <a 'java/lang/NoSuchMethodError'{0x0000000087998020}: 'java.lang.Object java.lang.invoke.DirectMethodHandle$Holder.invokeSpecial(java.lang.Object, java.lang.Object, int, java.lang.Object, int, java.lang.Object)'> (0x0000000087998020) 
thrown [s\src\hotspot\share\interpreter\linkResolver.cpp, line 759]
Event: 5.655 Thread 0x000002278838d560 Exception <a 'java/lang/NoSuchMethodError'{0x000000008799fe20}: 'java.lang.Object java.lang.invoke.DirectMethodHandle$Holder.newInvokeSpecial(java.lang.Object, java.lang.Object, int, java.lang.Object, int)'> (0x000000008799fe20) 
thrown [s\src\hotspot\share\interpreter\linkResolver.cpp, line 759]
Event: 5.656 Thread 0x000002278838d560 Exception <a 'java/lang/NoSuchMethodError'{0x00000000879a3f20}: 'java.lang.Object java.lang.invoke.DirectMethodHandle$Holder.invokeSpecial(java.lang.Object, java.lang.Object, java.lang.Object, int, java.lang.Object, int)'> (0x00000000879a3f20) 
thrown [s\src\hotspot\share\interpreter\linkResolver.cpp, line 759]
Event: 6.419 Thread 0x000002279612c600 Exception <a 'java/lang/NoSuchMethodError'{0x0000000085440ec8}: 'java.lang.Object java.lang.invoke.DirectMethodHandle$Holder.invokeStatic(java.lang.Object, java.lang.Object, java.lang.Object, int, java.lang.Object, java.lang.Object)'> (0x0000000085440ec8) 
thrown [s\src\hotspot\share\interpreter\linkResolver.cpp, line 759]
Event: 6.481 Thread 0x000002279612b790 Exception <a 'java/lang/NoSuchMethodError'{0x000000008788bfb0}: 'java.lang.Object java.lang.invoke.DirectMethodHandle$Holder.invokeStatic(java.lang.Object, int, java.lang.Object)'> (0x000000008788bfb0) 
thrown [s\src\hotspot\share\interpreter\linkResolver.cpp, line 759]
Event: 6.714 Thread 0x00000227961295e0 Exception <a 'java/lang/NoSuchMethodError'{0x000000008603d1a0}: 'int java.lang.invoke.DirectMethodHandle$Holder.invokeStatic(java.lang.Object)'> (0x000000008603d1a0) 
thrown [s\src\hotspot\share\interpreter\linkResolver.cpp, line 759]
Event: 6.715 Thread 0x00000227961295e0 Exception <a 'java/lang/NoSuchMethodError'{0x00000000860405a0}: 'int java.lang.invoke.DirectMethodHandle$Holder.invokeStaticInit(java.lang.Object)'> (0x00000000860405a0) 
thrown [s\src\hotspot\share\interpreter\linkResolver.cpp, line 759]

VM Operations (20 events):
Event: 6.472 Executing VM operation: G1CollectForAllocation done
Event: 6.537 Executing VM operation: HandshakeAllThreads
Event: 6.552 Executing VM operation: HandshakeAllThreads done
Event: 6.719 Executing VM operation: HandshakeAllThreads
Event: 6.719 Executing VM operation: HandshakeAllThreads done
Event: 7.115 Executing VM operation: G1CollectForAllocation
Event: 7.124 Executing VM operation: G1CollectForAllocation done
Event: 7.234 Executing VM operation: G1Concurrent
Event: 7.237 Executing VM operation: G1Concurrent done
Event: 7.271 Executing VM operation: G1CollectForAllocation
Event: 7.300 Executing VM operation: G1CollectForAllocation done
Event: 7.322 Executing VM operation: G1Concurrent
Event: 7.324 Executing VM operation: G1Concurrent done
Event: 7.346 Executing VM operation: G1CollectForAllocation
Event: 7.346 Executing VM operation: G1CollectForAllocation done
Event: 7.346 Executing VM operation: G1CollectForAllocation
Event: 7.354 Executing VM operation: G1CollectForAllocation done
Event: 7.359 Executing VM operation: G1CollectForAllocation
Event: 7.359 Executing VM operation: G1CollectForAllocation done
Event: 7.359 Executing VM operation: G1CollectForAllocation

Events (20 events):
Event: 6.519 loading class java/util/concurrent/atomic/AtomicLongFieldUpdater$CASUpdater done
Event: 6.519 loading class java/util/concurrent/atomic/AtomicLongFieldUpdater$CASUpdater$1
Event: 6.520 loading class java/util/concurrent/atomic/AtomicLongFieldUpdater$CASUpdater$1 done
Event: 6.520 Thread 0x000002279612a450 Thread added: 0x000002279612a450
Event: 6.520 Thread 0x000002279612c130 Thread added: 0x000002279612c130
Event: 6.521 Thread 0x000002279612cad0 Thread added: 0x000002279612cad0
Event: 6.523 Thread 0x000002279612cfa0 Thread added: 0x000002279612cfa0
Event: 6.531 loading class java/util/concurrent/ConcurrentHashMap$ValueSpliterator
Event: 6.531 loading class java/util/concurrent/ConcurrentHashMap$ValueSpliterator done
Event: 6.632 Thread 0x00000227961295e0 Thread added: 0x00000227961295e0
Event: 6.768 loading class java/util/regex/Pattern$1
Event: 6.768 loading class java/util/regex/Pattern$1 done
Event: 6.792 loading class java/util/concurrent/CompletableFuture$UniExceptionally
Event: 6.792 loading class java/util/concurrent/CompletableFuture$UniExceptionally done
Event: 6.792 loading class java/util/concurrent/CompletableFuture$UniApply
Event: 6.792 loading class java/util/concurrent/CompletableFuture$UniApply done
Event: 6.801 loading class jdk/internal/vm/annotation/ForceInline
Event: 6.801 loading class jdk/internal/vm/annotation/ForceInline done
Event: 6.838 loading class java/util/stream/Nodes$SpinedNodeBuilder
Event: 6.838 loading class java/util/stream/Nodes$SpinedNodeBuilder done


Dynamic libraries:
0x00007ff73b760000 - 0x00007ff73b76e000 	c:\Users\DTFBKJK\.vscode\extensions\redhat.java-1.11.0-win32-x64\jre\17.0.4.1-win32-x86_64\bin\java.exe
0x00007ffa73150000 - 0x00007ffa73345000 	C:\WINDOWS\SYSTEM32\ntdll.dll
0x00007ffa72b30000 - 0x00007ffa72bee000 	C:\WINDOWS\System32\KERNEL32.DLL
0x00007ffa70e10000 - 0x00007ffa710d8000 	C:\WINDOWS\System32\KERNELBASE.dll
0x00007ffa70950000 - 0x00007ffa70a50000 	C:\WINDOWS\System32\ucrtbase.dll
0x00007ffa57e80000 - 0x00007ffa57e99000 	c:\Users\DTFBKJK\.vscode\extensions\redhat.java-1.11.0-win32-x64\jre\17.0.4.1-win32-x86_64\bin\VCRUNTIME140.dll
0x00007ffa57cf0000 - 0x00007ffa57d08000 	c:\Users\DTFBKJK\.vscode\extensions\redhat.java-1.11.0-win32-x64\jre\17.0.4.1-win32-x86_64\bin\jli.dll
0x00007ffa711e0000 - 0x00007ffa71380000 	C:\WINDOWS\System32\USER32.dll
0x00007ffa70870000 - 0x00007ffa70892000 	C:\WINDOWS\System32\win32u.dll
0x00007ffa711b0000 - 0x00007ffa711db000 	C:\WINDOWS\System32\GDI32.dll
0x00007ffa70ac0000 - 0x00007ffa70bcb000 	C:\WINDOWS\System32\gdi32full.dll
0x00007ffa64af0000 - 0x00007ffa64d8a000 	C:\WINDOWS\WinSxS\amd64_microsoft.windows.common-controls_6595b64144ccf1df_6.0.19041.1110_none_60b5254171f9507e\COMCTL32.dll
0x00007ffa710e0000 - 0x00007ffa7117d000 	C:\WINDOWS\System32\msvcp_win.dll
0x00007ffa72890000 - 0x00007ffa7292e000 	C:\WINDOWS\System32\msvcrt.dll
0x00007ffa72a70000 - 0x00007ffa72aa0000 	C:\WINDOWS\System32\IMM32.DLL
0x000000005daa0000 - 0x000000005daac000 	C:\Program Files (x86)\360\Total Security\safemon\SafeWrapper.dll
0x00007ffa72ea0000 - 0x00007ffa72f4e000 	C:\WINDOWS\System32\ADVAPI32.dll
0x00007ffa72e00000 - 0x00007ffa72e9c000 	C:\WINDOWS\System32\sechost.dll
0x00007ffa71380000 - 0x00007ffa714a5000 	C:\WINDOWS\System32\RPCRT4.dll
0x00007ffa57de0000 - 0x00007ffa57e72000 	C:\Program Files (x86)\360\Total Security\safemon\libzdtp64.dll
0x00007ffa72140000 - 0x00007ffa72884000 	C:\WINDOWS\System32\SHELL32.dll
0x00007ffa71c70000 - 0x00007ffa71cc5000 	C:\WINDOWS\System32\SHLWAPI.dll
0x00007ffa70320000 - 0x00007ffa7032a000 	C:\WINDOWS\SYSTEM32\VERSION.dll
0x00007ffa57ce0000 - 0x00007ffa57cec000 	c:\Users\DTFBKJK\.vscode\extensions\redhat.java-1.11.0-win32-x64\jre\17.0.4.1-win32-x86_64\bin\vcruntime140_1.dll
0x00007ffa29200000 - 0x00007ffa29291000 	c:\Users\DTFBKJK\.vscode\extensions\redhat.java-1.11.0-win32-x64\jre\17.0.4.1-win32-x86_64\bin\msvcp140.dll
0x00007ffa285b0000 - 0x00007ffa291f6000 	c:\Users\DTFBKJK\.vscode\extensions\redhat.java-1.11.0-win32-x64\jre\17.0.4.1-win32-x86_64\bin\server\jvm.dll
0x00007ffa71c60000 - 0x00007ffa71c68000 	C:\WINDOWS\System32\PSAPI.DLL
0x00007ffa66c90000 - 0x00007ffa66cb7000 	C:\WINDOWS\SYSTEM32\WINMM.dll
0x00007ffa5e600000 - 0x00007ffa5e609000 	C:\WINDOWS\SYSTEM32\WSOCK32.dll
0x00007ffa72930000 - 0x00007ffa7299b000 	C:\WINDOWS\System32\WS2_32.dll
0x00007ffa6e630000 - 0x00007ffa6e642000 	C:\WINDOWS\SYSTEM32\kernel.appcore.dll
0x00007ffa55530000 - 0x00007ffa5553a000 	c:\Users\DTFBKJK\.vscode\extensions\redhat.java-1.11.0-win32-x64\jre\17.0.4.1-win32-x86_64\bin\jimage.dll
0x00007ffa5d150000 - 0x00007ffa5d334000 	C:\WINDOWS\SYSTEM32\DBGHELP.DLL
0x00007ffa5ded0000 - 0x00007ffa5defc000 	C:\WINDOWS\SYSTEM32\dbgcore.DLL
0x00007ffa70bd0000 - 0x00007ffa70c52000 	C:\WINDOWS\System32\bcryptPrimitives.dll
0x00007ffa4e200000 - 0x00007ffa4e225000 	c:\Users\DTFBKJK\.vscode\extensions\redhat.java-1.11.0-win32-x64\jre\17.0.4.1-win32-x86_64\bin\java.dll
0x00007ffa48ee0000 - 0x00007ffa48ef8000 	c:\Users\DTFBKJK\.vscode\extensions\redhat.java-1.11.0-win32-x64\jre\17.0.4.1-win32-x86_64\bin\zip.dll
0x00007ffa6e910000 - 0x00007ffa6f0a4000 	C:\WINDOWS\SYSTEM32\windows.storage.dll
0x00007ffa71850000 - 0x00007ffa71ba4000 	C:\WINDOWS\System32\combase.dll
0x00007ffa70190000 - 0x00007ffa701bc000 	C:\WINDOWS\SYSTEM32\Wldp.dll
0x00007ffa71bb0000 - 0x00007ffa71c5d000 	C:\WINDOWS\System32\SHCORE.dll
0x00007ffa707b0000 - 0x00007ffa707cf000 	C:\WINDOWS\SYSTEM32\profapi.dll
0x00007ffa48ea0000 - 0x00007ffa48eb9000 	C:\Users\DTFBKJK\.vscode\extensions\redhat.java-1.11.0-win32-x64\jre\17.0.4.1-win32-x86_64\bin\net.dll
0x00007ffa634e0000 - 0x00007ffa635e9000 	C:\WINDOWS\SYSTEM32\WINHTTP.dll
0x00007ffa6fef0000 - 0x00007ffa6ff5a000 	C:\WINDOWS\system32\mswsock.dll
0x00007ffa304b0000 - 0x00007ffa304c5000 	C:\Users\DTFBKJK\.vscode\extensions\redhat.java-1.11.0-win32-x64\jre\17.0.4.1-win32-x86_64\bin\nio.dll
0x00007ffa4dad0000 - 0x00007ffa4dae0000 	c:\Users\DTFBKJK\.vscode\extensions\redhat.java-1.11.0-win32-x64\jre\17.0.4.1-win32-x86_64\bin\verify.dll
0x00007ffa4d780000 - 0x00007ffa4d789000 	C:\Users\DTFBKJK\.vscode\extensions\redhat.java-1.11.0-win32-x64\jre\17.0.4.1-win32-x86_64\bin\management.dll
0x00007ffa4a9a0000 - 0x00007ffa4a9ab000 	C:\Users\DTFBKJK\.vscode\extensions\redhat.java-1.11.0-win32-x64\jre\17.0.4.1-win32-x86_64\bin\management_ext.dll
0x00007ffa57ff0000 - 0x00007ffa58007000 	C:\WINDOWS\system32\napinsp.dll
0x00007ffa55900000 - 0x00007ffa5591b000 	C:\WINDOWS\system32\pnrpnsp.dll
0x00007ffa58090000 - 0x00007ffa580a5000 	C:\WINDOWS\system32\wshbth.dll
0x00007ffa6c560000 - 0x00007ffa6c57d000 	C:\WINDOWS\system32\NLAapi.dll
0x00007ffa6fbe0000 - 0x00007ffa6fc1b000 	C:\WINDOWS\SYSTEM32\IPHLPAPI.DLL
0x00007ffa6fc80000 - 0x00007ffa6fd4a000 	C:\WINDOWS\SYSTEM32\DNSAPI.dll
0x00007ffa73100000 - 0x00007ffa73108000 	C:\WINDOWS\System32\NSI.dll
0x00007ffa55570000 - 0x00007ffa55582000 	C:\WINDOWS\System32\winrnr.dll
0x00007ffa62070000 - 0x00007ffa6207a000 	C:\Windows\System32\rasadhlp.dll
0x00007ffa63170000 - 0x00007ffa631ef000 	C:\WINDOWS\System32\fwpuclnt.dll
0x00007ffa71180000 - 0x00007ffa711a7000 	C:\WINDOWS\System32\bcrypt.dll
0x00007ffa700e0000 - 0x00007ffa700f8000 	C:\WINDOWS\SYSTEM32\CRYPTSP.dll
0x00007ffa6f870000 - 0x00007ffa6f8a4000 	C:\WINDOWS\system32\rsaenh.dll
0x00007ffa70730000 - 0x00007ffa7075e000 	C:\WINDOWS\SYSTEM32\USERENV.dll
0x00007ffa70100000 - 0x00007ffa7010c000 	C:\WINDOWS\SYSTEM32\CRYPTBASE.dll
0x00007ffa659a0000 - 0x00007ffa659b7000 	C:\WINDOWS\SYSTEM32\dhcpcsvc6.DLL
0x00007ffa66d40000 - 0x00007ffa66d5d000 	C:\WINDOWS\SYSTEM32\dhcpcsvc.DLL

dbghelp: loaded successfully - version: 4.0.5 - missing functions: none
symbol engine: initialized successfully - sym options: 0x614 - pdb path: .;c:\Users\DTFBKJK\.vscode\extensions\redhat.java-1.11.0-win32-x64\jre\17.0.4.1-win32-x86_64\bin;C:\WINDOWS\SYSTEM32;C:\WINDOWS\WinSxS\amd64_microsoft.windows.common-controls_6595b64144ccf1df_6.0.19041.1110_none_60b5254171f9507e;C:\Program Files (x86)\360\Total Security\safemon;c:\Users\DTFBKJK\.vscode\extensions\redhat.java-1.11.0-win32-x64\jre\17.0.4.1-win32-x86_64\bin\server

VM Arguments:
jvm_args: -Dsts.lsp.client=vscode -Dsts.log.file=/dev/null -XX:TieredStopAtLevel=1 -Xlog:jni+resolve=off -Dspring.config.location=file:c:\Users\DTFBKJK\.vscode\extensions\pivotal.vscode-spring-boot-1.39.0\language-server\BOOT-INF\classes\application.properties 
java_command: org.springframework.ide.vscode.boot.app.BootLanguageServerBootApp
java_class_path (initial): c:\Users\DTFBKJK\.vscode\extensions\pivotal.vscode-spring-boot-1.39.0\language-server\BOOT-INF\classes;c:\Users\DTFBKJK\.vscode\extensions\pivotal.vscode-spring-boot-1.39.0\language-server\BOOT-INF\lib\annotations-23.0.0.jar;c:\Users\DTFBKJK\.vscode\extensions\pivotal.vscode-spring-boot-1.39.0\language-server\BOOT-INF\lib\antlr-runtime-3.5.2.jar;c:\Users\DTFBKJK\.vscode\extensions\pivotal.vscode-spring-boot-1.39.0\language-server\BOOT-INF\lib\antlr4-4.9.3.jar;c:\Users\DTFBKJK\.vscode\extensions\pivotal.vscode-spring-boot-1.39.0\language-server\BOOT-INF\lib\antlr4-runtime-4.9.3.jar;c:\Users\DTFBKJK\.vscode\extensions\pivotal.vscode-spring-boot-1.39.0\language-server\BOOT-INF\lib\asm-9.3.jar;c:\Users\DTFBKJK\.vscode\extensions\pivotal.vscode-spring-boot-1.39.0\language-server\BOOT-INF\lib\asm-analysis-9.3.jar;c:\Users\DTFBKJK\.vscode\extensions\pivotal.vscode-spring-boot-1.39.0\language-server\BOOT-INF\lib\asm-tree-9.3.jar;c:\Users\DTFBKJK\.vscode\extensions\pivotal.vscode-spring-boot-1.39.0\language-server\BOOT-INF\lib\asm-util-9.3.jar;c:\Users\DTFBKJK\.vscode\extensions\pivotal.vscode-spring-boot-1.39.0\language-server\BOOT-INF\lib\byte-buddy-1.12.13.jar;c:\Users\DTFBKJK\.vscode\extensions\pivotal.vscode-spring-boot-1.39.0\language-server\BOOT-INF\lib\caffeine-2.9.3.jar;c:\Users\DTFBKJK\.vscode\extensions\pivotal.vscode-spring-boot-1.39.0\language-server\BOOT-INF\lib\checker-qual-3.12.0.jar;c:\Users\DTFBKJK\.vscode\extensions\pivotal.vscode-spring-boot-1.39.0\language-server\BOOT-INF\lib\classgraph-4.8.149.jar;c:\Users\DTFBKJK\.vscode\extensions\pivotal.vscode-spring-boot-1.39.0\language-server\BOOT-INF\lib\commons-codec-1.15.jar;c:\Users\DTFBKJK\.vscode\extensions\pivotal.vscode-spring-boot-1.39.0\language-server\BOOT-INF\lib\commons-compress-1.21.jar;c:\Users\DTFBKJK\.vscode\extensions\pivotal.vscode-spring-boot-1.39.0\language-server\BOOT-INF\lib\commons-exec-1.3.jar;c:\Users\DTFBKJK\.vscode\extensions\pivotal.vscode-spring-boot-1.39.
Launcher Type: SUN_STANDARD

[Global flags]
     intx CICompilerCount                          = 3                                         {product} {ergonomic}
     uint ConcGCThreads                            = 1                                         {product} {ergonomic}
     uint G1ConcRefinementThreads                  = 4                                         {product} {ergonomic}
   size_t G1HeapRegionSize                         = 1048576                                   {product} {ergonomic}
    uintx GCDrainStackTargetSize                   = 64                                        {product} {ergonomic}
   size_t InitialHeapSize                          = 134217728                                 {product} {ergonomic}
   size_t MarkStackSize                            = 4194304                                   {product} {ergonomic}
   size_t MaxHeapSize                              = 2130706432                                {product} {ergonomic}
   size_t MaxNewSize                               = 1278214144                                {product} {ergonomic}
   size_t MinHeapDeltaBytes                        = 1048576                                   {product} {ergonomic}
   size_t MinHeapSize                              = 8388608                                   {product} {ergonomic}
    uintx NonProfiledCodeHeapSize                  = 0                                      {pd product} {ergonomic}
     bool ProfileInterpreter                       = false                                  {pd product} {command line}
    uintx ProfiledCodeHeapSize                     = 0                                      {pd product} {ergonomic}
   size_t SoftMaxHeapSize                          = 2130706432                             {manageable} {ergonomic}
     intx TieredStopAtLevel                        = 1                                         {product} {command line}
     bool UseCompressedClassPointers               = true                           {product lp64_product} {ergonomic}
     bool UseCompressedOops                        = true                           {product lp64_product} {ergonomic}
     bool UseG1GC                                  = true                                      {product} {ergonomic}
     bool UseLargePagesIndividualAllocation        = false                                  {pd product} {ergonomic}

Logging:
Log output configuration:
 #0: stdout all=warning,jni+resolve=off uptime,level,tags
 #1: stderr all=off uptime,level,tags

Environment Variables:
JAVA_HOME=C:\Program Files\Java\jdk-15.0.1
PATH=C:\Program Files\Python36\Scripts\;C:\Program Files\Python36\;C:\Program Files (x86)\NVIDIA Corporation\PhysX\Common;C:\Program Files\Common Files\Oracle\Java\javapath;C:\Program Files (x86)\Common Files\Oracle\Java\javapath;C:\WINDOWS\system32;C:\WINDOWS;C:\WINDOWS\System32\Wbem;C:\WINDOWS\System32\WindowsPowerShell\v1.0\;C:\WINDOWS\System32\OpenSSH\;C:\Program Files\Git\cmd;C:\Program Files\Java\jre1.8.0_271\bin;C:\src\flutter o i\flutter\bin;C:\Program Files\nodejs\;C:\ProgramData\chocolatey\bin;C:\xampp\php;C:\ProgramData\ComposerSetup\bin;C:\apache-maven-3.6.3\bin;C:\Program Files\Symfony;C:\Python36\Scripts\;C:\Users\DTFBKJK\AppData\Roaming\Python\Python36\Scripts;C:\Program Files\OpenSSL-Win64\bin;C:\Program Files\apache-maven-3.8.4-bin\apache-maven-3.8.4\bin;C:\sqlmap\sqlmapproject-sqlmap-e91b1a0;C:\Ruby30-x64\bin;C:\Users\DTFBKJK\AppData\Local\Programs\Python\Python310\Scripts\;C:\Users\DTFBKJK\AppData\Local\Programs\Python\Python310\;C:\Users\DTFBKJK\AppData\Local\Microsoft\WindowsApps;C:\Program Files\JetBrains\IntelliJ IDEA Community Edition 2019.2\bin;;C:\Program Files\Android\Android Studio\bin;C:\Users\DTFBKJK\AppData\Local\Programs\Microsoft VS Code\bin;C:\src\flutter o i\flutter\bin;C:\Users\DTFBKJK\AppData\Roaming\npm;C:\Users\DTFBKJK\AppData\Roaming\Composer\vendor\bin;C:\Users\DTFBKJK\AppData\Local\Android\Sdk;C:\Program Files\OpenSSL-Win64\bin;C:\sqlmap\sqlmapproject-sqlmap-e91b1a0;C:\Program Files\heroku\bin
USERNAME=DTFBKJK
OS=Windows_NT
PROCESSOR_IDENTIFIER=Intel64 Family 6 Model 69 Stepping 1, GenuineIntel
TMP=C:\Users\DTFBKJK\AppData\Local\Temp
TEMP=C:\Users\DTFBKJK\AppData\Local\Temp



---------------  S Y S T E M  ---------------

OS:
 Windows 10 , 64 bit Build 19041 (10.0.19041.1566)
OS uptime: 0 days 1:30 hours

CPU: total 4 (initial active 4) (2 cores per cpu, 2 threads per core) family 6 model 69 stepping 1 microcode 0x25, cx8, cmov, fxsr, ht, mmx, sse, sse2, sse3, ssse3, sse4.1, sse4.2, popcnt, lzcnt, tsc, tscinvbit, avx, avx2, aes, erms, clmul, bmi1, bmi2, fma, vzeroupper, clflush

Memory: 4k page, system-wide physical 8126M (993M free)
TotalPageFile size 9448M (AvailPageFile size 187M)
current process WorkingSet (physical memory assigned to process): 215M, peak: 215M
current process commit charge ("private bytes"): 258M, peak: 475M

vm_info: OpenJDK 64-Bit Server VM (17.0.4.1+1) for windows-amd64 JRE (17.0.4.1+1), built on Aug 17 2022 07:42:43 by "temurin" with MS VC++ 16.7 (VS2019)

END.
