#
# There is insufficient memory for the Java Runtime Environment to continue.
# Native memory allocation (malloc) failed to allocate 2097152 bytes for AllocateHeap
# Possible reasons:
#   The system is out of physical RAM or swap space
#   The process is running with CompressedOops enabled, and the Java Heap may be blocking the growth of the native heap
# Possible solutions:
#   Reduce memory load on the system
#   Increase physical memory or swap space
#   Check if swap backing store is full
#   Decrease Java heap size (-Xmx/-Xms)
#   Decrease number of Java threads
#   Decrease Java thread stack sizes (-Xss)
#   Set larger code cache with -XX:ReservedCodeCacheSize=
#   JVM is running with Unscaled Compressed Oops mode in which the Java heap is
#     placed in the first 4GB address space. The Java Heap base address is the
#     maximum limit for the native heap growth. Please use -XX:HeapBaseMinAddress
#     to set the Java Heap base and to place the Java Heap above 4GB virtual address.
# This output file may be truncated or incomplete.
#
#  Out of Memory Error (allocation.cpp:44), pid=7336, tid=7152
#
# JRE version: OpenJDK Runtime Environment Temurin-17.0.4.1+1 (17.0.4.1+1) (build 17.0.4.1+1)
# Java VM: OpenJDK 64-Bit Server VM Temurin-17.0.4.1+1 (17.0.4.1+1, mixed mode, emulated-client, tiered, compressed oops, compressed class ptrs, g1 gc, windows-amd64)
# No core dump will be written. Minidumps are not enabled by default on client versions of Windows
#

---------------  S U M M A R Y ------------

Command Line: -Dsts.lsp.client=vscode -Dsts.log.file=/dev/null -XX:TieredStopAtLevel=1 -Xlog:jni+resolve=off -Dspring.config.location=file:c:\Users\DTFBKJK\.vscode\extensions\pivotal.vscode-spring-boot-1.39.0\language-server\BOOT-INF\classes\application.properties org.springframework.ide.vscode.boot.app.BootLanguageServerBootApp

Host: Intel(R) Core(TM) i7-4510U CPU @ 2.00GHz, 4 cores, 7G,  Windows 10 , 64 bit Build 19041 (10.0.19041.1566)
Time: Wed Oct 26 20:07:34 2022 Afr. centrale Ouest elapsed time: 4724.215589 seconds (0d 1h 18m 44s)

---------------  T H R E A D  ---------------

Current thread (0x000002aac3483d80):  VMThread "VM Thread" [stack: 0x000000bb13900000,0x000000bb13a00000] [id=7152]

Stack: [0x000000bb13900000,0x000000bb13a00000]
Native frames: (J=compiled Java code, j=interpreted, Vv=VM code, C=native code)
V  [jvm.dll+0x67731a]
V  [jvm.dll+0x832284]
V  [jvm.dll+0x833a2e]
V  [jvm.dll+0x834093]
V  [jvm.dll+0x245775]
V  [jvm.dll+0xa6393]
V  [jvm.dll+0x2f59c1]
V  [jvm.dll+0x2f1640]
V  [jvm.dll+0x2d9d27]
V  [jvm.dll+0x31ce37]
V  [jvm.dll+0x83853b]
V  [jvm.dll+0x839274]
V  [jvm.dll+0x83978c]
V  [jvm.dll+0x839b64]
V  [jvm.dll+0x839c30]
V  [jvm.dll+0x7e240a]
V  [jvm.dll+0x6761a5]
C  [ucrtbase.dll+0x21bb2]
C  [KERNEL32.DLL+0x17034]
C  [ntdll.dll+0x52651]

VM_Operation (0x000000bb153fe9a0): G1CollectFull, mode: safepoint, requested by thread 0x000002aac5822540


---------------  P R O C E S S  ---------------

Threads class SMR info:
_java_thread_list=0x000002aac7be2d40, length=23, elements={
0x000002aac349b820, 0x000002aac349d390, 0x000002aac34be600, 0x000002aac4010090,
0x000002aac40144e0, 0x000002aac4014da0, 0x000002aac40161d0, 0x000002aac4026b80,
0x000002aac422bd40, 0x000002aac423e6a0, 0x000002aac58da1e0, 0x000002aac5822540,
0x000002aac5822a10, 0x000002aac5824bc0, 0x000002aac58246f0, 0x000002aac5824220,
0x000002aac5825090, 0x000002aac5825560, 0x000002aac5822ee0, 0x000002aac6023d60,
0x000002aac60233c0, 0x000002aac60203a0, 0x000002aac6022550
}

Java Threads: ( => current thread )
  0x000002aac349b820 JavaThread "Reference Handler" daemon [_thread_blocked, id=9196, stack(0x000000bb13a00000,0x000000bb13b00000)]
  0x000002aac349d390 JavaThread "Finalizer" daemon [_thread_blocked, id=6752, stack(0x000000bb13b00000,0x000000bb13c00000)]
  0x000002aac34be600 JavaThread "Signal Dispatcher" daemon [_thread_blocked, id=3876, stack(0x000000bb13c00000,0x000000bb13d00000)]
  0x000002aac4010090 JavaThread "Attach Listener" daemon [_thread_blocked, id=9360, stack(0x000000bb13d00000,0x000000bb13e00000)]
  0x000002aac40144e0 JavaThread "Service Thread" daemon [_thread_blocked, id=9632, stack(0x000000bb13e00000,0x000000bb13f00000)]
  0x000002aac4014da0 JavaThread "Monitor Deflation Thread" daemon [_thread_blocked, id=1560, stack(0x000000bb13f00000,0x000000bb14000000)]
  0x000002aac40161d0 JavaThread "C1 CompilerThread0" daemon [_thread_blocked, id=3008, stack(0x000000bb14000000,0x000000bb14100000)]
  0x000002aac4026b80 JavaThread "Sweeper thread" daemon [_thread_blocked, id=2064, stack(0x000000bb14100000,0x000000bb14200000)]
  0x000002aac422bd40 JavaThread "Notification Thread" daemon [_thread_blocked, id=7404, stack(0x000000bb14300000,0x000000bb14400000)]
  0x000002aac423e6a0 JavaThread "Common-Cleaner" daemon [_thread_blocked, id=5488, stack(0x000000bb14500000,0x000000bb14600000)]
  0x000002aac58da1e0 JavaThread "boundedElastic-evictor-1" daemon [_thread_blocked, id=2860, stack(0x000000bb14a00000,0x000000bb14b00000)]
  0x000002aac5822540 JavaThread "pool-9-thread-1" [_thread_blocked, id=10320, stack(0x000000bb15300000,0x000000bb15400000)]
  0x000002aac5822a10 JavaThread "LanguageServerApp-lifecycle" [_thread_blocked, id=10332, stack(0x000000bb15400000,0x000000bb15500000)]
  0x000002aac5824bc0 JavaThread "DestroyJavaVM" [_thread_blocked, id=6672, stack(0x000000bb13300000,0x000000bb13400000)]
  0x000002aac58246f0 JavaThread "pool-10-thread-1" [_thread_in_native, id=10396, stack(0x000000bb15700000,0x000000bb15800000)]
  0x000002aac5824220 JavaThread "Simple-Language-Server main thread" daemon [_thread_blocked, id=10928, stack(0x000000bb13000000,0x000000bb13100000)]
  0x000002aac5825090 JavaThread "parallel-1" daemon [_thread_blocked, id=10936, stack(0x000000bb15900000,0x000000bb15a00000)]
  0x000002aac5825560 JavaThread "Reconciler-1" daemon [_thread_blocked, id=10940, stack(0x000000bb15a00000,0x000000bb15b00000)]
  0x000002aac5822ee0 JavaThread "parallel-2" daemon [_thread_blocked, id=10948, stack(0x000000bb15b00000,0x000000bb15c00000)]
  0x000002aac6023d60 JavaThread "pool-5-thread-1" [_thread_blocked, id=11156, stack(0x000000bb15f00000,0x000000bb16000000)]
  0x000002aac60233c0 JavaThread "parallel-3" daemon [_thread_blocked, id=11160, stack(0x000000bb16000000,0x000000bb16100000)]
  0x000002aac60203a0 JavaThread "pool-7-thread-1" [_thread_blocked, id=5216, stack(0x000000bb13100000,0x000000bb13200000)]
  0x000002aac6022550 JavaThread "parallel-4" daemon [_thread_blocked, id=4996, stack(0x000000bb13200000,0x000000bb13300000)]

Other Threads:
=>0x000002aac3483d80 VMThread "VM Thread" [stack: 0x000000bb13900000,0x000000bb13a00000] [id=7152]
  0x000002aac422c210 WatcherThread [stack: 0x000000bb14400000,0x000000bb14500000] [id=8264]
  0x000002aab6905540 GCTaskThread "GC Thread#0" [stack: 0x000000bb13400000,0x000000bb13500000] [id=10168]
  0x000002aac462fc60 GCTaskThread "GC Thread#1" [stack: 0x000000bb14700000,0x000000bb14800000] [id=8528]
  0x000002aac495e130 GCTaskThread "GC Thread#2" [stack: 0x000000bb14800000,0x000000bb14900000] [id=9168]
  0x000002aac48a5850 GCTaskThread "GC Thread#3" [stack: 0x000000bb14200000,0x000000bb14300000] [id=7284]
  0x000002aab6916190 ConcurrentGCThread "G1 Main Marker" [stack: 0x000000bb13500000,0x000000bb13600000] [id=10072]
  0x000002aab6916ab0 ConcurrentGCThread "G1 Conc#0" [stack: 0x000000bb13600000,0x000000bb13700000] [id=3048]
  0x000002aab695ddc0 ConcurrentGCThread "G1 Refine#0" [stack: 0x000000bb13700000,0x000000bb13800000] [id=5132]
  0x000002aac5b19810 ConcurrentGCThread "G1 Refine#1" [stack: 0x000000bb15600000,0x000000bb15700000] [id=10376]
  0x000002aac5d915c0 ConcurrentGCThread "G1 Refine#2" [stack: 0x000000bb16100000,0x000000bb16200000] [id=5308]
  0x000002aac5d8f0d0 ConcurrentGCThread "G1 Refine#3" [stack: 0x000000bb16300000,0x000000bb16400000] [id=10904]
  0x000002aab695e6f0 ConcurrentGCThread "G1 Service" [stack: 0x000000bb13800000,0x000000bb13900000] [id=3912]

Threads with active compile tasks:

VM state: at safepoint (normal execution)

VM Mutex/Monitor currently owned by a thread:  ([mutex/lock_event])
[0x000002aab46f42d0] Threads_lock - owner thread: 0x000002aac3483d80
[0x000002aab68a8b70] Heap_lock - owner thread: 0x000002aac5822540

Heap address: 0x0000000081000000, size: 2032 MB, Compressed Oops mode: 32-bit

CDS archive(s) not mapped
Compressed class space mapped at: 0x0000000100000000-0x0000000140000000, reserved size: 1073741824
Narrow klass base: 0x0000000000000000, Narrow klass shift: 3, Narrow klass range: 0x140000000

GC Precious Log:
 CPUs: 4 total, 4 available
 Memory: 8126M
 Large Page Support: Disabled
 NUMA Support: Disabled
 Compressed Oops: Enabled (32-bit)
 Heap Region Size: 1M
 Heap Min Capacity: 8M
 Heap Initial Capacity: 128M
 Heap Max Capacity: 2032M
 Pre-touch: Disabled
 Parallel Workers: 4
 Concurrent Workers: 1
 Concurrent Refinement Workers: 4
 Periodic GC: Disabled

Heap:
 garbage-first heap   total 119808K, used 39059K [0x0000000081000000, 0x0000000100000000)
  region size 1024K, 1 young (1024K), 0 survivors (0K)
 Metaspace       used 53847K, committed 54272K, reserved 1097728K
  class space    used 7137K, committed 7296K, reserved 1048576K

Heap Regions: E=young(eden), S=young(survivor), O=old, HS=humongous(starts), HC=humongous(continues), CS=collection set, F=free, OA=open archive, CA=closed archive, TAMS=top-at-mark-start (previous, next)
|   0|0x0000000081000000, 0x0000000081100000, 0x0000000081100000|100%| O|  |TAMS 0x0000000081100000, 0x0000000081000000| Untracked 
|   1|0x0000000081100000, 0x0000000081200000, 0x0000000081200000|100%| O|  |TAMS 0x0000000081200000, 0x0000000081100000| Untracked 
|   2|0x0000000081200000, 0x00000000812fe360, 0x0000000081300000| 99%| O|  |TAMS 0x00000000812fe360, 0x0000000081200000| Untracked 
|   3|0x0000000081300000, 0x0000000081400000, 0x0000000081400000|100%| O|  |TAMS 0x0000000081400000, 0x0000000081300000| Untracked 
|   4|0x0000000081400000, 0x00000000814feaf8, 0x0000000081500000| 99%| O|  |TAMS 0x00000000814feaf8, 0x0000000081400000| Untracked 
|   5|0x0000000081500000, 0x0000000081600000, 0x0000000081600000|100%| O|  |TAMS 0x0000000081600000, 0x0000000081500000| Untracked 
|   6|0x0000000081600000, 0x00000000816fff18, 0x0000000081700000| 99%| O|  |TAMS 0x00000000816fff18, 0x0000000081600000| Untracked 
|   7|0x0000000081700000, 0x0000000081800000, 0x0000000081800000|100%| O|  |TAMS 0x0000000081800000, 0x0000000081700000| Untracked 
|   8|0x0000000081800000, 0x00000000818ffff8, 0x0000000081900000| 99%| O|  |TAMS 0x00000000818ffff8, 0x0000000081800000| Untracked 
|   9|0x0000000081900000, 0x00000000819fffd8, 0x0000000081a00000| 99%| O|  |TAMS 0x00000000819fffd8, 0x0000000081900000| Untracked 
|  10|0x0000000081a00000, 0x0000000081b00000, 0x0000000081b00000|100%| O|  |TAMS 0x0000000081b00000, 0x0000000081a00000| Untracked 
|  11|0x0000000081b00000, 0x0000000081bffff8, 0x0000000081c00000| 99%| O|  |TAMS 0x0000000081bffff8, 0x0000000081b00000| Untracked 
|  12|0x0000000081c00000, 0x0000000081cfffb8, 0x0000000081d00000| 99%| O|  |TAMS 0x0000000081cfffb8, 0x0000000081c00000| Untracked 
|  13|0x0000000081d00000, 0x0000000081dffff8, 0x0000000081e00000| 99%| O|  |TAMS 0x0000000081dffff8, 0x0000000081d00000| Untracked 
|  14|0x0000000081e00000, 0x0000000081effff0, 0x0000000081f00000| 99%| O|  |TAMS 0x0000000081effff0, 0x0000000081e00000| Untracked 
|  15|0x0000000081f00000, 0x0000000081ffffc0, 0x0000000082000000| 99%| O|  |TAMS 0x0000000081ffffc0, 0x0000000081f00000| Untracked 
|  16|0x0000000082000000, 0x00000000820ffff8, 0x0000000082100000| 99%| O|  |TAMS 0x00000000820ffff8, 0x0000000082000000| Untracked 
|  17|0x0000000082100000, 0x00000000821ffff0, 0x0000000082200000| 99%| O|  |TAMS 0x00000000821ffff0, 0x0000000082100000| Untracked 
|  18|0x0000000082200000, 0x00000000822fffa0, 0x0000000082300000| 99%| O|  |TAMS 0x00000000822fffa0, 0x0000000082200000| Untracked 
|  19|0x0000000082300000, 0x00000000823ffbe0, 0x0000000082400000| 99%| O|  |TAMS 0x00000000823ffbe0, 0x0000000082300000| Untracked 
|  20|0x0000000082400000, 0x00000000824fffe0, 0x0000000082500000| 99%| O|  |TAMS 0x00000000824fffe0, 0x0000000082400000| Untracked 
|  21|0x0000000082500000, 0x0000000082600000, 0x0000000082600000|100%| O|  |TAMS 0x0000000082600000, 0x0000000082500000| Untracked 
|  22|0x0000000082600000, 0x00000000826fcb68, 0x0000000082700000| 98%| O|  |TAMS 0x00000000826fcb68, 0x0000000082600000| Untracked 
|  23|0x0000000082700000, 0x00000000827ffff0, 0x0000000082800000| 99%| O|  |TAMS 0x00000000827ffff0, 0x0000000082700000| Untracked 
|  24|0x0000000082800000, 0x00000000828ffff8, 0x0000000082900000| 99%| O|  |TAMS 0x00000000828ffff8, 0x0000000082800000| Untracked 
|  25|0x0000000082900000, 0x00000000829fffd0, 0x0000000082a00000| 99%| O|  |TAMS 0x00000000829fffd0, 0x0000000082900000| Untracked 
|  26|0x0000000082a00000, 0x0000000082b00000, 0x0000000082b00000|100%| O|  |TAMS 0x0000000082b00000, 0x0000000082a00000| Untracked 
|  27|0x0000000082b00000, 0x0000000082bfffd8, 0x0000000082c00000| 99%| O|  |TAMS 0x0000000082bfffd8, 0x0000000082b00000| Untracked 
|  28|0x0000000082c00000, 0x0000000082cffff8, 0x0000000082d00000| 99%| O|  |TAMS 0x0000000082cffff8, 0x0000000082c00000| Untracked 
|  29|0x0000000082d00000, 0x0000000082dffff0, 0x0000000082e00000| 99%| O|  |TAMS 0x0000000082dffff0, 0x0000000082d00000| Untracked 
|  30|0x0000000082e00000, 0x0000000082f00000, 0x0000000082f00000|100%| O|  |TAMS 0x0000000082f00000, 0x0000000082e00000| Untracked 
|  31|0x0000000082f00000, 0x0000000082fffff0, 0x0000000083000000| 99%| O|  |TAMS 0x0000000082fffff0, 0x0000000082f00000| Untracked 
|  32|0x0000000083000000, 0x00000000830ffea8, 0x0000000083100000| 99%| O|  |TAMS 0x00000000830ffea8, 0x0000000083000000| Untracked 
|  33|0x0000000083100000, 0x00000000831ffff8, 0x0000000083200000| 99%| O|  |TAMS 0x00000000831ffff8, 0x0000000083100000| Untracked 
|  34|0x0000000083200000, 0x00000000832fff68, 0x0000000083300000| 99%| O|  |TAMS 0x00000000832fff68, 0x0000000083200000| Untracked 
|  35|0x0000000083300000, 0x000000008332bf30, 0x0000000083400000| 17%| O|  |TAMS 0x0000000083300000, 0x0000000083300000| Untracked 
|  36|0x0000000083400000, 0x0000000083400000, 0x0000000083500000|  0%| F|  |TAMS 0x0000000083400000, 0x0000000083400000| Untracked 
|  37|0x0000000083500000, 0x0000000083500000, 0x0000000083600000|  0%| F|  |TAMS 0x0000000083500000, 0x0000000083500000| Untracked 
|  38|0x0000000083600000, 0x0000000083600000, 0x0000000083700000|  0%| F|  |TAMS 0x0000000083600000, 0x0000000083600000| Untracked 
|  39|0x0000000083700000, 0x0000000083700000, 0x0000000083800000|  0%| F|  |TAMS 0x0000000083700000, 0x0000000083700000| Untracked 
|  40|0x0000000083800000, 0x0000000083800000, 0x0000000083900000|  0%| F|  |TAMS 0x0000000083800000, 0x0000000083800000| Untracked 
|  41|0x0000000083900000, 0x0000000083900000, 0x0000000083a00000|  0%| F|  |TAMS 0x0000000083900000, 0x0000000083900000| Untracked 
|  42|0x0000000083a00000, 0x0000000083a00000, 0x0000000083b00000|  0%| F|  |TAMS 0x0000000083a00000, 0x0000000083a00000| Untracked 
|  43|0x0000000083b00000, 0x0000000083b00000, 0x0000000083c00000|  0%| F|  |TAMS 0x0000000083b00000, 0x0000000083b00000| Untracked 
|  44|0x0000000083c00000, 0x0000000083c00000, 0x0000000083d00000|  0%| F|  |TAMS 0x0000000083c00000, 0x0000000083c00000| Untracked 
|  45|0x0000000083d00000, 0x0000000083d00000, 0x0000000083e00000|  0%| F|  |TAMS 0x0000000083d00000, 0x0000000083d00000| Untracked 
|  46|0x0000000083e00000, 0x0000000083e00000, 0x0000000083f00000|  0%| F|  |TAMS 0x0000000083e00000, 0x0000000083e00000| Untracked 
|  47|0x0000000083f00000, 0x0000000083f00000, 0x0000000084000000|  0%| F|  |TAMS 0x0000000083f00000, 0x0000000083f00000| Untracked 
|  48|0x0000000084000000, 0x0000000084000000, 0x0000000084100000|  0%| F|  |TAMS 0x0000000084000000, 0x0000000084000000| Untracked 
|  49|0x0000000084100000, 0x0000000084100000, 0x0000000084200000|  0%| F|  |TAMS 0x0000000084100000, 0x0000000084100000| Untracked 
|  50|0x0000000084200000, 0x0000000084200000, 0x0000000084300000|  0%| F|  |TAMS 0x0000000084200000, 0x0000000084200000| Untracked 
|  51|0x0000000084300000, 0x0000000084300000, 0x0000000084400000|  0%| F|  |TAMS 0x0000000084300000, 0x0000000084300000| Untracked 
|  52|0x0000000084400000, 0x0000000084400000, 0x0000000084500000|  0%| F|  |TAMS 0x0000000084400000, 0x0000000084400000| Untracked 
|  53|0x0000000084500000, 0x0000000084500000, 0x0000000084600000|  0%| F|  |TAMS 0x0000000084500000, 0x0000000084500000| Untracked 
|  54|0x0000000084600000, 0x0000000084600000, 0x0000000084700000|  0%| F|  |TAMS 0x0000000084600000, 0x0000000084600000| Untracked 
|  55|0x0000000084700000, 0x0000000084700000, 0x0000000084800000|  0%| F|  |TAMS 0x0000000084700000, 0x0000000084700000| Untracked 
|  56|0x0000000084800000, 0x0000000084800000, 0x0000000084900000|  0%| F|  |TAMS 0x0000000084800000, 0x0000000084800000| Untracked 
|  57|0x0000000084900000, 0x0000000084900000, 0x0000000084a00000|  0%| F|  |TAMS 0x0000000084900000, 0x0000000084900000| Untracked 
|  58|0x0000000084a00000, 0x0000000084a00000, 0x0000000084b00000|  0%| F|  |TAMS 0x0000000084a00000, 0x0000000084a00000| Untracked 
|  59|0x0000000084b00000, 0x0000000084b00000, 0x0000000084c00000|  0%| F|  |TAMS 0x0000000084b00000, 0x0000000084b00000| Untracked 
|  60|0x0000000084c00000, 0x0000000084c00000, 0x0000000084d00000|  0%| F|  |TAMS 0x0000000084c00000, 0x0000000084c00000| Untracked 
|  61|0x0000000084d00000, 0x0000000084d00000, 0x0000000084e00000|  0%| F|  |TAMS 0x0000000084d00000, 0x0000000084d00000| Untracked 
|  62|0x0000000084e00000, 0x0000000084e00000, 0x0000000084f00000|  0%| F|  |TAMS 0x0000000084e00000, 0x0000000084e00000| Untracked 
|  63|0x0000000084f00000, 0x0000000084f00000, 0x0000000085000000|  0%| F|  |TAMS 0x0000000084f00000, 0x0000000084f00000| Untracked 
|  64|0x0000000085000000, 0x0000000085000000, 0x0000000085100000|  0%| F|  |TAMS 0x0000000085000000, 0x0000000085000000| Untracked 
|  65|0x0000000085100000, 0x0000000085100000, 0x0000000085200000|  0%| F|  |TAMS 0x0000000085100000, 0x0000000085100000| Untracked 
|  66|0x0000000085200000, 0x0000000085200000, 0x0000000085300000|  0%| F|  |TAMS 0x0000000085200000, 0x0000000085200000| Untracked 
|  67|0x0000000085300000, 0x0000000085300000, 0x0000000085400000|  0%| F|  |TAMS 0x0000000085300000, 0x0000000085300000| Untracked 
|  68|0x0000000085400000, 0x0000000085400000, 0x0000000085500000|  0%| F|  |TAMS 0x0000000085400000, 0x0000000085400000| Untracked 
|  69|0x0000000085500000, 0x0000000085500000, 0x0000000085600000|  0%| F|  |TAMS 0x0000000085500000, 0x0000000085500000| Untracked 
|  70|0x0000000085600000, 0x0000000085600000, 0x0000000085700000|  0%| F|  |TAMS 0x0000000085600000, 0x0000000085600000| Untracked 
|  71|0x0000000085700000, 0x0000000085700000, 0x0000000085800000|  0%| F|  |TAMS 0x0000000085700000, 0x0000000085700000| Untracked 
|  72|0x0000000085800000, 0x0000000085800000, 0x0000000085900000|  0%| F|  |TAMS 0x0000000085800000, 0x0000000085800000| Untracked 
|  73|0x0000000085900000, 0x0000000085900000, 0x0000000085a00000|  0%| F|  |TAMS 0x0000000085900000, 0x0000000085900000| Untracked 
|  74|0x0000000085a00000, 0x0000000085a00000, 0x0000000085b00000|  0%| F|  |TAMS 0x0000000085a00000, 0x0000000085a00000| Untracked 
|  75|0x0000000085b00000, 0x0000000085b00000, 0x0000000085c00000|  0%| F|  |TAMS 0x0000000085b00000, 0x0000000085b00000| Untracked 
|  76|0x0000000085c00000, 0x0000000085c00000, 0x0000000085d00000|  0%| F|  |TAMS 0x0000000085c00000, 0x0000000085c00000| Untracked 
|  77|0x0000000085d00000, 0x0000000085d00000, 0x0000000085e00000|  0%| F|  |TAMS 0x0000000085d00000, 0x0000000085d00000| Untracked 
|  78|0x0000000085e00000, 0x0000000085e00000, 0x0000000085f00000|  0%| F|  |TAMS 0x0000000085e00000, 0x0000000085e00000| Untracked 
|  79|0x0000000085f00000, 0x0000000085f00000, 0x0000000086000000|  0%| F|  |TAMS 0x0000000085f00000, 0x0000000085f00000| Untracked 
|  80|0x0000000086000000, 0x0000000086000000, 0x0000000086100000|  0%| F|  |TAMS 0x0000000086000000, 0x0000000086000000| Untracked 
|  81|0x0000000086100000, 0x0000000086100000, 0x0000000086200000|  0%| F|  |TAMS 0x0000000086100000, 0x0000000086100000| Untracked 
|  82|0x0000000086200000, 0x0000000086300000, 0x0000000086300000|100%|HS|  |TAMS 0x0000000086300000, 0x0000000086200000| Untracked 
|  83|0x0000000086300000, 0x0000000086300000, 0x0000000086400000|  0%| F|  |TAMS 0x0000000086300000, 0x0000000086300000| Untracked 
|  84|0x0000000086400000, 0x0000000086400000, 0x0000000086500000|  0%| F|  |TAMS 0x0000000086400000, 0x0000000086400000| Untracked 
|  85|0x0000000086500000, 0x0000000086500000, 0x0000000086600000|  0%| F|  |TAMS 0x0000000086500000, 0x0000000086500000| Untracked 
|  86|0x0000000086600000, 0x0000000086600000, 0x0000000086700000|  0%| F|  |TAMS 0x0000000086600000, 0x0000000086600000| Untracked 
|  87|0x0000000086700000, 0x0000000086700000, 0x0000000086800000|  0%| F|  |TAMS 0x0000000086700000, 0x0000000086700000| Untracked 
|  88|0x0000000086800000, 0x0000000086800000, 0x0000000086900000|  0%| F|  |TAMS 0x0000000086800000, 0x0000000086800000| Untracked 
|  89|0x0000000086900000, 0x0000000086900000, 0x0000000086a00000|  0%| F|  |TAMS 0x0000000086900000, 0x0000000086900000| Untracked 
|  90|0x0000000086a00000, 0x0000000086a00000, 0x0000000086b00000|  0%| F|  |TAMS 0x0000000086a00000, 0x0000000086a00000| Untracked 
|  91|0x0000000086b00000, 0x0000000086b00000, 0x0000000086c00000|  0%| F|  |TAMS 0x0000000086b00000, 0x0000000086b00000| Untracked 
|  92|0x0000000086c00000, 0x0000000086c00000, 0x0000000086d00000|  0%| F|  |TAMS 0x0000000086c00000, 0x0000000086c00000| Untracked 
|  93|0x0000000086d00000, 0x0000000086d00000, 0x0000000086e00000|  0%| F|  |TAMS 0x0000000086d00000, 0x0000000086d00000| Untracked 
|  94|0x0000000086e00000, 0x0000000086e00000, 0x0000000086f00000|  0%| F|  |TAMS 0x0000000086e00000, 0x0000000086e00000| Untracked 
|  95|0x0000000086f00000, 0x0000000086f00000, 0x0000000087000000|  0%| F|  |TAMS 0x0000000086f00000, 0x0000000086f00000| Untracked 
|  96|0x0000000087000000, 0x0000000087000000, 0x0000000087100000|  0%| F|  |TAMS 0x0000000087000000, 0x0000000087000000| Untracked 
|  97|0x0000000087100000, 0x0000000087100000, 0x0000000087200000|  0%| F|  |TAMS 0x0000000087100000, 0x0000000087100000| Untracked 
|  98|0x0000000087200000, 0x0000000087200000, 0x0000000087300000|  0%| F|  |TAMS 0x0000000087200000, 0x0000000087200000| Untracked 
|  99|0x0000000087300000, 0x0000000087400000, 0x0000000087400000|100%| O|  |TAMS 0x0000000087400000, 0x0000000087300000| Untracked 
| 100|0x0000000087400000, 0x0000000087400000, 0x0000000087500000|  0%| F|  |TAMS 0x0000000087400000, 0x0000000087400000| Untracked 
| 101|0x0000000087500000, 0x0000000087600000, 0x0000000087600000|100%| O|  |TAMS 0x0000000087600000, 0x0000000087500000| Untracked 
| 102|0x0000000087600000, 0x0000000087600000, 0x0000000087700000|  0%| F|  |TAMS 0x0000000087600000, 0x0000000087600000| Untracked 
| 103|0x0000000087700000, 0x0000000087700000, 0x0000000087800000|  0%| F|  |TAMS 0x0000000087700000, 0x0000000087700000| Untracked 
| 104|0x0000000087800000, 0x0000000087800000, 0x0000000087900000|  0%| F|  |TAMS 0x0000000087800000, 0x0000000087800000| Untracked 
| 105|0x0000000087900000, 0x0000000087900000, 0x0000000087a00000|  0%| F|  |TAMS 0x0000000087900000, 0x0000000087900000| Untracked 
| 106|0x0000000087a00000, 0x0000000087a00000, 0x0000000087b00000|  0%| F|  |TAMS 0x0000000087a00000, 0x0000000087a00000| Untracked 
| 107|0x0000000087b00000, 0x0000000087b00000, 0x0000000087c00000|  0%| F|  |TAMS 0x0000000087b00000, 0x0000000087b00000| Untracked 
| 108|0x0000000087c00000, 0x0000000087c00000, 0x0000000087d00000|  0%| F|  |TAMS 0x0000000087c00000, 0x0000000087c00000| Untracked 
| 109|0x0000000087d00000, 0x0000000087d00000, 0x0000000087e00000|  0%| F|  |TAMS 0x0000000087d00000, 0x0000000087d00000| Untracked 
| 110|0x0000000087e00000, 0x0000000087e00000, 0x0000000087f00000|  0%| F|  |TAMS 0x0000000087e00000, 0x0000000087e00000| Untracked 
| 111|0x0000000087f00000, 0x0000000087f00000, 0x0000000088000000|  0%| F|  |TAMS 0x0000000087f00000, 0x0000000087f00000| Untracked 
| 112|0x0000000088000000, 0x0000000088000000, 0x0000000088100000|  0%| F|  |TAMS 0x0000000088000000, 0x0000000088000000| Untracked 
| 113|0x0000000088100000, 0x0000000088100000, 0x0000000088200000|  0%| F|  |TAMS 0x0000000088100000, 0x0000000088100000| Untracked 
| 114|0x0000000088200000, 0x0000000088200000, 0x0000000088300000|  0%| F|  |TAMS 0x0000000088200000, 0x0000000088200000| Untracked 
| 115|0x0000000088300000, 0x0000000088300000, 0x0000000088400000|  0%| F|  |TAMS 0x0000000088300000, 0x0000000088300000| Untracked 
| 116|0x0000000088400000, 0x0000000088406de0, 0x0000000088500000|  2%| E|  |TAMS 0x0000000088400000, 0x0000000088400000| Complete 

Card table byte_map: [0x000002aabc920000,0x000002aabcd20000] _byte_map_base: 0x000002aabc518000

Marking Bits (Prev, Next): (CMBitMap*) 0x000002aab6905aa0, (CMBitMap*) 0x000002aab6905a60
 Prev Bits: [0x000002aabf0e0000, 0x000002aac10a0000)
 Next Bits: [0x000002aabd120000, 0x000002aabf0e0000)

Polling page: 0x000002aab4840000

Metaspace:

Usage:
  Non-class:     45.61 MB used.
      Class:      6.97 MB used.
       Both:     52.59 MB used.

Virtual space:
  Non-class space:       48.00 MB reserved,      45.88 MB ( 96%) committed,  6 nodes.
      Class space:        1.00 GB reserved,       7.12 MB ( <1%) committed,  1 nodes.
             Both:        1.05 GB reserved,      53.00 MB (  5%) committed. 

Chunk freelists:
   Non-Class:  1.38 MB
       Class:  848.00 KB
        Both:  2.21 MB

MaxMetaspaceSize: unlimited
CompressedClassSpaceSize: 1.00 GB
Initial GC threshold: 21.00 MB
Current GC threshold: 88.25 MB
CDS: off
MetaspaceReclaimPolicy: balanced
 - commit_granule_bytes: 65536.
 - commit_granule_words: 8192.
 - virtual_space_node_default_size: 1048576.
 - enlarge_chunks_in_place: 1.
 - new_chunks_are_fully_committed: 0.
 - uncommit_free_chunks: 1.
 - use_allocation_guard: 0.
 - handle_deallocations: 1.


Internal statistics:

num_allocs_failed_limit: 3.
num_arena_births: 556.
num_arena_deaths: 182.
num_vsnodes_births: 7.
num_vsnodes_deaths: 0.
num_space_committed: 848.
num_space_uncommitted: 0.
num_chunks_returned_to_freelist: 209.
num_chunks_taken_from_freelist: 2309.
num_chunk_merges: 73.
num_chunk_splits: 1604.
num_chunks_enlarged: 1268.
num_purges: 18.
num_inconsistent_stats: 0.

CodeCache: size=49152Kb used=14512Kb max_used=15211Kb free=34639Kb
 bounds [0x000002aab9520000, 0x000002aaba400000, 0x000002aabc520000]
 total_blobs=8298 nmethods=7688 adapters=537
 compilation: enabled
              stopped_count=0, restarted_count=0
 full_count=0

Compilation events (20 events):
Event: 3067.627 Thread 0x000002aac40161d0 7771       1       java.lang.invoke.LambdaForm$DMH/0x000000010070bc00::newInvokeSpecial (23 bytes)
Event: 3067.627 Thread 0x000002aac40161d0 nmethod 7771 0x000002aab9e56990 code [0x000002aab9e56b40, 0x000002aab9e56cc8]
Event: 3067.627 Thread 0x000002aac40161d0 7772       1       java.lang.ProcessImpl$$Lambda$709/0x0000000100461d98::<init> (10 bytes)
Event: 3067.628 Thread 0x000002aac40161d0 nmethod 7772 0x000002aab9e56490 code [0x000002aab9e56620, 0x000002aab9e566f8]
Event: 3067.628 Thread 0x000002aac40161d0 7774       1       java.lang.ProcessHandleImpl::getInternal (13 bytes)
Event: 3067.628 Thread 0x000002aac40161d0 nmethod 7774 0x000002aab9c5c590 code [0x000002aab9c5c720, 0x000002aab9c5c888]
Event: 3067.628 Thread 0x000002aac40161d0 7775       1       java.lang.ProcessImpl$2::<init> (20 bytes)
Event: 3067.628 Thread 0x000002aac40161d0 nmethod 7775 0x000002aab9c5c210 code [0x000002aab9c5c3a0, 0x000002aab9c5c518]
Event: 3067.628 Thread 0x000002aac40161d0 7776       1       java.lang.ProcessImpl$2::run (5 bytes)
Event: 3067.628 Thread 0x000002aac40161d0 nmethod 7776 0x000002aab9c5be90 code [0x000002aab9c5c020, 0x000002aab9c5c108]
Event: 3067.628 Thread 0x000002aac40161d0 7777       1       java.lang.ProcessImpl$2::run (242 bytes)
Event: 3067.629 Thread 0x000002aac40161d0 nmethod 7777 0x000002aab9814d10 code [0x000002aab9814fc0, 0x000002aab9815d58]
Event: 3067.814 Thread 0x000002aac40161d0 7778   !   1       java.io.FilterOutputStream::close (183 bytes)
Event: 3067.861 Thread 0x000002aac40161d0 nmethod 7778 0x000002aab9c50710 code [0x000002aab9c50920, 0x000002aab9c50df8]
Event: 3067.861 Thread 0x000002aac40161d0 7780       1       java.lang.ProcessImpl$$Lambda$709/0x0000000100461d98::run (8 bytes)
Event: 3067.861 Thread 0x000002aac40161d0 nmethod 7780 0x000002aab9b8d690 code [0x000002aab9b8d820, 0x000002aab9b8d908]
Event: 3067.861 Thread 0x000002aac40161d0 7781       1       java.lang.ProcessImpl::lambda$new$0 (6 bytes)
Event: 3067.861 Thread 0x000002aac40161d0 nmethod 7781 0x000002aab9c50410 code [0x000002aab9c505a0, 0x000002aab9c50668]
Event: 4457.509 Thread 0x000002aac40161d0 7783       1       java.lang.ProcessImpl::waitFor (136 bytes)
Event: 4457.511 Thread 0x000002aac40161d0 nmethod 7783 0x000002aab9c62390 code [0x000002aab9c625a0, 0x000002aab9c62998]

GC Heap History (20 events):
Event: 4616.854 GC heap before
{Heap before GC invocations=438 (full 398):
 garbage-first heap   total 119808K, used 39059K [0x0000000081000000, 0x0000000100000000)
  region size 1024K, 1 young (1024K), 0 survivors (0K)
 Metaspace       used 53847K, committed 54272K, reserved 1097728K
  class space    used 7137K, committed 7296K, reserved 1048576K
}
Event: 4616.986 GC heap after
{Heap after GC invocations=439 (full 399):
 garbage-first heap   total 119808K, used 39059K [0x0000000081000000, 0x0000000100000000)
  region size 1024K, 0 young (0K), 0 survivors (0K)
 Metaspace       used 53847K, committed 54272K, reserved 1097728K
  class space    used 7137K, committed 7296K, reserved 1048576K
}
Event: 4627.932 GC heap before
{Heap before GC invocations=439 (full 399):
 garbage-first heap   total 119808K, used 39059K [0x0000000081000000, 0x0000000100000000)
  region size 1024K, 1 young (1024K), 0 survivors (0K)
 Metaspace       used 53847K, committed 54272K, reserved 1097728K
  class space    used 7137K, committed 7296K, reserved 1048576K
}
Event: 4628.004 GC heap after
{Heap after GC invocations=440 (full 400):
 garbage-first heap   total 119808K, used 39059K [0x0000000081000000, 0x0000000100000000)
  region size 1024K, 0 young (0K), 0 survivors (0K)
 Metaspace       used 53847K, committed 54272K, reserved 1097728K
  class space    used 7137K, committed 7296K, reserved 1048576K
}
Event: 4638.490 GC heap before
{Heap before GC invocations=440 (full 400):
 garbage-first heap   total 119808K, used 39059K [0x0000000081000000, 0x0000000100000000)
  region size 1024K, 1 young (1024K), 0 survivors (0K)
 Metaspace       used 53847K, committed 54272K, reserved 1097728K
  class space    used 7137K, committed 7296K, reserved 1048576K
}
Event: 4638.572 GC heap after
{Heap after GC invocations=441 (full 401):
 garbage-first heap   total 119808K, used 39059K [0x0000000081000000, 0x0000000100000000)
  region size 1024K, 0 young (0K), 0 survivors (0K)
 Metaspace       used 53847K, committed 54272K, reserved 1097728K
  class space    used 7137K, committed 7296K, reserved 1048576K
}
Event: 4649.058 GC heap before
{Heap before GC invocations=441 (full 401):
 garbage-first heap   total 119808K, used 39059K [0x0000000081000000, 0x0000000100000000)
  region size 1024K, 1 young (1024K), 0 survivors (0K)
 Metaspace       used 53847K, committed 54272K, reserved 1097728K
  class space    used 7137K, committed 7296K, reserved 1048576K
}
Event: 4649.118 GC heap after
{Heap after GC invocations=442 (full 402):
 garbage-first heap   total 119808K, used 39059K [0x0000000081000000, 0x0000000100000000)
  region size 1024K, 0 young (0K), 0 survivors (0K)
 Metaspace       used 53847K, committed 54272K, reserved 1097728K
  class space    used 7137K, committed 7296K, reserved 1048576K
}
Event: 4659.860 GC heap before
{Heap before GC invocations=442 (full 402):
 garbage-first heap   total 119808K, used 39059K [0x0000000081000000, 0x0000000100000000)
  region size 1024K, 1 young (1024K), 0 survivors (0K)
 Metaspace       used 53847K, committed 54272K, reserved 1097728K
  class space    used 7137K, committed 7296K, reserved 1048576K
}
Event: 4659.930 GC heap after
{Heap after GC invocations=443 (full 403):
 garbage-first heap   total 119808K, used 39059K [0x0000000081000000, 0x0000000100000000)
  region size 1024K, 0 young (0K), 0 survivors (0K)
 Metaspace       used 53847K, committed 54272K, reserved 1097728K
  class space    used 7137K, committed 7296K, reserved 1048576K
}
Event: 4670.705 GC heap before
{Heap before GC invocations=443 (full 403):
 garbage-first heap   total 119808K, used 39059K [0x0000000081000000, 0x0000000100000000)
  region size 1024K, 1 young (1024K), 0 survivors (0K)
 Metaspace       used 53847K, committed 54272K, reserved 1097728K
  class space    used 7137K, committed 7296K, reserved 1048576K
}
Event: 4670.785 GC heap after
{Heap after GC invocations=444 (full 404):
 garbage-first heap   total 119808K, used 39059K [0x0000000081000000, 0x0000000100000000)
  region size 1024K, 0 young (0K), 0 survivors (0K)
 Metaspace       used 53847K, committed 54272K, reserved 1097728K
  class space    used 7137K, committed 7296K, reserved 1048576K
}
Event: 4681.251 GC heap before
{Heap before GC invocations=444 (full 404):
 garbage-first heap   total 119808K, used 39059K [0x0000000081000000, 0x0000000100000000)
  region size 1024K, 1 young (1024K), 0 survivors (0K)
 Metaspace       used 53847K, committed 54272K, reserved 1097728K
  class space    used 7137K, committed 7296K, reserved 1048576K
}
Event: 4681.307 GC heap after
{Heap after GC invocations=445 (full 405):
 garbage-first heap   total 119808K, used 39059K [0x0000000081000000, 0x0000000100000000)
  region size 1024K, 0 young (0K), 0 survivors (0K)
 Metaspace       used 53847K, committed 54272K, reserved 1097728K
  class space    used 7137K, committed 7296K, reserved 1048576K
}
Event: 4691.788 GC heap before
{Heap before GC invocations=445 (full 405):
 garbage-first heap   total 119808K, used 39059K [0x0000000081000000, 0x0000000100000000)
  region size 1024K, 1 young (1024K), 0 survivors (0K)
 Metaspace       used 53847K, committed 54272K, reserved 1097728K
  class space    used 7137K, committed 7296K, reserved 1048576K
}
Event: 4691.845 GC heap after
{Heap after GC invocations=446 (full 406):
 garbage-first heap   total 119808K, used 39059K [0x0000000081000000, 0x0000000100000000)
  region size 1024K, 0 young (0K), 0 survivors (0K)
 Metaspace       used 53847K, committed 54272K, reserved 1097728K
  class space    used 7137K, committed 7296K, reserved 1048576K
}
Event: 4702.756 GC heap before
{Heap before GC invocations=446 (full 406):
 garbage-first heap   total 119808K, used 39059K [0x0000000081000000, 0x0000000100000000)
  region size 1024K, 1 young (1024K), 0 survivors (0K)
 Metaspace       used 53847K, committed 54272K, reserved 1097728K
  class space    used 7137K, committed 7296K, reserved 1048576K
}
Event: 4702.831 GC heap after
{Heap after GC invocations=447 (full 407):
 garbage-first heap   total 119808K, used 39059K [0x0000000081000000, 0x0000000100000000)
  region size 1024K, 0 young (0K), 0 survivors (0K)
 Metaspace       used 53847K, committed 54272K, reserved 1097728K
  class space    used 7137K, committed 7296K, reserved 1048576K
}
Event: 4713.472 GC heap before
{Heap before GC invocations=447 (full 407):
 garbage-first heap   total 119808K, used 39059K [0x0000000081000000, 0x0000000100000000)
  region size 1024K, 1 young (1024K), 0 survivors (0K)
 Metaspace       used 53847K, committed 54272K, reserved 1097728K
  class space    used 7137K, committed 7296K, reserved 1048576K
}
Event: 4713.531 GC heap after
{Heap after GC invocations=448 (full 408):
 garbage-first heap   total 119808K, used 39059K [0x0000000081000000, 0x0000000100000000)
  region size 1024K, 0 young (0K), 0 survivors (0K)
 Metaspace       used 53847K, committed 54272K, reserved 1097728K
  class space    used 7137K, committed 7296K, reserved 1048576K
}

Deoptimization events (20 events):
Event: 102.860 Thread 0x000002aac6023d60 DEOPT PACKING pc=0x000002aab9ee3aee sp=0x000000bb15ffd7e0
Event: 102.860 Thread 0x000002aac6023d60 DEOPT UNPACKING pc=0x000002aab9572b43 sp=0x000000bb15ffccd8 mode 3
Event: 117.121 Thread 0x000002aac5a77c40 DEOPT PACKING pc=0x000002aab99459d2 sp=0x000000bb149fd860
Event: 117.121 Thread 0x000002aac5a77c40 DEOPT UNPACKING pc=0x000002aab9572b43 sp=0x000000bb149fcd68 mode 3
Event: 117.653 Thread 0x000002aac5a77c40 DEOPT PACKING pc=0x000002aaba303174 sp=0x000000bb149fe0d0
Event: 117.653 Thread 0x000002aac5a77c40 DEOPT UNPACKING pc=0x000002aab9572b43 sp=0x000000bb149fd5c8 mode 0
Event: 117.653 Thread 0x000002aac5a77c40 DEOPT PACKING pc=0x000002aaba31b3f4 sp=0x000000bb149fe1a0
Event: 117.653 Thread 0x000002aac5a77c40 DEOPT UNPACKING pc=0x000002aab9572b43 sp=0x000000bb149fd678 mode 0
Event: 117.653 Thread 0x000002aac5a77c40 DEOPT PACKING pc=0x000002aaba2baf24 sp=0x000000bb149fe250
Event: 117.653 Thread 0x000002aac5a77c40 DEOPT UNPACKING pc=0x000002aab9572b43 sp=0x000000bb149fd7d0 mode 0
Event: 117.653 Thread 0x000002aac5a77c40 DEOPT PACKING pc=0x000002aaba2ef72c sp=0x000000bb149fe550
Event: 117.653 Thread 0x000002aac5a77c40 DEOPT UNPACKING pc=0x000002aab9572b43 sp=0x000000bb149fd9e0 mode 0
Event: 1189.718 Thread 0x000002aac58246f0 DEOPT PACKING pc=0x000002aab9aee154 sp=0x000000bb157fee30
Event: 1189.718 Thread 0x000002aac58246f0 DEOPT UNPACKING pc=0x000002aab9572b43 sp=0x000000bb157fe2d8 mode 0
Event: 2234.720 Thread 0x000002aac601f060 DEOPT PACKING pc=0x000002aab9fed644 sp=0x000000bb146fc580
Event: 2234.720 Thread 0x000002aac601f060 DEOPT UNPACKING pc=0x000002aab9572b43 sp=0x000000bb146fba70 mode 3
Event: 2357.994 Thread 0x000002aac5825560 DEOPT PACKING pc=0x000002aaba0930fd sp=0x000000bb15afd5e0
Event: 2357.994 Thread 0x000002aac5825560 DEOPT UNPACKING pc=0x000002aab9572b43 sp=0x000000bb15afcb60 mode 3
Event: 2398.760 Thread 0x000002aac5825560 DEOPT PACKING pc=0x000002aaba0bcf20 sp=0x000000bb15afd530
Event: 2398.760 Thread 0x000002aac5825560 DEOPT UNPACKING pc=0x000002aab9572b43 sp=0x000000bb15afc9b0 mode 3

Classes unloaded (20 events):
Event: 219.965 Thread 0x000002aac3483d80 Unloading class 0x000000010034d000 'java/lang/invoke/LambdaForm$MH+0x000000010034d000'
Event: 1290.021 Thread 0x000002aac3483d80 Unloading class 0x0000000100708400 'java/lang/invoke/LambdaForm$MH+0x0000000100708400'
Event: 1290.021 Thread 0x000002aac3483d80 Unloading class 0x000000010070a800 'java/lang/invoke/LambdaForm$MH+0x000000010070a800'
Event: 1290.021 Thread 0x000002aac3483d80 Unloading class 0x0000000100710000 'java/lang/invoke/LambdaForm$MH+0x0000000100710000'
Event: 2519.532 Thread 0x000002aac3483d80 Unloading class 0x0000000100712c00 'java/lang/invoke/LambdaForm$MH+0x0000000100712c00'
Event: 2519.532 Thread 0x000002aac3483d80 Unloading class 0x0000000100712800 'java/lang/invoke/LambdaForm$MH+0x0000000100712800'
Event: 2519.532 Thread 0x000002aac3483d80 Unloading class 0x0000000100712400 'java/lang/invoke/LambdaForm$MH+0x0000000100712400'
Event: 2519.532 Thread 0x000002aac3483d80 Unloading class 0x0000000100712000 'java/lang/invoke/LambdaForm$MH+0x0000000100712000'
Event: 2519.532 Thread 0x000002aac3483d80 Unloading class 0x0000000100711800 'java/lang/invoke/LambdaForm$MH+0x0000000100711800'
Event: 2519.532 Thread 0x000002aac3483d80 Unloading class 0x0000000100711400 'java/lang/invoke/LambdaForm$MH+0x0000000100711400'
Event: 2519.532 Thread 0x000002aac3483d80 Unloading class 0x0000000100711000 'java/lang/invoke/LambdaForm$MH+0x0000000100711000'
Event: 2519.532 Thread 0x000002aac3483d80 Unloading class 0x0000000100710c00 'java/lang/invoke/LambdaForm$MH+0x0000000100710c00'
Event: 2519.532 Thread 0x000002aac3483d80 Unloading class 0x0000000100358c00 'java/lang/invoke/LambdaForm$MH+0x0000000100358c00'
Event: 2519.532 Thread 0x000002aac3483d80 Unloading class 0x0000000100358800 'java/lang/invoke/LambdaForm$MH+0x0000000100358800'
Event: 2519.532 Thread 0x000002aac3483d80 Unloading class 0x0000000100528800 'java/lang/invoke/LambdaForm$MH+0x0000000100528800'
Event: 2519.532 Thread 0x000002aac3483d80 Unloading class 0x000000010034c000 'java/lang/invoke/LambdaForm$MH+0x000000010034c000'
Event: 2519.532 Thread 0x000002aac3483d80 Unloading class 0x000000010034c800 'java/lang/invoke/LambdaForm$MH+0x000000010034c800'
Event: 2519.532 Thread 0x000002aac3483d80 Unloading class 0x000000010035a000 'java/lang/invoke/LambdaForm$MH+0x000000010035a000'
Event: 2519.532 Thread 0x000002aac3483d80 Unloading class 0x000000010035a800 'java/lang/invoke/LambdaForm$MH+0x000000010035a800'
Event: 2519.532 Thread 0x000002aac3483d80 Unloading class 0x000000010040c000 'java/lang/invoke/LambdaForm$MH+0x000000010040c000'

Classes redefined (0 events):
No events

Internal exceptions (20 events):
Event: 2356.843 Thread 0x000002aac5825560 Exception <a 'sun/nio/fs/WindowsException'{0x0000000086a2fde8}> (0x0000000086a2fde8) 
thrown [s\src\hotspot\share\prims\jni.cpp, line 516]
Event: 2356.843 Thread 0x000002aac5825560 Exception <a 'sun/nio/fs/WindowsException'{0x0000000086a301d0}> (0x0000000086a301d0) 
thrown [s\src\hotspot\share\prims\jni.cpp, line 516]
Event: 2356.843 Thread 0x000002aac5825560 Exception <a 'sun/nio/fs/WindowsException'{0x0000000086a31160}> (0x0000000086a31160) 
thrown [s\src\hotspot\share\prims\jni.cpp, line 516]
Event: 2356.843 Thread 0x000002aac5825560 Exception <a 'sun/nio/fs/WindowsException'{0x0000000086a31580}> (0x0000000086a31580) 
thrown [s\src\hotspot\share\prims\jni.cpp, line 516]
Event: 2356.844 Thread 0x000002aac5825560 Exception <a 'sun/nio/fs/WindowsException'{0x0000000086a32308}> (0x0000000086a32308) 
thrown [s\src\hotspot\share\prims\jni.cpp, line 516]
Event: 2356.844 Thread 0x000002aac5825560 Exception <a 'sun/nio/fs/WindowsException'{0x0000000086a32af8}> (0x0000000086a32af8) 
thrown [s\src\hotspot\share\prims\jni.cpp, line 516]
Event: 2356.844 Thread 0x000002aac5825560 Exception <a 'sun/nio/fs/WindowsException'{0x0000000086a32f00}> (0x0000000086a32f00) 
thrown [s\src\hotspot\share\prims\jni.cpp, line 516]
Event: 2356.844 Thread 0x000002aac5825560 Exception <a 'sun/nio/fs/WindowsException'{0x0000000086a33fc8}> (0x0000000086a33fc8) 
thrown [s\src\hotspot\share\prims\jni.cpp, line 516]
Event: 2356.845 Thread 0x000002aac5825560 Exception <a 'sun/nio/fs/WindowsException'{0x0000000086a34410}> (0x0000000086a34410) 
thrown [s\src\hotspot\share\prims\jni.cpp, line 516]
Event: 2358.124 Thread 0x000002aac5825560 Exception <a 'sun/nio/fs/WindowsException'{0x0000000085a66f08}> (0x0000000085a66f08) 
thrown [s\src\hotspot\share\prims\jni.cpp, line 516]
Event: 2358.124 Thread 0x000002aac5825560 Exception <a 'sun/nio/fs/WindowsException'{0x0000000085a676b8}> (0x0000000085a676b8) 
thrown [s\src\hotspot\share\prims\jni.cpp, line 516]
Event: 2358.124 Thread 0x000002aac5825560 Exception <a 'sun/nio/fs/WindowsException'{0x0000000085a67aa0}> (0x0000000085a67aa0) 
thrown [s\src\hotspot\share\prims\jni.cpp, line 516]
Event: 2358.124 Thread 0x000002aac5825560 Exception <a 'sun/nio/fs/WindowsException'{0x0000000085a68a30}> (0x0000000085a68a30) 
thrown [s\src\hotspot\share\prims\jni.cpp, line 516]
Event: 2358.124 Thread 0x000002aac5825560 Exception <a 'sun/nio/fs/WindowsException'{0x0000000085a68e50}> (0x0000000085a68e50) 
thrown [s\src\hotspot\share\prims\jni.cpp, line 516]
Event: 2358.125 Thread 0x000002aac5825560 Exception <a 'sun/nio/fs/WindowsException'{0x0000000085a69bd8}> (0x0000000085a69bd8) 
thrown [s\src\hotspot\share\prims\jni.cpp, line 516]
Event: 2358.125 Thread 0x000002aac5825560 Exception <a 'sun/nio/fs/WindowsException'{0x0000000085a6a3c8}> (0x0000000085a6a3c8) 
thrown [s\src\hotspot\share\prims\jni.cpp, line 516]
Event: 2358.125 Thread 0x000002aac5825560 Exception <a 'sun/nio/fs/WindowsException'{0x0000000085a6a7d0}> (0x0000000085a6a7d0) 
thrown [s\src\hotspot\share\prims\jni.cpp, line 516]
Event: 2358.125 Thread 0x000002aac5825560 Exception <a 'sun/nio/fs/WindowsException'{0x0000000085a6b788}> (0x0000000085a6b788) 
thrown [s\src\hotspot\share\prims\jni.cpp, line 516]
Event: 2358.125 Thread 0x000002aac5825560 Exception <a 'sun/nio/fs/WindowsException'{0x0000000085a6bbd0}> (0x0000000085a6bbd0) 
thrown [s\src\hotspot\share\prims\jni.cpp, line 516]
Event: 2398.760 Thread 0x000002aac5825560 Implicit null exception at 0x000002aaba0bccda to 0x000002aaba0bcf1b

VM Operations (20 events):
Event: 4616.986 Executing VM operation: G1CollectFull done
Event: 4627.931 Executing VM operation: G1CollectFull
Event: 4628.005 Executing VM operation: G1CollectFull done
Event: 4638.490 Executing VM operation: G1CollectFull
Event: 4638.572 Executing VM operation: G1CollectFull done
Event: 4649.058 Executing VM operation: G1CollectFull
Event: 4649.118 Executing VM operation: G1CollectFull done
Event: 4659.860 Executing VM operation: G1CollectFull
Event: 4659.930 Executing VM operation: G1CollectFull done
Event: 4670.705 Executing VM operation: G1CollectFull
Event: 4670.785 Executing VM operation: G1CollectFull done
Event: 4681.251 Executing VM operation: G1CollectFull
Event: 4681.307 Executing VM operation: G1CollectFull done
Event: 4691.788 Executing VM operation: G1CollectFull
Event: 4691.845 Executing VM operation: G1CollectFull done
Event: 4702.756 Executing VM operation: G1CollectFull
Event: 4702.831 Executing VM operation: G1CollectFull done
Event: 4713.472 Executing VM operation: G1CollectFull
Event: 4713.531 Executing VM operation: G1CollectFull done
Event: 4724.193 Executing VM operation: G1CollectFull

Events (20 events):
Event: 2398.768 Thread 0x000002aac4026b80 flushing nmethod 0x000002aab9c50690
Event: 2398.768 Thread 0x000002aac4026b80 flushing nmethod 0x000002aab9c53990
Event: 2398.768 Thread 0x000002aac4026b80 flushing nmethod 0x000002aab9c54e10
Event: 2398.768 Thread 0x000002aac4026b80 flushing nmethod 0x000002aab9c5be90
Event: 2398.768 Thread 0x000002aac4026b80 flushing nmethod 0x000002aab9c61790
Event: 2398.768 Thread 0x000002aac4026b80 flushing nmethod 0x000002aab9c61e90
Event: 2398.768 Thread 0x000002aac4026b80 flushing nmethod 0x000002aab9c62510
Event: 2398.768 Thread 0x000002aac4026b80 flushing nmethod 0x000002aab9c9f410
Event: 2398.768 Thread 0x000002aac4026b80 flushing nmethod 0x000002aab9ca4590
Event: 2398.768 Thread 0x000002aac4026b80 flushing nmethod 0x000002aab9ca4f90
Event: 2398.768 Thread 0x000002aac4026b80 flushing nmethod 0x000002aab9cbe310
Event: 2398.769 Thread 0x000002aac4026b80 flushing nmethod 0x000002aab9cc0e90
Event: 2398.769 Thread 0x000002aac4026b80 flushing nmethod 0x000002aab9d24790
Event: 2398.769 Thread 0x000002aac4026b80 flushing nmethod 0x000002aab9d2b190
Event: 2398.771 Thread 0x000002aac4026b80 flushing nmethod 0x000002aab9e56490
Event: 2398.776 Thread 0x000002aac4026b80 flushing nmethod 0x000002aaba2f7110
Event: 2398.776 Thread 0x000002aac4026b80 flushing nmethod 0x000002aaba2f7c10
Event: 2459.351 Thread 0x000002aac6022ef0 Thread exited: 0x000002aac6022ef0
Event: 2532.876 Thread 0x000002aac60216e0 Thread exited: 0x000002aac60216e0
Event: 2532.876 Thread 0x000002aac60250a0 Thread exited: 0x000002aac60250a0


Dynamic libraries:
0x00007ff73b760000 - 0x00007ff73b76e000 	c:\Users\DTFBKJK\.vscode\extensions\redhat.java-1.11.0-win32-x64\jre\17.0.4.1-win32-x86_64\bin\java.exe
0x00007ffa73150000 - 0x00007ffa73345000 	C:\WINDOWS\SYSTEM32\ntdll.dll
0x00007ffa72b30000 - 0x00007ffa72bee000 	C:\WINDOWS\System32\KERNEL32.DLL
0x00007ffa70e10000 - 0x00007ffa710d8000 	C:\WINDOWS\System32\KERNELBASE.dll
0x00007ffa70950000 - 0x00007ffa70a50000 	C:\WINDOWS\System32\ucrtbase.dll
0x00007ffa57cf0000 - 0x00007ffa57d08000 	c:\Users\DTFBKJK\.vscode\extensions\redhat.java-1.11.0-win32-x64\jre\17.0.4.1-win32-x86_64\bin\jli.dll
0x00007ffa711e0000 - 0x00007ffa71380000 	C:\WINDOWS\System32\USER32.dll
0x00007ffa70870000 - 0x00007ffa70892000 	C:\WINDOWS\System32\win32u.dll
0x00007ffa711b0000 - 0x00007ffa711db000 	C:\WINDOWS\System32\GDI32.dll
0x00007ffa70ac0000 - 0x00007ffa70bcb000 	C:\WINDOWS\System32\gdi32full.dll
0x00007ffa710e0000 - 0x00007ffa7117d000 	C:\WINDOWS\System32\msvcp_win.dll
0x00007ffa57e80000 - 0x00007ffa57e99000 	c:\Users\DTFBKJK\.vscode\extensions\redhat.java-1.11.0-win32-x64\jre\17.0.4.1-win32-x86_64\bin\VCRUNTIME140.dll
0x00007ffa64af0000 - 0x00007ffa64d8a000 	C:\WINDOWS\WinSxS\amd64_microsoft.windows.common-controls_6595b64144ccf1df_6.0.19041.1110_none_60b5254171f9507e\COMCTL32.dll
0x00007ffa72890000 - 0x00007ffa7292e000 	C:\WINDOWS\System32\msvcrt.dll
0x00007ffa72a70000 - 0x00007ffa72aa0000 	C:\WINDOWS\System32\IMM32.DLL
0x000000005daa0000 - 0x000000005daac000 	C:\Program Files (x86)\360\Total Security\safemon\SafeWrapper.dll
0x00007ffa72ea0000 - 0x00007ffa72f4e000 	C:\WINDOWS\System32\ADVAPI32.dll
0x00007ffa72e00000 - 0x00007ffa72e9c000 	C:\WINDOWS\System32\sechost.dll
0x00007ffa71380000 - 0x00007ffa714a5000 	C:\WINDOWS\System32\RPCRT4.dll
0x00007ffa57de0000 - 0x00007ffa57e72000 	C:\Program Files (x86)\360\Total Security\safemon\libzdtp64.dll
0x00007ffa72140000 - 0x00007ffa72884000 	C:\WINDOWS\System32\SHELL32.dll
0x00007ffa71c70000 - 0x00007ffa71cc5000 	C:\WINDOWS\System32\SHLWAPI.dll
0x00007ffa70320000 - 0x00007ffa7032a000 	C:\WINDOWS\SYSTEM32\VERSION.dll
0x00007ffa57ce0000 - 0x00007ffa57cec000 	c:\Users\DTFBKJK\.vscode\extensions\redhat.java-1.11.0-win32-x64\jre\17.0.4.1-win32-x86_64\bin\vcruntime140_1.dll
0x00007ffa29200000 - 0x00007ffa29291000 	c:\Users\DTFBKJK\.vscode\extensions\redhat.java-1.11.0-win32-x64\jre\17.0.4.1-win32-x86_64\bin\msvcp140.dll
0x00007ffa285b0000 - 0x00007ffa291f6000 	c:\Users\DTFBKJK\.vscode\extensions\redhat.java-1.11.0-win32-x64\jre\17.0.4.1-win32-x86_64\bin\server\jvm.dll
0x00007ffa71c60000 - 0x00007ffa71c68000 	C:\WINDOWS\System32\PSAPI.DLL
0x00007ffa5e600000 - 0x00007ffa5e609000 	C:\WINDOWS\SYSTEM32\WSOCK32.dll
0x00007ffa72930000 - 0x00007ffa7299b000 	C:\WINDOWS\System32\WS2_32.dll
0x00007ffa66c90000 - 0x00007ffa66cb7000 	C:\WINDOWS\SYSTEM32\WINMM.dll
0x00007ffa6e630000 - 0x00007ffa6e642000 	C:\WINDOWS\SYSTEM32\kernel.appcore.dll
0x00007ffa55530000 - 0x00007ffa5553a000 	c:\Users\DTFBKJK\.vscode\extensions\redhat.java-1.11.0-win32-x64\jre\17.0.4.1-win32-x86_64\bin\jimage.dll
0x00007ffa5d150000 - 0x00007ffa5d334000 	C:\WINDOWS\SYSTEM32\DBGHELP.DLL
0x00007ffa5ded0000 - 0x00007ffa5defc000 	C:\WINDOWS\SYSTEM32\dbgcore.DLL
0x00007ffa70bd0000 - 0x00007ffa70c52000 	C:\WINDOWS\System32\bcryptPrimitives.dll
0x00007ffa4e200000 - 0x00007ffa4e225000 	c:\Users\DTFBKJK\.vscode\extensions\redhat.java-1.11.0-win32-x64\jre\17.0.4.1-win32-x86_64\bin\java.dll
0x00007ffa48ee0000 - 0x00007ffa48ef8000 	c:\Users\DTFBKJK\.vscode\extensions\redhat.java-1.11.0-win32-x64\jre\17.0.4.1-win32-x86_64\bin\zip.dll
0x00007ffa6e910000 - 0x00007ffa6f0a4000 	C:\WINDOWS\SYSTEM32\windows.storage.dll
0x00007ffa71850000 - 0x00007ffa71ba4000 	C:\WINDOWS\System32\combase.dll
0x00007ffa70190000 - 0x00007ffa701bc000 	C:\WINDOWS\SYSTEM32\Wldp.dll
0x00007ffa71bb0000 - 0x00007ffa71c5d000 	C:\WINDOWS\System32\SHCORE.dll
0x00007ffa707b0000 - 0x00007ffa707cf000 	C:\WINDOWS\SYSTEM32\profapi.dll
0x00007ffa48ea0000 - 0x00007ffa48eb9000 	C:\Users\DTFBKJK\.vscode\extensions\redhat.java-1.11.0-win32-x64\jre\17.0.4.1-win32-x86_64\bin\net.dll
0x00007ffa634e0000 - 0x00007ffa635e9000 	C:\WINDOWS\SYSTEM32\WINHTTP.dll
0x00007ffa6fef0000 - 0x00007ffa6ff5a000 	C:\WINDOWS\system32\mswsock.dll
0x00007ffa304b0000 - 0x00007ffa304c5000 	C:\Users\DTFBKJK\.vscode\extensions\redhat.java-1.11.0-win32-x64\jre\17.0.4.1-win32-x86_64\bin\nio.dll
0x00007ffa4dad0000 - 0x00007ffa4dae0000 	c:\Users\DTFBKJK\.vscode\extensions\redhat.java-1.11.0-win32-x64\jre\17.0.4.1-win32-x86_64\bin\verify.dll
0x00007ffa4d780000 - 0x00007ffa4d789000 	C:\Users\DTFBKJK\.vscode\extensions\redhat.java-1.11.0-win32-x64\jre\17.0.4.1-win32-x86_64\bin\management.dll
0x00007ffa4a9a0000 - 0x00007ffa4a9ab000 	C:\Users\DTFBKJK\.vscode\extensions\redhat.java-1.11.0-win32-x64\jre\17.0.4.1-win32-x86_64\bin\management_ext.dll
0x00007ffa57ff0000 - 0x00007ffa58007000 	C:\WINDOWS\system32\napinsp.dll
0x00007ffa55900000 - 0x00007ffa5591b000 	C:\WINDOWS\system32\pnrpnsp.dll
0x00007ffa58090000 - 0x00007ffa580a5000 	C:\WINDOWS\system32\wshbth.dll
0x00007ffa6c560000 - 0x00007ffa6c57d000 	C:\WINDOWS\system32\NLAapi.dll
0x00007ffa6fbe0000 - 0x00007ffa6fc1b000 	C:\WINDOWS\SYSTEM32\IPHLPAPI.DLL
0x00007ffa6fc80000 - 0x00007ffa6fd4a000 	C:\WINDOWS\SYSTEM32\DNSAPI.dll
0x00007ffa73100000 - 0x00007ffa73108000 	C:\WINDOWS\System32\NSI.dll
0x00007ffa55570000 - 0x00007ffa55582000 	C:\WINDOWS\System32\winrnr.dll
0x00007ffa62070000 - 0x00007ffa6207a000 	C:\Windows\System32\rasadhlp.dll
0x00007ffa63170000 - 0x00007ffa631ef000 	C:\WINDOWS\System32\fwpuclnt.dll
0x00007ffa71180000 - 0x00007ffa711a7000 	C:\WINDOWS\System32\bcrypt.dll
0x00007ffa700e0000 - 0x00007ffa700f8000 	C:\WINDOWS\SYSTEM32\CRYPTSP.dll
0x00007ffa6f870000 - 0x00007ffa6f8a4000 	C:\WINDOWS\system32\rsaenh.dll
0x00007ffa70730000 - 0x00007ffa7075e000 	C:\WINDOWS\SYSTEM32\USERENV.dll
0x00007ffa70100000 - 0x00007ffa7010c000 	C:\WINDOWS\SYSTEM32\CRYPTBASE.dll
0x00007ffa659a0000 - 0x00007ffa659b7000 	C:\WINDOWS\SYSTEM32\dhcpcsvc6.DLL
0x00007ffa66d40000 - 0x00007ffa66d5d000 	C:\WINDOWS\SYSTEM32\dhcpcsvc.DLL

dbghelp: loaded successfully - version: 4.0.5 - missing functions: none
symbol engine: initialized successfully - sym options: 0x614 - pdb path: .;c:\Users\DTFBKJK\.vscode\extensions\redhat.java-1.11.0-win32-x64\jre\17.0.4.1-win32-x86_64\bin;C:\WINDOWS\SYSTEM32;C:\WINDOWS\WinSxS\amd64_microsoft.windows.common-controls_6595b64144ccf1df_6.0.19041.1110_none_60b5254171f9507e;C:\Program Files (x86)\360\Total Security\safemon;c:\Users\DTFBKJK\.vscode\extensions\redhat.java-1.11.0-win32-x64\jre\17.0.4.1-win32-x86_64\bin\server

VM Arguments:
jvm_args: -Dsts.lsp.client=vscode -Dsts.log.file=/dev/null -XX:TieredStopAtLevel=1 -Xlog:jni+resolve=off -Dspring.config.location=file:c:\Users\DTFBKJK\.vscode\extensions\pivotal.vscode-spring-boot-1.39.0\language-server\BOOT-INF\classes\application.properties 
java_command: org.springframework.ide.vscode.boot.app.BootLanguageServerBootApp
java_class_path (initial): c:\Users\DTFBKJK\.vscode\extensions\pivotal.vscode-spring-boot-1.39.0\language-server\BOOT-INF\classes;c:\Users\DTFBKJK\.vscode\extensions\pivotal.vscode-spring-boot-1.39.0\language-server\BOOT-INF\lib\annotations-23.0.0.jar;c:\Users\DTFBKJK\.vscode\extensions\pivotal.vscode-spring-boot-1.39.0\language-server\BOOT-INF\lib\antlr-runtime-3.5.2.jar;c:\Users\DTFBKJK\.vscode\extensions\pivotal.vscode-spring-boot-1.39.0\language-server\BOOT-INF\lib\antlr4-4.9.3.jar;c:\Users\DTFBKJK\.vscode\extensions\pivotal.vscode-spring-boot-1.39.0\language-server\BOOT-INF\lib\antlr4-runtime-4.9.3.jar;c:\Users\DTFBKJK\.vscode\extensions\pivotal.vscode-spring-boot-1.39.0\language-server\BOOT-INF\lib\asm-9.3.jar;c:\Users\DTFBKJK\.vscode\extensions\pivotal.vscode-spring-boot-1.39.0\language-server\BOOT-INF\lib\asm-analysis-9.3.jar;c:\Users\DTFBKJK\.vscode\extensions\pivotal.vscode-spring-boot-1.39.0\language-server\BOOT-INF\lib\asm-tree-9.3.jar;c:\Users\DTFBKJK\.vscode\extensions\pivotal.vscode-spring-boot-1.39.0\language-server\BOOT-INF\lib\asm-util-9.3.jar;c:\Users\DTFBKJK\.vscode\extensions\pivotal.vscode-spring-boot-1.39.0\language-server\BOOT-INF\lib\byte-buddy-1.12.13.jar;c:\Users\DTFBKJK\.vscode\extensions\pivotal.vscode-spring-boot-1.39.0\language-server\BOOT-INF\lib\caffeine-2.9.3.jar;c:\Users\DTFBKJK\.vscode\extensions\pivotal.vscode-spring-boot-1.39.0\language-server\BOOT-INF\lib\checker-qual-3.12.0.jar;c:\Users\DTFBKJK\.vscode\extensions\pivotal.vscode-spring-boot-1.39.0\language-server\BOOT-INF\lib\classgraph-4.8.149.jar;c:\Users\DTFBKJK\.vscode\extensions\pivotal.vscode-spring-boot-1.39.0\language-server\BOOT-INF\lib\commons-codec-1.15.jar;c:\Users\DTFBKJK\.vscode\extensions\pivotal.vscode-spring-boot-1.39.0\language-server\BOOT-INF\lib\commons-compress-1.21.jar;c:\Users\DTFBKJK\.vscode\extensions\pivotal.vscode-spring-boot-1.39.0\language-server\BOOT-INF\lib\commons-exec-1.3.jar;c:\Users\DTFBKJK\.vscode\extensions\pivotal.vscode-spring-boot-1.39.
Launcher Type: SUN_STANDARD

[Global flags]
     intx CICompilerCount                          = 3                                         {product} {ergonomic}
     uint ConcGCThreads                            = 1                                         {product} {ergonomic}
     uint G1ConcRefinementThreads                  = 4                                         {product} {ergonomic}
   size_t G1HeapRegionSize                         = 1048576                                   {product} {ergonomic}
    uintx GCDrainStackTargetSize                   = 64                                        {product} {ergonomic}
   size_t InitialHeapSize                          = 134217728                                 {product} {ergonomic}
   size_t MarkStackSize                            = 4194304                                   {product} {ergonomic}
   size_t MaxHeapSize                              = 2130706432                                {product} {ergonomic}
   size_t MaxNewSize                               = 1278214144                                {product} {ergonomic}
   size_t MinHeapDeltaBytes                        = 1048576                                   {product} {ergonomic}
   size_t MinHeapSize                              = 8388608                                   {product} {ergonomic}
    uintx NonProfiledCodeHeapSize                  = 0                                      {pd product} {ergonomic}
     bool ProfileInterpreter                       = false                                  {pd product} {command line}
    uintx ProfiledCodeHeapSize                     = 0                                      {pd product} {ergonomic}
   size_t SoftMaxHeapSize                          = 2130706432                             {manageable} {ergonomic}
     intx TieredStopAtLevel                        = 1                                         {product} {command line}
     bool UseCompressedClassPointers               = true                           {product lp64_product} {ergonomic}
     bool UseCompressedOops                        = true                           {product lp64_product} {ergonomic}
     bool UseG1GC                                  = true                                      {product} {ergonomic}
     bool UseLargePagesIndividualAllocation        = false                                  {pd product} {ergonomic}

Logging:
Log output configuration:
 #0: stdout all=warning,jni+resolve=off uptime,level,tags
 #1: stderr all=off uptime,level,tags

Environment Variables:
JAVA_HOME=C:\Program Files\Java\jdk-15.0.1
PATH=C:\Program Files\Python36\Scripts\;C:\Program Files\Python36\;C:\Program Files (x86)\NVIDIA Corporation\PhysX\Common;C:\Program Files\Common Files\Oracle\Java\javapath;C:\Program Files (x86)\Common Files\Oracle\Java\javapath;C:\WINDOWS\system32;C:\WINDOWS;C:\WINDOWS\System32\Wbem;C:\WINDOWS\System32\WindowsPowerShell\v1.0\;C:\WINDOWS\System32\OpenSSH\;C:\Program Files\Git\cmd;C:\Program Files\Java\jre1.8.0_271\bin;C:\src\flutter o i\flutter\bin;C:\Program Files\nodejs\;C:\ProgramData\chocolatey\bin;C:\xampp\php;C:\ProgramData\ComposerSetup\bin;C:\apache-maven-3.6.3\bin;C:\Program Files\Symfony;C:\Python36\Scripts\;C:\Users\DTFBKJK\AppData\Roaming\Python\Python36\Scripts;C:\Program Files\OpenSSL-Win64\bin;C:\Program Files\apache-maven-3.8.4-bin\apache-maven-3.8.4\bin;C:\sqlmap\sqlmapproject-sqlmap-e91b1a0;C:\Ruby30-x64\bin;C:\Users\DTFBKJK\AppData\Local\Programs\Python\Python310\Scripts\;C:\Users\DTFBKJK\AppData\Local\Programs\Python\Python310\;C:\Users\DTFBKJK\AppData\Local\Microsoft\WindowsApps;C:\Program Files\JetBrains\IntelliJ IDEA Community Edition 2019.2\bin;;C:\Program Files\Android\Android Studio\bin;C:\Users\DTFBKJK\AppData\Local\Programs\Microsoft VS Code\bin;C:\src\flutter o i\flutter\bin;C:\Users\DTFBKJK\AppData\Roaming\npm;C:\Users\DTFBKJK\AppData\Roaming\Composer\vendor\bin;C:\Users\DTFBKJK\AppData\Local\Android\Sdk;C:\Program Files\OpenSSL-Win64\bin;C:\sqlmap\sqlmapproject-sqlmap-e91b1a0;C:\Program Files\heroku\bin
USERNAME=DTFBKJK
OS=Windows_NT
PROCESSOR_IDENTIFIER=Intel64 Family 6 Model 69 Stepping 1, GenuineIntel
TMP=C:\Users\DTFBKJK\AppData\Local\Temp
TEMP=C:\Users\DTFBKJK\AppData\Local\Temp



---------------  S Y S T E M  ---------------

OS:
 Windows 10 , 64 bit Build 19041 (10.0.19041.1566)
OS uptime: 0 days 1:28 hours

CPU: total 4 (initial active 4) (2 cores per cpu, 2 threads per core) family 6 model 69 stepping 1 microcode 0x25, cx8, cmov, fxsr, ht, mmx, sse, sse2, sse3, ssse3, sse4.1, sse4.2, popcnt, lzcnt, tsc, tscinvbit, avx, avx2, aes, erms, clmul, bmi1, bmi2, fma, vzeroupper, clflush

Memory: 4k page, system-wide physical 8126M (989M free)
TotalPageFile size 9448M (AvailPageFile size 18M)
current process WorkingSet (physical memory assigned to process): 116M, peak: 837M
current process commit charge ("private bytes"): 273M, peak: 842M

vm_info: OpenJDK 64-Bit Server VM (17.0.4.1+1) for windows-amd64 JRE (17.0.4.1+1), built on Aug 17 2022 07:42:43 by "temurin" with MS VC++ 16.7 (VS2019)

END.
