#
# There is insufficient memory for the Java Runtime Environment to continue.
# Native memory allocation (mmap) failed to map 430964736 bytes for G1 virtual space
# Possible reasons:
#   The system is out of physical RAM or swap space
#   The process is running with CompressedOops enabled, and the Java Heap may be blocking the growth of the native heap
# Possible solutions:
#   Reduce memory load on the system
#   Increase physical memory or swap space
#   Check if swap backing store is full
#   Decrease Java heap size (-Xmx/-Xms)
#   Decrease number of Java threads
#   Decrease Java thread stack sizes (-Xss)
#   Set larger code cache with -XX:ReservedCodeCacheSize=
#   JVM is running with Unscaled Compressed Oops mode in which the Java heap is
#     placed in the first 4GB address space. The Java Heap base address is the
#     maximum limit for the native heap growth. Please use -XX:HeapBaseMinAddress
#     to set the Java Heap base and to place the Java Heap above 4GB virtual address.
# This output file may be truncated or incomplete.
#
#  Out of Memory Error (os_windows.cpp:3541), pid=21656, tid=22016
#
# JRE version: OpenJDK Runtime Environment Temurin-17.0.4.1+1 (17.0.4.1+1) (build 17.0.4.1+1)
# Java VM: OpenJDK 64-Bit Server VM Temurin-17.0.4.1+1 (17.0.4.1+1, mixed mode, emulated-client, tiered, compressed oops, compressed class ptrs, g1 gc, windows-amd64)
# No core dump will be written. Minidumps are not enabled by default on client versions of Windows
#

---------------  S U M M A R Y ------------

Command Line: -Dsts.lsp.client=vscode -Dsts.log.file=/dev/null -XX:TieredStopAtLevel=1 -Xlog:jni+resolve=off -Dspring.config.location=file:c:\Users\DTFBKJK\.vscode\extensions\pivotal.vscode-spring-boot-1.39.0\language-server\BOOT-INF\classes\application.properties org.springframework.ide.vscode.boot.app.BootLanguageServerBootApp

Host: Intel(R) Core(TM) i7-4510U CPU @ 2.00GHz, 4 cores, 7G,  Windows 10 , 64 bit Build 19041 (10.0.19041.1566)
Time: Wed Oct 26 20:09:00 2022 Afr. centrale Ouest elapsed time: 8.049952 seconds (0d 0h 0m 8s)

---------------  T H R E A D  ---------------

Current thread (0x0000023ae7b83e30):  VMThread "VM Thread" [stack: 0x000000a9c8600000,0x000000a9c8700000] [id=22016]

Stack: [0x000000a9c8600000,0x000000a9c8700000]
Native frames: (J=compiled Java code, j=interpreted, Vv=VM code, C=native code)
V  [jvm.dll+0x67731a]
V  [jvm.dll+0x832284]
V  [jvm.dll+0x833a2e]
V  [jvm.dll+0x834093]
V  [jvm.dll+0x245775]
V  [jvm.dll+0x674209]
V  [jvm.dll+0x668a92]
V  [jvm.dll+0x30471b]
V  [jvm.dll+0x30bc66]
V  [jvm.dll+0x35ba9e]
V  [jvm.dll+0x35bccf]
V  [jvm.dll+0x2db5b8]
V  [jvm.dll+0x2d986c]
V  [jvm.dll+0x2d8e3c]
V  [jvm.dll+0x31cd9b]
V  [jvm.dll+0x83853b]
V  [jvm.dll+0x839274]
V  [jvm.dll+0x83978c]
V  [jvm.dll+0x839b64]
V  [jvm.dll+0x839c30]
V  [jvm.dll+0x7e240a]
V  [jvm.dll+0x6761a5]
C  [ucrtbase.dll+0x21bb2]
C  [KERNEL32.DLL+0x17034]
C  [ntdll.dll+0x52651]

VM_Operation (0x000000a9c9ffe270): G1CollectForAllocation, mode: safepoint, requested by thread 0x0000023ae8d9b9c0


---------------  P R O C E S S  ---------------

Threads class SMR info:
_java_thread_list=0x0000023aeaa43fb0, length=33, elements={
0x0000023ae7b9b820, 0x0000023ae7b9d390, 0x0000023ae7bbc450, 0x0000023ae7bbcfd0,
0x0000023ae854e7c0, 0x0000023ae854f080, 0x0000023ae8550bd0, 0x0000023ae855a170,
0x0000023ae8778790, 0x0000023ae8789270, 0x0000023ae87bf370, 0x0000023ae9f0a460,
0x0000023aea1f5af0, 0x0000023ae8efb400, 0x0000023ae8cc4ac0, 0x0000023ae865d660,
0x0000023aea5fc230, 0x0000023aea5fc700, 0x0000023ae865eb40, 0x0000023ae865f010,
0x0000023ae8d9b9c0, 0x0000023ae8d9d6a0, 0x0000023ae8d9b4f0, 0x0000023ae8d9a1b0,
0x0000023ae8d9db70, 0x0000023ae8d9d1d0, 0x0000023ae8d9b020, 0x0000023ae8d9a680,
0x0000023ae8d9be90, 0x0000023ae8d9c360, 0x0000023ae8d9ab50, 0x0000023ae8d9c830,
0x0000023ae8d9cd00
}

Java Threads: ( => current thread )
  0x0000023ae7b9b820 JavaThread "Reference Handler" daemon [_thread_blocked, id=22024, stack(0x000000a9c8700000,0x000000a9c8800000)]
  0x0000023ae7b9d390 JavaThread "Finalizer" daemon [_thread_blocked, id=22036, stack(0x000000a9c8800000,0x000000a9c8900000)]
  0x0000023ae7bbc450 JavaThread "Signal Dispatcher" daemon [_thread_blocked, id=22028, stack(0x000000a9c8900000,0x000000a9c8a00000)]
  0x0000023ae7bbcfd0 JavaThread "Attach Listener" daemon [_thread_blocked, id=21476, stack(0x000000a9c8a00000,0x000000a9c8b00000)]
  0x0000023ae854e7c0 JavaThread "Service Thread" daemon [_thread_blocked, id=20868, stack(0x000000a9c8b00000,0x000000a9c8c00000)]
  0x0000023ae854f080 JavaThread "Monitor Deflation Thread" daemon [_thread_blocked, id=21816, stack(0x000000a9c8c00000,0x000000a9c8d00000)]
  0x0000023ae8550bd0 JavaThread "C1 CompilerThread0" daemon [_thread_blocked, id=22080, stack(0x000000a9c8d00000,0x000000a9c8e00000)]
  0x0000023ae855a170 JavaThread "Sweeper thread" daemon [_thread_blocked, id=7076, stack(0x000000a9c8e00000,0x000000a9c8f00000)]
  0x0000023ae8778790 JavaThread "Notification Thread" daemon [_thread_blocked, id=18612, stack(0x000000a9c8f00000,0x000000a9c9000000)]
  0x0000023ae8789270 JavaThread "Common-Cleaner" daemon [_thread_blocked, id=21768, stack(0x000000a9c9100000,0x000000a9c9200000)]
  0x0000023ae87bf370 JavaThread "C1 CompilerThread1" daemon [_thread_blocked, id=20296, stack(0x000000a9c9200000,0x000000a9c9300000)]
  0x0000023ae9f0a460 JavaThread "C1 CompilerThread2" daemon [_thread_blocked, id=21932, stack(0x000000a9c9600000,0x000000a9c9700000)]
  0x0000023aea1f5af0 JavaThread "boundedElastic-evictor-1" daemon [_thread_blocked, id=21968, stack(0x000000a9c9700000,0x000000a9c9800000)]
  0x0000023ae8efb400 JavaThread "ForkJoinPool.commonPool-worker-1" daemon [_thread_blocked, id=20564, stack(0x000000a9c9800000,0x000000a9c9900000)]
  0x0000023ae8cc4ac0 JavaThread "pool-9-thread-1" [_thread_blocked, id=19644, stack(0x000000a9c9900000,0x000000a9c9a00000)]
  0x0000023ae865d660 JavaThread "ClassGraph-worker-0" daemon [_thread_blocked, id=21612, stack(0x000000a9c9a00000,0x000000a9c9b00000)]
  0x0000023aea5fc230 JavaThread "ClassGraph-worker-1" daemon [_thread_blocked, id=21740, stack(0x000000a9c9b00000,0x000000a9c9c00000)]
  0x0000023aea5fc700 JavaThread "ClassGraph-worker-2" daemon [_thread_blocked, id=13532, stack(0x000000a9c9c00000,0x000000a9c9d00000)]
  0x0000023ae865eb40 JavaThread "ClassGraph-worker-3" daemon [_thread_blocked, id=21628, stack(0x000000a9c9d00000,0x000000a9c9e00000)]
  0x0000023ae865f010 JavaThread "ClassGraph-worker-4" daemon [_thread_blocked, id=16552, stack(0x000000a9c9e00000,0x000000a9c9f00000)]
  0x0000023ae8d9b9c0 JavaThread "ClassGraph-worker-5" daemon [_thread_blocked, id=21524, stack(0x000000a9c9f00000,0x000000a9ca000000)]
  0x0000023ae8d9d6a0 JavaThread "ClassGraph-worker-6" daemon [_thread_blocked, id=21800, stack(0x000000a9ca000000,0x000000a9ca100000)]
  0x0000023ae8d9b4f0 JavaThread "ClassGraph-worker-7" daemon [_thread_blocked, id=9184, stack(0x000000a9ca100000,0x000000a9ca200000)]
  0x0000023ae8d9a1b0 JavaThread "LanguageServerApp-lifecycle" [_thread_blocked, id=13792, stack(0x000000a9ca200000,0x000000a9ca300000)]
  0x0000023ae8d9db70 JavaThread "DestroyJavaVM" [_thread_blocked, id=21640, stack(0x000000a9c8000000,0x000000a9c8100000)]
  0x0000023ae8d9d1d0 JavaThread "pool-10-thread-1" [_thread_in_native, id=20668, stack(0x000000a9ca300000,0x000000a9ca400000)]
  0x0000023ae8d9b020 JavaThread "Simple-Language-Server main thread" daemon [_thread_blocked, id=18484, stack(0x000000a9ca400000,0x000000a9ca500000)]
  0x0000023ae8d9a680 JavaThread "parallel-1" daemon [_thread_blocked, id=18696, stack(0x000000a9ca500000,0x000000a9ca600000)]
  0x0000023ae8d9be90 JavaThread "pool-7-thread-1" [_thread_blocked, id=13760, stack(0x000000a9ca600000,0x000000a9ca700000)]
  0x0000023ae8d9c360 JavaThread "parallel-2" daemon [_thread_blocked, id=21728, stack(0x000000a9ca700000,0x000000a9ca800000)]
  0x0000023ae8d9ab50 JavaThread "parallel-3" daemon [_thread_blocked, id=17748, stack(0x000000a9ca800000,0x000000a9ca900000)]
  0x0000023ae8d9c830 JavaThread "parallel-4" daemon [_thread_blocked, id=16076, stack(0x000000a9ca900000,0x000000a9caa00000)]
  0x0000023ae8d9cd00 JavaThread "Reconciler-1" daemon [_thread_blocked, id=4512, stack(0x000000a9caa00000,0x000000a9cab00000)]

Other Threads:
=>0x0000023ae7b83e30 VMThread "VM Thread" [stack: 0x000000a9c8600000,0x000000a9c8700000] [id=22016]
  0x0000023ae8779080 WatcherThread [stack: 0x000000a9c9000000,0x000000a9c9100000] [id=21712]
  0x0000023ada8b56a0 GCTaskThread "GC Thread#0" [stack: 0x000000a9c8100000,0x000000a9c8200000] [id=21976]
  0x0000023ae8fd9810 GCTaskThread "GC Thread#1" [stack: 0x000000a9c9300000,0x000000a9c9400000] [id=21760]
  0x0000023ae8fd9ac0 GCTaskThread "GC Thread#2" [stack: 0x000000a9c9400000,0x000000a9c9500000] [id=22088]
  0x0000023ae9c118d0 GCTaskThread "GC Thread#3" [stack: 0x000000a9c9500000,0x000000a9c9600000] [id=22204]
  0x0000023ada8c62f0 ConcurrentGCThread "G1 Main Marker" [stack: 0x000000a9c8200000,0x000000a9c8300000] [id=21972]
  0x0000023ada8c6c10 ConcurrentGCThread "G1 Conc#0" [stack: 0x000000a9c8300000,0x000000a9c8400000] [id=20716]
  0x0000023ae79f20c0 ConcurrentGCThread "G1 Refine#0" [stack: 0x000000a9c8400000,0x000000a9c8500000] [id=22076]
  0x0000023aec227dd0 ConcurrentGCThread "G1 Refine#1" [stack: 0x000000a9cab00000,0x000000a9cac00000] [id=18792]
  0x0000023ae79f29f0 ConcurrentGCThread "G1 Service" [stack: 0x000000a9c8500000,0x000000a9c8600000] [id=21756]

Threads with active compile tasks:

VM state: at safepoint (normal execution)

VM Mutex/Monitor currently owned by a thread:  ([mutex/lock_event])
[0x0000023ad8e949e0] Threads_lock - owner thread: 0x0000023ae7b83e30
[0x0000023ad8f5be50] Heap_lock - owner thread: 0x0000023ae8d9b9c0

Heap address: 0x0000000081000000, size: 2032 MB, Compressed Oops mode: 32-bit

CDS archive(s) not mapped
Compressed class space mapped at: 0x0000000100000000-0x0000000140000000, reserved size: 1073741824
Narrow klass base: 0x0000000000000000, Narrow klass shift: 3, Narrow klass range: 0x140000000

GC Precious Log:
 CPUs: 4 total, 4 available
 Memory: 8126M
 Large Page Support: Disabled
 NUMA Support: Disabled
 Compressed Oops: Enabled (32-bit)
 Heap Region Size: 1M
 Heap Min Capacity: 8M
 Heap Initial Capacity: 128M
 Heap Max Capacity: 2032M
 Pre-touch: Disabled
 Parallel Workers: 4
 Concurrent Workers: 1
 Concurrent Refinement Workers: 4
 Periodic GC: Disabled

Heap:
 garbage-first heap   total 224256K, used 78348K [0x0000000081000000, 0x0000000100000000)
  region size 1024K, 8 young (8192K), 8 survivors (8192K)
 Metaspace       used 36692K, committed 36992K, reserved 1081344K
  class space    used 4781K, committed 4928K, reserved 1048576K

Heap Regions: E=young(eden), S=young(survivor), O=old, HS=humongous(starts), HC=humongous(continues), CS=collection set, F=free, OA=open archive, CA=closed archive, TAMS=top-at-mark-start (previous, next)
|   0|0x0000000081000000, 0x0000000081100000, 0x0000000081100000|100%| O|  |TAMS 0x0000000081100000, 0x0000000081000000| Untracked 
|   1|0x0000000081100000, 0x0000000081200000, 0x0000000081200000|100%| O|  |TAMS 0x0000000081200000, 0x0000000081100000| Untracked 
|   2|0x0000000081200000, 0x0000000081300000, 0x0000000081300000|100%| O|  |TAMS 0x0000000081300000, 0x0000000081200000| Untracked 
|   3|0x0000000081300000, 0x0000000081400000, 0x0000000081400000|100%| O|  |TAMS 0x0000000081400000, 0x0000000081300000| Untracked 
|   4|0x0000000081400000, 0x0000000081500000, 0x0000000081500000|100%| O|  |TAMS 0x0000000081500000, 0x0000000081400000| Untracked 
|   5|0x0000000081500000, 0x0000000081600000, 0x0000000081600000|100%| O|  |TAMS 0x0000000081600000, 0x0000000081500000| Untracked 
|   6|0x0000000081600000, 0x0000000081700000, 0x0000000081700000|100%| O|  |TAMS 0x0000000081700000, 0x0000000081600000| Untracked 
|   7|0x0000000081700000, 0x0000000081800000, 0x0000000081800000|100%| O|  |TAMS 0x0000000081800000, 0x0000000081700000| Untracked 
|   8|0x0000000081800000, 0x0000000081900000, 0x0000000081900000|100%| O|  |TAMS 0x0000000081900000, 0x0000000081800000| Untracked 
|   9|0x0000000081900000, 0x0000000081a00000, 0x0000000081a00000|100%| O|  |TAMS 0x0000000081a00000, 0x0000000081900000| Untracked 
|  10|0x0000000081a00000, 0x0000000081b00000, 0x0000000081b00000|100%| O|  |TAMS 0x0000000081b00000, 0x0000000081a00000| Untracked 
|  11|0x0000000081b00000, 0x0000000081c00000, 0x0000000081c00000|100%| O|  |TAMS 0x0000000081c00000, 0x0000000081b00000| Untracked 
|  12|0x0000000081c00000, 0x0000000081d00000, 0x0000000081d00000|100%| O|  |TAMS 0x0000000081d00000, 0x0000000081c00000| Untracked 
|  13|0x0000000081d00000, 0x0000000081e00000, 0x0000000081e00000|100%| O|  |TAMS 0x0000000081e00000, 0x0000000081d00000| Untracked 
|  14|0x0000000081e00000, 0x0000000081f00000, 0x0000000081f00000|100%| O|  |TAMS 0x0000000081f00000, 0x0000000081e00000| Untracked 
|  15|0x0000000081f00000, 0x0000000082000000, 0x0000000082000000|100%| O|  |TAMS 0x0000000082000000, 0x0000000081f00000| Untracked 
|  16|0x0000000082000000, 0x0000000082100000, 0x0000000082100000|100%| O|  |TAMS 0x0000000082100000, 0x0000000082000000| Untracked 
|  17|0x0000000082100000, 0x0000000082200000, 0x0000000082200000|100%| O|  |TAMS 0x0000000082200000, 0x0000000082100000| Untracked 
|  18|0x0000000082200000, 0x0000000082300000, 0x0000000082300000|100%| O|  |TAMS 0x0000000082300000, 0x0000000082200000| Untracked 
|  19|0x0000000082300000, 0x0000000082400000, 0x0000000082400000|100%| O|  |TAMS 0x0000000082400000, 0x0000000082300000| Untracked 
|  20|0x0000000082400000, 0x0000000082500000, 0x0000000082500000|100%| O|  |TAMS 0x0000000082500000, 0x0000000082400000| Untracked 
|  21|0x0000000082500000, 0x0000000082600000, 0x0000000082600000|100%| O|  |TAMS 0x0000000082600000, 0x0000000082500000| Untracked 
|  22|0x0000000082600000, 0x0000000082700000, 0x0000000082700000|100%| O|  |TAMS 0x0000000082700000, 0x0000000082600000| Untracked 
|  23|0x0000000082700000, 0x0000000082800000, 0x0000000082800000|100%| O|  |TAMS 0x0000000082800000, 0x0000000082700000| Untracked 
|  24|0x0000000082800000, 0x0000000082900000, 0x0000000082900000|100%| O|  |TAMS 0x0000000082900000, 0x0000000082800000| Untracked 
|  25|0x0000000082900000, 0x0000000082a00000, 0x0000000082a00000|100%| O|  |TAMS 0x0000000082a00000, 0x0000000082900000| Untracked 
|  26|0x0000000082a00000, 0x0000000082b00000, 0x0000000082b00000|100%| O|  |TAMS 0x0000000082b00000, 0x0000000082a00000| Untracked 
|  27|0x0000000082b00000, 0x0000000082c00000, 0x0000000082c00000|100%| O|  |TAMS 0x0000000082c00000, 0x0000000082b00000| Untracked 
|  28|0x0000000082c00000, 0x0000000082d00000, 0x0000000082d00000|100%| O|  |TAMS 0x0000000082d00000, 0x0000000082c00000| Untracked 
|  29|0x0000000082d00000, 0x0000000082e00000, 0x0000000082e00000|100%| O|  |TAMS 0x0000000082e00000, 0x0000000082d00000| Untracked 
|  30|0x0000000082e00000, 0x0000000082f00000, 0x0000000082f00000|100%| O|  |TAMS 0x0000000082f00000, 0x0000000082e00000| Untracked 
|  31|0x0000000082f00000, 0x0000000083000000, 0x0000000083000000|100%| O|  |TAMS 0x0000000083000000, 0x0000000082f00000| Untracked 
|  32|0x0000000083000000, 0x0000000083100000, 0x0000000083100000|100%| O|  |TAMS 0x0000000083100000, 0x0000000083000000| Untracked 
|  33|0x0000000083100000, 0x0000000083200000, 0x0000000083200000|100%| O|  |TAMS 0x0000000083200000, 0x0000000083100000| Untracked 
|  34|0x0000000083200000, 0x0000000083300000, 0x0000000083300000|100%| O|  |TAMS 0x0000000083300000, 0x0000000083200000| Untracked 
|  35|0x0000000083300000, 0x0000000083400000, 0x0000000083400000|100%| O|  |TAMS 0x0000000083400000, 0x0000000083300000| Untracked 
|  36|0x0000000083400000, 0x0000000083500000, 0x0000000083500000|100%| O|  |TAMS 0x0000000083500000, 0x0000000083400000| Untracked 
|  37|0x0000000083500000, 0x0000000083600000, 0x0000000083600000|100%| O|  |TAMS 0x0000000083600000, 0x0000000083500000| Untracked 
|  38|0x0000000083600000, 0x0000000083700000, 0x0000000083700000|100%| O|  |TAMS 0x0000000083700000, 0x0000000083600000| Untracked 
|  39|0x0000000083700000, 0x0000000083800000, 0x0000000083800000|100%| O|  |TAMS 0x0000000083800000, 0x0000000083700000| Untracked 
|  40|0x0000000083800000, 0x0000000083900000, 0x0000000083900000|100%| O|  |TAMS 0x0000000083900000, 0x0000000083800000| Untracked 
|  41|0x0000000083900000, 0x0000000083a00000, 0x0000000083a00000|100%| O|  |TAMS 0x0000000083a00000, 0x0000000083900000| Untracked 
|  42|0x0000000083a00000, 0x0000000083b00000, 0x0000000083b00000|100%| O|  |TAMS 0x0000000083ae6a00, 0x0000000083a00000| Untracked 
|  43|0x0000000083b00000, 0x0000000083c00000, 0x0000000083c00000|100%| O|  |TAMS 0x0000000083b00000, 0x0000000083b00000| Untracked 
|  44|0x0000000083c00000, 0x0000000083d00000, 0x0000000083d00000|100%| O|  |TAMS 0x0000000083c00000, 0x0000000083c00000| Untracked 
|  45|0x0000000083d00000, 0x0000000083e00000, 0x0000000083e00000|100%| O|  |TAMS 0x0000000083d00000, 0x0000000083d00000| Untracked 
|  46|0x0000000083e00000, 0x0000000083f00000, 0x0000000083f00000|100%| O|  |TAMS 0x0000000083e00000, 0x0000000083e00000| Untracked 
|  47|0x0000000083f00000, 0x0000000084000000, 0x0000000084000000|100%| O|  |TAMS 0x0000000083f00000, 0x0000000083f00000| Untracked 
|  48|0x0000000084000000, 0x0000000084100000, 0x0000000084100000|100%|HS|  |TAMS 0x0000000084000000, 0x0000000084000000| Complete 
|  49|0x0000000084100000, 0x0000000084200000, 0x0000000084200000|100%|HS|  |TAMS 0x0000000084100000, 0x0000000084100000| Complete 
|  50|0x0000000084200000, 0x0000000084300000, 0x0000000084300000|100%| O|  |TAMS 0x0000000084200000, 0x0000000084200000| Untracked 
|  51|0x0000000084300000, 0x0000000084400000, 0x0000000084400000|100%| O|  |TAMS 0x0000000084300000, 0x0000000084300000| Untracked 
|  52|0x0000000084400000, 0x0000000084500000, 0x0000000084500000|100%| O|  |TAMS 0x0000000084400000, 0x0000000084400000| Untracked 
|  53|0x0000000084500000, 0x0000000084600000, 0x0000000084600000|100%| O|  |TAMS 0x0000000084500000, 0x0000000084500000| Untracked 
|  54|0x0000000084600000, 0x0000000084700000, 0x0000000084700000|100%| O|  |TAMS 0x0000000084600000, 0x0000000084600000| Untracked 
|  55|0x0000000084700000, 0x0000000084800000, 0x0000000084800000|100%| O|  |TAMS 0x0000000084700000, 0x0000000084700000| Untracked 
|  56|0x0000000084800000, 0x0000000084900000, 0x0000000084900000|100%| O|  |TAMS 0x0000000084800000, 0x0000000084800000| Untracked 
|  57|0x0000000084900000, 0x0000000084a00000, 0x0000000084a00000|100%| O|  |TAMS 0x0000000084900000, 0x0000000084900000| Untracked 
|  58|0x0000000084a00000, 0x0000000084b00000, 0x0000000084b00000|100%| O|  |TAMS 0x0000000084a00000, 0x0000000084a00000| Untracked 
|  59|0x0000000084b00000, 0x0000000084c00000, 0x0000000084c00000|100%| O|  |TAMS 0x0000000084b00000, 0x0000000084b00000| Untracked 
|  60|0x0000000084c00000, 0x0000000084d00000, 0x0000000084d00000|100%| O|  |TAMS 0x0000000084c00000, 0x0000000084c00000| Untracked 
|  61|0x0000000084d00000, 0x0000000084e00000, 0x0000000084e00000|100%| O|  |TAMS 0x0000000084d00000, 0x0000000084d00000| Untracked 
|  62|0x0000000084e00000, 0x0000000084f00000, 0x0000000084f00000|100%| O|  |TAMS 0x0000000084e00000, 0x0000000084e00000| Untracked 
|  63|0x0000000084f00000, 0x0000000085000000, 0x0000000085000000|100%| O|  |TAMS 0x0000000084f00000, 0x0000000084f00000| Untracked 
|  64|0x0000000085000000, 0x0000000085100000, 0x0000000085100000|100%| O|  |TAMS 0x0000000085000000, 0x0000000085000000| Untracked 
|  65|0x0000000085100000, 0x0000000085200000, 0x0000000085200000|100%| O|  |TAMS 0x0000000085100000, 0x0000000085100000| Untracked 
|  66|0x0000000085200000, 0x0000000085300000, 0x0000000085300000|100%| O|  |TAMS 0x0000000085200000, 0x0000000085200000| Untracked 
|  67|0x0000000085300000, 0x0000000085400000, 0x0000000085400000|100%| O|  |TAMS 0x0000000085300000, 0x0000000085300000| Untracked 
|  68|0x0000000085400000, 0x0000000085500000, 0x0000000085500000|100%| O|  |TAMS 0x0000000085400000, 0x0000000085400000| Untracked 
|  69|0x0000000085500000, 0x000000008553ba00, 0x0000000085600000| 23%| O|  |TAMS 0x0000000085500000, 0x0000000085500000| Untracked 
|  70|0x0000000085600000, 0x0000000085600000, 0x0000000085700000|  0%| F|  |TAMS 0x0000000085600000, 0x0000000085600000| Untracked 
|  71|0x0000000085700000, 0x0000000085700000, 0x0000000085800000|  0%| F|  |TAMS 0x0000000085700000, 0x0000000085700000| Untracked 
|  72|0x0000000085800000, 0x0000000085800000, 0x0000000085900000|  0%| F|  |TAMS 0x0000000085800000, 0x0000000085800000| Untracked 
|  73|0x0000000085900000, 0x0000000085900000, 0x0000000085a00000|  0%| F|  |TAMS 0x0000000085900000, 0x0000000085900000| Untracked 
|  74|0x0000000085a00000, 0x0000000085a00000, 0x0000000085b00000|  0%| F|  |TAMS 0x0000000085a00000, 0x0000000085a00000| Untracked 
|  75|0x0000000085b00000, 0x0000000085b00000, 0x0000000085c00000|  0%| F|  |TAMS 0x0000000085b00000, 0x0000000085b00000| Untracked 
|  76|0x0000000085c00000, 0x0000000085c00000, 0x0000000085d00000|  0%| F|  |TAMS 0x0000000085c00000, 0x0000000085c00000| Untracked 
|  77|0x0000000085d00000, 0x0000000085d00000, 0x0000000085e00000|  0%| F|  |TAMS 0x0000000085d00000, 0x0000000085d00000| Untracked 
|  78|0x0000000085e00000, 0x0000000085e00000, 0x0000000085f00000|  0%| F|  |TAMS 0x0000000085e00000, 0x0000000085e00000| Untracked 
|  79|0x0000000085f00000, 0x0000000085f00000, 0x0000000086000000|  0%| F|  |TAMS 0x0000000085f00000, 0x0000000085f00000| Untracked 
|  80|0x0000000086000000, 0x0000000086000000, 0x0000000086100000|  0%| F|  |TAMS 0x0000000086000000, 0x0000000086000000| Untracked 
|  81|0x0000000086100000, 0x0000000086100000, 0x0000000086200000|  0%| F|  |TAMS 0x0000000086100000, 0x0000000086100000| Untracked 
|  82|0x0000000086200000, 0x0000000086200000, 0x0000000086300000|  0%| F|  |TAMS 0x0000000086200000, 0x0000000086200000| Untracked 
|  83|0x0000000086300000, 0x0000000086300000, 0x0000000086400000|  0%| F|  |TAMS 0x0000000086300000, 0x0000000086300000| Untracked 
|  84|0x0000000086400000, 0x0000000086400000, 0x0000000086500000|  0%| F|  |TAMS 0x0000000086400000, 0x0000000086400000| Untracked 
|  85|0x0000000086500000, 0x0000000086500000, 0x0000000086600000|  0%| F|  |TAMS 0x0000000086500000, 0x0000000086500000| Untracked 
|  86|0x0000000086600000, 0x0000000086600000, 0x0000000086700000|  0%| F|  |TAMS 0x0000000086600000, 0x0000000086600000| Untracked 
|  87|0x0000000086700000, 0x0000000086700000, 0x0000000086800000|  0%| F|  |TAMS 0x0000000086700000, 0x0000000086700000| Untracked 
|  88|0x0000000086800000, 0x0000000086800000, 0x0000000086900000|  0%| F|  |TAMS 0x0000000086800000, 0x0000000086800000| Untracked 
|  89|0x0000000086900000, 0x0000000086900000, 0x0000000086a00000|  0%| F|  |TAMS 0x0000000086900000, 0x0000000086900000| Untracked 
|  90|0x0000000086a00000, 0x0000000086a00000, 0x0000000086b00000|  0%| F|  |TAMS 0x0000000086a00000, 0x0000000086a00000| Untracked 
|  91|0x0000000086b00000, 0x0000000086b00000, 0x0000000086c00000|  0%| F|  |TAMS 0x0000000086b00000, 0x0000000086b00000| Untracked 
|  92|0x0000000086c00000, 0x0000000086c00000, 0x0000000086d00000|  0%| F|  |TAMS 0x0000000086c00000, 0x0000000086c00000| Untracked 
|  93|0x0000000086d00000, 0x0000000086d00000, 0x0000000086e00000|  0%| F|  |TAMS 0x0000000086d00000, 0x0000000086d00000| Untracked 
|  94|0x0000000086e00000, 0x0000000086e00000, 0x0000000086f00000|  0%| F|  |TAMS 0x0000000086e00000, 0x0000000086e00000| Untracked 
|  95|0x0000000086f00000, 0x0000000086f00000, 0x0000000087000000|  0%| F|  |TAMS 0x0000000086f00000, 0x0000000086f00000| Untracked 
|  96|0x0000000087000000, 0x0000000087000000, 0x0000000087100000|  0%| F|  |TAMS 0x0000000087000000, 0x0000000087000000| Untracked 
|  97|0x0000000087100000, 0x0000000087100000, 0x0000000087200000|  0%| F|  |TAMS 0x0000000087100000, 0x0000000087100000| Untracked 
|  98|0x0000000087200000, 0x0000000087200000, 0x0000000087300000|  0%| F|  |TAMS 0x0000000087200000, 0x0000000087200000| Untracked 
|  99|0x0000000087300000, 0x0000000087300000, 0x0000000087400000|  0%| F|  |TAMS 0x0000000087300000, 0x0000000087300000| Untracked 
| 100|0x0000000087400000, 0x0000000087400000, 0x0000000087500000|  0%| F|  |TAMS 0x0000000087400000, 0x0000000087400000| Untracked 
| 101|0x0000000087500000, 0x0000000087500000, 0x0000000087600000|  0%| F|  |TAMS 0x0000000087500000, 0x0000000087500000| Untracked 
| 102|0x0000000087600000, 0x0000000087600000, 0x0000000087700000|  0%| F|  |TAMS 0x0000000087600000, 0x0000000087600000| Untracked 
| 103|0x0000000087700000, 0x0000000087747918, 0x0000000087800000| 27%| S|CS|TAMS 0x0000000087700000, 0x0000000087700000| Complete 
| 104|0x0000000087800000, 0x0000000087900000, 0x0000000087900000|100%| S|CS|TAMS 0x0000000087800000, 0x0000000087800000| Complete 
| 105|0x0000000087900000, 0x0000000087a00000, 0x0000000087a00000|100%| S|CS|TAMS 0x0000000087900000, 0x0000000087900000| Complete 
| 106|0x0000000087a00000, 0x0000000087b00000, 0x0000000087b00000|100%| S|CS|TAMS 0x0000000087a00000, 0x0000000087a00000| Complete 
| 107|0x0000000087b00000, 0x0000000087c00000, 0x0000000087c00000|100%| S|CS|TAMS 0x0000000087b00000, 0x0000000087b00000| Complete 
| 108|0x0000000087c00000, 0x0000000087d00000, 0x0000000087d00000|100%| S|CS|TAMS 0x0000000087c00000, 0x0000000087c00000| Complete 
| 109|0x0000000087d00000, 0x0000000087e00000, 0x0000000087e00000|100%| S|CS|TAMS 0x0000000087d00000, 0x0000000087d00000| Complete 
| 110|0x0000000087e00000, 0x0000000087f00000, 0x0000000087f00000|100%| S|CS|TAMS 0x0000000087e00000, 0x0000000087e00000| Complete 
| 111|0x0000000087f00000, 0x0000000087f00000, 0x0000000088000000|  0%| F|  |TAMS 0x0000000087f00000, 0x0000000087f00000| Untracked 
| 112|0x0000000088000000, 0x0000000088000000, 0x0000000088100000|  0%| F|  |TAMS 0x0000000088000000, 0x0000000088000000| Untracked 
| 113|0x0000000088100000, 0x0000000088100000, 0x0000000088200000|  0%| F|  |TAMS 0x0000000088100000, 0x0000000088100000| Untracked 
| 114|0x0000000088200000, 0x0000000088200000, 0x0000000088300000|  0%| F|  |TAMS 0x0000000088200000, 0x0000000088200000| Untracked 
| 115|0x0000000088300000, 0x0000000088300000, 0x0000000088400000|  0%| F|  |TAMS 0x0000000088300000, 0x0000000088300000| Untracked 
| 116|0x0000000088400000, 0x0000000088400000, 0x0000000088500000|  0%| F|  |TAMS 0x0000000088400000, 0x0000000088400000| Untracked 
| 117|0x0000000088500000, 0x0000000088500000, 0x0000000088600000|  0%| F|  |TAMS 0x0000000088500000, 0x0000000088500000| Untracked 
| 118|0x0000000088600000, 0x0000000088600000, 0x0000000088700000|  0%| F|  |TAMS 0x0000000088600000, 0x0000000088600000| Untracked 
| 119|0x0000000088700000, 0x0000000088700000, 0x0000000088800000|  0%| F|  |TAMS 0x0000000088700000, 0x0000000088700000| Untracked 
| 120|0x0000000088800000, 0x0000000088800000, 0x0000000088900000|  0%| F|  |TAMS 0x0000000088800000, 0x0000000088800000| Untracked 
| 121|0x0000000088900000, 0x0000000088900000, 0x0000000088a00000|  0%| F|  |TAMS 0x0000000088900000, 0x0000000088900000| Untracked 
| 122|0x0000000088a00000, 0x0000000088a00000, 0x0000000088b00000|  0%| F|  |TAMS 0x0000000088a00000, 0x0000000088a00000| Untracked 
| 123|0x0000000088b00000, 0x0000000088b00000, 0x0000000088c00000|  0%| F|  |TAMS 0x0000000088b00000, 0x0000000088b00000| Untracked 
| 124|0x0000000088c00000, 0x0000000088c00000, 0x0000000088d00000|  0%| F|  |TAMS 0x0000000088c00000, 0x0000000088c00000| Untracked 
| 125|0x0000000088d00000, 0x0000000088d00000, 0x0000000088e00000|  0%| F|  |TAMS 0x0000000088d00000, 0x0000000088d00000| Untracked 
| 126|0x0000000088e00000, 0x0000000088e00000, 0x0000000088f00000|  0%| F|  |TAMS 0x0000000088e00000, 0x0000000088e00000| Untracked 
| 127|0x0000000088f00000, 0x0000000088f00000, 0x0000000089000000|  0%| F|  |TAMS 0x0000000088f00000, 0x0000000088f00000| Untracked 
| 128|0x0000000089000000, 0x0000000089000000, 0x0000000089100000|  0%| F|  |TAMS 0x0000000089000000, 0x0000000089000000| Untracked 
| 129|0x0000000089100000, 0x0000000089100000, 0x0000000089200000|  0%| F|  |TAMS 0x0000000089100000, 0x0000000089100000| Untracked 
| 130|0x0000000089200000, 0x0000000089200000, 0x0000000089300000|  0%| F|  |TAMS 0x0000000089200000, 0x0000000089200000| Untracked 
| 131|0x0000000089300000, 0x0000000089300000, 0x0000000089400000|  0%| F|  |TAMS 0x0000000089300000, 0x0000000089300000| Untracked 
| 132|0x0000000089400000, 0x0000000089400000, 0x0000000089500000|  0%| F|  |TAMS 0x0000000089400000, 0x0000000089400000| Untracked 
| 133|0x0000000089500000, 0x0000000089500000, 0x0000000089600000|  0%| F|  |TAMS 0x0000000089500000, 0x0000000089500000| Untracked 
| 134|0x0000000089600000, 0x0000000089600000, 0x0000000089700000|  0%| F|  |TAMS 0x0000000089600000, 0x0000000089600000| Untracked 
| 135|0x0000000089700000, 0x0000000089700000, 0x0000000089800000|  0%| F|  |TAMS 0x0000000089700000, 0x0000000089700000| Untracked 
| 136|0x0000000089800000, 0x0000000089800000, 0x0000000089900000|  0%| F|  |TAMS 0x0000000089800000, 0x0000000089800000| Untracked 
| 137|0x0000000089900000, 0x0000000089900000, 0x0000000089a00000|  0%| F|  |TAMS 0x0000000089900000, 0x0000000089900000| Untracked 
| 138|0x0000000089a00000, 0x0000000089a00000, 0x0000000089b00000|  0%| F|  |TAMS 0x0000000089a00000, 0x0000000089a00000| Untracked 
| 139|0x0000000089b00000, 0x0000000089b00000, 0x0000000089c00000|  0%| F|  |TAMS 0x0000000089b00000, 0x0000000089b00000| Untracked 
| 140|0x0000000089c00000, 0x0000000089c00000, 0x0000000089d00000|  0%| F|  |TAMS 0x0000000089c00000, 0x0000000089c00000| Untracked 
| 141|0x0000000089d00000, 0x0000000089d00000, 0x0000000089e00000|  0%| F|  |TAMS 0x0000000089d00000, 0x0000000089d00000| Untracked 
| 142|0x0000000089e00000, 0x0000000089e00000, 0x0000000089f00000|  0%| F|  |TAMS 0x0000000089e00000, 0x0000000089e00000| Untracked 
| 143|0x0000000089f00000, 0x0000000089f00000, 0x000000008a000000|  0%| F|  |TAMS 0x0000000089f00000, 0x0000000089f00000| Untracked 
| 144|0x000000008a000000, 0x000000008a000000, 0x000000008a100000|  0%| F|  |TAMS 0x000000008a000000, 0x000000008a000000| Untracked 
| 145|0x000000008a100000, 0x000000008a100000, 0x000000008a200000|  0%| F|  |TAMS 0x000000008a100000, 0x000000008a100000| Untracked 
| 146|0x000000008a200000, 0x000000008a200000, 0x000000008a300000|  0%| F|  |TAMS 0x000000008a200000, 0x000000008a200000| Untracked 
| 147|0x000000008a300000, 0x000000008a300000, 0x000000008a400000|  0%| F|  |TAMS 0x000000008a300000, 0x000000008a300000| Untracked 
| 148|0x000000008a400000, 0x000000008a400000, 0x000000008a500000|  0%| F|  |TAMS 0x000000008a400000, 0x000000008a400000| Untracked 
| 149|0x000000008a500000, 0x000000008a500000, 0x000000008a600000|  0%| F|  |TAMS 0x000000008a500000, 0x000000008a500000| Untracked 
| 150|0x000000008a600000, 0x000000008a600000, 0x000000008a700000|  0%| F|  |TAMS 0x000000008a600000, 0x000000008a600000| Untracked 
| 151|0x000000008a700000, 0x000000008a700000, 0x000000008a800000|  0%| F|  |TAMS 0x000000008a700000, 0x000000008a700000| Untracked 
| 152|0x000000008a800000, 0x000000008a800000, 0x000000008a900000|  0%| F|  |TAMS 0x000000008a800000, 0x000000008a800000| Untracked 
| 153|0x000000008a900000, 0x000000008a900000, 0x000000008aa00000|  0%| F|  |TAMS 0x000000008a900000, 0x000000008a900000| Untracked 
| 154|0x000000008aa00000, 0x000000008aa00000, 0x000000008ab00000|  0%| F|  |TAMS 0x000000008aa00000, 0x000000008aa00000| Untracked 
| 155|0x000000008ab00000, 0x000000008ab00000, 0x000000008ac00000|  0%| F|  |TAMS 0x000000008ab00000, 0x000000008ab00000| Untracked 
| 156|0x000000008ac00000, 0x000000008ac00000, 0x000000008ad00000|  0%| F|  |TAMS 0x000000008ac00000, 0x000000008ac00000| Untracked 
| 157|0x000000008ad00000, 0x000000008ad00000, 0x000000008ae00000|  0%| F|  |TAMS 0x000000008ad00000, 0x000000008ad00000| Untracked 
| 158|0x000000008ae00000, 0x000000008ae00000, 0x000000008af00000|  0%| F|  |TAMS 0x000000008ae00000, 0x000000008ae00000| Untracked 
| 159|0x000000008af00000, 0x000000008af00000, 0x000000008b000000|  0%| F|  |TAMS 0x000000008af00000, 0x000000008af00000| Untracked 
| 160|0x000000008b000000, 0x000000008b000000, 0x000000008b100000|  0%| F|  |TAMS 0x000000008b000000, 0x000000008b000000| Untracked 
| 161|0x000000008b100000, 0x000000008b100000, 0x000000008b200000|  0%| F|  |TAMS 0x000000008b100000, 0x000000008b100000| Untracked 
| 162|0x000000008b200000, 0x000000008b200000, 0x000000008b300000|  0%| F|  |TAMS 0x000000008b200000, 0x000000008b200000| Untracked 
| 163|0x000000008b300000, 0x000000008b300000, 0x000000008b400000|  0%| F|  |TAMS 0x000000008b300000, 0x000000008b300000| Untracked 
| 164|0x000000008b400000, 0x000000008b400000, 0x000000008b500000|  0%| F|  |TAMS 0x000000008b400000, 0x000000008b400000| Untracked 
| 165|0x000000008b500000, 0x000000008b500000, 0x000000008b600000|  0%| F|  |TAMS 0x000000008b500000, 0x000000008b500000| Untracked 
| 166|0x000000008b600000, 0x000000008b600000, 0x000000008b700000|  0%| F|  |TAMS 0x000000008b600000, 0x000000008b600000| Untracked 
| 167|0x000000008b700000, 0x000000008b700000, 0x000000008b800000|  0%| F|  |TAMS 0x000000008b700000, 0x000000008b700000| Untracked 
| 168|0x000000008b800000, 0x000000008b800000, 0x000000008b900000|  0%| F|  |TAMS 0x000000008b800000, 0x000000008b800000| Untracked 
| 169|0x000000008b900000, 0x000000008b900000, 0x000000008ba00000|  0%| F|  |TAMS 0x000000008b900000, 0x000000008b900000| Untracked 
| 170|0x000000008ba00000, 0x000000008ba00000, 0x000000008bb00000|  0%| F|  |TAMS 0x000000008ba00000, 0x000000008ba00000| Untracked 
| 171|0x000000008bb00000, 0x000000008bb00000, 0x000000008bc00000|  0%| F|  |TAMS 0x000000008bb00000, 0x000000008bb00000| Untracked 
| 172|0x000000008bc00000, 0x000000008bc00000, 0x000000008bd00000|  0%| F|  |TAMS 0x000000008bc00000, 0x000000008bc00000| Untracked 
| 173|0x000000008bd00000, 0x000000008bd00000, 0x000000008be00000|  0%| F|  |TAMS 0x000000008bd00000, 0x000000008bd00000| Untracked 
| 174|0x000000008be00000, 0x000000008be00000, 0x000000008bf00000|  0%| F|  |TAMS 0x000000008be00000, 0x000000008be00000| Untracked 
| 175|0x000000008bf00000, 0x000000008bf00000, 0x000000008c000000|  0%| F|  |TAMS 0x000000008bf00000, 0x000000008bf00000| Untracked 
| 176|0x000000008c000000, 0x000000008c000000, 0x000000008c100000|  0%| F|  |TAMS 0x000000008c000000, 0x000000008c000000| Untracked 
| 177|0x000000008c100000, 0x000000008c100000, 0x000000008c200000|  0%| F|  |TAMS 0x000000008c100000, 0x000000008c100000| Untracked 
| 178|0x000000008c200000, 0x000000008c200000, 0x000000008c300000|  0%| F|  |TAMS 0x000000008c200000, 0x000000008c200000| Untracked 
| 179|0x000000008c300000, 0x000000008c300000, 0x000000008c400000|  0%| F|  |TAMS 0x000000008c300000, 0x000000008c300000| Untracked 
| 180|0x000000008c400000, 0x000000008c400000, 0x000000008c500000|  0%| F|  |TAMS 0x000000008c400000, 0x000000008c400000| Untracked 
| 181|0x000000008c500000, 0x000000008c500000, 0x000000008c600000|  0%| F|  |TAMS 0x000000008c500000, 0x000000008c500000| Untracked 
| 182|0x000000008c600000, 0x000000008c600000, 0x000000008c700000|  0%| F|  |TAMS 0x000000008c600000, 0x000000008c600000| Untracked 
| 183|0x000000008c700000, 0x000000008c700000, 0x000000008c800000|  0%| F|  |TAMS 0x000000008c700000, 0x000000008c700000| Untracked 
| 184|0x000000008c800000, 0x000000008c800000, 0x000000008c900000|  0%| F|  |TAMS 0x000000008c800000, 0x000000008c800000| Untracked 
| 185|0x000000008c900000, 0x000000008c900000, 0x000000008ca00000|  0%| F|  |TAMS 0x000000008c900000, 0x000000008c900000| Untracked 
| 186|0x000000008ca00000, 0x000000008ca00000, 0x000000008cb00000|  0%| F|  |TAMS 0x000000008ca00000, 0x000000008ca00000| Untracked 
| 187|0x000000008cb00000, 0x000000008cb00000, 0x000000008cc00000|  0%| F|  |TAMS 0x000000008cb00000, 0x000000008cb00000| Untracked 
| 188|0x000000008cc00000, 0x000000008cc00000, 0x000000008cd00000|  0%| F|  |TAMS 0x000000008cc00000, 0x000000008cc00000| Untracked 
| 189|0x000000008cd00000, 0x000000008cd00000, 0x000000008ce00000|  0%| F|  |TAMS 0x000000008cd00000, 0x000000008cd00000| Untracked 
| 190|0x000000008ce00000, 0x000000008ce00000, 0x000000008cf00000|  0%| F|  |TAMS 0x000000008ce00000, 0x000000008ce00000| Untracked 
| 191|0x000000008cf00000, 0x000000008cf00000, 0x000000008d000000|  0%| F|  |TAMS 0x000000008cf00000, 0x000000008cf00000| Untracked 
| 192|0x000000008d000000, 0x000000008d000000, 0x000000008d100000|  0%| F|  |TAMS 0x000000008d000000, 0x000000008d000000| Untracked 
| 193|0x000000008d100000, 0x000000008d100000, 0x000000008d200000|  0%| F|  |TAMS 0x000000008d100000, 0x000000008d100000| Untracked 
| 194|0x000000008d200000, 0x000000008d200000, 0x000000008d300000|  0%| F|  |TAMS 0x000000008d200000, 0x000000008d200000| Untracked 
| 195|0x000000008d300000, 0x000000008d300000, 0x000000008d400000|  0%| F|  |TAMS 0x000000008d300000, 0x000000008d300000| Untracked 
| 196|0x000000008d400000, 0x000000008d400000, 0x000000008d500000|  0%| F|  |TAMS 0x000000008d400000, 0x000000008d400000| Untracked 
| 197|0x000000008d500000, 0x000000008d500000, 0x000000008d600000|  0%| F|  |TAMS 0x000000008d500000, 0x000000008d500000| Untracked 
| 198|0x000000008d600000, 0x000000008d600000, 0x000000008d700000|  0%| F|  |TAMS 0x000000008d600000, 0x000000008d600000| Untracked 
| 199|0x000000008d700000, 0x000000008d700000, 0x000000008d800000|  0%| F|  |TAMS 0x000000008d700000, 0x000000008d700000| Untracked 
| 200|0x000000008d800000, 0x000000008d800000, 0x000000008d900000|  0%| F|  |TAMS 0x000000008d800000, 0x000000008d800000| Untracked 
| 201|0x000000008d900000, 0x000000008d900000, 0x000000008da00000|  0%| F|  |TAMS 0x000000008d900000, 0x000000008d900000| Untracked 
| 202|0x000000008da00000, 0x000000008da00000, 0x000000008db00000|  0%| F|  |TAMS 0x000000008da00000, 0x000000008da00000| Untracked 
| 203|0x000000008db00000, 0x000000008db00000, 0x000000008dc00000|  0%| F|  |TAMS 0x000000008db00000, 0x000000008db00000| Untracked 
| 204|0x000000008dc00000, 0x000000008dc00000, 0x000000008dd00000|  0%| F|  |TAMS 0x000000008dc00000, 0x000000008dc00000| Untracked 
| 205|0x000000008dd00000, 0x000000008dd00000, 0x000000008de00000|  0%| F|  |TAMS 0x000000008dd00000, 0x000000008dd00000| Untracked 
| 206|0x000000008de00000, 0x000000008de00000, 0x000000008df00000|  0%| F|  |TAMS 0x000000008de00000, 0x000000008de00000| Untracked 
| 207|0x000000008df00000, 0x000000008df00000, 0x000000008e000000|  0%| F|  |TAMS 0x000000008df00000, 0x000000008df00000| Untracked 
| 208|0x000000008e000000, 0x000000008e000000, 0x000000008e100000|  0%| F|  |TAMS 0x000000008e000000, 0x000000008e000000| Untracked 
| 209|0x000000008e100000, 0x000000008e100000, 0x000000008e200000|  0%| F|  |TAMS 0x000000008e100000, 0x000000008e100000| Untracked 
| 210|0x000000008e200000, 0x000000008e200000, 0x000000008e300000|  0%| F|  |TAMS 0x000000008e200000, 0x000000008e200000| Untracked 
| 211|0x000000008e300000, 0x000000008e300000, 0x000000008e400000|  0%| F|  |TAMS 0x000000008e300000, 0x000000008e300000| Untracked 
| 212|0x000000008e400000, 0x000000008e400000, 0x000000008e500000|  0%| F|  |TAMS 0x000000008e400000, 0x000000008e400000| Untracked 
| 213|0x000000008e500000, 0x000000008e500000, 0x000000008e600000|  0%| F|  |TAMS 0x000000008e500000, 0x000000008e500000| Untracked 
| 214|0x000000008e600000, 0x000000008e600000, 0x000000008e700000|  0%| F|  |TAMS 0x000000008e600000, 0x000000008e600000| Untracked 
| 215|0x000000008e700000, 0x000000008e700000, 0x000000008e800000|  0%| F|  |TAMS 0x000000008e700000, 0x000000008e700000| Untracked 
| 216|0x000000008e800000, 0x000000008e800000, 0x000000008e900000|  0%| F|  |TAMS 0x000000008e800000, 0x000000008e800000| Untracked 
| 217|0x000000008e900000, 0x000000008e900000, 0x000000008ea00000|  0%| F|  |TAMS 0x000000008e900000, 0x000000008e900000| Untracked 
| 218|0x000000008ea00000, 0x000000008ea00000, 0x000000008eb00000|  0%| F|  |TAMS 0x000000008ea00000, 0x000000008ea00000| Untracked 

Card table byte_map: [0x0000023ae0da0000,0x0000023ae11a0000] _byte_map_base: 0x0000023ae0998000

Marking Bits (Prev, Next): (CMBitMap*) 0x0000023ada8b5c00, (CMBitMap*) 0x0000023ada8b5bc0
 Prev Bits: [0x0000023ae3560000, 0x0000023ae5520000)
 Next Bits: [0x0000023ae15a0000, 0x0000023ae3560000)

Polling page: 0x0000023ada910000

Metaspace:

Usage:
  Non-class:     31.16 MB used.
      Class:      4.67 MB used.
       Both:     35.83 MB used.

Virtual space:
  Non-class space:       32.00 MB reserved,      31.31 MB ( 98%) committed,  4 nodes.
      Class space:        1.00 GB reserved,       4.81 MB ( <1%) committed,  1 nodes.
             Both:        1.03 GB reserved,      36.12 MB (  3%) committed. 

Chunk freelists:
   Non-Class:  272.00 KB
       Class:  3.14 MB
        Both:  3.41 MB

MaxMetaspaceSize: unlimited
CompressedClassSpaceSize: 1.00 GB
Initial GC threshold: 21.00 MB
Current GC threshold: 59.94 MB
CDS: off
MetaspaceReclaimPolicy: balanced
 - commit_granule_bytes: 65536.
 - commit_granule_words: 8192.
 - virtual_space_node_default_size: 1048576.
 - enlarge_chunks_in_place: 1.
 - new_chunks_are_fully_committed: 0.
 - uncommit_free_chunks: 1.
 - use_allocation_guard: 0.
 - handle_deallocations: 1.


Internal statistics:

num_allocs_failed_limit: 3.
num_arena_births: 344.
num_arena_deaths: 0.
num_vsnodes_births: 5.
num_vsnodes_deaths: 0.
num_space_committed: 578.
num_space_uncommitted: 0.
num_chunks_returned_to_freelist: 3.
num_chunks_taken_from_freelist: 1424.
num_chunk_merges: 3.
num_chunk_splits: 968.
num_chunks_enlarged: 740.
num_purges: 0.
num_inconsistent_stats: 0.

CodeCache: size=49152Kb used=8800Kb max_used=8800Kb free=40351Kb
 bounds [0x0000023add500000, 0x0000023addda0000, 0x0000023ae0500000]
 total_blobs=4431 nmethods=3906 adapters=450
 compilation: enabled
              stopped_count=0, restarted_count=0
 full_count=0

Compilation events (20 events):
Event: 7.772 Thread 0x0000023ae9f0a460 3896       1       jdk.internal.module.SystemModuleFinders$SystemModuleReader::open (15 bytes)
Event: 7.772 Thread 0x0000023ae87bf370 nmethod 3890 0x0000023addd8e210 code [0x0000023addd8e4c0, 0x0000023addd8ef78]
Event: 7.772 Thread 0x0000023ae87bf370 3891       1       jdk.internal.jimage.decompressor.ZipDecompressor::decompress (10 bytes)
Event: 7.772 Thread 0x0000023ae87bf370 nmethod 3891 0x0000023addd8f590 code [0x0000023addd8f720, 0x0000023addd8f808]
Event: 7.773 Thread 0x0000023ae9f0a460 nmethod 3896 0x0000023addd8f890 code [0x0000023addd8faa0, 0x0000023addd90068]
Event: 7.777 Thread 0x0000023ae8550bd0 nmethod 3889 0x0000023addd90390 code [0x0000023addd90bc0, 0x0000023addd93708]
Event: 7.777 Thread 0x0000023ae8550bd0 3900       1       nonapi.io.github.classgraph.utils.ProxyingInputStream::<init> (10 bytes)
Event: 7.778 Thread 0x0000023ae8550bd0 nmethod 3900 0x0000023addd95190 code [0x0000023addd95320, 0x0000023addd95438]
Event: 7.790 Thread 0x0000023ae9f0a460 3901  s!   1       jdk.internal.loader.URLClassPath::getLoader (196 bytes)
Event: 7.791 Thread 0x0000023ae9f0a460 nmethod 3901 0x0000023addd95810 code [0x0000023addd95ac0, 0x0000023addd964d8]
Event: 7.993 Thread 0x0000023ae9f0a460 3902       1       java.util.jar.Attributes::entrySet (10 bytes)
Event: 7.993 Thread 0x0000023ae9f0a460 nmethod 3902 0x0000023addd96e10 code [0x0000023addd96fa0, 0x0000023addd97088]
Event: 7.993 Thread 0x0000023ae87bf370 3903       1       java.security.MessageDigest::reset (10 bytes)
Event: 7.993 Thread 0x0000023ae87bf370 nmethod 3903 0x0000023addd97110 code [0x0000023addd972a0, 0x0000023addd973a8]
Event: 7.993 Thread 0x0000023ae8550bd0 3904       1       java.security.MessageDigest$Delegate::engineReset (8 bytes)
Event: 7.993 Thread 0x0000023ae8550bd0 nmethod 3904 0x0000023addd97490 code [0x0000023addd97620, 0x0000023addd97708]
Event: 7.993 Thread 0x0000023ae9f0a460 3905       1       java.util.Base64::getMimeDecoder (4 bytes)
Event: 7.993 Thread 0x0000023ae9f0a460 nmethod 3905 0x0000023addd97790 code [0x0000023addd97920, 0x0000023addd979d8]
Event: 7.993 Thread 0x0000023ae87bf370 3906       1       java.util.Base64$Decoder::decode (12 bytes)
Event: 7.994 Thread 0x0000023ae87bf370 nmethod 3906 0x0000023addd97a90 code [0x0000023addd97c60, 0x0000023addd98018]

GC Heap History (20 events):
Event: 6.725 GC heap after
{Heap after GC invocations=14 (full 0):
 garbage-first heap   total 91136K, used 34037K [0x0000000081000000, 0x0000000100000000)
  region size 1024K, 2 young (2048K), 2 survivors (2048K)
 Metaspace       used 34703K, committed 35072K, reserved 1081344K
  class space    used 4435K, committed 4608K, reserved 1048576K
}
Event: 6.887 GC heap before
{Heap before GC invocations=15 (full 0):
 garbage-first heap   total 91136K, used 65781K [0x0000000081000000, 0x0000000100000000)
  region size 1024K, 33 young (33792K), 2 survivors (2048K)
 Metaspace       used 35349K, committed 35712K, reserved 1081344K
  class space    used 4555K, committed 4736K, reserved 1048576K
}
Event: 6.897 GC heap after
{Heap after GC invocations=16 (full 0):
 garbage-first heap   total 91136K, used 39375K [0x0000000081000000, 0x0000000100000000)
  region size 1024K, 5 young (5120K), 5 survivors (5120K)
 Metaspace       used 35349K, committed 35712K, reserved 1081344K
  class space    used 4555K, committed 4736K, reserved 1048576K
}
Event: 6.901 GC heap before
{Heap before GC invocations=16 (full 0):
 garbage-first heap   total 91136K, used 40399K [0x0000000081000000, 0x0000000100000000)
  region size 1024K, 6 young (6144K), 5 survivors (5120K)
 Metaspace       used 35357K, committed 35712K, reserved 1081344K
  class space    used 4557K, committed 4736K, reserved 1048576K
}
Event: 6.907 GC heap after
{Heap after GC invocations=17 (full 0):
 garbage-first heap   total 91136K, used 40683K [0x0000000081000000, 0x0000000100000000)
  region size 1024K, 1 young (1024K), 1 survivors (1024K)
 Metaspace       used 35357K, committed 35712K, reserved 1081344K
  class space    used 4557K, committed 4736K, reserved 1048576K
}
Event: 7.451 GC heap before
{Heap before GC invocations=17 (full 0):
 garbage-first heap   total 91136K, used 67307K [0x0000000081000000, 0x0000000100000000)
  region size 1024K, 27 young (27648K), 1 survivors (1024K)
 Metaspace       used 36321K, committed 36672K, reserved 1081344K
  class space    used 4745K, committed 4928K, reserved 1048576K
}
Event: 7.462 GC heap after
{Heap after GC invocations=18 (full 0):
 garbage-first heap   total 91136K, used 48026K [0x0000000081000000, 0x0000000100000000)
  region size 1024K, 4 young (4096K), 4 survivors (4096K)
 Metaspace       used 36321K, committed 36672K, reserved 1081344K
  class space    used 4745K, committed 4928K, reserved 1048576K
}
Event: 7.542 GC heap before
{Heap before GC invocations=18 (full 0):
 garbage-first heap   total 91136K, used 52122K [0x0000000081000000, 0x0000000100000000)
  region size 1024K, 10 young (10240K), 4 survivors (4096K)
 Metaspace       used 36401K, committed 36736K, reserved 1081344K
  class space    used 4753K, committed 4928K, reserved 1048576K
}
Event: 7.551 GC heap after
{Heap after GC invocations=19 (full 0):
 garbage-first heap   total 91136K, used 50530K [0x0000000081000000, 0x0000000100000000)
  region size 1024K, 3 young (3072K), 3 survivors (3072K)
 Metaspace       used 36401K, committed 36736K, reserved 1081344K
  class space    used 4753K, committed 4928K, reserved 1048576K
}
Event: 7.652 GC heap before
{Heap before GC invocations=19 (full 0):
 garbage-first heap   total 91136K, used 69986K [0x0000000081000000, 0x0000000100000000)
  region size 1024K, 21 young (21504K), 3 survivors (3072K)
 Metaspace       used 36482K, committed 36800K, reserved 1081344K
  class space    used 4755K, committed 4928K, reserved 1048576K
}
Event: 7.671 GC heap after
{Heap after GC invocations=20 (full 0):
 garbage-first heap   total 224256K, used 61631K [0x0000000081000000, 0x0000000100000000)
  region size 1024K, 3 young (3072K), 3 survivors (3072K)
 Metaspace       used 36482K, committed 36800K, reserved 1081344K
  class space    used 4755K, committed 4928K, reserved 1048576K
}
Event: 7.825 GC heap before
{Heap before GC invocations=21 (full 0):
 garbage-first heap   total 215040K, used 146623K [0x0000000081000000, 0x0000000100000000)
  region size 1024K, 87 young (89088K), 3 survivors (3072K)
 Metaspace       used 36674K, committed 36992K, reserved 1081344K
  class space    used 4779K, committed 4928K, reserved 1048576K
}
Event: 7.851 GC heap after
{Heap after GC invocations=22 (full 0):
 garbage-first heap   total 215040K, used 67594K [0x0000000081000000, 0x0000000100000000)
  region size 1024K, 9 young (9216K), 9 survivors (9216K)
 Metaspace       used 36674K, committed 36992K, reserved 1081344K
  class space    used 4779K, committed 4928K, reserved 1048576K
}
Event: 7.852 GC heap before
{Heap before GC invocations=22 (full 0):
 garbage-first heap   total 215040K, used 68618K [0x0000000081000000, 0x0000000100000000)
  region size 1024K, 10 young (10240K), 9 survivors (9216K)
 Metaspace       used 36674K, committed 36992K, reserved 1081344K
  class space    used 4779K, committed 4928K, reserved 1048576K
}
Event: 7.871 GC heap after
{Heap after GC invocations=23 (full 0):
 garbage-first heap   total 215040K, used 68610K [0x0000000081000000, 0x0000000100000000)
  region size 1024K, 2 young (2048K), 2 survivors (2048K)
 Metaspace       used 36674K, committed 36992K, reserved 1081344K
  class space    used 4779K, committed 4928K, reserved 1048576K
}
Event: 7.915 GC heap before
{Heap before GC invocations=23 (full 0):
 garbage-first heap   total 215040K, used 153602K [0x0000000081000000, 0x0000000100000000)
  region size 1024K, 86 young (88064K), 2 survivors (2048K)
 Metaspace       used 36674K, committed 36992K, reserved 1081344K
  class space    used 4779K, committed 4928K, reserved 1048576K
}
Event: 7.919 GC heap after
{Heap after GC invocations=24 (full 0):
 garbage-first heap   total 215040K, used 71031K [0x0000000081000000, 0x0000000100000000)
  region size 1024K, 4 young (4096K), 4 survivors (4096K)
 Metaspace       used 36674K, committed 36992K, reserved 1081344K
  class space    used 4779K, committed 4928K, reserved 1048576K
}
Event: 7.983 GC heap before
{Heap before GC invocations=24 (full 0):
 garbage-first heap   total 215040K, used 157047K [0x0000000081000000, 0x0000000100000000)
  region size 1024K, 89 young (91136K), 4 survivors (4096K)
 Metaspace       used 36674K, committed 36992K, reserved 1081344K
  class space    used 4779K, committed 4928K, reserved 1048576K
}
Event: 7.990 GC heap after
{Heap after GC invocations=25 (full 0):
 garbage-first heap   total 215040K, used 75016K [0x0000000081000000, 0x0000000100000000)
  region size 1024K, 8 young (8192K), 8 survivors (8192K)
 Metaspace       used 36674K, committed 36992K, reserved 1081344K
  class space    used 4779K, committed 4928K, reserved 1048576K
}
Event: 8.038 GC heap before
{Heap before GC invocations=25 (full 0):
 garbage-first heap   total 215040K, used 167176K [0x0000000081000000, 0x0000000100000000)
  region size 1024K, 99 young (101376K), 8 survivors (8192K)
 Metaspace       used 36692K, committed 36992K, reserved 1081344K
  class space    used 4781K, committed 4928K, reserved 1048576K
}

Deoptimization events (12 events):
Event: 3.905 Thread 0x0000023ada85d0f0 DEOPT PACKING pc=0x0000023add93f619 sp=0x000000a9c80fd2b0
Event: 3.905 Thread 0x0000023ada85d0f0 DEOPT UNPACKING pc=0x0000023add552b43 sp=0x000000a9c80fc790 mode 3
Event: 5.889 Thread 0x0000023ada85d0f0 DEOPT PACKING pc=0x0000023addb3fc99 sp=0x000000a9c80fc690
Event: 5.890 Thread 0x0000023ada85d0f0 DEOPT UNPACKING pc=0x0000023add552b43 sp=0x000000a9c80fbb70 mode 3
Event: 6.025 Thread 0x0000023ae8efb400 DEOPT PACKING pc=0x0000023addb90dab sp=0x000000a9c98fe4b0
Event: 6.025 Thread 0x0000023ae8efb400 DEOPT UNPACKING pc=0x0000023add552b43 sp=0x000000a9c98fd9f8 mode 3
Event: 6.488 Thread 0x0000023aea5fc230 DEOPT PACKING pc=0x0000023add93e481 sp=0x000000a9c9bff030
Event: 6.488 Thread 0x0000023aea5fc230 DEOPT UNPACKING pc=0x0000023add552b43 sp=0x000000a9c9bfe4c0 mode 3
Event: 6.809 Thread 0x0000023ae8d9b020 DEOPT PACKING pc=0x0000023addcd9a35 sp=0x000000a9ca4fdf70
Event: 6.809 Thread 0x0000023ae8d9b020 DEOPT UNPACKING pc=0x0000023add552b43 sp=0x000000a9ca4fd498 mode 3
Event: 7.092 Thread 0x0000023ae8d9c830 DEOPT PACKING pc=0x0000023add93c017 sp=0x000000a9ca9ff120
Event: 7.092 Thread 0x0000023ae8d9c830 DEOPT UNPACKING pc=0x0000023add552b43 sp=0x000000a9ca9fe578 mode 3

Classes unloaded (0 events):
No events

Classes redefined (0 events):
No events

Internal exceptions (20 events):
Event: 6.085 Thread 0x0000023aea5fc230 Exception <a 'sun/nio/fs/WindowsException'{0x00000000836355d0}> (0x00000000836355d0) 
thrown [s\src\hotspot\share\prims\jni.cpp, line 516]
Event: 6.085 Thread 0x0000023aea5fc230 Exception <a 'sun/nio/fs/WindowsException'{0x00000000836359b8}> (0x00000000836359b8) 
thrown [s\src\hotspot\share\prims\jni.cpp, line 516]
Event: 6.085 Thread 0x0000023aea5fc230 Exception <a 'sun/nio/fs/WindowsException'{0x00000000836363b8}> (0x00000000836363b8) 
thrown [s\src\hotspot\share\prims\jni.cpp, line 516]
Event: 6.086 Thread 0x0000023aea5fc230 Exception <a 'sun/nio/fs/WindowsException'{0x0000000083636768}> (0x0000000083636768) 
thrown [s\src\hotspot\share\prims\jni.cpp, line 516]
Event: 6.086 Thread 0x0000023aea5fc230 Exception <a 'sun/nio/fs/WindowsException'{0x0000000083637170}> (0x0000000083637170) 
thrown [s\src\hotspot\share\prims\jni.cpp, line 516]
Event: 6.086 Thread 0x0000023aea5fc230 Exception <a 'sun/nio/fs/WindowsException'{0x0000000083637530}> (0x0000000083637530) 
thrown [s\src\hotspot\share\prims\jni.cpp, line 516]
Event: 6.086 Thread 0x0000023aea5fc230 Exception <a 'sun/nio/fs/WindowsException'{0x0000000083637f30}> (0x0000000083637f30) 
thrown [s\src\hotspot\share\prims\jni.cpp, line 516]
Event: 6.086 Thread 0x0000023aea5fc230 Exception <a 'sun/nio/fs/WindowsException'{0x00000000836382e8}> (0x00000000836382e8) 
thrown [s\src\hotspot\share\prims\jni.cpp, line 516]
Event: 6.086 Thread 0x0000023aea5fc230 Exception <a 'sun/nio/fs/WindowsException'{0x0000000083638cf0}> (0x0000000083638cf0) 
thrown [s\src\hotspot\share\prims\jni.cpp, line 516]
Event: 6.086 Thread 0x0000023aea5fc230 Exception <a 'sun/nio/fs/WindowsException'{0x00000000836390b0}> (0x00000000836390b0) 
thrown [s\src\hotspot\share\prims\jni.cpp, line 516]
Event: 6.086 Thread 0x0000023aea5fc230 Exception <a 'sun/nio/fs/WindowsException'{0x0000000083639ad8}> (0x0000000083639ad8) 
thrown [s\src\hotspot\share\prims\jni.cpp, line 516]
Event: 6.087 Thread 0x0000023aea5fc230 Exception <a 'sun/nio/fs/WindowsException'{0x0000000083639ec0}> (0x0000000083639ec0) 
thrown [s\src\hotspot\share\prims\jni.cpp, line 516]
Event: 6.087 Thread 0x0000023aea5fc230 Exception <a 'sun/nio/fs/WindowsException'{0x000000008363a8f8}> (0x000000008363a8f8) 
thrown [s\src\hotspot\share\prims\jni.cpp, line 516]
Event: 6.087 Thread 0x0000023aea5fc230 Exception <a 'sun/nio/fs/WindowsException'{0x000000008363acf8}> (0x000000008363acf8) 
thrown [s\src\hotspot\share\prims\jni.cpp, line 516]
Event: 6.087 Thread 0x0000023aea5fc230 Exception <a 'sun/nio/fs/WindowsException'{0x000000008363b728}> (0x000000008363b728) 
thrown [s\src\hotspot\share\prims\jni.cpp, line 516]
Event: 6.087 Thread 0x0000023aea5fc230 Exception <a 'sun/nio/fs/WindowsException'{0x000000008363bb18}> (0x000000008363bb18) 
thrown [s\src\hotspot\share\prims\jni.cpp, line 516]
Event: 6.797 Thread 0x0000023ae8d9d1d0 Exception <a 'java/lang/NoSuchMethodError'{0x0000000085c79b28}: 'java.lang.Object java.lang.invoke.DirectMethodHandle$Holder.invokeStatic(java.lang.Object, java.lang.Object, java.lang.Object, int, java.lang.Object, java.lang.Object)'> (0x0000000085c79b28) 
thrown [s\src\hotspot\share\interpreter\linkResolver.cpp, line 759]
Event: 6.805 Thread 0x0000023ae8d9b020 Exception <a 'java/lang/NoSuchMethodError'{0x0000000085bcea20}: 'java.lang.Object java.lang.invoke.DirectMethodHandle$Holder.invokeStatic(java.lang.Object, int, java.lang.Object)'> (0x0000000085bcea20) 
thrown [s\src\hotspot\share\interpreter\linkResolver.cpp, line 759]
Event: 7.082 Thread 0x0000023ae8d9cd00 Exception <a 'java/lang/NoSuchMethodError'{0x000000008558d778}: 'int java.lang.invoke.DirectMethodHandle$Holder.invokeStatic(java.lang.Object)'> (0x000000008558d778) 
thrown [s\src\hotspot\share\interpreter\linkResolver.cpp, line 759]
Event: 7.082 Thread 0x0000023ae8d9cd00 Exception <a 'java/lang/NoSuchMethodError'{0x0000000085590b78}: 'int java.lang.invoke.DirectMethodHandle$Holder.invokeStaticInit(java.lang.Object)'> (0x0000000085590b78) 
thrown [s\src\hotspot\share\interpreter\linkResolver.cpp, line 759]

VM Operations (20 events):
Event: 7.780 Executing VM operation: HandshakeAllThreads done
Event: 7.785 Executing VM operation: HandshakeAllThreads
Event: 7.786 Executing VM operation: HandshakeAllThreads done
Event: 7.825 Executing VM operation: G1CollectForAllocation
Event: 7.825 Executing VM operation: G1CollectForAllocation done
Event: 7.825 Executing VM operation: G1CollectForAllocation
Event: 7.851 Executing VM operation: G1CollectForAllocation done
Event: 7.852 Executing VM operation: G1CollectForAllocation
Event: 7.872 Executing VM operation: G1CollectForAllocation done
Event: 7.915 Executing VM operation: G1CollectForAllocation
Event: 7.915 Executing VM operation: G1CollectForAllocation done
Event: 7.915 Executing VM operation: G1CollectForAllocation
Event: 7.919 Executing VM operation: G1CollectForAllocation done
Event: 7.960 Executing VM operation: G1CollectForAllocation
Event: 7.983 Executing VM operation: G1CollectForAllocation done
Event: 7.983 Executing VM operation: G1CollectForAllocation
Event: 7.990 Executing VM operation: G1CollectForAllocation done
Event: 8.038 Executing VM operation: G1CollectForAllocation
Event: 8.038 Executing VM operation: G1CollectForAllocation done
Event: 8.038 Executing VM operation: G1CollectForAllocation

Events (20 events):
Event: 6.845 loading class java/util/concurrent/atomic/AtomicLongFieldUpdater$CASUpdater$1
Event: 6.845 loading class java/util/concurrent/atomic/AtomicLongFieldUpdater$CASUpdater$1 done
Event: 6.851 Thread 0x0000023ae8d9a680 Thread added: 0x0000023ae8d9a680
Event: 6.853 Thread 0x0000023ae8d9be90 Thread added: 0x0000023ae8d9be90
Event: 6.854 Thread 0x0000023ae8d9c360 Thread added: 0x0000023ae8d9c360
Event: 6.855 Thread 0x0000023ae8d9ab50 Thread added: 0x0000023ae8d9ab50
Event: 6.856 Thread 0x0000023ae8d9c830 Thread added: 0x0000023ae8d9c830
Event: 6.865 loading class java/util/concurrent/ConcurrentHashMap$ValueSpliterator
Event: 6.865 loading class java/util/concurrent/ConcurrentHashMap$ValueSpliterator done
Event: 6.976 Thread 0x0000023ae8d9cd00 Thread added: 0x0000023ae8d9cd00
Event: 7.153 loading class java/util/regex/Pattern$1
Event: 7.153 loading class java/util/regex/Pattern$1 done
Event: 7.193 loading class java/util/concurrent/CompletableFuture$UniExceptionally
Event: 7.194 loading class java/util/concurrent/CompletableFuture$UniExceptionally done
Event: 7.194 loading class java/util/concurrent/CompletableFuture$UniApply
Event: 7.194 loading class java/util/concurrent/CompletableFuture$UniApply done
Event: 7.199 loading class jdk/internal/vm/annotation/ForceInline
Event: 7.199 loading class jdk/internal/vm/annotation/ForceInline done
Event: 7.241 loading class java/util/stream/Nodes$SpinedNodeBuilder
Event: 7.242 loading class java/util/stream/Nodes$SpinedNodeBuilder done


Dynamic libraries:
0x00007ff73b760000 - 0x00007ff73b76e000 	c:\Users\DTFBKJK\.vscode\extensions\redhat.java-1.11.0-win32-x64\jre\17.0.4.1-win32-x86_64\bin\java.exe
0x00007ffa73150000 - 0x00007ffa73345000 	C:\WINDOWS\SYSTEM32\ntdll.dll
0x00007ffa72b30000 - 0x00007ffa72bee000 	C:\WINDOWS\System32\KERNEL32.DLL
0x00007ffa70e10000 - 0x00007ffa710d8000 	C:\WINDOWS\System32\KERNELBASE.dll
0x00007ffa70950000 - 0x00007ffa70a50000 	C:\WINDOWS\System32\ucrtbase.dll
0x00007ffa57cf0000 - 0x00007ffa57d08000 	c:\Users\DTFBKJK\.vscode\extensions\redhat.java-1.11.0-win32-x64\jre\17.0.4.1-win32-x86_64\bin\jli.dll
0x00007ffa711e0000 - 0x00007ffa71380000 	C:\WINDOWS\System32\USER32.dll
0x00007ffa70870000 - 0x00007ffa70892000 	C:\WINDOWS\System32\win32u.dll
0x00007ffa711b0000 - 0x00007ffa711db000 	C:\WINDOWS\System32\GDI32.dll
0x00007ffa70ac0000 - 0x00007ffa70bcb000 	C:\WINDOWS\System32\gdi32full.dll
0x00007ffa710e0000 - 0x00007ffa7117d000 	C:\WINDOWS\System32\msvcp_win.dll
0x00007ffa57e80000 - 0x00007ffa57e99000 	c:\Users\DTFBKJK\.vscode\extensions\redhat.java-1.11.0-win32-x64\jre\17.0.4.1-win32-x86_64\bin\VCRUNTIME140.dll
0x00007ffa64af0000 - 0x00007ffa64d8a000 	C:\WINDOWS\WinSxS\amd64_microsoft.windows.common-controls_6595b64144ccf1df_6.0.19041.1110_none_60b5254171f9507e\COMCTL32.dll
0x00007ffa72890000 - 0x00007ffa7292e000 	C:\WINDOWS\System32\msvcrt.dll
0x00007ffa72a70000 - 0x00007ffa72aa0000 	C:\WINDOWS\System32\IMM32.DLL
0x000000005daa0000 - 0x000000005daac000 	C:\Program Files (x86)\360\Total Security\safemon\SafeWrapper.dll
0x00007ffa72ea0000 - 0x00007ffa72f4e000 	C:\WINDOWS\System32\ADVAPI32.dll
0x00007ffa72e00000 - 0x00007ffa72e9c000 	C:\WINDOWS\System32\sechost.dll
0x00007ffa71380000 - 0x00007ffa714a5000 	C:\WINDOWS\System32\RPCRT4.dll
0x00007ffa57de0000 - 0x00007ffa57e72000 	C:\Program Files (x86)\360\Total Security\safemon\libzdtp64.dll
0x00007ffa72140000 - 0x00007ffa72884000 	C:\WINDOWS\System32\SHELL32.dll
0x00007ffa71c70000 - 0x00007ffa71cc5000 	C:\WINDOWS\System32\SHLWAPI.dll
0x00007ffa70320000 - 0x00007ffa7032a000 	C:\WINDOWS\SYSTEM32\VERSION.dll
0x00007ffa57ce0000 - 0x00007ffa57cec000 	c:\Users\DTFBKJK\.vscode\extensions\redhat.java-1.11.0-win32-x64\jre\17.0.4.1-win32-x86_64\bin\vcruntime140_1.dll
0x00007ffa29200000 - 0x00007ffa29291000 	c:\Users\DTFBKJK\.vscode\extensions\redhat.java-1.11.0-win32-x64\jre\17.0.4.1-win32-x86_64\bin\msvcp140.dll
0x00007ffa285b0000 - 0x00007ffa291f6000 	c:\Users\DTFBKJK\.vscode\extensions\redhat.java-1.11.0-win32-x64\jre\17.0.4.1-win32-x86_64\bin\server\jvm.dll
0x00007ffa71c60000 - 0x00007ffa71c68000 	C:\WINDOWS\System32\PSAPI.DLL
0x00007ffa5e600000 - 0x00007ffa5e609000 	C:\WINDOWS\SYSTEM32\WSOCK32.dll
0x00007ffa72930000 - 0x00007ffa7299b000 	C:\WINDOWS\System32\WS2_32.dll
0x00007ffa66c90000 - 0x00007ffa66cb7000 	C:\WINDOWS\SYSTEM32\WINMM.dll
0x00007ffa6e630000 - 0x00007ffa6e642000 	C:\WINDOWS\SYSTEM32\kernel.appcore.dll
0x00007ffa55530000 - 0x00007ffa5553a000 	c:\Users\DTFBKJK\.vscode\extensions\redhat.java-1.11.0-win32-x64\jre\17.0.4.1-win32-x86_64\bin\jimage.dll
0x00007ffa5d150000 - 0x00007ffa5d334000 	C:\WINDOWS\SYSTEM32\DBGHELP.DLL
0x00007ffa5ded0000 - 0x00007ffa5defc000 	C:\WINDOWS\SYSTEM32\dbgcore.DLL
0x00007ffa70bd0000 - 0x00007ffa70c52000 	C:\WINDOWS\System32\bcryptPrimitives.dll
0x00007ffa4e200000 - 0x00007ffa4e225000 	c:\Users\DTFBKJK\.vscode\extensions\redhat.java-1.11.0-win32-x64\jre\17.0.4.1-win32-x86_64\bin\java.dll
0x00007ffa48ee0000 - 0x00007ffa48ef8000 	c:\Users\DTFBKJK\.vscode\extensions\redhat.java-1.11.0-win32-x64\jre\17.0.4.1-win32-x86_64\bin\zip.dll
0x00007ffa6e910000 - 0x00007ffa6f0a4000 	C:\WINDOWS\SYSTEM32\windows.storage.dll
0x00007ffa71850000 - 0x00007ffa71ba4000 	C:\WINDOWS\System32\combase.dll
0x00007ffa70190000 - 0x00007ffa701bc000 	C:\WINDOWS\SYSTEM32\Wldp.dll
0x00007ffa71bb0000 - 0x00007ffa71c5d000 	C:\WINDOWS\System32\SHCORE.dll
0x00007ffa707b0000 - 0x00007ffa707cf000 	C:\WINDOWS\SYSTEM32\profapi.dll
0x00007ffa48ea0000 - 0x00007ffa48eb9000 	C:\Users\DTFBKJK\.vscode\extensions\redhat.java-1.11.0-win32-x64\jre\17.0.4.1-win32-x86_64\bin\net.dll
0x00007ffa634e0000 - 0x00007ffa635e9000 	C:\WINDOWS\SYSTEM32\WINHTTP.dll
0x00007ffa6fef0000 - 0x00007ffa6ff5a000 	C:\WINDOWS\system32\mswsock.dll
0x00007ffa304b0000 - 0x00007ffa304c5000 	C:\Users\DTFBKJK\.vscode\extensions\redhat.java-1.11.0-win32-x64\jre\17.0.4.1-win32-x86_64\bin\nio.dll
0x00007ffa4dad0000 - 0x00007ffa4dae0000 	c:\Users\DTFBKJK\.vscode\extensions\redhat.java-1.11.0-win32-x64\jre\17.0.4.1-win32-x86_64\bin\verify.dll
0x00007ffa4d780000 - 0x00007ffa4d789000 	C:\Users\DTFBKJK\.vscode\extensions\redhat.java-1.11.0-win32-x64\jre\17.0.4.1-win32-x86_64\bin\management.dll
0x00007ffa4a9a0000 - 0x00007ffa4a9ab000 	C:\Users\DTFBKJK\.vscode\extensions\redhat.java-1.11.0-win32-x64\jre\17.0.4.1-win32-x86_64\bin\management_ext.dll
0x00007ffa57ff0000 - 0x00007ffa58007000 	C:\WINDOWS\system32\napinsp.dll
0x00007ffa55900000 - 0x00007ffa5591b000 	C:\WINDOWS\system32\pnrpnsp.dll
0x00007ffa58090000 - 0x00007ffa580a5000 	C:\WINDOWS\system32\wshbth.dll
0x00007ffa6c560000 - 0x00007ffa6c57d000 	C:\WINDOWS\system32\NLAapi.dll
0x00007ffa6fbe0000 - 0x00007ffa6fc1b000 	C:\WINDOWS\SYSTEM32\IPHLPAPI.DLL
0x00007ffa6fc80000 - 0x00007ffa6fd4a000 	C:\WINDOWS\SYSTEM32\DNSAPI.dll
0x00007ffa73100000 - 0x00007ffa73108000 	C:\WINDOWS\System32\NSI.dll
0x00007ffa55570000 - 0x00007ffa55582000 	C:\WINDOWS\System32\winrnr.dll
0x00007ffa62070000 - 0x00007ffa6207a000 	C:\Windows\System32\rasadhlp.dll
0x00007ffa63170000 - 0x00007ffa631ef000 	C:\WINDOWS\System32\fwpuclnt.dll
0x00007ffa71180000 - 0x00007ffa711a7000 	C:\WINDOWS\System32\bcrypt.dll
0x00007ffa700e0000 - 0x00007ffa700f8000 	C:\WINDOWS\SYSTEM32\CRYPTSP.dll
0x00007ffa6f870000 - 0x00007ffa6f8a4000 	C:\WINDOWS\system32\rsaenh.dll
0x00007ffa70730000 - 0x00007ffa7075e000 	C:\WINDOWS\SYSTEM32\USERENV.dll
0x00007ffa70100000 - 0x00007ffa7010c000 	C:\WINDOWS\SYSTEM32\CRYPTBASE.dll
0x00007ffa659a0000 - 0x00007ffa659b7000 	C:\WINDOWS\SYSTEM32\dhcpcsvc6.DLL
0x00007ffa66d40000 - 0x00007ffa66d5d000 	C:\WINDOWS\SYSTEM32\dhcpcsvc.DLL

dbghelp: loaded successfully - version: 4.0.5 - missing functions: none
symbol engine: initialized successfully - sym options: 0x614 - pdb path: .;c:\Users\DTFBKJK\.vscode\extensions\redhat.java-1.11.0-win32-x64\jre\17.0.4.1-win32-x86_64\bin;C:\WINDOWS\SYSTEM32;C:\WINDOWS\WinSxS\amd64_microsoft.windows.common-controls_6595b64144ccf1df_6.0.19041.1110_none_60b5254171f9507e;C:\Program Files (x86)\360\Total Security\safemon;c:\Users\DTFBKJK\.vscode\extensions\redhat.java-1.11.0-win32-x64\jre\17.0.4.1-win32-x86_64\bin\server

VM Arguments:
jvm_args: -Dsts.lsp.client=vscode -Dsts.log.file=/dev/null -XX:TieredStopAtLevel=1 -Xlog:jni+resolve=off -Dspring.config.location=file:c:\Users\DTFBKJK\.vscode\extensions\pivotal.vscode-spring-boot-1.39.0\language-server\BOOT-INF\classes\application.properties 
java_command: org.springframework.ide.vscode.boot.app.BootLanguageServerBootApp
java_class_path (initial): c:\Users\DTFBKJK\.vscode\extensions\pivotal.vscode-spring-boot-1.39.0\language-server\BOOT-INF\classes;c:\Users\DTFBKJK\.vscode\extensions\pivotal.vscode-spring-boot-1.39.0\language-server\BOOT-INF\lib\annotations-23.0.0.jar;c:\Users\DTFBKJK\.vscode\extensions\pivotal.vscode-spring-boot-1.39.0\language-server\BOOT-INF\lib\antlr-runtime-3.5.2.jar;c:\Users\DTFBKJK\.vscode\extensions\pivotal.vscode-spring-boot-1.39.0\language-server\BOOT-INF\lib\antlr4-4.9.3.jar;c:\Users\DTFBKJK\.vscode\extensions\pivotal.vscode-spring-boot-1.39.0\language-server\BOOT-INF\lib\antlr4-runtime-4.9.3.jar;c:\Users\DTFBKJK\.vscode\extensions\pivotal.vscode-spring-boot-1.39.0\language-server\BOOT-INF\lib\asm-9.3.jar;c:\Users\DTFBKJK\.vscode\extensions\pivotal.vscode-spring-boot-1.39.0\language-server\BOOT-INF\lib\asm-analysis-9.3.jar;c:\Users\DTFBKJK\.vscode\extensions\pivotal.vscode-spring-boot-1.39.0\language-server\BOOT-INF\lib\asm-tree-9.3.jar;c:\Users\DTFBKJK\.vscode\extensions\pivotal.vscode-spring-boot-1.39.0\language-server\BOOT-INF\lib\asm-util-9.3.jar;c:\Users\DTFBKJK\.vscode\extensions\pivotal.vscode-spring-boot-1.39.0\language-server\BOOT-INF\lib\byte-buddy-1.12.13.jar;c:\Users\DTFBKJK\.vscode\extensions\pivotal.vscode-spring-boot-1.39.0\language-server\BOOT-INF\lib\caffeine-2.9.3.jar;c:\Users\DTFBKJK\.vscode\extensions\pivotal.vscode-spring-boot-1.39.0\language-server\BOOT-INF\lib\checker-qual-3.12.0.jar;c:\Users\DTFBKJK\.vscode\extensions\pivotal.vscode-spring-boot-1.39.0\language-server\BOOT-INF\lib\classgraph-4.8.149.jar;c:\Users\DTFBKJK\.vscode\extensions\pivotal.vscode-spring-boot-1.39.0\language-server\BOOT-INF\lib\commons-codec-1.15.jar;c:\Users\DTFBKJK\.vscode\extensions\pivotal.vscode-spring-boot-1.39.0\language-server\BOOT-INF\lib\commons-compress-1.21.jar;c:\Users\DTFBKJK\.vscode\extensions\pivotal.vscode-spring-boot-1.39.0\language-server\BOOT-INF\lib\commons-exec-1.3.jar;c:\Users\DTFBKJK\.vscode\extensions\pivotal.vscode-spring-boot-1.39.
Launcher Type: SUN_STANDARD

[Global flags]
     intx CICompilerCount                          = 3                                         {product} {ergonomic}
     uint ConcGCThreads                            = 1                                         {product} {ergonomic}
     uint G1ConcRefinementThreads                  = 4                                         {product} {ergonomic}
   size_t G1HeapRegionSize                         = 1048576                                   {product} {ergonomic}
    uintx GCDrainStackTargetSize                   = 64                                        {product} {ergonomic}
   size_t InitialHeapSize                          = 134217728                                 {product} {ergonomic}
   size_t MarkStackSize                            = 4194304                                   {product} {ergonomic}
   size_t MaxHeapSize                              = 2130706432                                {product} {ergonomic}
   size_t MaxNewSize                               = 1278214144                                {product} {ergonomic}
   size_t MinHeapDeltaBytes                        = 1048576                                   {product} {ergonomic}
   size_t MinHeapSize                              = 8388608                                   {product} {ergonomic}
    uintx NonProfiledCodeHeapSize                  = 0                                      {pd product} {ergonomic}
     bool ProfileInterpreter                       = false                                  {pd product} {command line}
    uintx ProfiledCodeHeapSize                     = 0                                      {pd product} {ergonomic}
   size_t SoftMaxHeapSize                          = 2130706432                             {manageable} {ergonomic}
     intx TieredStopAtLevel                        = 1                                         {product} {command line}
     bool UseCompressedClassPointers               = true                           {product lp64_product} {ergonomic}
     bool UseCompressedOops                        = true                           {product lp64_product} {ergonomic}
     bool UseG1GC                                  = true                                      {product} {ergonomic}
     bool UseLargePagesIndividualAllocation        = false                                  {pd product} {ergonomic}

Logging:
Log output configuration:
 #0: stdout all=warning,jni+resolve=off uptime,level,tags
 #1: stderr all=off uptime,level,tags

Environment Variables:
JAVA_HOME=C:\Program Files\Java\jdk-15.0.1
PATH=C:\Program Files\Python36\Scripts\;C:\Program Files\Python36\;C:\Program Files (x86)\NVIDIA Corporation\PhysX\Common;C:\Program Files\Common Files\Oracle\Java\javapath;C:\Program Files (x86)\Common Files\Oracle\Java\javapath;C:\WINDOWS\system32;C:\WINDOWS;C:\WINDOWS\System32\Wbem;C:\WINDOWS\System32\WindowsPowerShell\v1.0\;C:\WINDOWS\System32\OpenSSH\;C:\Program Files\Git\cmd;C:\Program Files\Java\jre1.8.0_271\bin;C:\src\flutter o i\flutter\bin;C:\Program Files\nodejs\;C:\ProgramData\chocolatey\bin;C:\xampp\php;C:\ProgramData\ComposerSetup\bin;C:\apache-maven-3.6.3\bin;C:\Program Files\Symfony;C:\Python36\Scripts\;C:\Users\DTFBKJK\AppData\Roaming\Python\Python36\Scripts;C:\Program Files\OpenSSL-Win64\bin;C:\Program Files\apache-maven-3.8.4-bin\apache-maven-3.8.4\bin;C:\sqlmap\sqlmapproject-sqlmap-e91b1a0;C:\Ruby30-x64\bin;C:\Users\DTFBKJK\AppData\Local\Programs\Python\Python310\Scripts\;C:\Users\DTFBKJK\AppData\Local\Programs\Python\Python310\;C:\Users\DTFBKJK\AppData\Local\Microsoft\WindowsApps;C:\Program Files\JetBrains\IntelliJ IDEA Community Edition 2019.2\bin;;C:\Program Files\Android\Android Studio\bin;C:\Users\DTFBKJK\AppData\Local\Programs\Microsoft VS Code\bin;C:\src\flutter o i\flutter\bin;C:\Users\DTFBKJK\AppData\Roaming\npm;C:\Users\DTFBKJK\AppData\Roaming\Composer\vendor\bin;C:\Users\DTFBKJK\AppData\Local\Android\Sdk;C:\Program Files\OpenSSL-Win64\bin;C:\sqlmap\sqlmapproject-sqlmap-e91b1a0;C:\Program Files\heroku\bin
USERNAME=DTFBKJK
OS=Windows_NT
PROCESSOR_IDENTIFIER=Intel64 Family 6 Model 69 Stepping 1, GenuineIntel
TMP=C:\Users\DTFBKJK\AppData\Local\Temp
TEMP=C:\Users\DTFBKJK\AppData\Local\Temp



---------------  S Y S T E M  ---------------

OS:
 Windows 10 , 64 bit Build 19041 (10.0.19041.1566)
OS uptime: 0 days 1:30 hours

CPU: total 4 (initial active 4) (2 cores per cpu, 2 threads per core) family 6 model 69 stepping 1 microcode 0x25, cx8, cmov, fxsr, ht, mmx, sse, sse2, sse3, ssse3, sse4.1, sse4.2, popcnt, lzcnt, tsc, tscinvbit, avx, avx2, aes, erms, clmul, bmi1, bmi2, fma, vzeroupper, clflush

Memory: 4k page, system-wide physical 8126M (937M free)
TotalPageFile size 9448M (AvailPageFile size 98M)
current process WorkingSet (physical memory assigned to process): 298M, peak: 298M
current process commit charge ("private bytes"): 353M, peak: 764M

vm_info: OpenJDK 64-Bit Server VM (17.0.4.1+1) for windows-amd64 JRE (17.0.4.1+1), built on Aug 17 2022 07:42:43 by "temurin" with MS VC++ 16.7 (VS2019)

END.
