#
# There is insufficient memory for the Java Runtime Environment to continue.
# Native memory allocation (mmap) failed to map 186646528 bytes for G1 virtual space
# Possible reasons:
#   The system is out of physical RAM or swap space
#   The process is running with CompressedOops enabled, and the Java Heap may be blocking the growth of the native heap
# Possible solutions:
#   Reduce memory load on the system
#   Increase physical memory or swap space
#   Check if swap backing store is full
#   Decrease Java heap size (-Xmx/-Xms)
#   Decrease number of Java threads
#   Decrease Java thread stack sizes (-Xss)
#   Set larger code cache with -XX:ReservedCodeCacheSize=
#   JVM is running with Unscaled Compressed Oops mode in which the Java heap is
#     placed in the first 4GB address space. The Java Heap base address is the
#     maximum limit for the native heap growth. Please use -XX:HeapBaseMinAddress
#     to set the Java Heap base and to place the Java Heap above 4GB virtual address.
# This output file may be truncated or incomplete.
#
#  Out of Memory Error (os_windows.cpp:3541), pid=22160, tid=21528
#
# JRE version: OpenJDK Runtime Environment Temurin-17.0.4.1+1 (17.0.4.1+1) (build 17.0.4.1+1)
# Java VM: OpenJDK 64-Bit Server VM Temurin-17.0.4.1+1 (17.0.4.1+1, mixed mode, emulated-client, tiered, compressed oops, compressed class ptrs, g1 gc, windows-amd64)
# No core dump will be written. Minidumps are not enabled by default on client versions of Windows
#

---------------  S U M M A R Y ------------

Command Line: -Dsts.lsp.client=vscode -Dsts.log.file=/dev/null -XX:TieredStopAtLevel=1 -Xlog:jni+resolve=off -Dspring.config.location=file:c:\Users\DTFBKJK\.vscode\extensions\pivotal.vscode-spring-boot-1.39.0\language-server\BOOT-INF\classes\application.properties org.springframework.ide.vscode.boot.app.BootLanguageServerBootApp

Host: Intel(R) Core(TM) i7-4510U CPU @ 2.00GHz, 4 cores, 7G,  Windows 10 , 64 bit Build 19041 (10.0.19041.1566)
Time: Wed Oct 26 20:08:51 2022 Afr. centrale Ouest elapsed time: 9.837848 seconds (0d 0h 0m 9s)

---------------  T H R E A D  ---------------

Current thread (0x000002c64f3c5520):  VMThread "VM Thread" [stack: 0x000000eb3d300000,0x000000eb3d400000] [id=21528]

Stack: [0x000000eb3d300000,0x000000eb3d400000]
Native frames: (J=compiled Java code, j=interpreted, Vv=VM code, C=native code)
V  [jvm.dll+0x67731a]
V  [jvm.dll+0x832284]
V  [jvm.dll+0x833a2e]
V  [jvm.dll+0x834093]
V  [jvm.dll+0x245775]
V  [jvm.dll+0x674209]
V  [jvm.dll+0x668a92]
V  [jvm.dll+0x30471b]
V  [jvm.dll+0x30bc66]
V  [jvm.dll+0x35ba9e]
V  [jvm.dll+0x35bccf]
V  [jvm.dll+0x2db5b8]
V  [jvm.dll+0x2d986c]
V  [jvm.dll+0x2d8e3c]
V  [jvm.dll+0x31cd9b]
V  [jvm.dll+0x83853b]
V  [jvm.dll+0x839274]
V  [jvm.dll+0x83978c]
V  [jvm.dll+0x839b64]
V  [jvm.dll+0x839c30]
V  [jvm.dll+0x7e240a]
V  [jvm.dll+0x6761a5]
C  [ucrtbase.dll+0x21bb2]
C  [KERNEL32.DLL+0x17034]
C  [ntdll.dll+0x52651]

VM_Operation (0x000000eb3e7fd560): G1CollectForAllocation, mode: safepoint, requested by thread 0x000002c64fe13900


---------------  P R O C E S S  ---------------

Threads class SMR info:
_java_thread_list=0x000002c6519c7d80, length=33, elements={
0x000002c64f3e0820, 0x000002c64f3e16e0, 0x000002c64fd4e410, 0x000002c64fd4ef90,
0x000002c64fd51860, 0x000002c64fd52120, 0x000002c64fd55200, 0x000002c64fd55b00,
0x000002c64ff7a470, 0x000002c64ff7b7a0, 0x000002c64078ab30, 0x000002c6508848c0,
0x000002c651a03060, 0x000002c64fe96050, 0x000002c6505b7470, 0x000002c64fe13900,
0x000002c64fe13dd0, 0x000002c650667040, 0x000002c64feed760, 0x000002c64feee180,
0x000002c64feedc30, 0x000002c6505bdb00, 0x000002c651d6e1c0, 0x000002c651d6ce80,
0x000002c651d6d350, 0x000002c651d6e690, 0x000002c651d6d820, 0x000002c651d6dcf0,
0x000002c65386f990, 0x000002c653873cf0, 0x000002c65386e180, 0x000002c6538759d0,
0x000002c65386fe60
}

Java Threads: ( => current thread )
  0x000002c64f3e0820 JavaThread "Reference Handler" daemon [_thread_blocked, id=20832, stack(0x000000eb3d400000,0x000000eb3d500000)]
  0x000002c64f3e16e0 JavaThread "Finalizer" daemon [_thread_blocked, id=5308, stack(0x000000eb3d500000,0x000000eb3d600000)]
  0x000002c64fd4e410 JavaThread "Signal Dispatcher" daemon [_thread_blocked, id=17300, stack(0x000000eb3d600000,0x000000eb3d700000)]
  0x000002c64fd4ef90 JavaThread "Attach Listener" daemon [_thread_blocked, id=15560, stack(0x000000eb3d700000,0x000000eb3d800000)]
  0x000002c64fd51860 JavaThread "Service Thread" daemon [_thread_blocked, id=21560, stack(0x000000eb3d800000,0x000000eb3d900000)]
  0x000002c64fd52120 JavaThread "Monitor Deflation Thread" daemon [_thread_blocked, id=21524, stack(0x000000eb3d900000,0x000000eb3da00000)]
  0x000002c64fd55200 JavaThread "C1 CompilerThread0" daemon [_thread_blocked, id=21552, stack(0x000000eb3da00000,0x000000eb3db00000)]
  0x000002c64fd55b00 JavaThread "Sweeper thread" daemon [_thread_blocked, id=21200, stack(0x000000eb3db00000,0x000000eb3dc00000)]
  0x000002c64ff7a470 JavaThread "Notification Thread" daemon [_thread_blocked, id=19644, stack(0x000000eb3dc00000,0x000000eb3dd00000)]
  0x000002c64ff7b7a0 JavaThread "Common-Cleaner" daemon [_thread_blocked, id=21716, stack(0x000000eb3de00000,0x000000eb3df00000)]
  0x000002c64078ab30 JavaThread "C1 CompilerThread1" daemon [_thread_blocked, id=21740, stack(0x000000eb3df00000,0x000000eb3e000000)]
  0x000002c6508848c0 JavaThread "C1 CompilerThread2" daemon [_thread_blocked, id=22056, stack(0x000000eb3e200000,0x000000eb3e300000)]
  0x000002c651a03060 JavaThread "boundedElastic-evictor-1" daemon [_thread_blocked, id=21732, stack(0x000000eb3e400000,0x000000eb3e500000)]
  0x000002c64fe96050 JavaThread "ForkJoinPool.commonPool-worker-1" daemon [_thread_blocked, id=22132, stack(0x000000eb3e500000,0x000000eb3e600000)]
  0x000002c6505b7470 JavaThread "pool-9-thread-1" [_thread_blocked, id=22008, stack(0x000000eb3e600000,0x000000eb3e700000)]
  0x000002c64fe13900 JavaThread "ClassGraph-worker-0" daemon [_thread_blocked, id=22128, stack(0x000000eb3e700000,0x000000eb3e800000)]
  0x000002c64fe13dd0 JavaThread "LanguageServerApp-lifecycle" [_thread_blocked, id=22012, stack(0x000000eb3e800000,0x000000eb3e900000)]
  0x000002c650667040 JavaThread "ClassGraph-worker-1" daemon [_thread_blocked, id=22000, stack(0x000000eb3e900000,0x000000eb3ea00000)]
  0x000002c64feed760 JavaThread "ClassGraph-worker-2" daemon [_thread_blocked, id=22032, stack(0x000000eb3ea00000,0x000000eb3eb00000)]
  0x000002c64feee180 JavaThread "ClassGraph-worker-3" daemon [_thread_blocked, id=20520, stack(0x000000eb3eb00000,0x000000eb3ec00000)]
  0x000002c64feedc30 JavaThread "ClassGraph-worker-4" daemon [_thread_blocked, id=21112, stack(0x000000eb3ec00000,0x000000eb3ed00000)]
  0x000002c6505bdb00 JavaThread "ClassGraph-worker-5" daemon [_thread_blocked, id=7284, stack(0x000000eb3ed00000,0x000000eb3ee00000)]
  0x000002c651d6e1c0 JavaThread "ClassGraph-worker-6" daemon [_thread_blocked, id=19808, stack(0x000000eb3ee00000,0x000000eb3ef00000)]
  0x000002c651d6ce80 JavaThread "ClassGraph-worker-7" daemon [_thread_blocked, id=21956, stack(0x000000eb3ef00000,0x000000eb3f000000)]
  0x000002c651d6d350 JavaThread "DestroyJavaVM" [_thread_blocked, id=21624, stack(0x000000eb3cd00000,0x000000eb3ce00000)]
  0x000002c651d6e690 JavaThread "pool-10-thread-1" [_thread_in_native, id=22064, stack(0x000000eb3f000000,0x000000eb3f100000)]
  0x000002c651d6d820 JavaThread "Simple-Language-Server main thread" daemon [_thread_blocked, id=19276, stack(0x000000eb3f100000,0x000000eb3f200000)]
  0x000002c651d6dcf0 JavaThread "parallel-1" daemon [_thread_blocked, id=13760, stack(0x000000eb3f200000,0x000000eb3f300000)]
  0x000002c65386f990 JavaThread "pool-7-thread-1" [_thread_blocked, id=18696, stack(0x000000eb3f300000,0x000000eb3f400000)]
  0x000002c653873cf0 JavaThread "parallel-2" daemon [_thread_blocked, id=14960, stack(0x000000eb3f400000,0x000000eb3f500000)]
  0x000002c65386e180 JavaThread "parallel-3" daemon [_thread_blocked, id=21920, stack(0x000000eb3f500000,0x000000eb3f600000)]
  0x000002c6538759d0 JavaThread "parallel-4" daemon [_thread_blocked, id=7336, stack(0x000000eb3f600000,0x000000eb3f700000)]
  0x000002c65386fe60 JavaThread "Reconciler-1" daemon [_thread_blocked, id=18484, stack(0x000000eb3f700000,0x000000eb3f800000)]

Other Threads:
=>0x000002c64f3c5520 VMThread "VM Thread" [stack: 0x000000eb3d300000,0x000000eb3d400000] [id=21528]
  0x000002c64ff7b360 WatcherThread [stack: 0x000000eb3dd00000,0x000000eb3de00000] [id=21612]
  0x000002c640945570 GCTaskThread "GC Thread#0" [stack: 0x000000eb3ce00000,0x000000eb3cf00000] [id=18580]
  0x000002c6507ccfb0 GCTaskThread "GC Thread#1" [stack: 0x000000eb3e000000,0x000000eb3e100000] [id=21800]
  0x000002c6507cd260 GCTaskThread "GC Thread#2" [stack: 0x000000eb3e100000,0x000000eb3e200000] [id=21804]
  0x000002c6508e1cb0 GCTaskThread "GC Thread#3" [stack: 0x000000eb3e300000,0x000000eb3e400000] [id=22124]
  0x000002c6409561c0 ConcurrentGCThread "G1 Main Marker" [stack: 0x000000eb3cf00000,0x000000eb3d000000] [id=19804]
  0x000002c640956ae0 ConcurrentGCThread "G1 Conc#0" [stack: 0x000000eb3d000000,0x000000eb3d100000] [id=16552]
  0x000002c64099ddf0 ConcurrentGCThread "G1 Refine#0" [stack: 0x000000eb3d100000,0x000000eb3d200000] [id=18748]
  0x000002c64099e720 ConcurrentGCThread "G1 Service" [stack: 0x000000eb3d200000,0x000000eb3d300000] [id=21520]

Threads with active compile tasks:

VM state: at safepoint (normal execution)

VM Mutex/Monitor currently owned by a thread:  ([mutex/lock_event])
[0x000002c6406c5580] Threads_lock - owner thread: 0x000002c64f3c5520
[0x000002c6408ed3a0] Heap_lock - owner thread: 0x000002c64fe13900

Heap address: 0x0000000081000000, size: 2032 MB, Compressed Oops mode: 32-bit

CDS archive(s) not mapped
Compressed class space mapped at: 0x0000000100000000-0x0000000140000000, reserved size: 1073741824
Narrow klass base: 0x0000000000000000, Narrow klass shift: 3, Narrow klass range: 0x140000000

GC Precious Log:
 CPUs: 4 total, 4 available
 Memory: 8126M
 Large Page Support: Disabled
 NUMA Support: Disabled
 Compressed Oops: Enabled (32-bit)
 Heap Region Size: 1M
 Heap Min Capacity: 8M
 Heap Initial Capacity: 128M
 Heap Max Capacity: 2032M
 Pre-touch: Disabled
 Parallel Workers: 4
 Concurrent Workers: 1
 Concurrent Refinement Workers: 4
 Periodic GC: Disabled

Heap:
 garbage-first heap   total 182272K, used 72359K [0x0000000081000000, 0x0000000100000000)
  region size 1024K, 7 young (7168K), 7 survivors (7168K)
 Metaspace       used 36519K, committed 36864K, reserved 1081344K
  class space    used 4768K, committed 4928K, reserved 1048576K

Heap Regions: E=young(eden), S=young(survivor), O=old, HS=humongous(starts), HC=humongous(continues), CS=collection set, F=free, OA=open archive, CA=closed archive, TAMS=top-at-mark-start (previous, next)
|   0|0x0000000081000000, 0x0000000081100000, 0x0000000081100000|100%| O|  |TAMS 0x0000000081100000, 0x0000000081100000| Untracked 
|   1|0x0000000081100000, 0x0000000081200000, 0x0000000081200000|100%| O|  |TAMS 0x0000000081200000, 0x0000000081200000| Untracked 
|   2|0x0000000081200000, 0x0000000081300000, 0x0000000081300000|100%| O|  |TAMS 0x0000000081300000, 0x0000000081300000| Untracked 
|   3|0x0000000081300000, 0x0000000081400000, 0x0000000081400000|100%| O|  |TAMS 0x0000000081400000, 0x0000000081400000| Untracked 
|   4|0x0000000081400000, 0x0000000081500000, 0x0000000081500000|100%| O|  |TAMS 0x0000000081500000, 0x0000000081500000| Untracked 
|   5|0x0000000081500000, 0x0000000081600000, 0x0000000081600000|100%| O|  |TAMS 0x0000000081600000, 0x0000000081600000| Untracked 
|   6|0x0000000081600000, 0x0000000081700000, 0x0000000081700000|100%| O|  |TAMS 0x0000000081700000, 0x0000000081700000| Untracked 
|   7|0x0000000081700000, 0x0000000081800000, 0x0000000081800000|100%|HS|  |TAMS 0x0000000081700000, 0x0000000081700000| Complete 
|   8|0x0000000081800000, 0x0000000081900000, 0x0000000081900000|100%| O|  |TAMS 0x0000000081900000, 0x0000000081900000| Untracked 
|   9|0x0000000081900000, 0x0000000081a00000, 0x0000000081a00000|100%| O|  |TAMS 0x0000000081a00000, 0x0000000081a00000| Untracked 
|  10|0x0000000081a00000, 0x0000000081b00000, 0x0000000081b00000|100%| O|  |TAMS 0x0000000081b00000, 0x0000000081b00000| Untracked 
|  11|0x0000000081b00000, 0x0000000081c00000, 0x0000000081c00000|100%| O|  |TAMS 0x0000000081c00000, 0x0000000081c00000| Untracked 
|  12|0x0000000081c00000, 0x0000000081d00000, 0x0000000081d00000|100%| O|  |TAMS 0x0000000081d00000, 0x0000000081d00000| Untracked 
|  13|0x0000000081d00000, 0x0000000081e00000, 0x0000000081e00000|100%| O|  |TAMS 0x0000000081e00000, 0x0000000081e00000| Untracked 
|  14|0x0000000081e00000, 0x0000000081f00000, 0x0000000081f00000|100%| O|  |TAMS 0x0000000081f00000, 0x0000000081f00000| Untracked 
|  15|0x0000000081f00000, 0x0000000082000000, 0x0000000082000000|100%| O|  |TAMS 0x0000000082000000, 0x0000000082000000| Untracked 
|  16|0x0000000082000000, 0x0000000082100000, 0x0000000082100000|100%| O|  |TAMS 0x0000000082100000, 0x0000000082100000| Untracked 
|  17|0x0000000082100000, 0x0000000082200000, 0x0000000082200000|100%| O|  |TAMS 0x0000000082200000, 0x0000000082200000| Untracked 
|  18|0x0000000082200000, 0x0000000082300000, 0x0000000082300000|100%| O|  |TAMS 0x0000000082300000, 0x0000000082300000| Untracked 
|  19|0x0000000082300000, 0x0000000082400000, 0x0000000082400000|100%| O|  |TAMS 0x0000000082400000, 0x0000000082400000| Untracked 
|  20|0x0000000082400000, 0x0000000082500000, 0x0000000082500000|100%| O|  |TAMS 0x0000000082500000, 0x0000000082500000| Untracked 
|  21|0x0000000082500000, 0x0000000082600000, 0x0000000082600000|100%| O|  |TAMS 0x0000000082600000, 0x0000000082600000| Untracked 
|  22|0x0000000082600000, 0x0000000082700000, 0x0000000082700000|100%| O|  |TAMS 0x0000000082700000, 0x0000000082700000| Untracked 
|  23|0x0000000082700000, 0x0000000082800000, 0x0000000082800000|100%| O|  |TAMS 0x0000000082800000, 0x0000000082800000| Untracked 
|  24|0x0000000082800000, 0x0000000082900000, 0x0000000082900000|100%| O|  |TAMS 0x0000000082900000, 0x0000000082900000| Untracked 
|  25|0x0000000082900000, 0x0000000082a00000, 0x0000000082a00000|100%| O|  |TAMS 0x0000000082a00000, 0x0000000082a00000| Untracked 
|  26|0x0000000082a00000, 0x0000000082b00000, 0x0000000082b00000|100%| O|  |TAMS 0x0000000082b00000, 0x0000000082b00000| Untracked 
|  27|0x0000000082b00000, 0x0000000082c00000, 0x0000000082c00000|100%| O|  |TAMS 0x0000000082c00000, 0x0000000082c00000| Untracked 
|  28|0x0000000082c00000, 0x0000000082d00000, 0x0000000082d00000|100%| O|  |TAMS 0x0000000082d00000, 0x0000000082d00000| Untracked 
|  29|0x0000000082d00000, 0x0000000082e00000, 0x0000000082e00000|100%| O|  |TAMS 0x0000000082e00000, 0x0000000082e00000| Untracked 
|  30|0x0000000082e00000, 0x0000000082f00000, 0x0000000082f00000|100%| O|  |TAMS 0x0000000082f00000, 0x0000000082f00000| Untracked 
|  31|0x0000000082f00000, 0x0000000083000000, 0x0000000083000000|100%| O|  |TAMS 0x0000000083000000, 0x0000000083000000| Untracked 
|  32|0x0000000083000000, 0x0000000083100000, 0x0000000083100000|100%| O|  |TAMS 0x0000000083100000, 0x0000000083100000| Untracked 
|  33|0x0000000083100000, 0x0000000083200000, 0x0000000083200000|100%| O|  |TAMS 0x0000000083200000, 0x0000000083200000| Untracked 
|  34|0x0000000083200000, 0x0000000083300000, 0x0000000083300000|100%| O|  |TAMS 0x0000000083300000, 0x0000000083300000| Untracked 
|  35|0x0000000083300000, 0x0000000083400000, 0x0000000083400000|100%| O|  |TAMS 0x0000000083400000, 0x0000000083400000| Untracked 
|  36|0x0000000083400000, 0x0000000083500000, 0x0000000083500000|100%| O|  |TAMS 0x000000008349da00, 0x0000000083500000| Untracked 
|  37|0x0000000083500000, 0x0000000083600000, 0x0000000083600000|100%| O|  |TAMS 0x0000000083500000, 0x0000000083600000| Untracked 
|  38|0x0000000083600000, 0x0000000083700000, 0x0000000083700000|100%| O|  |TAMS 0x0000000083600000, 0x0000000083700000| Untracked 
|  39|0x0000000083700000, 0x0000000083800000, 0x0000000083800000|100%| O|  |TAMS 0x0000000083700000, 0x0000000083800000| Untracked 
|  40|0x0000000083800000, 0x0000000083900000, 0x0000000083900000|100%| O|  |TAMS 0x0000000083800000, 0x0000000083900000| Untracked 
|  41|0x0000000083900000, 0x0000000083a00000, 0x0000000083a00000|100%| O|  |TAMS 0x0000000083900000, 0x0000000083a00000| Untracked 
|  42|0x0000000083a00000, 0x0000000083b00000, 0x0000000083b00000|100%| O|  |TAMS 0x0000000083a00000, 0x0000000083b00000| Untracked 
|  43|0x0000000083b00000, 0x0000000083c00000, 0x0000000083c00000|100%| O|  |TAMS 0x0000000083b00000, 0x0000000083c00000| Untracked 
|  44|0x0000000083c00000, 0x0000000083d00000, 0x0000000083d00000|100%| O|  |TAMS 0x0000000083c00000, 0x0000000083d00000| Untracked 
|  45|0x0000000083d00000, 0x0000000083e00000, 0x0000000083e00000|100%| O|  |TAMS 0x0000000083d00000, 0x0000000083e00000| Untracked 
|  46|0x0000000083e00000, 0x0000000083f00000, 0x0000000083f00000|100%| O|  |TAMS 0x0000000083e00000, 0x0000000083f00000| Untracked 
|  47|0x0000000083f00000, 0x0000000084000000, 0x0000000084000000|100%| O|  |TAMS 0x0000000083f00000, 0x0000000084000000| Untracked 
|  48|0x0000000084000000, 0x0000000084100000, 0x0000000084100000|100%| O|  |TAMS 0x0000000084000000, 0x0000000084100000| Untracked 
|  49|0x0000000084100000, 0x0000000084200000, 0x0000000084200000|100%| O|  |TAMS 0x0000000084100000, 0x000000008415de00| Untracked 
|  50|0x0000000084200000, 0x0000000084300000, 0x0000000084300000|100%|HS|  |TAMS 0x0000000084200000, 0x0000000084200000| Complete 
|  51|0x0000000084300000, 0x0000000084400000, 0x0000000084400000|100%| O|  |TAMS 0x0000000084300000, 0x0000000084300000| Untracked 
|  52|0x0000000084400000, 0x0000000084500000, 0x0000000084500000|100%| O|  |TAMS 0x0000000084400000, 0x0000000084400000| Untracked 
|  53|0x0000000084500000, 0x0000000084600000, 0x0000000084600000|100%| O|  |TAMS 0x0000000084500000, 0x0000000084500000| Untracked 
|  54|0x0000000084600000, 0x0000000084700000, 0x0000000084700000|100%| O|  |TAMS 0x0000000084600000, 0x0000000084600000| Untracked 
|  55|0x0000000084700000, 0x0000000084800000, 0x0000000084800000|100%| O|  |TAMS 0x0000000084700000, 0x0000000084700000| Untracked 
|  56|0x0000000084800000, 0x0000000084900000, 0x0000000084900000|100%| O|  |TAMS 0x0000000084800000, 0x0000000084800000| Untracked 
|  57|0x0000000084900000, 0x0000000084a00000, 0x0000000084a00000|100%| O|  |TAMS 0x0000000084900000, 0x0000000084900000| Untracked 
|  58|0x0000000084a00000, 0x0000000084b00000, 0x0000000084b00000|100%| O|  |TAMS 0x0000000084a00000, 0x0000000084a00000| Untracked 
|  59|0x0000000084b00000, 0x0000000084c00000, 0x0000000084c00000|100%| O|  |TAMS 0x0000000084b00000, 0x0000000084b00000| Untracked 
|  60|0x0000000084c00000, 0x0000000084d00000, 0x0000000084d00000|100%| O|  |TAMS 0x0000000084c00000, 0x0000000084c00000| Untracked 
|  61|0x0000000084d00000, 0x0000000084e00000, 0x0000000084e00000|100%| O|  |TAMS 0x0000000084d00000, 0x0000000084d00000| Untracked 
|  62|0x0000000084e00000, 0x0000000084f00000, 0x0000000084f00000|100%| O|  |TAMS 0x0000000084e00000, 0x0000000084e00000| Untracked 
|  63|0x0000000084f00000, 0x0000000085000000, 0x0000000085000000|100%| O|  |TAMS 0x0000000084f00000, 0x0000000084f00000| Untracked 
|  64|0x0000000085000000, 0x000000008507c800, 0x0000000085100000| 48%| O|  |TAMS 0x0000000085000000, 0x0000000085000000| Untracked 
|  65|0x0000000085100000, 0x0000000085100000, 0x0000000085200000|  0%| F|  |TAMS 0x0000000085100000, 0x0000000085100000| Untracked 
|  66|0x0000000085200000, 0x0000000085200000, 0x0000000085300000|  0%| F|  |TAMS 0x0000000085200000, 0x0000000085200000| Untracked 
|  67|0x0000000085300000, 0x0000000085300000, 0x0000000085400000|  0%| F|  |TAMS 0x0000000085300000, 0x0000000085300000| Untracked 
|  68|0x0000000085400000, 0x0000000085400000, 0x0000000085500000|  0%| F|  |TAMS 0x0000000085400000, 0x0000000085400000| Untracked 
|  69|0x0000000085500000, 0x0000000085500000, 0x0000000085600000|  0%| F|  |TAMS 0x0000000085500000, 0x0000000085500000| Untracked 
|  70|0x0000000085600000, 0x0000000085600000, 0x0000000085700000|  0%| F|  |TAMS 0x0000000085600000, 0x0000000085600000| Untracked 
|  71|0x0000000085700000, 0x0000000085700000, 0x0000000085800000|  0%| F|  |TAMS 0x0000000085700000, 0x0000000085700000| Untracked 
|  72|0x0000000085800000, 0x0000000085800000, 0x0000000085900000|  0%| F|  |TAMS 0x0000000085800000, 0x0000000085800000| Untracked 
|  73|0x0000000085900000, 0x0000000085900000, 0x0000000085a00000|  0%| F|  |TAMS 0x0000000085900000, 0x0000000085900000| Untracked 
|  74|0x0000000085a00000, 0x0000000085a00000, 0x0000000085b00000|  0%| F|  |TAMS 0x0000000085a00000, 0x0000000085a00000| Untracked 
|  75|0x0000000085b00000, 0x0000000085b00000, 0x0000000085c00000|  0%| F|  |TAMS 0x0000000085b00000, 0x0000000085b00000| Untracked 
|  76|0x0000000085c00000, 0x0000000085c00000, 0x0000000085d00000|  0%| F|  |TAMS 0x0000000085c00000, 0x0000000085c00000| Untracked 
|  77|0x0000000085d00000, 0x0000000085d00000, 0x0000000085e00000|  0%| F|  |TAMS 0x0000000085d00000, 0x0000000085d00000| Untracked 
|  78|0x0000000085e00000, 0x0000000085e00000, 0x0000000085f00000|  0%| F|  |TAMS 0x0000000085e00000, 0x0000000085e00000| Untracked 
|  79|0x0000000085f00000, 0x0000000085f00000, 0x0000000086000000|  0%| F|  |TAMS 0x0000000085f00000, 0x0000000085f00000| Untracked 
|  80|0x0000000086000000, 0x0000000086000000, 0x0000000086100000|  0%| F|  |TAMS 0x0000000086000000, 0x0000000086000000| Untracked 
|  81|0x0000000086100000, 0x0000000086100000, 0x0000000086200000|  0%| F|  |TAMS 0x0000000086100000, 0x0000000086100000| Untracked 
|  82|0x0000000086200000, 0x0000000086200000, 0x0000000086300000|  0%| F|  |TAMS 0x0000000086200000, 0x0000000086200000| Untracked 
|  83|0x0000000086300000, 0x0000000086300000, 0x0000000086400000|  0%| F|  |TAMS 0x0000000086300000, 0x0000000086300000| Untracked 
|  84|0x0000000086400000, 0x0000000086400000, 0x0000000086500000|  0%| F|  |TAMS 0x0000000086400000, 0x0000000086400000| Untracked 
|  85|0x0000000086500000, 0x0000000086500000, 0x0000000086600000|  0%| F|  |TAMS 0x0000000086500000, 0x0000000086500000| Untracked 
|  86|0x0000000086600000, 0x0000000086600000, 0x0000000086700000|  0%| F|  |TAMS 0x0000000086600000, 0x0000000086600000| Untracked 
|  87|0x0000000086700000, 0x0000000086700000, 0x0000000086800000|  0%| F|  |TAMS 0x0000000086700000, 0x0000000086700000| Untracked 
|  88|0x0000000086800000, 0x0000000086800000, 0x0000000086900000|  0%| F|  |TAMS 0x0000000086800000, 0x0000000086800000| Untracked 
|  89|0x0000000086900000, 0x0000000086900000, 0x0000000086a00000|  0%| F|  |TAMS 0x0000000086900000, 0x0000000086900000| Untracked 
|  90|0x0000000086a00000, 0x0000000086a00000, 0x0000000086b00000|  0%| F|  |TAMS 0x0000000086a00000, 0x0000000086a00000| Untracked 
|  91|0x0000000086b00000, 0x0000000086b00000, 0x0000000086c00000|  0%| F|  |TAMS 0x0000000086b00000, 0x0000000086b00000| Untracked 
|  92|0x0000000086c00000, 0x0000000086c00000, 0x0000000086d00000|  0%| F|  |TAMS 0x0000000086c00000, 0x0000000086c00000| Untracked 
|  93|0x0000000086d00000, 0x0000000086d00000, 0x0000000086e00000|  0%| F|  |TAMS 0x0000000086d00000, 0x0000000086d00000| Untracked 
|  94|0x0000000086e00000, 0x0000000086e00000, 0x0000000086f00000|  0%| F|  |TAMS 0x0000000086e00000, 0x0000000086e00000| Untracked 
|  95|0x0000000086f00000, 0x0000000086f00000, 0x0000000087000000|  0%| F|  |TAMS 0x0000000086f00000, 0x0000000086f00000| Untracked 
|  96|0x0000000087000000, 0x0000000087000000, 0x0000000087100000|  0%| F|  |TAMS 0x0000000087000000, 0x0000000087000000| Untracked 
|  97|0x0000000087100000, 0x0000000087100000, 0x0000000087200000|  0%| F|  |TAMS 0x0000000087100000, 0x0000000087100000| Untracked 
|  98|0x0000000087200000, 0x0000000087200000, 0x0000000087300000|  0%| F|  |TAMS 0x0000000087200000, 0x0000000087200000| Untracked 
|  99|0x0000000087300000, 0x0000000087300000, 0x0000000087400000|  0%| F|  |TAMS 0x0000000087300000, 0x0000000087300000| Untracked 
| 100|0x0000000087400000, 0x0000000087400000, 0x0000000087500000|  0%| F|  |TAMS 0x0000000087400000, 0x0000000087400000| Untracked 
| 101|0x0000000087500000, 0x0000000087500000, 0x0000000087600000|  0%| F|  |TAMS 0x0000000087500000, 0x0000000087500000| Untracked 
| 102|0x0000000087600000, 0x0000000087600000, 0x0000000087700000|  0%| F|  |TAMS 0x0000000087600000, 0x0000000087600000| Untracked 
| 103|0x0000000087700000, 0x0000000087700000, 0x0000000087800000|  0%| F|  |TAMS 0x0000000087700000, 0x0000000087700000| Untracked 
| 104|0x0000000087800000, 0x0000000087800000, 0x0000000087900000|  0%| F|  |TAMS 0x0000000087800000, 0x0000000087800000| Untracked 
| 105|0x0000000087900000, 0x0000000087900000, 0x0000000087a00000|  0%| F|  |TAMS 0x0000000087900000, 0x0000000087900000| Untracked 
| 106|0x0000000087a00000, 0x0000000087a00000, 0x0000000087b00000|  0%| F|  |TAMS 0x0000000087a00000, 0x0000000087a00000| Untracked 
| 107|0x0000000087b00000, 0x0000000087b00000, 0x0000000087c00000|  0%| F|  |TAMS 0x0000000087b00000, 0x0000000087b00000| Untracked 
| 108|0x0000000087c00000, 0x0000000087c00000, 0x0000000087d00000|  0%| F|  |TAMS 0x0000000087c00000, 0x0000000087c00000| Untracked 
| 109|0x0000000087d00000, 0x0000000087d00000, 0x0000000087e00000|  0%| F|  |TAMS 0x0000000087d00000, 0x0000000087d00000| Untracked 
| 110|0x0000000087e00000, 0x0000000087e00000, 0x0000000087f00000|  0%| F|  |TAMS 0x0000000087e00000, 0x0000000087e00000| Untracked 
| 111|0x0000000087f00000, 0x0000000087f00000, 0x0000000088000000|  0%| F|  |TAMS 0x0000000087f00000, 0x0000000087f00000| Untracked 
| 112|0x0000000088000000, 0x0000000088000000, 0x0000000088100000|  0%| F|  |TAMS 0x0000000088000000, 0x0000000088000000| Untracked 
| 113|0x0000000088100000, 0x0000000088100000, 0x0000000088200000|  0%| F|  |TAMS 0x0000000088100000, 0x0000000088100000| Untracked 
| 114|0x0000000088200000, 0x000000008822d4c8, 0x0000000088300000| 17%| S|CS|TAMS 0x0000000088200000, 0x0000000088200000| Complete 
| 115|0x0000000088300000, 0x0000000088400000, 0x0000000088400000|100%| S|CS|TAMS 0x0000000088300000, 0x0000000088300000| Complete 
| 116|0x0000000088400000, 0x0000000088500000, 0x0000000088500000|100%| S|CS|TAMS 0x0000000088400000, 0x0000000088400000| Complete 
| 117|0x0000000088500000, 0x0000000088600000, 0x0000000088600000|100%| S|CS|TAMS 0x0000000088500000, 0x0000000088500000| Complete 
| 118|0x0000000088600000, 0x0000000088700000, 0x0000000088700000|100%| S|CS|TAMS 0x0000000088600000, 0x0000000088600000| Complete 
| 119|0x0000000088700000, 0x0000000088800000, 0x0000000088800000|100%| S|CS|TAMS 0x0000000088700000, 0x0000000088700000| Complete 
| 120|0x0000000088800000, 0x0000000088900000, 0x0000000088900000|100%| S|CS|TAMS 0x0000000088800000, 0x0000000088800000| Complete 
| 121|0x0000000088900000, 0x0000000088900000, 0x0000000088a00000|  0%| F|  |TAMS 0x0000000088900000, 0x0000000088900000| Untracked 
| 122|0x0000000088a00000, 0x0000000088a00000, 0x0000000088b00000|  0%| F|  |TAMS 0x0000000088a00000, 0x0000000088a00000| Untracked 
| 123|0x0000000088b00000, 0x0000000088b00000, 0x0000000088c00000|  0%| F|  |TAMS 0x0000000088b00000, 0x0000000088b00000| Untracked 
| 124|0x0000000088c00000, 0x0000000088c00000, 0x0000000088d00000|  0%| F|  |TAMS 0x0000000088c00000, 0x0000000088c00000| Untracked 
| 125|0x0000000088d00000, 0x0000000088d00000, 0x0000000088e00000|  0%| F|  |TAMS 0x0000000088d00000, 0x0000000088d00000| Untracked 
| 126|0x0000000088e00000, 0x0000000088e00000, 0x0000000088f00000|  0%| F|  |TAMS 0x0000000088e00000, 0x0000000088e00000| Untracked 
| 127|0x0000000088f00000, 0x0000000088f00000, 0x0000000089000000|  0%| F|  |TAMS 0x0000000088f00000, 0x0000000088f00000| Untracked 
| 128|0x0000000089000000, 0x0000000089000000, 0x0000000089100000|  0%| F|  |TAMS 0x0000000089000000, 0x0000000089000000| Untracked 
| 129|0x0000000089100000, 0x0000000089100000, 0x0000000089200000|  0%| F|  |TAMS 0x0000000089100000, 0x0000000089100000| Untracked 
| 130|0x0000000089200000, 0x0000000089200000, 0x0000000089300000|  0%| F|  |TAMS 0x0000000089200000, 0x0000000089200000| Untracked 
| 131|0x0000000089300000, 0x0000000089300000, 0x0000000089400000|  0%| F|  |TAMS 0x0000000089300000, 0x0000000089300000| Untracked 
| 132|0x0000000089400000, 0x0000000089400000, 0x0000000089500000|  0%| F|  |TAMS 0x0000000089400000, 0x0000000089400000| Untracked 
| 133|0x0000000089500000, 0x0000000089500000, 0x0000000089600000|  0%| F|  |TAMS 0x0000000089500000, 0x0000000089500000| Untracked 
| 134|0x0000000089600000, 0x0000000089600000, 0x0000000089700000|  0%| F|  |TAMS 0x0000000089600000, 0x0000000089600000| Untracked 
| 135|0x0000000089700000, 0x0000000089700000, 0x0000000089800000|  0%| F|  |TAMS 0x0000000089700000, 0x0000000089700000| Untracked 
| 136|0x0000000089800000, 0x0000000089800000, 0x0000000089900000|  0%| F|  |TAMS 0x0000000089800000, 0x0000000089800000| Untracked 
| 137|0x0000000089900000, 0x0000000089900000, 0x0000000089a00000|  0%| F|  |TAMS 0x0000000089900000, 0x0000000089900000| Untracked 
| 138|0x0000000089a00000, 0x0000000089a00000, 0x0000000089b00000|  0%| F|  |TAMS 0x0000000089a00000, 0x0000000089a00000| Untracked 
| 139|0x0000000089b00000, 0x0000000089b00000, 0x0000000089c00000|  0%| F|  |TAMS 0x0000000089b00000, 0x0000000089b00000| Untracked 
| 140|0x0000000089c00000, 0x0000000089c00000, 0x0000000089d00000|  0%| F|  |TAMS 0x0000000089c00000, 0x0000000089c00000| Untracked 
| 141|0x0000000089d00000, 0x0000000089d00000, 0x0000000089e00000|  0%| F|  |TAMS 0x0000000089d00000, 0x0000000089d00000| Untracked 
| 142|0x0000000089e00000, 0x0000000089e00000, 0x0000000089f00000|  0%| F|  |TAMS 0x0000000089e00000, 0x0000000089e00000| Untracked 
| 143|0x0000000089f00000, 0x0000000089f00000, 0x000000008a000000|  0%| F|  |TAMS 0x0000000089f00000, 0x0000000089f00000| Untracked 
| 144|0x000000008a000000, 0x000000008a000000, 0x000000008a100000|  0%| F|  |TAMS 0x000000008a000000, 0x000000008a000000| Untracked 
| 145|0x000000008a100000, 0x000000008a100000, 0x000000008a200000|  0%| F|  |TAMS 0x000000008a100000, 0x000000008a100000| Untracked 
| 146|0x000000008a200000, 0x000000008a200000, 0x000000008a300000|  0%| F|  |TAMS 0x000000008a200000, 0x000000008a200000| Untracked 
| 147|0x000000008a300000, 0x000000008a300000, 0x000000008a400000|  0%| F|  |TAMS 0x000000008a300000, 0x000000008a300000| Untracked 
| 148|0x000000008a400000, 0x000000008a400000, 0x000000008a500000|  0%| F|  |TAMS 0x000000008a400000, 0x000000008a400000| Untracked 
| 149|0x000000008a500000, 0x000000008a500000, 0x000000008a600000|  0%| F|  |TAMS 0x000000008a500000, 0x000000008a500000| Untracked 
| 150|0x000000008a600000, 0x000000008a600000, 0x000000008a700000|  0%| F|  |TAMS 0x000000008a600000, 0x000000008a600000| Untracked 
| 151|0x000000008a700000, 0x000000008a700000, 0x000000008a800000|  0%| F|  |TAMS 0x000000008a700000, 0x000000008a700000| Untracked 
| 152|0x000000008a800000, 0x000000008a800000, 0x000000008a900000|  0%| F|  |TAMS 0x000000008a800000, 0x000000008a800000| Untracked 
| 153|0x000000008a900000, 0x000000008a900000, 0x000000008aa00000|  0%| F|  |TAMS 0x000000008a900000, 0x000000008a900000| Untracked 
| 154|0x000000008aa00000, 0x000000008aa00000, 0x000000008ab00000|  0%| F|  |TAMS 0x000000008aa00000, 0x000000008aa00000| Untracked 
| 155|0x000000008ab00000, 0x000000008ab00000, 0x000000008ac00000|  0%| F|  |TAMS 0x000000008ab00000, 0x000000008ab00000| Untracked 
| 156|0x000000008ac00000, 0x000000008ac00000, 0x000000008ad00000|  0%| F|  |TAMS 0x000000008ac00000, 0x000000008ac00000| Untracked 
| 157|0x000000008ad00000, 0x000000008ad00000, 0x000000008ae00000|  0%| F|  |TAMS 0x000000008ad00000, 0x000000008ad00000| Untracked 
| 158|0x000000008ae00000, 0x000000008ae00000, 0x000000008af00000|  0%| F|  |TAMS 0x000000008ae00000, 0x000000008ae00000| Untracked 
| 159|0x000000008af00000, 0x000000008af00000, 0x000000008b000000|  0%| F|  |TAMS 0x000000008af00000, 0x000000008af00000| Untracked 
| 160|0x000000008b000000, 0x000000008b000000, 0x000000008b100000|  0%| F|  |TAMS 0x000000008b000000, 0x000000008b000000| Untracked 
| 161|0x000000008b100000, 0x000000008b100000, 0x000000008b200000|  0%| F|  |TAMS 0x000000008b100000, 0x000000008b100000| Untracked 
| 162|0x000000008b200000, 0x000000008b200000, 0x000000008b300000|  0%| F|  |TAMS 0x000000008b200000, 0x000000008b200000| Untracked 
| 163|0x000000008b300000, 0x000000008b300000, 0x000000008b400000|  0%| F|  |TAMS 0x000000008b300000, 0x000000008b300000| Untracked 
| 164|0x000000008b400000, 0x000000008b400000, 0x000000008b500000|  0%| F|  |TAMS 0x000000008b400000, 0x000000008b400000| Untracked 
| 165|0x000000008b500000, 0x000000008b500000, 0x000000008b600000|  0%| F|  |TAMS 0x000000008b500000, 0x000000008b500000| Untracked 
| 166|0x000000008b600000, 0x000000008b600000, 0x000000008b700000|  0%| F|  |TAMS 0x000000008b600000, 0x000000008b600000| Untracked 
| 167|0x000000008b700000, 0x000000008b700000, 0x000000008b800000|  0%| F|  |TAMS 0x000000008b700000, 0x000000008b700000| Untracked 
| 168|0x000000008b800000, 0x000000008b800000, 0x000000008b900000|  0%| F|  |TAMS 0x000000008b800000, 0x000000008b800000| Untracked 
| 169|0x000000008b900000, 0x000000008b900000, 0x000000008ba00000|  0%| F|  |TAMS 0x000000008b900000, 0x000000008b900000| Untracked 
| 170|0x000000008ba00000, 0x000000008ba00000, 0x000000008bb00000|  0%| F|  |TAMS 0x000000008ba00000, 0x000000008ba00000| Untracked 
| 171|0x000000008bb00000, 0x000000008bb00000, 0x000000008bc00000|  0%| F|  |TAMS 0x000000008bb00000, 0x000000008bb00000| Untracked 
| 172|0x000000008bc00000, 0x000000008bc00000, 0x000000008bd00000|  0%| F|  |TAMS 0x000000008bc00000, 0x000000008bc00000| Untracked 
| 173|0x000000008bd00000, 0x000000008bd00000, 0x000000008be00000|  0%| F|  |TAMS 0x000000008bd00000, 0x000000008bd00000| Untracked 
| 174|0x000000008be00000, 0x000000008be00000, 0x000000008bf00000|  0%| F|  |TAMS 0x000000008be00000, 0x000000008be00000| Untracked 
| 175|0x000000008bf00000, 0x000000008bf00000, 0x000000008c000000|  0%| F|  |TAMS 0x000000008bf00000, 0x000000008bf00000| Untracked 
| 176|0x000000008c000000, 0x000000008c000000, 0x000000008c100000|  0%| F|  |TAMS 0x000000008c000000, 0x000000008c000000| Untracked 
| 177|0x000000008c100000, 0x000000008c100000, 0x000000008c200000|  0%| F|  |TAMS 0x000000008c100000, 0x000000008c100000| Untracked 

Card table byte_map: [0x000002c6485f0000,0x000002c6489f0000] _byte_map_base: 0x000002c6481e8000

Marking Bits (Prev, Next): (CMBitMap*) 0x000002c640945ad0, (CMBitMap*) 0x000002c640945a90
 Prev Bits: [0x000002c64adb0000, 0x000002c64cd70000)
 Next Bits: [0x000002c648df0000, 0x000002c64adb0000)

Polling page: 0x000002c6409a0000

Metaspace:

Usage:
  Non-class:     31.01 MB used.
      Class:      4.66 MB used.
       Both:     35.66 MB used.

Virtual space:
  Non-class space:       32.00 MB reserved,      31.19 MB ( 97%) committed,  4 nodes.
      Class space:        1.00 GB reserved,       4.81 MB ( <1%) committed,  1 nodes.
             Both:        1.03 GB reserved,      36.00 MB (  3%) committed. 

Chunk freelists:
   Non-Class:  432.00 KB
       Class:  3.16 MB
        Both:  3.58 MB

MaxMetaspaceSize: unlimited
CompressedClassSpaceSize: 1.00 GB
Initial GC threshold: 21.00 MB
Current GC threshold: 58.56 MB
CDS: off
MetaspaceReclaimPolicy: balanced
 - commit_granule_bytes: 65536.
 - commit_granule_words: 8192.
 - virtual_space_node_default_size: 1048576.
 - enlarge_chunks_in_place: 1.
 - new_chunks_are_fully_committed: 0.
 - uncommit_free_chunks: 1.
 - use_allocation_guard: 0.
 - handle_deallocations: 1.


Internal statistics:

num_allocs_failed_limit: 5.
num_arena_births: 344.
num_arena_deaths: 0.
num_vsnodes_births: 5.
num_vsnodes_deaths: 0.
num_space_committed: 576.
num_space_uncommitted: 0.
num_chunks_returned_to_freelist: 5.
num_chunks_taken_from_freelist: 1424.
num_chunk_merges: 5.
num_chunk_splits: 960.
num_chunks_enlarged: 731.
num_purges: 0.
num_inconsistent_stats: 0.

CodeCache: size=49152Kb used=8741Kb max_used=8741Kb free=40410Kb
 bounds [0x000002c644d50000, 0x000002c6455e0000, 0x000002c647d50000]
 total_blobs=4401 nmethods=3876 adapters=450
 compilation: enabled
              stopped_count=0, restarted_count=0
 full_count=0

Compilation events (20 events):
Event: 9.478 Thread 0x000002c64078ab30 3867   !   1       jdk.internal.reflect.GeneratedMethodAccessor28::invoke (67 bytes)
Event: 9.478 Thread 0x000002c64fd55200 3868   !   1       jdk.internal.reflect.GeneratedMethodAccessor16::invoke (61 bytes)
Event: 9.478 Thread 0x000002c64078ab30 nmethod 3867 0x000002c6455d2090 code [0x000002c6455d2280, 0x000002c6455d26b8]
Event: 9.479 Thread 0x000002c64fd55200 nmethod 3868 0x000002c6455d2990 code [0x000002c6455d2b80, 0x000002c6455d2ff8]
Event: 9.487 Thread 0x000002c64fd55200 3869       1       io.github.classgraph.Classfile::readFields (781 bytes)
Event: 9.493 Thread 0x000002c64fd55200 nmethod 3869 0x000002c6455d3310 code [0x000002c6455d3820, 0x000002c6455d5148]
Event: 9.505 Thread 0x000002c64fd55200 3870       1       jdk.internal.jimage.decompressor.ZipDecompressor::decompress (10 bytes)
Event: 9.548 Thread 0x000002c64fd55200 nmethod 3870 0x000002c6455d6710 code [0x000002c6455d68a0, 0x000002c6455d6988]
Event: 9.554 Thread 0x000002c6508848c0 3871  s!   1       jdk.internal.loader.URLClassPath::getLoader (196 bytes)
Event: 9.588 Thread 0x000002c6508848c0 nmethod 3871 0x000002c6455d6a10 code [0x000002c6455d6cc0, 0x000002c6455d76d8]
Event: 9.593 Thread 0x000002c6508848c0 3872       1       java.util.jar.Attributes::entrySet (10 bytes)
Event: 9.593 Thread 0x000002c64078ab30 3873       1       java.security.MessageDigest::reset (10 bytes)
Event: 9.593 Thread 0x000002c64fd55200 3874       1       java.security.MessageDigest$Delegate::engineReset (8 bytes)
Event: 9.594 Thread 0x000002c64fd55200 nmethod 3874 0x000002c6455d8390 code [0x000002c6455d8520, 0x000002c6455d8608]
Event: 9.594 Thread 0x000002c6508848c0 nmethod 3872 0x000002c6455d8690 code [0x000002c6455d8820, 0x000002c6455d8908]
Event: 9.594 Thread 0x000002c64078ab30 nmethod 3873 0x000002c6455d8990 code [0x000002c6455d8b20, 0x000002c6455d8c28]
Event: 9.594 Thread 0x000002c6508848c0 3875       1       java.util.Base64::getMimeDecoder (4 bytes)
Event: 9.594 Thread 0x000002c64fd55200 3876       1       java.util.Base64$Decoder::decode (12 bytes)
Event: 9.594 Thread 0x000002c6508848c0 nmethod 3875 0x000002c6455d8d10 code [0x000002c6455d8ea0, 0x000002c6455d8f58]
Event: 9.594 Thread 0x000002c64fd55200 nmethod 3876 0x000002c6455d9010 code [0x000002c6455d91e0, 0x000002c6455d9598]

GC Heap History (20 events):
Event: 7.755 GC heap after
{Heap after GC invocations=13 (full 0):
 garbage-first heap   total 77824K, used 32995K [0x0000000081000000, 0x0000000100000000)
  region size 1024K, 2 young (2048K), 2 survivors (2048K)
 Metaspace       used 34264K, committed 34560K, reserved 1081344K
  class space    used 4372K, committed 4544K, reserved 1048576K
}
Event: 7.892 GC heap before
{Heap before GC invocations=14 (full 0):
 garbage-first heap   total 77824K, used 55523K [0x0000000081000000, 0x0000000100000000)
  region size 1024K, 25 young (25600K), 2 survivors (2048K)
 Metaspace       used 34520K, committed 34880K, reserved 1081344K
  class space    used 4417K, committed 4608K, reserved 1048576K
}
Event: 7.902 GC heap after
{Heap after GC invocations=15 (full 0):
 garbage-first heap   total 77824K, used 36249K [0x0000000081000000, 0x0000000100000000)
  region size 1024K, 4 young (4096K), 4 survivors (4096K)
 Metaspace       used 34520K, committed 34880K, reserved 1081344K
  class space    used 4417K, committed 4608K, reserved 1048576K
}
Event: 8.000 GC heap before
{Heap before GC invocations=15 (full 0):
 garbage-first heap   total 77824K, used 56729K [0x0000000081000000, 0x0000000100000000)
  region size 1024K, 25 young (25600K), 4 survivors (4096K)
 Metaspace       used 34676K, committed 35072K, reserved 1081344K
  class space    used 4440K, committed 4608K, reserved 1048576K
}
Event: 8.010 GC heap after
{Heap after GC invocations=16 (full 0):
 garbage-first heap   total 77824K, used 41029K [0x0000000081000000, 0x0000000100000000)
  region size 1024K, 4 young (4096K), 4 survivors (4096K)
 Metaspace       used 34676K, committed 35072K, reserved 1081344K
  class space    used 4440K, committed 4608K, reserved 1048576K
}
Event: 8.342 GC heap before
{Heap before GC invocations=16 (full 0):
 garbage-first heap   total 77824K, used 57413K [0x0000000081000000, 0x0000000100000000)
  region size 1024K, 21 young (21504K), 4 survivors (4096K)
 Metaspace       used 35352K, committed 35712K, reserved 1081344K
  class space    used 4556K, committed 4736K, reserved 1048576K
}
Event: 8.362 GC heap after
{Heap after GC invocations=17 (full 0):
 garbage-first heap   total 77824K, used 47416K [0x0000000081000000, 0x0000000100000000)
  region size 1024K, 3 young (3072K), 3 survivors (3072K)
 Metaspace       used 35352K, committed 35712K, reserved 1081344K
  class space    used 4556K, committed 4736K, reserved 1048576K
}
Event: 9.039 GC heap before
{Heap before GC invocations=18 (full 0):
 garbage-first heap   total 86016K, used 59704K [0x0000000081000000, 0x0000000100000000)
  region size 1024K, 15 young (15360K), 3 survivors (3072K)
 Metaspace       used 36202K, committed 36544K, reserved 1081344K
  class space    used 4731K, committed 4928K, reserved 1048576K
}
Event: 9.047 GC heap after
{Heap after GC invocations=19 (full 0):
 garbage-first heap   total 86016K, used 49817K [0x0000000081000000, 0x0000000100000000)
  region size 1024K, 2 young (2048K), 2 survivors (2048K)
 Metaspace       used 36202K, committed 36544K, reserved 1081344K
  class space    used 4731K, committed 4928K, reserved 1048576K
}
Event: 9.060 GC heap before
{Heap before GC invocations=19 (full 0):
 garbage-first heap   total 86016K, used 51865K [0x0000000081000000, 0x0000000100000000)
  region size 1024K, 4 young (4096K), 2 survivors (2048K)
 Metaspace       used 36205K, committed 36544K, reserved 1081344K
  class space    used 4731K, committed 4928K, reserved 1048576K
}
Event: 9.064 GC heap after
{Heap after GC invocations=20 (full 0):
 garbage-first heap   total 86016K, used 50071K [0x0000000081000000, 0x0000000100000000)
  region size 1024K, 1 young (1024K), 1 survivors (1024K)
 Metaspace       used 36205K, committed 36544K, reserved 1081344K
  class space    used 4731K, committed 4928K, reserved 1048576K
}
Event: 9.200 GC heap before
{Heap before GC invocations=20 (full 0):
 garbage-first heap   total 86016K, used 51095K [0x0000000081000000, 0x0000000100000000)
  region size 1024K, 3 young (3072K), 1 survivors (1024K)
 Metaspace       used 36289K, committed 36608K, reserved 1081344K
  class space    used 4742K, committed 4928K, reserved 1048576K
}
Event: 9.205 GC heap after
{Heap after GC invocations=21 (full 0):
 garbage-first heap   total 182272K, used 50665K [0x0000000081000000, 0x0000000100000000)
  region size 1024K, 2 young (2048K), 2 survivors (2048K)
 Metaspace       used 36289K, committed 36608K, reserved 1081344K
  class space    used 4742K, committed 4928K, reserved 1048576K
}
Event: 9.519 GC heap before
{Heap before GC invocations=21 (full 0):
 garbage-first heap   total 182272K, used 104937K [0x0000000081000000, 0x0000000100000000)
  region size 1024K, 54 young (55296K), 2 survivors (2048K)
 Metaspace       used 36402K, committed 36736K, reserved 1081344K
  class space    used 4754K, committed 4928K, reserved 1048576K
}
Event: 9.548 GC heap after
{Heap after GC invocations=22 (full 0):
 garbage-first heap   total 182272K, used 65651K [0x0000000081000000, 0x0000000100000000)
  region size 1024K, 7 young (7168K), 7 survivors (7168K)
 Metaspace       used 36402K, committed 36736K, reserved 1081344K
  class space    used 4754K, committed 4928K, reserved 1048576K
}
Event: 9.580 GC heap before
{Heap before GC invocations=22 (full 0):
 garbage-first heap   total 182272K, used 110707K [0x0000000081000000, 0x0000000100000000)
  region size 1024K, 52 young (53248K), 7 survivors (7168K)
 Metaspace       used 36496K, committed 36800K, reserved 1081344K
  class space    used 4764K, committed 4928K, reserved 1048576K
}
Event: 9.588 GC heap after
{Heap after GC invocations=23 (full 0):
 garbage-first heap   total 182272K, used 68082K [0x0000000081000000, 0x0000000100000000)
  region size 1024K, 2 young (2048K), 2 survivors (2048K)
 Metaspace       used 36496K, committed 36800K, reserved 1081344K
  class space    used 4764K, committed 4928K, reserved 1048576K
}
Event: 9.628 GC heap before
{Heap before GC invocations=23 (full 0):
 garbage-first heap   total 182272K, used 116210K [0x0000000081000000, 0x0000000100000000)
  region size 1024K, 50 young (51200K), 2 survivors (2048K)
 Metaspace       used 36519K, committed 36864K, reserved 1081344K
  class space    used 4768K, committed 4928K, reserved 1048576K
}
Event: 9.631 GC heap after
{Heap after GC invocations=24 (full 0):
 garbage-first heap   total 182272K, used 70130K [0x0000000081000000, 0x0000000100000000)
  region size 1024K, 4 young (4096K), 4 survivors (4096K)
 Metaspace       used 36519K, committed 36864K, reserved 1081344K
  class space    used 4768K, committed 4928K, reserved 1048576K
}
Event: 9.690 GC heap before
{Heap before GC invocations=24 (full 0):
 garbage-first heap   total 182272K, used 123378K [0x0000000081000000, 0x0000000100000000)
  region size 1024K, 57 young (58368K), 4 survivors (4096K)
 Metaspace       used 36519K, committed 36864K, reserved 1081344K
  class space    used 4768K, committed 4928K, reserved 1048576K
}

Deoptimization events (12 events):
Event: 3.273 Thread 0x000002c640789fd0 DEOPT PACKING pc=0x000002c64520fc19 sp=0x000000eb3cdfd680
Event: 3.273 Thread 0x000002c640789fd0 DEOPT UNPACKING pc=0x000002c644da2b43 sp=0x000000eb3cdfcb60 mode 3
Event: 6.235 Thread 0x000002c640789fd0 DEOPT PACKING pc=0x000002c64538b619 sp=0x000000eb3cdfca30
Event: 6.235 Thread 0x000002c640789fd0 DEOPT UNPACKING pc=0x000002c644da2b43 sp=0x000000eb3cdfbf10 mode 3
Event: 6.410 Thread 0x000002c64fe96050 DEOPT PACKING pc=0x000002c6453db2ab sp=0x000000eb3e5fe840
Event: 6.410 Thread 0x000002c64fe96050 DEOPT UNPACKING pc=0x000002c644da2b43 sp=0x000000eb3e5fdd88 mode 3
Event: 7.559 Thread 0x000002c651d6ce80 DEOPT PACKING pc=0x000002c645211681 sp=0x000000eb3effed00
Event: 7.559 Thread 0x000002c651d6ce80 DEOPT UNPACKING pc=0x000002c644da2b43 sp=0x000000eb3effe190 mode 3
Event: 8.221 Thread 0x000002c651d6d820 DEOPT PACKING pc=0x000002c645537a35 sp=0x000000eb3f1fdc90
Event: 8.221 Thread 0x000002c651d6d820 DEOPT UNPACKING pc=0x000002c644da2b43 sp=0x000000eb3f1fd1a8 mode 3
Event: 8.546 Thread 0x000002c65386e180 DEOPT PACKING pc=0x000002c64520d817 sp=0x000000eb3f5fecc0
Event: 8.546 Thread 0x000002c65386e180 DEOPT UNPACKING pc=0x000002c644da2b43 sp=0x000000eb3f5fe118 mode 3

Classes unloaded (0 events):
No events

Classes redefined (0 events):
No events

Internal exceptions (20 events):
Event: 6.522 Thread 0x000002c64fe13900 Exception <a 'sun/nio/fs/WindowsException'{0x0000000083229178}> (0x0000000083229178) 
thrown [s\src\hotspot\share\prims\jni.cpp, line 516]
Event: 6.522 Thread 0x000002c64fe13900 Exception <a 'sun/nio/fs/WindowsException'{0x0000000083229560}> (0x0000000083229560) 
thrown [s\src\hotspot\share\prims\jni.cpp, line 516]
Event: 6.522 Thread 0x000002c64fe13900 Exception <a 'sun/nio/fs/WindowsException'{0x0000000083229f60}> (0x0000000083229f60) 
thrown [s\src\hotspot\share\prims\jni.cpp, line 516]
Event: 6.522 Thread 0x000002c64fe13900 Exception <a 'sun/nio/fs/WindowsException'{0x000000008322a310}> (0x000000008322a310) 
thrown [s\src\hotspot\share\prims\jni.cpp, line 516]
Event: 6.522 Thread 0x000002c64fe13900 Exception <a 'sun/nio/fs/WindowsException'{0x000000008322ad18}> (0x000000008322ad18) 
thrown [s\src\hotspot\share\prims\jni.cpp, line 516]
Event: 6.523 Thread 0x000002c64fe13900 Exception <a 'sun/nio/fs/WindowsException'{0x000000008322b0d8}> (0x000000008322b0d8) 
thrown [s\src\hotspot\share\prims\jni.cpp, line 516]
Event: 6.523 Thread 0x000002c64fe13900 Exception <a 'sun/nio/fs/WindowsException'{0x000000008322bad8}> (0x000000008322bad8) 
thrown [s\src\hotspot\share\prims\jni.cpp, line 516]
Event: 6.523 Thread 0x000002c64fe13900 Exception <a 'sun/nio/fs/WindowsException'{0x000000008322be90}> (0x000000008322be90) 
thrown [s\src\hotspot\share\prims\jni.cpp, line 516]
Event: 6.523 Thread 0x000002c64fe13900 Exception <a 'sun/nio/fs/WindowsException'{0x000000008322c898}> (0x000000008322c898) 
thrown [s\src\hotspot\share\prims\jni.cpp, line 516]
Event: 6.523 Thread 0x000002c64fe13900 Exception <a 'sun/nio/fs/WindowsException'{0x000000008322cc58}> (0x000000008322cc58) 
thrown [s\src\hotspot\share\prims\jni.cpp, line 516]
Event: 6.523 Thread 0x000002c64fe13900 Exception <a 'sun/nio/fs/WindowsException'{0x000000008322d680}> (0x000000008322d680) 
thrown [s\src\hotspot\share\prims\jni.cpp, line 516]
Event: 6.523 Thread 0x000002c64fe13900 Exception <a 'sun/nio/fs/WindowsException'{0x000000008322da68}> (0x000000008322da68) 
thrown [s\src\hotspot\share\prims\jni.cpp, line 516]
Event: 6.523 Thread 0x000002c64fe13900 Exception <a 'sun/nio/fs/WindowsException'{0x000000008322e4a0}> (0x000000008322e4a0) 
thrown [s\src\hotspot\share\prims\jni.cpp, line 516]
Event: 6.523 Thread 0x000002c64fe13900 Exception <a 'sun/nio/fs/WindowsException'{0x000000008322e8a0}> (0x000000008322e8a0) 
thrown [s\src\hotspot\share\prims\jni.cpp, line 516]
Event: 6.524 Thread 0x000002c64fe13900 Exception <a 'sun/nio/fs/WindowsException'{0x000000008322f2d0}> (0x000000008322f2d0) 
thrown [s\src\hotspot\share\prims\jni.cpp, line 516]
Event: 6.524 Thread 0x000002c64fe13900 Exception <a 'sun/nio/fs/WindowsException'{0x000000008322f6c0}> (0x000000008322f6c0) 
thrown [s\src\hotspot\share\prims\jni.cpp, line 516]
Event: 8.194 Thread 0x000002c651d6e690 Exception <a 'java/lang/NoSuchMethodError'{0x0000000084e391f8}: 'java.lang.Object java.lang.invoke.DirectMethodHandle$Holder.invokeStatic(java.lang.Object, java.lang.Object, java.lang.Object, int, java.lang.Object, java.lang.Object)'> (0x0000000084e391f8) 
thrown [s\src\hotspot\share\interpreter\linkResolver.cpp, line 759]
Event: 8.218 Thread 0x000002c651d6d820 Exception <a 'java/lang/NoSuchMethodError'{0x0000000084ee3060}: 'java.lang.Object java.lang.invoke.DirectMethodHandle$Holder.invokeStatic(java.lang.Object, int, java.lang.Object)'> (0x0000000084ee3060) 
thrown [s\src\hotspot\share\interpreter\linkResolver.cpp, line 759]
Event: 8.538 Thread 0x000002c65386fe60 Exception <a 'java/lang/NoSuchMethodError'{0x00000000873e3ee0}: 'int java.lang.invoke.DirectMethodHandle$Holder.invokeStatic(java.lang.Object)'> (0x00000000873e3ee0) 
thrown [s\src\hotspot\share\interpreter\linkResolver.cpp, line 759]
Event: 8.538 Thread 0x000002c65386fe60 Exception <a 'java/lang/NoSuchMethodError'{0x00000000873ee5e8}: 'int java.lang.invoke.DirectMethodHandle$Holder.invokeStaticInit(java.lang.Object)'> (0x00000000873ee5e8) 
thrown [s\src\hotspot\share\interpreter\linkResolver.cpp, line 759]

VM Operations (20 events):
Event: 9.047 Executing VM operation: G1CollectForAllocation done
Event: 9.060 Executing VM operation: G1CollectForAllocation
Event: 9.064 Executing VM operation: G1CollectForAllocation done
Event: 9.200 Executing VM operation: G1TryInitiateConcMark
Event: 9.205 Executing VM operation: G1TryInitiateConcMark done
Event: 9.505 Executing VM operation: HandshakeAllThreads
Event: 9.519 Executing VM operation: HandshakeAllThreads done
Event: 9.519 Executing VM operation: G1CollectForAllocation
Event: 9.548 Executing VM operation: G1CollectForAllocation done
Event: 9.549 Executing VM operation: HandshakeAllThreads
Event: 9.549 Executing VM operation: HandshakeAllThreads done
Event: 9.579 Executing VM operation: G1CollectForAllocation
Event: 9.589 Executing VM operation: G1CollectForAllocation done
Event: 9.616 Executing VM operation: G1CollectForAllocation
Event: 9.628 Executing VM operation: G1CollectForAllocation done
Event: 9.628 Executing VM operation: G1CollectForAllocation
Event: 9.631 Executing VM operation: G1CollectForAllocation done
Event: 9.669 Executing VM operation: G1CollectForAllocation
Event: 9.690 Executing VM operation: G1CollectForAllocation done
Event: 9.690 Executing VM operation: G1CollectForAllocation

Events (20 events):
Event: 8.259 Thread 0x000002c6538759d0 Thread added: 0x000002c6538759d0
Event: 8.278 loading class java/util/concurrent/atomic/AtomicLongFieldUpdater
Event: 8.279 loading class java/util/concurrent/atomic/AtomicLongFieldUpdater done
Event: 8.279 loading class java/util/concurrent/atomic/AtomicLongFieldUpdater$CASUpdater
Event: 8.279 loading class java/util/concurrent/atomic/AtomicLongFieldUpdater$CASUpdater done
Event: 8.279 loading class java/util/concurrent/atomic/AtomicLongFieldUpdater$CASUpdater$1
Event: 8.279 loading class java/util/concurrent/atomic/AtomicLongFieldUpdater$CASUpdater$1 done
Event: 8.379 Thread 0x000002c65386fe60 Thread added: 0x000002c65386fe60
Event: 8.591 loading class java/util/regex/Pattern$1
Event: 8.591 loading class java/util/regex/Pattern$1 done
Event: 8.652 loading class java/util/concurrent/ConcurrentHashMap$ValueSpliterator
Event: 8.652 loading class java/util/concurrent/ConcurrentHashMap$ValueSpliterator done
Event: 8.755 loading class java/util/concurrent/CompletableFuture$UniExceptionally
Event: 8.755 loading class java/util/concurrent/CompletableFuture$UniExceptionally done
Event: 8.755 loading class java/util/concurrent/CompletableFuture$UniApply
Event: 8.755 loading class java/util/concurrent/CompletableFuture$UniApply done
Event: 8.760 loading class jdk/internal/vm/annotation/ForceInline
Event: 8.761 loading class jdk/internal/vm/annotation/ForceInline done
Event: 9.178 loading class java/util/stream/Nodes$SpinedNodeBuilder
Event: 9.178 loading class java/util/stream/Nodes$SpinedNodeBuilder done


Dynamic libraries:
0x00007ff73b760000 - 0x00007ff73b76e000 	c:\Users\DTFBKJK\.vscode\extensions\redhat.java-1.11.0-win32-x64\jre\17.0.4.1-win32-x86_64\bin\java.exe
0x00007ffa73150000 - 0x00007ffa73345000 	C:\WINDOWS\SYSTEM32\ntdll.dll
0x00007ffa72b30000 - 0x00007ffa72bee000 	C:\WINDOWS\System32\KERNEL32.DLL
0x00007ffa70e10000 - 0x00007ffa710d8000 	C:\WINDOWS\System32\KERNELBASE.dll
0x00007ffa70950000 - 0x00007ffa70a50000 	C:\WINDOWS\System32\ucrtbase.dll
0x00007ffa57cf0000 - 0x00007ffa57d08000 	c:\Users\DTFBKJK\.vscode\extensions\redhat.java-1.11.0-win32-x64\jre\17.0.4.1-win32-x86_64\bin\jli.dll
0x00007ffa711e0000 - 0x00007ffa71380000 	C:\WINDOWS\System32\USER32.dll
0x00007ffa70870000 - 0x00007ffa70892000 	C:\WINDOWS\System32\win32u.dll
0x00007ffa711b0000 - 0x00007ffa711db000 	C:\WINDOWS\System32\GDI32.dll
0x00007ffa70ac0000 - 0x00007ffa70bcb000 	C:\WINDOWS\System32\gdi32full.dll
0x00007ffa710e0000 - 0x00007ffa7117d000 	C:\WINDOWS\System32\msvcp_win.dll
0x00007ffa57e80000 - 0x00007ffa57e99000 	c:\Users\DTFBKJK\.vscode\extensions\redhat.java-1.11.0-win32-x64\jre\17.0.4.1-win32-x86_64\bin\VCRUNTIME140.dll
0x00007ffa64af0000 - 0x00007ffa64d8a000 	C:\WINDOWS\WinSxS\amd64_microsoft.windows.common-controls_6595b64144ccf1df_6.0.19041.1110_none_60b5254171f9507e\COMCTL32.dll
0x00007ffa72890000 - 0x00007ffa7292e000 	C:\WINDOWS\System32\msvcrt.dll
0x00007ffa72a70000 - 0x00007ffa72aa0000 	C:\WINDOWS\System32\IMM32.DLL
0x000000005daa0000 - 0x000000005daac000 	C:\Program Files (x86)\360\Total Security\safemon\SafeWrapper.dll
0x00007ffa72ea0000 - 0x00007ffa72f4e000 	C:\WINDOWS\System32\ADVAPI32.dll
0x00007ffa72e00000 - 0x00007ffa72e9c000 	C:\WINDOWS\System32\sechost.dll
0x00007ffa71380000 - 0x00007ffa714a5000 	C:\WINDOWS\System32\RPCRT4.dll
0x00007ffa57de0000 - 0x00007ffa57e72000 	C:\Program Files (x86)\360\Total Security\safemon\libzdtp64.dll
0x00007ffa72140000 - 0x00007ffa72884000 	C:\WINDOWS\System32\SHELL32.dll
0x00007ffa71c70000 - 0x00007ffa71cc5000 	C:\WINDOWS\System32\SHLWAPI.dll
0x00007ffa70320000 - 0x00007ffa7032a000 	C:\WINDOWS\SYSTEM32\VERSION.dll
0x00007ffa57ce0000 - 0x00007ffa57cec000 	c:\Users\DTFBKJK\.vscode\extensions\redhat.java-1.11.0-win32-x64\jre\17.0.4.1-win32-x86_64\bin\vcruntime140_1.dll
0x00007ffa29200000 - 0x00007ffa29291000 	c:\Users\DTFBKJK\.vscode\extensions\redhat.java-1.11.0-win32-x64\jre\17.0.4.1-win32-x86_64\bin\msvcp140.dll
0x00007ffa285b0000 - 0x00007ffa291f6000 	c:\Users\DTFBKJK\.vscode\extensions\redhat.java-1.11.0-win32-x64\jre\17.0.4.1-win32-x86_64\bin\server\jvm.dll
0x00007ffa71c60000 - 0x00007ffa71c68000 	C:\WINDOWS\System32\PSAPI.DLL
0x00007ffa66c90000 - 0x00007ffa66cb7000 	C:\WINDOWS\SYSTEM32\WINMM.dll
0x00007ffa5e600000 - 0x00007ffa5e609000 	C:\WINDOWS\SYSTEM32\WSOCK32.dll
0x00007ffa72930000 - 0x00007ffa7299b000 	C:\WINDOWS\System32\WS2_32.dll
0x00007ffa6e630000 - 0x00007ffa6e642000 	C:\WINDOWS\SYSTEM32\kernel.appcore.dll
0x00007ffa55530000 - 0x00007ffa5553a000 	c:\Users\DTFBKJK\.vscode\extensions\redhat.java-1.11.0-win32-x64\jre\17.0.4.1-win32-x86_64\bin\jimage.dll
0x00007ffa5d150000 - 0x00007ffa5d334000 	C:\WINDOWS\SYSTEM32\DBGHELP.DLL
0x00007ffa5ded0000 - 0x00007ffa5defc000 	C:\WINDOWS\SYSTEM32\dbgcore.DLL
0x00007ffa70bd0000 - 0x00007ffa70c52000 	C:\WINDOWS\System32\bcryptPrimitives.dll
0x00007ffa4e200000 - 0x00007ffa4e225000 	c:\Users\DTFBKJK\.vscode\extensions\redhat.java-1.11.0-win32-x64\jre\17.0.4.1-win32-x86_64\bin\java.dll
0x00007ffa48ee0000 - 0x00007ffa48ef8000 	c:\Users\DTFBKJK\.vscode\extensions\redhat.java-1.11.0-win32-x64\jre\17.0.4.1-win32-x86_64\bin\zip.dll
0x00007ffa6e910000 - 0x00007ffa6f0a4000 	C:\WINDOWS\SYSTEM32\windows.storage.dll
0x00007ffa71850000 - 0x00007ffa71ba4000 	C:\WINDOWS\System32\combase.dll
0x00007ffa70190000 - 0x00007ffa701bc000 	C:\WINDOWS\SYSTEM32\Wldp.dll
0x00007ffa71bb0000 - 0x00007ffa71c5d000 	C:\WINDOWS\System32\SHCORE.dll
0x00007ffa707b0000 - 0x00007ffa707cf000 	C:\WINDOWS\SYSTEM32\profapi.dll
0x00007ffa48ea0000 - 0x00007ffa48eb9000 	C:\Users\DTFBKJK\.vscode\extensions\redhat.java-1.11.0-win32-x64\jre\17.0.4.1-win32-x86_64\bin\net.dll
0x00007ffa634e0000 - 0x00007ffa635e9000 	C:\WINDOWS\SYSTEM32\WINHTTP.dll
0x00007ffa6fef0000 - 0x00007ffa6ff5a000 	C:\WINDOWS\system32\mswsock.dll
0x00007ffa304b0000 - 0x00007ffa304c5000 	C:\Users\DTFBKJK\.vscode\extensions\redhat.java-1.11.0-win32-x64\jre\17.0.4.1-win32-x86_64\bin\nio.dll
0x00007ffa4dad0000 - 0x00007ffa4dae0000 	c:\Users\DTFBKJK\.vscode\extensions\redhat.java-1.11.0-win32-x64\jre\17.0.4.1-win32-x86_64\bin\verify.dll
0x00007ffa4d780000 - 0x00007ffa4d789000 	C:\Users\DTFBKJK\.vscode\extensions\redhat.java-1.11.0-win32-x64\jre\17.0.4.1-win32-x86_64\bin\management.dll
0x00007ffa4a9a0000 - 0x00007ffa4a9ab000 	C:\Users\DTFBKJK\.vscode\extensions\redhat.java-1.11.0-win32-x64\jre\17.0.4.1-win32-x86_64\bin\management_ext.dll
0x00007ffa57ff0000 - 0x00007ffa58007000 	C:\WINDOWS\system32\napinsp.dll
0x00007ffa55900000 - 0x00007ffa5591b000 	C:\WINDOWS\system32\pnrpnsp.dll
0x00007ffa58090000 - 0x00007ffa580a5000 	C:\WINDOWS\system32\wshbth.dll
0x00007ffa6c560000 - 0x00007ffa6c57d000 	C:\WINDOWS\system32\NLAapi.dll
0x00007ffa6fbe0000 - 0x00007ffa6fc1b000 	C:\WINDOWS\SYSTEM32\IPHLPAPI.DLL
0x00007ffa6fc80000 - 0x00007ffa6fd4a000 	C:\WINDOWS\SYSTEM32\DNSAPI.dll
0x00007ffa73100000 - 0x00007ffa73108000 	C:\WINDOWS\System32\NSI.dll
0x00007ffa55570000 - 0x00007ffa55582000 	C:\WINDOWS\System32\winrnr.dll
0x00007ffa62070000 - 0x00007ffa6207a000 	C:\Windows\System32\rasadhlp.dll
0x00007ffa63170000 - 0x00007ffa631ef000 	C:\WINDOWS\System32\fwpuclnt.dll
0x00007ffa71180000 - 0x00007ffa711a7000 	C:\WINDOWS\System32\bcrypt.dll
0x00007ffa700e0000 - 0x00007ffa700f8000 	C:\WINDOWS\SYSTEM32\CRYPTSP.dll
0x00007ffa6f870000 - 0x00007ffa6f8a4000 	C:\WINDOWS\system32\rsaenh.dll
0x00007ffa70730000 - 0x00007ffa7075e000 	C:\WINDOWS\SYSTEM32\USERENV.dll
0x00007ffa70100000 - 0x00007ffa7010c000 	C:\WINDOWS\SYSTEM32\CRYPTBASE.dll
0x00007ffa659a0000 - 0x00007ffa659b7000 	C:\WINDOWS\SYSTEM32\dhcpcsvc6.DLL
0x00007ffa66d40000 - 0x00007ffa66d5d000 	C:\WINDOWS\SYSTEM32\dhcpcsvc.DLL

dbghelp: loaded successfully - version: 4.0.5 - missing functions: none
symbol engine: initialized successfully - sym options: 0x614 - pdb path: .;c:\Users\DTFBKJK\.vscode\extensions\redhat.java-1.11.0-win32-x64\jre\17.0.4.1-win32-x86_64\bin;C:\WINDOWS\SYSTEM32;C:\WINDOWS\WinSxS\amd64_microsoft.windows.common-controls_6595b64144ccf1df_6.0.19041.1110_none_60b5254171f9507e;C:\Program Files (x86)\360\Total Security\safemon;c:\Users\DTFBKJK\.vscode\extensions\redhat.java-1.11.0-win32-x64\jre\17.0.4.1-win32-x86_64\bin\server

VM Arguments:
jvm_args: -Dsts.lsp.client=vscode -Dsts.log.file=/dev/null -XX:TieredStopAtLevel=1 -Xlog:jni+resolve=off -Dspring.config.location=file:c:\Users\DTFBKJK\.vscode\extensions\pivotal.vscode-spring-boot-1.39.0\language-server\BOOT-INF\classes\application.properties 
java_command: org.springframework.ide.vscode.boot.app.BootLanguageServerBootApp
java_class_path (initial): c:\Users\DTFBKJK\.vscode\extensions\pivotal.vscode-spring-boot-1.39.0\language-server\BOOT-INF\classes;c:\Users\DTFBKJK\.vscode\extensions\pivotal.vscode-spring-boot-1.39.0\language-server\BOOT-INF\lib\annotations-23.0.0.jar;c:\Users\DTFBKJK\.vscode\extensions\pivotal.vscode-spring-boot-1.39.0\language-server\BOOT-INF\lib\antlr-runtime-3.5.2.jar;c:\Users\DTFBKJK\.vscode\extensions\pivotal.vscode-spring-boot-1.39.0\language-server\BOOT-INF\lib\antlr4-4.9.3.jar;c:\Users\DTFBKJK\.vscode\extensions\pivotal.vscode-spring-boot-1.39.0\language-server\BOOT-INF\lib\antlr4-runtime-4.9.3.jar;c:\Users\DTFBKJK\.vscode\extensions\pivotal.vscode-spring-boot-1.39.0\language-server\BOOT-INF\lib\asm-9.3.jar;c:\Users\DTFBKJK\.vscode\extensions\pivotal.vscode-spring-boot-1.39.0\language-server\BOOT-INF\lib\asm-analysis-9.3.jar;c:\Users\DTFBKJK\.vscode\extensions\pivotal.vscode-spring-boot-1.39.0\language-server\BOOT-INF\lib\asm-tree-9.3.jar;c:\Users\DTFBKJK\.vscode\extensions\pivotal.vscode-spring-boot-1.39.0\language-server\BOOT-INF\lib\asm-util-9.3.jar;c:\Users\DTFBKJK\.vscode\extensions\pivotal.vscode-spring-boot-1.39.0\language-server\BOOT-INF\lib\byte-buddy-1.12.13.jar;c:\Users\DTFBKJK\.vscode\extensions\pivotal.vscode-spring-boot-1.39.0\language-server\BOOT-INF\lib\caffeine-2.9.3.jar;c:\Users\DTFBKJK\.vscode\extensions\pivotal.vscode-spring-boot-1.39.0\language-server\BOOT-INF\lib\checker-qual-3.12.0.jar;c:\Users\DTFBKJK\.vscode\extensions\pivotal.vscode-spring-boot-1.39.0\language-server\BOOT-INF\lib\classgraph-4.8.149.jar;c:\Users\DTFBKJK\.vscode\extensions\pivotal.vscode-spring-boot-1.39.0\language-server\BOOT-INF\lib\commons-codec-1.15.jar;c:\Users\DTFBKJK\.vscode\extensions\pivotal.vscode-spring-boot-1.39.0\language-server\BOOT-INF\lib\commons-compress-1.21.jar;c:\Users\DTFBKJK\.vscode\extensions\pivotal.vscode-spring-boot-1.39.0\language-server\BOOT-INF\lib\commons-exec-1.3.jar;c:\Users\DTFBKJK\.vscode\extensions\pivotal.vscode-spring-boot-1.39.
Launcher Type: SUN_STANDARD

[Global flags]
     intx CICompilerCount                          = 3                                         {product} {ergonomic}
     uint ConcGCThreads                            = 1                                         {product} {ergonomic}
     uint G1ConcRefinementThreads                  = 4                                         {product} {ergonomic}
   size_t G1HeapRegionSize                         = 1048576                                   {product} {ergonomic}
    uintx GCDrainStackTargetSize                   = 64                                        {product} {ergonomic}
   size_t InitialHeapSize                          = 134217728                                 {product} {ergonomic}
   size_t MarkStackSize                            = 4194304                                   {product} {ergonomic}
   size_t MaxHeapSize                              = 2130706432                                {product} {ergonomic}
   size_t MaxNewSize                               = 1278214144                                {product} {ergonomic}
   size_t MinHeapDeltaBytes                        = 1048576                                   {product} {ergonomic}
   size_t MinHeapSize                              = 8388608                                   {product} {ergonomic}
    uintx NonProfiledCodeHeapSize                  = 0                                      {pd product} {ergonomic}
     bool ProfileInterpreter                       = false                                  {pd product} {command line}
    uintx ProfiledCodeHeapSize                     = 0                                      {pd product} {ergonomic}
   size_t SoftMaxHeapSize                          = 2130706432                             {manageable} {ergonomic}
     intx TieredStopAtLevel                        = 1                                         {product} {command line}
     bool UseCompressedClassPointers               = true                           {product lp64_product} {ergonomic}
     bool UseCompressedOops                        = true                           {product lp64_product} {ergonomic}
     bool UseG1GC                                  = true                                      {product} {ergonomic}
     bool UseLargePagesIndividualAllocation        = false                                  {pd product} {ergonomic}

Logging:
Log output configuration:
 #0: stdout all=warning,jni+resolve=off uptime,level,tags
 #1: stderr all=off uptime,level,tags

Environment Variables:
JAVA_HOME=C:\Program Files\Java\jdk-15.0.1
PATH=C:\Program Files\Python36\Scripts\;C:\Program Files\Python36\;C:\Program Files (x86)\NVIDIA Corporation\PhysX\Common;C:\Program Files\Common Files\Oracle\Java\javapath;C:\Program Files (x86)\Common Files\Oracle\Java\javapath;C:\WINDOWS\system32;C:\WINDOWS;C:\WINDOWS\System32\Wbem;C:\WINDOWS\System32\WindowsPowerShell\v1.0\;C:\WINDOWS\System32\OpenSSH\;C:\Program Files\Git\cmd;C:\Program Files\Java\jre1.8.0_271\bin;C:\src\flutter o i\flutter\bin;C:\Program Files\nodejs\;C:\ProgramData\chocolatey\bin;C:\xampp\php;C:\ProgramData\ComposerSetup\bin;C:\apache-maven-3.6.3\bin;C:\Program Files\Symfony;C:\Python36\Scripts\;C:\Users\DTFBKJK\AppData\Roaming\Python\Python36\Scripts;C:\Program Files\OpenSSL-Win64\bin;C:\Program Files\apache-maven-3.8.4-bin\apache-maven-3.8.4\bin;C:\sqlmap\sqlmapproject-sqlmap-e91b1a0;C:\Ruby30-x64\bin;C:\Users\DTFBKJK\AppData\Local\Programs\Python\Python310\Scripts\;C:\Users\DTFBKJK\AppData\Local\Programs\Python\Python310\;C:\Users\DTFBKJK\AppData\Local\Microsoft\WindowsApps;C:\Program Files\JetBrains\IntelliJ IDEA Community Edition 2019.2\bin;;C:\Program Files\Android\Android Studio\bin;C:\Users\DTFBKJK\AppData\Local\Programs\Microsoft VS Code\bin;C:\src\flutter o i\flutter\bin;C:\Users\DTFBKJK\AppData\Roaming\npm;C:\Users\DTFBKJK\AppData\Roaming\Composer\vendor\bin;C:\Users\DTFBKJK\AppData\Local\Android\Sdk;C:\Program Files\OpenSSL-Win64\bin;C:\sqlmap\sqlmapproject-sqlmap-e91b1a0;C:\Program Files\heroku\bin
USERNAME=DTFBKJK
OS=Windows_NT
PROCESSOR_IDENTIFIER=Intel64 Family 6 Model 69 Stepping 1, GenuineIntel
TMP=C:\Users\DTFBKJK\AppData\Local\Temp
TEMP=C:\Users\DTFBKJK\AppData\Local\Temp



---------------  S Y S T E M  ---------------

OS:
 Windows 10 , 64 bit Build 19041 (10.0.19041.1566)
OS uptime: 0 days 1:30 hours

CPU: total 4 (initial active 4) (2 cores per cpu, 2 threads per core) family 6 model 69 stepping 1 microcode 0x25, cx8, cmov, fxsr, ht, mmx, sse, sse2, sse3, ssse3, sse4.1, sse4.2, popcnt, lzcnt, tsc, tscinvbit, avx, avx2, aes, erms, clmul, bmi1, bmi2, fma, vzeroupper, clflush

Memory: 4k page, system-wide physical 8126M (954M free)
TotalPageFile size 9448M (AvailPageFile size 107M)
current process WorkingSet (physical memory assigned to process): 248M, peak: 248M
current process commit charge ("private bytes"): 309M, peak: 487M

vm_info: OpenJDK 64-Bit Server VM (17.0.4.1+1) for windows-amd64 JRE (17.0.4.1+1), built on Aug 17 2022 07:42:43 by "temurin" with MS VC++ 16.7 (VS2019)

END.
